[2025-12-25T10:35:48.074+0000] {local_task_job_runner.py:120} INFO - ::group::Pre task execution logs
[2025-12-25T10:35:48.101+0000] {taskinstance.py:2073} INFO - Dependencies all met for dep_context=non-requeueable deps ti=<TaskInstance: telemetry_spark_analytics.run_telemetry_analytics manual__2025-12-25T10:35:47.047481+00:00 [queued]>
[2025-12-25T10:35:48.106+0000] {taskinstance.py:2073} INFO - Dependencies all met for dep_context=requeueable deps ti=<TaskInstance: telemetry_spark_analytics.run_telemetry_analytics manual__2025-12-25T10:35:47.047481+00:00 [queued]>
[2025-12-25T10:35:48.106+0000] {taskinstance.py:2303} INFO - Starting attempt 1 of 1
[2025-12-25T10:35:48.114+0000] {taskinstance.py:2327} INFO - Executing <Task(BashOperator): run_telemetry_analytics> on 2025-12-25 10:35:47.047481+00:00
[2025-12-25T10:35:48.121+0000] {logging_mixin.py:188} WARNING - /home/airflow/.local/lib/python3.12/site-packages/airflow/task/task_runner/standard_task_runner.py:61 DeprecationWarning: This process (pid=7052) is multi-threaded, use of fork() may lead to deadlocks in the child.
[2025-12-25T10:35:48.122+0000] {standard_task_runner.py:63} INFO - Started process 7053 to run task
[2025-12-25T10:35:48.121+0000] {standard_task_runner.py:90} INFO - Running: ['airflow', 'tasks', 'run', '***_spark_analytics', 'run_***_analytics', 'manual__2025-12-25T10:35:47.047481+00:00', '--job-id', '114', '--raw', '--subdir', 'DAGS_FOLDER/***_spark_analytics_dag.py', '--cfg-path', '/tmp/tmptcpbswmx']
[2025-12-25T10:35:48.123+0000] {standard_task_runner.py:91} INFO - Job 114: Subtask run_***_analytics
[2025-12-25T10:35:48.151+0000] {task_command.py:426} INFO - Running <TaskInstance: telemetry_spark_analytics.run_telemetry_analytics manual__2025-12-25T10:35:47.047481+00:00 [running]> on host 6bc28026c5ad
[2025-12-25T10:35:48.205+0000] {taskinstance.py:2644} INFO - Exporting env vars: AIRFLOW_CTX_DAG_OWNER='airflow' AIRFLOW_CTX_DAG_ID='***_spark_analytics' AIRFLOW_CTX_TASK_ID='run_***_analytics' AIRFLOW_CTX_EXECUTION_DATE='2025-12-25T10:35:47.047481+00:00' AIRFLOW_CTX_TRY_NUMBER='1' AIRFLOW_CTX_DAG_RUN_ID='manual__2025-12-25T10:35:47.047481+00:00'
[2025-12-25T10:35:48.206+0000] {taskinstance.py:430} INFO - ::endgroup::
[2025-12-25T10:35:48.218+0000] {subprocess.py:63} INFO - Tmp dir root location: /tmp
[2025-12-25T10:35:48.220+0000] {subprocess.py:75} INFO - Running command: ['/usr/bin/bash', '-c', '\n        docker exec ***_spark         /opt/spark/bin/spark-submit         --master local[*]         --jars /opt/spark/jars/postgresql.jar         /opt/spark/jobs/***_analytics_job.py\n        ']
[2025-12-25T10:35:48.225+0000] {subprocess.py:86} INFO - Output:
[2025-12-25T10:35:50.048+0000] {subprocess.py:93} INFO - 25/12/25 10:35:50 WARN NativeCodeLoader: Unable to load native-hadoop library for your platform... using builtin-java classes where applicable
[2025-12-25T10:35:50.549+0000] {subprocess.py:93} INFO - 25/12/25 10:35:50 INFO SparkContext: Running Spark version 3.5.1
[2025-12-25T10:35:50.550+0000] {subprocess.py:93} INFO - 25/12/25 10:35:50 INFO SparkContext: OS info Linux, 6.10.14-linuxkit, aarch64
[2025-12-25T10:35:50.550+0000] {subprocess.py:93} INFO - 25/12/25 10:35:50 INFO SparkContext: Java version 11.0.22
[2025-12-25T10:35:50.574+0000] {subprocess.py:93} INFO - 25/12/25 10:35:50 INFO ResourceUtils: ==============================================================
[2025-12-25T10:35:50.575+0000] {subprocess.py:93} INFO - 25/12/25 10:35:50 INFO ResourceUtils: No custom resources configured for spark.driver.
[2025-12-25T10:35:50.575+0000] {subprocess.py:93} INFO - 25/12/25 10:35:50 INFO ResourceUtils: ==============================================================
[2025-12-25T10:35:50.575+0000] {subprocess.py:93} INFO - 25/12/25 10:35:50 INFO SparkContext: Submitted application: Telemetry Analytics Job
[2025-12-25T10:35:50.587+0000] {subprocess.py:93} INFO - 25/12/25 10:35:50 INFO ResourceProfile: Default ResourceProfile created, executor resources: Map(cores -> name: cores, amount: 1, script: , vendor: , memory -> name: memory, amount: 1024, script: , vendor: , offHeap -> name: offHeap, amount: 0, script: , vendor: ), task resources: Map(cpus -> name: cpus, amount: 1.0)
[2025-12-25T10:35:50.596+0000] {subprocess.py:93} INFO - 25/12/25 10:35:50 INFO ResourceProfile: Limiting resource is cpu
[2025-12-25T10:35:50.596+0000] {subprocess.py:93} INFO - 25/12/25 10:35:50 INFO ResourceProfileManager: Added ResourceProfile id: 0
[2025-12-25T10:35:50.637+0000] {subprocess.py:93} INFO - 25/12/25 10:35:50 INFO SecurityManager: Changing view acls to: root
[2025-12-25T10:35:50.637+0000] {subprocess.py:93} INFO - 25/12/25 10:35:50 INFO SecurityManager: Changing modify acls to: root
[2025-12-25T10:35:50.637+0000] {subprocess.py:93} INFO - 25/12/25 10:35:50 INFO SecurityManager: Changing view acls groups to:
[2025-12-25T10:35:50.638+0000] {subprocess.py:93} INFO - 25/12/25 10:35:50 INFO SecurityManager: Changing modify acls groups to:
[2025-12-25T10:35:50.638+0000] {subprocess.py:93} INFO - 25/12/25 10:35:50 INFO SecurityManager: SecurityManager: authentication disabled; ui acls disabled; users with view permissions: root; groups with view permissions: EMPTY; users with modify permissions: root; groups with modify permissions: EMPTY
[2025-12-25T10:35:50.755+0000] {subprocess.py:93} INFO - 25/12/25 10:35:50 INFO Utils: Successfully started service 'sparkDriver' on port 34859.
[2025-12-25T10:35:50.775+0000] {subprocess.py:93} INFO - 25/12/25 10:35:50 INFO SparkEnv: Registering MapOutputTracker
[2025-12-25T10:35:50.811+0000] {subprocess.py:93} INFO - 25/12/25 10:35:50 INFO SparkEnv: Registering BlockManagerMaster
[2025-12-25T10:35:50.823+0000] {subprocess.py:93} INFO - 25/12/25 10:35:50 INFO BlockManagerMasterEndpoint: Using org.apache.spark.storage.DefaultTopologyMapper for getting topology information
[2025-12-25T10:35:50.823+0000] {subprocess.py:93} INFO - 25/12/25 10:35:50 INFO BlockManagerMasterEndpoint: BlockManagerMasterEndpoint up
[2025-12-25T10:35:50.826+0000] {subprocess.py:93} INFO - 25/12/25 10:35:50 INFO SparkEnv: Registering BlockManagerMasterHeartbeat
[2025-12-25T10:35:50.847+0000] {subprocess.py:93} INFO - 25/12/25 10:35:50 INFO DiskBlockManager: Created local directory at /tmp/blockmgr-02426dc2-9ac4-4924-9bb8-1dcfb71dcef5
[2025-12-25T10:35:50.857+0000] {subprocess.py:93} INFO - 25/12/25 10:35:50 INFO MemoryStore: MemoryStore started with capacity 434.4 MiB
[2025-12-25T10:35:50.867+0000] {subprocess.py:93} INFO - 25/12/25 10:35:50 INFO SparkEnv: Registering OutputCommitCoordinator
[2025-12-25T10:35:50.966+0000] {subprocess.py:93} INFO - 25/12/25 10:35:50 INFO JettyUtils: Start Jetty 0.0.0.0:4040 for SparkUI
[2025-12-25T10:35:51.002+0000] {subprocess.py:93} INFO - 25/12/25 10:35:51 INFO Utils: Successfully started service 'SparkUI' on port 4040.
[2025-12-25T10:35:51.023+0000] {subprocess.py:93} INFO - 25/12/25 10:35:51 INFO SparkContext: Added JAR file:///opt/spark/jars/postgresql.jar at spark://f72bf01c7215:34859/jars/postgresql.jar with timestamp 1766658950540
[2025-12-25T10:35:51.081+0000] {subprocess.py:93} INFO - 25/12/25 10:35:51 INFO Executor: Starting executor ID driver on host f72bf01c7215
[2025-12-25T10:35:51.081+0000] {subprocess.py:93} INFO - 25/12/25 10:35:51 INFO Executor: OS info Linux, 6.10.14-linuxkit, aarch64
[2025-12-25T10:35:51.082+0000] {subprocess.py:93} INFO - 25/12/25 10:35:51 INFO Executor: Java version 11.0.22
[2025-12-25T10:35:51.089+0000] {subprocess.py:93} INFO - 25/12/25 10:35:51 INFO Executor: Starting executor with user classpath (userClassPathFirst = false): ''
[2025-12-25T10:35:51.089+0000] {subprocess.py:93} INFO - 25/12/25 10:35:51 INFO Executor: Created or updated repl class loader org.apache.spark.util.MutableURLClassLoader@66e5131c for default.
[2025-12-25T10:35:51.101+0000] {subprocess.py:93} INFO - 25/12/25 10:35:51 INFO Executor: Fetching spark://f72bf01c7215:34859/jars/postgresql.jar with timestamp 1766658950540
[2025-12-25T10:35:51.149+0000] {subprocess.py:93} INFO - 25/12/25 10:35:51 INFO TransportClientFactory: Successfully created connection to f72bf01c7215/172.24.0.4:34859 after 20 ms (0 ms spent in bootstraps)
[2025-12-25T10:35:51.153+0000] {subprocess.py:93} INFO - 25/12/25 10:35:51 INFO Utils: Fetching spark://f72bf01c7215:34859/jars/postgresql.jar to /tmp/spark-8a22e529-747f-42a2-9bf3-dc56eb67b965/userFiles-e6767b66-3d65-41ae-a90e-78d4a57a6c63/fetchFileTemp12433130804180248319.tmp
[2025-12-25T10:35:51.192+0000] {subprocess.py:93} INFO - 25/12/25 10:35:51 INFO Executor: Adding file:/tmp/spark-8a22e529-747f-42a2-9bf3-dc56eb67b965/userFiles-e6767b66-3d65-41ae-a90e-78d4a57a6c63/postgresql.jar to class loader default
[2025-12-25T10:35:51.199+0000] {subprocess.py:93} INFO - 25/12/25 10:35:51 INFO Utils: Successfully started service 'org.apache.spark.network.netty.NettyBlockTransferService' on port 36613.
[2025-12-25T10:35:51.200+0000] {subprocess.py:93} INFO - 25/12/25 10:35:51 INFO NettyBlockTransferService: Server created on f72bf01c7215:36613
[2025-12-25T10:35:51.200+0000] {subprocess.py:93} INFO - 25/12/25 10:35:51 INFO BlockManager: Using org.apache.spark.storage.RandomBlockReplicationPolicy for block replication policy
[2025-12-25T10:35:51.204+0000] {subprocess.py:93} INFO - 25/12/25 10:35:51 INFO BlockManagerMaster: Registering BlockManager BlockManagerId(driver, f72bf01c7215, 36613, None)
[2025-12-25T10:35:51.207+0000] {subprocess.py:93} INFO - 25/12/25 10:35:51 INFO BlockManagerMasterEndpoint: Registering block manager f72bf01c7215:36613 with 434.4 MiB RAM, BlockManagerId(driver, f72bf01c7215, 36613, None)
[2025-12-25T10:35:51.209+0000] {subprocess.py:93} INFO - 25/12/25 10:35:51 INFO BlockManagerMaster: Registered BlockManager BlockManagerId(driver, f72bf01c7215, 36613, None)
[2025-12-25T10:35:51.209+0000] {subprocess.py:93} INFO - 25/12/25 10:35:51 INFO BlockManager: Initialized BlockManager: BlockManagerId(driver, f72bf01c7215, 36613, None)
[2025-12-25T10:35:52.111+0000] {subprocess.py:93} INFO - 25/12/25 10:35:52 INFO SharedState: Setting hive.metastore.warehouse.dir ('null') to the value of spark.sql.warehouse.dir.
[2025-12-25T10:35:52.115+0000] {subprocess.py:93} INFO - 25/12/25 10:35:52 INFO SharedState: Warehouse path is 'file:/opt/spark/spark-warehouse'.
[2025-12-25T10:35:54.248+0000] {subprocess.py:93} INFO - 25/12/25 10:35:54 INFO CodeGenerator: Code generated in 136.8545 ms
[2025-12-25T10:35:54.410+0000] {subprocess.py:93} INFO - 25/12/25 10:35:54 INFO DAGScheduler: Registering RDD 2 (jdbc at <unknown>:0) as input to shuffle 0
[2025-12-25T10:35:54.417+0000] {subprocess.py:93} INFO - 25/12/25 10:35:54 INFO DAGScheduler: Got map stage job 0 (jdbc at <unknown>:0) with 1 output partitions
[2025-12-25T10:35:54.417+0000] {subprocess.py:93} INFO - 25/12/25 10:35:54 INFO DAGScheduler: Final stage: ShuffleMapStage 0 (jdbc at <unknown>:0)
[2025-12-25T10:35:54.417+0000] {subprocess.py:93} INFO - 25/12/25 10:35:54 INFO DAGScheduler: Parents of final stage: List()
[2025-12-25T10:35:54.418+0000] {subprocess.py:93} INFO - 25/12/25 10:35:54 INFO DAGScheduler: Missing parents: List()
[2025-12-25T10:35:54.420+0000] {subprocess.py:93} INFO - 25/12/25 10:35:54 INFO DAGScheduler: Submitting ShuffleMapStage 0 (MapPartitionsRDD[2] at jdbc at <unknown>:0), which has no missing parents
[2025-12-25T10:35:54.468+0000] {subprocess.py:93} INFO - 25/12/25 10:35:54 INFO MemoryStore: Block broadcast_0 stored as values in memory (estimated size 43.4 KiB, free 434.4 MiB)
[2025-12-25T10:35:54.494+0000] {subprocess.py:93} INFO - 25/12/25 10:35:54 INFO MemoryStore: Block broadcast_0_piece0 stored as bytes in memory (estimated size 20.0 KiB, free 434.3 MiB)
[2025-12-25T10:35:54.496+0000] {subprocess.py:93} INFO - 25/12/25 10:35:54 INFO BlockManagerInfo: Added broadcast_0_piece0 in memory on f72bf01c7215:36613 (size: 20.0 KiB, free: 434.4 MiB)
[2025-12-25T10:35:54.498+0000] {subprocess.py:93} INFO - 25/12/25 10:35:54 INFO SparkContext: Created broadcast 0 from broadcast at DAGScheduler.scala:1585
[2025-12-25T10:35:54.507+0000] {subprocess.py:93} INFO - 25/12/25 10:35:54 INFO DAGScheduler: Submitting 1 missing tasks from ShuffleMapStage 0 (MapPartitionsRDD[2] at jdbc at <unknown>:0) (first 15 tasks are for partitions Vector(0))
[2025-12-25T10:35:54.508+0000] {subprocess.py:93} INFO - 25/12/25 10:35:54 INFO TaskSchedulerImpl: Adding task set 0.0 with 1 tasks resource profile 0
[2025-12-25T10:35:54.530+0000] {subprocess.py:93} INFO - 25/12/25 10:35:54 INFO TaskSetManager: Starting task 0.0 in stage 0.0 (TID 0) (f72bf01c7215, executor driver, partition 0, PROCESS_LOCAL, 7623 bytes)
[2025-12-25T10:35:54.540+0000] {subprocess.py:93} INFO - 25/12/25 10:35:54 INFO Executor: Running task 0.0 in stage 0.0 (TID 0)
[2025-12-25T10:35:54.634+0000] {subprocess.py:93} INFO - 25/12/25 10:35:54 INFO CodeGenerator: Code generated in 32.024375 ms
[2025-12-25T10:35:54.649+0000] {subprocess.py:93} INFO - 25/12/25 10:35:54 INFO CodeGenerator: Code generated in 8.46325 ms
[2025-12-25T10:35:54.667+0000] {subprocess.py:93} INFO - 25/12/25 10:35:54 INFO CodeGenerator: Code generated in 5.731042 ms
[2025-12-25T10:35:54.678+0000] {subprocess.py:93} INFO - 25/12/25 10:35:54 INFO CodeGenerator: Code generated in 5.047916 ms
[2025-12-25T10:35:54.688+0000] {subprocess.py:93} INFO - 25/12/25 10:35:54 INFO CodeGenerator: Code generated in 4.436708 ms
[2025-12-25T10:35:54.750+0000] {subprocess.py:93} INFO - 25/12/25 10:35:54 INFO JDBCRDD: closed connection
[2025-12-25T10:35:54.797+0000] {subprocess.py:93} INFO - 25/12/25 10:35:54 INFO Executor: Finished task 0.0 in stage 0.0 (TID 0). 2491 bytes result sent to driver
[2025-12-25T10:35:54.803+0000] {subprocess.py:93} INFO - 25/12/25 10:35:54 INFO TaskSetManager: Finished task 0.0 in stage 0.0 (TID 0) in 278 ms on f72bf01c7215 (executor driver) (1/1)
[2025-12-25T10:35:54.805+0000] {subprocess.py:93} INFO - 25/12/25 10:35:54 INFO TaskSchedulerImpl: Removed TaskSet 0.0, whose tasks have all completed, from pool
[2025-12-25T10:35:54.810+0000] {subprocess.py:93} INFO - 25/12/25 10:35:54 INFO DAGScheduler: ShuffleMapStage 0 (jdbc at <unknown>:0) finished in 0.382 s
[2025-12-25T10:35:54.811+0000] {subprocess.py:93} INFO - 25/12/25 10:35:54 INFO DAGScheduler: looking for newly runnable stages
[2025-12-25T10:35:54.811+0000] {subprocess.py:93} INFO - 25/12/25 10:35:54 INFO DAGScheduler: running: Set()
[2025-12-25T10:35:54.811+0000] {subprocess.py:93} INFO - 25/12/25 10:35:54 INFO DAGScheduler: waiting: Set()
[2025-12-25T10:35:54.811+0000] {subprocess.py:93} INFO - 25/12/25 10:35:54 INFO DAGScheduler: failed: Set()
[2025-12-25T10:35:54.825+0000] {subprocess.py:93} INFO - 25/12/25 10:35:54 INFO ShufflePartitionsUtil: For shuffle(0), advisory target size: 67108864, actual target size 1048576, minimum partition size: 1048576
[2025-12-25T10:35:54.838+0000] {subprocess.py:93} INFO - 25/12/25 10:35:54 INFO HashAggregateExec: spark.sql.codegen.aggregate.map.twolevel.enabled is set to true, but current version of codegened fast hashmap does not support this aggregate.
[2025-12-25T10:35:54.856+0000] {subprocess.py:93} INFO - 25/12/25 10:35:54 INFO CodeGenerator: Code generated in 11.317417 ms
[2025-12-25T10:35:54.909+0000] {subprocess.py:93} INFO - 25/12/25 10:35:54 INFO SparkContext: Starting job: jdbc at <unknown>:0
[2025-12-25T10:35:54.911+0000] {subprocess.py:93} INFO - 25/12/25 10:35:54 INFO DAGScheduler: Got job 1 (jdbc at <unknown>:0) with 1 output partitions
[2025-12-25T10:35:54.911+0000] {subprocess.py:93} INFO - 25/12/25 10:35:54 INFO DAGScheduler: Final stage: ResultStage 2 (jdbc at <unknown>:0)
[2025-12-25T10:35:54.911+0000] {subprocess.py:93} INFO - 25/12/25 10:35:54 INFO DAGScheduler: Parents of final stage: List(ShuffleMapStage 1)
[2025-12-25T10:35:54.916+0000] {subprocess.py:93} INFO - 25/12/25 10:35:54 INFO DAGScheduler: Missing parents: List()
[2025-12-25T10:35:54.918+0000] {subprocess.py:93} INFO - 25/12/25 10:35:54 INFO DAGScheduler: Submitting ResultStage 2 (MapPartitionsRDD[7] at jdbc at <unknown>:0), which has no missing parents
[2025-12-25T10:35:54.925+0000] {subprocess.py:93} INFO - 25/12/25 10:35:54 INFO BlockManagerInfo: Removed broadcast_0_piece0 on f72bf01c7215:36613 in memory (size: 20.0 KiB, free: 434.4 MiB)
[2025-12-25T10:35:54.938+0000] {subprocess.py:93} INFO - 25/12/25 10:35:54 INFO MemoryStore: Block broadcast_1 stored as values in memory (estimated size 53.8 KiB, free 434.3 MiB)
[2025-12-25T10:35:54.939+0000] {subprocess.py:93} INFO - 25/12/25 10:35:54 INFO MemoryStore: Block broadcast_1_piece0 stored as bytes in memory (estimated size 24.0 KiB, free 434.3 MiB)
[2025-12-25T10:35:54.939+0000] {subprocess.py:93} INFO - 25/12/25 10:35:54 INFO BlockManagerInfo: Added broadcast_1_piece0 in memory on f72bf01c7215:36613 (size: 24.0 KiB, free: 434.4 MiB)
[2025-12-25T10:35:54.939+0000] {subprocess.py:93} INFO - 25/12/25 10:35:54 INFO SparkContext: Created broadcast 1 from broadcast at DAGScheduler.scala:1585
[2025-12-25T10:35:54.940+0000] {subprocess.py:93} INFO - 25/12/25 10:35:54 INFO DAGScheduler: Submitting 1 missing tasks from ResultStage 2 (MapPartitionsRDD[7] at jdbc at <unknown>:0) (first 15 tasks are for partitions Vector(0))
[2025-12-25T10:35:54.940+0000] {subprocess.py:93} INFO - 25/12/25 10:35:54 INFO TaskSchedulerImpl: Adding task set 2.0 with 1 tasks resource profile 0
[2025-12-25T10:35:54.946+0000] {subprocess.py:93} INFO - 25/12/25 10:35:54 INFO TaskSetManager: Starting task 0.0 in stage 2.0 (TID 1) (f72bf01c7215, executor driver, partition 0, NODE_LOCAL, 7788 bytes)
[2025-12-25T10:35:54.947+0000] {subprocess.py:93} INFO - 25/12/25 10:35:54 INFO Executor: Running task 0.0 in stage 2.0 (TID 1)
[2025-12-25T10:35:54.986+0000] {subprocess.py:93} INFO - 25/12/25 10:35:54 INFO ShuffleBlockFetcherIterator: Getting 1 (264.0 B) non-empty blocks including 1 (264.0 B) local and 0 (0.0 B) host-local and 0 (0.0 B) push-merged-local and 0 (0.0 B) remote blocks
[2025-12-25T10:35:54.987+0000] {subprocess.py:93} INFO - 25/12/25 10:35:54 INFO ShuffleBlockFetcherIterator: Started 0 remote fetches in 5 ms
[2025-12-25T10:35:54.999+0000] {subprocess.py:93} INFO - 25/12/25 10:35:54 INFO CodeGenerator: Code generated in 9.365833 ms
[2025-12-25T10:35:55.540+0000] {subprocess.py:93} INFO - 25/12/25 10:35:55 INFO CodeGenerator: Code generated in 7.700333 ms
[2025-12-25T10:35:55.599+0000] {subprocess.py:93} INFO - 25/12/25 10:35:55 INFO Executor: Finished task 0.0 in stage 2.0 (TID 1). 4738 bytes result sent to driver
[2025-12-25T10:35:55.606+0000] {subprocess.py:93} INFO - 25/12/25 10:35:55 INFO TaskSetManager: Finished task 0.0 in stage 2.0 (TID 1) in 659 ms on f72bf01c7215 (executor driver) (1/1)
[2025-12-25T10:35:55.607+0000] {subprocess.py:93} INFO - 25/12/25 10:35:55 INFO TaskSchedulerImpl: Removed TaskSet 2.0, whose tasks have all completed, from pool
[2025-12-25T10:35:55.610+0000] {subprocess.py:93} INFO - 25/12/25 10:35:55 INFO DAGScheduler: ResultStage 2 (jdbc at <unknown>:0) finished in 0.680 s
[2025-12-25T10:35:55.611+0000] {subprocess.py:93} INFO - 25/12/25 10:35:55 INFO DAGScheduler: Job 1 is finished. Cancelling potential speculative or zombie tasks for this job
[2025-12-25T10:35:55.612+0000] {subprocess.py:93} INFO - 25/12/25 10:35:55 INFO TaskSchedulerImpl: Killing all running tasks in stage 2: Stage finished
[2025-12-25T10:35:55.614+0000] {subprocess.py:93} INFO - 25/12/25 10:35:55 INFO DAGScheduler: Job 1 finished: jdbc at <unknown>:0, took 0.705477 s
[2025-12-25T10:35:55.881+0000] {subprocess.py:93} INFO - 25/12/25 10:35:55 INFO CodeGenerator: Code generated in 37.530625 ms
[2025-12-25T10:35:55.889+0000] {subprocess.py:93} INFO - 25/12/25 10:35:55 INFO DAGScheduler: Registering RDD 10 (jdbc at <unknown>:0) as input to shuffle 1
[2025-12-25T10:35:55.889+0000] {subprocess.py:93} INFO - 25/12/25 10:35:55 INFO DAGScheduler: Got map stage job 2 (jdbc at <unknown>:0) with 1 output partitions
[2025-12-25T10:35:55.890+0000] {subprocess.py:93} INFO - 25/12/25 10:35:55 INFO DAGScheduler: Final stage: ShuffleMapStage 3 (jdbc at <unknown>:0)
[2025-12-25T10:35:55.890+0000] {subprocess.py:93} INFO - 25/12/25 10:35:55 INFO DAGScheduler: Parents of final stage: List()
[2025-12-25T10:35:55.891+0000] {subprocess.py:93} INFO - 25/12/25 10:35:55 INFO DAGScheduler: Missing parents: List()
[2025-12-25T10:35:55.893+0000] {subprocess.py:93} INFO - 25/12/25 10:35:55 INFO DAGScheduler: Submitting ShuffleMapStage 3 (MapPartitionsRDD[10] at jdbc at <unknown>:0), which has no missing parents
[2025-12-25T10:35:55.899+0000] {subprocess.py:93} INFO - 25/12/25 10:35:55 INFO MemoryStore: Block broadcast_2 stored as values in memory (estimated size 37.8 KiB, free 434.3 MiB)
[2025-12-25T10:35:55.903+0000] {subprocess.py:93} INFO - 25/12/25 10:35:55 INFO MemoryStore: Block broadcast_2_piece0 stored as bytes in memory (estimated size 17.9 KiB, free 434.3 MiB)
[2025-12-25T10:35:55.906+0000] {subprocess.py:93} INFO - 25/12/25 10:35:55 INFO BlockManagerInfo: Added broadcast_2_piece0 in memory on f72bf01c7215:36613 (size: 17.9 KiB, free: 434.4 MiB)
[2025-12-25T10:35:55.907+0000] {subprocess.py:93} INFO - 25/12/25 10:35:55 INFO SparkContext: Created broadcast 2 from broadcast at DAGScheduler.scala:1585
[2025-12-25T10:35:55.908+0000] {subprocess.py:93} INFO - 25/12/25 10:35:55 INFO DAGScheduler: Submitting 1 missing tasks from ShuffleMapStage 3 (MapPartitionsRDD[10] at jdbc at <unknown>:0) (first 15 tasks are for partitions Vector(0))
[2025-12-25T10:35:55.908+0000] {subprocess.py:93} INFO - 25/12/25 10:35:55 INFO TaskSchedulerImpl: Adding task set 3.0 with 1 tasks resource profile 0
[2025-12-25T10:35:55.909+0000] {subprocess.py:93} INFO - 25/12/25 10:35:55 INFO TaskSetManager: Starting task 0.0 in stage 3.0 (TID 2) (f72bf01c7215, executor driver, partition 0, PROCESS_LOCAL, 7623 bytes)
[2025-12-25T10:35:55.910+0000] {subprocess.py:93} INFO - 25/12/25 10:35:55 INFO Executor: Running task 0.0 in stage 3.0 (TID 2)
[2025-12-25T10:35:55.960+0000] {subprocess.py:93} INFO - 25/12/25 10:35:55 INFO CodeGenerator: Code generated in 22.622125 ms
[2025-12-25T10:35:55.970+0000] {subprocess.py:93} INFO - 25/12/25 10:35:55 INFO CodeGenerator: Code generated in 4.385417 ms
[2025-12-25T10:35:55.976+0000] {subprocess.py:93} INFO - 25/12/25 10:35:55 INFO CodeGenerator: Code generated in 3.823 ms
[2025-12-25T10:35:56.052+0000] {subprocess.py:93} INFO - 25/12/25 10:35:56 INFO JDBCRDD: closed connection
[2025-12-25T10:35:56.061+0000] {subprocess.py:93} INFO - 25/12/25 10:35:56 INFO Executor: Finished task 0.0 in stage 3.0 (TID 2). 2448 bytes result sent to driver
[2025-12-25T10:35:56.063+0000] {subprocess.py:93} INFO - 25/12/25 10:35:56 INFO TaskSetManager: Finished task 0.0 in stage 3.0 (TID 2) in 156 ms on f72bf01c7215 (executor driver) (1/1)
[2025-12-25T10:35:56.064+0000] {subprocess.py:93} INFO - 25/12/25 10:35:56 INFO TaskSchedulerImpl: Removed TaskSet 3.0, whose tasks have all completed, from pool
[2025-12-25T10:35:56.065+0000] {subprocess.py:93} INFO - 25/12/25 10:35:56 INFO DAGScheduler: ShuffleMapStage 3 (jdbc at <unknown>:0) finished in 0.173 s
[2025-12-25T10:35:56.066+0000] {subprocess.py:93} INFO - 25/12/25 10:35:56 INFO DAGScheduler: looking for newly runnable stages
[2025-12-25T10:35:56.066+0000] {subprocess.py:93} INFO - 25/12/25 10:35:56 INFO DAGScheduler: running: Set()
[2025-12-25T10:35:56.066+0000] {subprocess.py:93} INFO - 25/12/25 10:35:56 INFO DAGScheduler: waiting: Set()
[2025-12-25T10:35:56.066+0000] {subprocess.py:93} INFO - 25/12/25 10:35:56 INFO DAGScheduler: failed: Set()
[2025-12-25T10:35:56.071+0000] {subprocess.py:93} INFO - 25/12/25 10:35:56 INFO ShufflePartitionsUtil: For shuffle(1), advisory target size: 67108864, actual target size 1048576, minimum partition size: 1048576
[2025-12-25T10:35:56.080+0000] {subprocess.py:93} INFO - 25/12/25 10:35:56 INFO HashAggregateExec: spark.sql.codegen.aggregate.map.twolevel.enabled is set to true, but current version of codegened fast hashmap does not support this aggregate.
[2025-12-25T10:35:56.094+0000] {subprocess.py:93} INFO - 25/12/25 10:35:56 INFO CodeGenerator: Code generated in 9.400375 ms
[2025-12-25T10:35:56.112+0000] {subprocess.py:93} INFO - 25/12/25 10:35:56 INFO SparkContext: Starting job: jdbc at <unknown>:0
[2025-12-25T10:35:56.114+0000] {subprocess.py:93} INFO - 25/12/25 10:35:56 INFO DAGScheduler: Got job 3 (jdbc at <unknown>:0) with 1 output partitions
[2025-12-25T10:35:56.114+0000] {subprocess.py:93} INFO - 25/12/25 10:35:56 INFO DAGScheduler: Final stage: ResultStage 5 (jdbc at <unknown>:0)
[2025-12-25T10:35:56.114+0000] {subprocess.py:93} INFO - 25/12/25 10:35:56 INFO DAGScheduler: Parents of final stage: List(ShuffleMapStage 4)
[2025-12-25T10:35:56.117+0000] {subprocess.py:93} INFO - 25/12/25 10:35:56 INFO DAGScheduler: Missing parents: List()
[2025-12-25T10:35:56.118+0000] {subprocess.py:93} INFO - 25/12/25 10:35:56 INFO DAGScheduler: Submitting ResultStage 5 (MapPartitionsRDD[15] at jdbc at <unknown>:0), which has no missing parents
[2025-12-25T10:35:56.122+0000] {subprocess.py:93} INFO - 25/12/25 10:35:56 INFO MemoryStore: Block broadcast_3 stored as values in memory (estimated size 46.8 KiB, free 434.2 MiB)
[2025-12-25T10:35:56.125+0000] {subprocess.py:93} INFO - 25/12/25 10:35:56 INFO MemoryStore: Block broadcast_3_piece0 stored as bytes in memory (estimated size 21.6 KiB, free 434.2 MiB)
[2025-12-25T10:35:56.125+0000] {subprocess.py:93} INFO - 25/12/25 10:35:56 INFO BlockManagerInfo: Added broadcast_3_piece0 in memory on f72bf01c7215:36613 (size: 21.6 KiB, free: 434.3 MiB)
[2025-12-25T10:35:56.126+0000] {subprocess.py:93} INFO - 25/12/25 10:35:56 INFO SparkContext: Created broadcast 3 from broadcast at DAGScheduler.scala:1585
[2025-12-25T10:35:56.127+0000] {subprocess.py:93} INFO - 25/12/25 10:35:56 INFO DAGScheduler: Submitting 1 missing tasks from ResultStage 5 (MapPartitionsRDD[15] at jdbc at <unknown>:0) (first 15 tasks are for partitions Vector(0))
[2025-12-25T10:35:56.127+0000] {subprocess.py:93} INFO - 25/12/25 10:35:56 INFO TaskSchedulerImpl: Adding task set 5.0 with 1 tasks resource profile 0
[2025-12-25T10:35:56.127+0000] {subprocess.py:93} INFO - 25/12/25 10:35:56 INFO TaskSetManager: Starting task 0.0 in stage 5.0 (TID 3) (f72bf01c7215, executor driver, partition 0, NODE_LOCAL, 7788 bytes)
[2025-12-25T10:35:56.128+0000] {subprocess.py:93} INFO - 25/12/25 10:35:56 INFO Executor: Running task 0.0 in stage 5.0 (TID 3)
[2025-12-25T10:35:56.135+0000] {subprocess.py:93} INFO - 25/12/25 10:35:56 INFO ShuffleBlockFetcherIterator: Getting 1 (240.0 B) non-empty blocks including 1 (240.0 B) local and 0 (0.0 B) host-local and 0 (0.0 B) push-merged-local and 0 (0.0 B) remote blocks
[2025-12-25T10:35:56.135+0000] {subprocess.py:93} INFO - 25/12/25 10:35:56 INFO ShuffleBlockFetcherIterator: Started 0 remote fetches in 0 ms
[2025-12-25T10:35:56.142+0000] {subprocess.py:93} INFO - 25/12/25 10:35:56 INFO CodeGenerator: Code generated in 6.540917 ms
[2025-12-25T10:35:56.178+0000] {subprocess.py:93} INFO - 25/12/25 10:35:56 INFO CodeGenerator: Code generated in 31.3535 ms
[2025-12-25T10:35:56.182+0000] {subprocess.py:93} INFO - 25/12/25 10:35:56 INFO BlockManagerInfo: Removed broadcast_2_piece0 on f72bf01c7215:36613 in memory (size: 17.9 KiB, free: 434.4 MiB)
[2025-12-25T10:35:56.188+0000] {subprocess.py:93} INFO - 25/12/25 10:35:56 INFO BlockManagerInfo: Removed broadcast_1_piece0 on f72bf01c7215:36613 in memory (size: 24.0 KiB, free: 434.4 MiB)
[2025-12-25T10:35:56.198+0000] {subprocess.py:93} INFO - 25/12/25 10:35:56 INFO Executor: Finished task 0.0 in stage 5.0 (TID 3). 4695 bytes result sent to driver
[2025-12-25T10:35:56.200+0000] {subprocess.py:93} INFO - 25/12/25 10:35:56 INFO TaskSetManager: Finished task 0.0 in stage 5.0 (TID 3) in 73 ms on f72bf01c7215 (executor driver) (1/1)
[2025-12-25T10:35:56.201+0000] {subprocess.py:93} INFO - 25/12/25 10:35:56 INFO TaskSchedulerImpl: Removed TaskSet 5.0, whose tasks have all completed, from pool
[2025-12-25T10:35:56.201+0000] {subprocess.py:93} INFO - 25/12/25 10:35:56 INFO DAGScheduler: ResultStage 5 (jdbc at <unknown>:0) finished in 0.082 s
[2025-12-25T10:35:56.202+0000] {subprocess.py:93} INFO - 25/12/25 10:35:56 INFO DAGScheduler: Job 3 is finished. Cancelling potential speculative or zombie tasks for this job
[2025-12-25T10:35:56.202+0000] {subprocess.py:93} INFO - 25/12/25 10:35:56 INFO TaskSchedulerImpl: Killing all running tasks in stage 5: Stage finished
[2025-12-25T10:35:56.202+0000] {subprocess.py:93} INFO - 25/12/25 10:35:56 INFO DAGScheduler: Job 3 finished: jdbc at <unknown>:0, took 0.089044 s
[2025-12-25T10:35:56.222+0000] {subprocess.py:93} INFO - 25/12/25 10:35:56 INFO SparkContext: SparkContext is stopping with exitCode 0.
[2025-12-25T10:35:56.234+0000] {subprocess.py:93} INFO - 25/12/25 10:35:56 INFO SparkUI: Stopped Spark web UI at http://f72bf01c7215:4040
[2025-12-25T10:35:56.248+0000] {subprocess.py:93} INFO - 25/12/25 10:35:56 INFO MapOutputTrackerMasterEndpoint: MapOutputTrackerMasterEndpoint stopped!
[2025-12-25T10:35:56.270+0000] {subprocess.py:93} INFO - 25/12/25 10:35:56 INFO MemoryStore: MemoryStore cleared
[2025-12-25T10:35:56.270+0000] {subprocess.py:93} INFO - 25/12/25 10:35:56 INFO BlockManager: BlockManager stopped
[2025-12-25T10:35:56.273+0000] {subprocess.py:93} INFO - 25/12/25 10:35:56 INFO BlockManagerMaster: BlockManagerMaster stopped
[2025-12-25T10:35:56.276+0000] {subprocess.py:93} INFO - 25/12/25 10:35:56 INFO OutputCommitCoordinator$OutputCommitCoordinatorEndpoint: OutputCommitCoordinator stopped!
[2025-12-25T10:35:56.286+0000] {subprocess.py:93} INFO - 25/12/25 10:35:56 INFO SparkContext: Successfully stopped SparkContext
[2025-12-25T10:35:56.402+0000] {subprocess.py:93} INFO - Telemetry analytics job completed successfully!
[2025-12-25T10:35:56.448+0000] {subprocess.py:93} INFO - 25/12/25 10:35:56 INFO ShutdownHookManager: Shutdown hook called
[2025-12-25T10:35:56.449+0000] {subprocess.py:93} INFO - 25/12/25 10:35:56 INFO ShutdownHookManager: Deleting directory /tmp/spark-8a22e529-747f-42a2-9bf3-dc56eb67b965/pyspark-c2680abe-d3d0-4528-a8d1-84380b5f72d4
[2025-12-25T10:35:56.451+0000] {subprocess.py:93} INFO - 25/12/25 10:35:56 INFO ShutdownHookManager: Deleting directory /tmp/spark-4fb37b87-a2ed-4a80-8f40-0815e4ca172e
[2025-12-25T10:35:56.456+0000] {subprocess.py:93} INFO - 25/12/25 10:35:56 INFO ShutdownHookManager: Deleting directory /tmp/spark-8a22e529-747f-42a2-9bf3-dc56eb67b965
[2025-12-25T10:35:56.519+0000] {subprocess.py:97} INFO - Command exited with return code 0
[2025-12-25T10:35:56.523+0000] {taskinstance.py:441} INFO - ::group::Post task execution logs
[2025-12-25T10:35:56.564+0000] {taskinstance.py:1205} INFO - Marking task as SUCCESS. dag_id=***_spark_analytics, task_id=run_***_analytics, execution_date=20251225T103547, start_date=20251225T103548, end_date=20251225T103556
[2025-12-25T10:35:56.602+0000] {local_task_job_runner.py:240} INFO - Task exited with return code 0
[2025-12-25T10:35:56.638+0000] {taskinstance.py:3482} INFO - 0 downstream tasks scheduled from follow-on schedule check
[2025-12-25T10:35:56.639+0000] {local_task_job_runner.py:222} INFO - ::endgroup::
