[2025-12-25T10:35:05.343+0000] {local_task_job_runner.py:120} INFO - ::group::Pre task execution logs
[2025-12-25T10:35:05.396+0000] {taskinstance.py:2073} INFO - Dependencies all met for dep_context=non-requeueable deps ti=<TaskInstance: telemetry_spark_analytics.run_telemetry_analytics manual__2025-12-25T10:35:03.991414+00:00 [queued]>
[2025-12-25T10:35:05.402+0000] {taskinstance.py:2073} INFO - Dependencies all met for dep_context=requeueable deps ti=<TaskInstance: telemetry_spark_analytics.run_telemetry_analytics manual__2025-12-25T10:35:03.991414+00:00 [queued]>
[2025-12-25T10:35:05.403+0000] {taskinstance.py:2303} INFO - Starting attempt 1 of 1
[2025-12-25T10:35:05.413+0000] {taskinstance.py:2327} INFO - Executing <Task(BashOperator): run_telemetry_analytics> on 2025-12-25 10:35:03.991414+00:00
[2025-12-25T10:35:05.424+0000] {standard_task_runner.py:90} INFO - Running: ['airflow', 'tasks', 'run', '***_spark_analytics', 'run_***_analytics', 'manual__2025-12-25T10:35:03.991414+00:00', '--job-id', '104', '--raw', '--subdir', 'DAGS_FOLDER/***_spark_analytics_dag.py', '--cfg-path', '/tmp/tmpshz8aovb']
[2025-12-25T10:35:05.429+0000] {standard_task_runner.py:91} INFO - Job 104: Subtask run_***_analytics
[2025-12-25T10:35:05.429+0000] {logging_mixin.py:188} WARNING - /home/airflow/.local/lib/python3.12/site-packages/airflow/task/task_runner/standard_task_runner.py:61 DeprecationWarning: This process (pid=6992) is multi-threaded, use of fork() may lead to deadlocks in the child.
[2025-12-25T10:35:05.432+0000] {standard_task_runner.py:63} INFO - Started process 6993 to run task
[2025-12-25T10:35:05.498+0000] {task_command.py:426} INFO - Running <TaskInstance: telemetry_spark_analytics.run_telemetry_analytics manual__2025-12-25T10:35:03.991414+00:00 [running]> on host 6bc28026c5ad
[2025-12-25T10:35:05.618+0000] {taskinstance.py:2644} INFO - Exporting env vars: AIRFLOW_CTX_DAG_OWNER='airflow' AIRFLOW_CTX_DAG_ID='***_spark_analytics' AIRFLOW_CTX_TASK_ID='run_***_analytics' AIRFLOW_CTX_EXECUTION_DATE='2025-12-25T10:35:03.991414+00:00' AIRFLOW_CTX_TRY_NUMBER='1' AIRFLOW_CTX_DAG_RUN_ID='manual__2025-12-25T10:35:03.991414+00:00'
[2025-12-25T10:35:05.618+0000] {taskinstance.py:430} INFO - ::endgroup::
[2025-12-25T10:35:05.639+0000] {subprocess.py:63} INFO - Tmp dir root location: /tmp
[2025-12-25T10:35:05.648+0000] {subprocess.py:75} INFO - Running command: ['/usr/bin/bash', '-c', '\n        docker exec ***_spark         /opt/spark/bin/spark-submit         --master local[*]         --jars /opt/spark/jars/postgresql.jar         /opt/spark/jobs/***_analytics_job.py\n        ']
[2025-12-25T10:35:05.680+0000] {subprocess.py:86} INFO - Output:
[2025-12-25T10:35:08.666+0000] {subprocess.py:93} INFO - 25/12/25 10:35:08 WARN NativeCodeLoader: Unable to load native-hadoop library for your platform... using builtin-java classes where applicable
[2025-12-25T10:35:10.025+0000] {subprocess.py:93} INFO - 25/12/25 10:35:10 INFO SparkContext: Running Spark version 3.5.1
[2025-12-25T10:35:10.034+0000] {subprocess.py:93} INFO - 25/12/25 10:35:10 INFO SparkContext: OS info Linux, 6.10.14-linuxkit, aarch64
[2025-12-25T10:35:10.038+0000] {subprocess.py:93} INFO - 25/12/25 10:35:10 INFO SparkContext: Java version 11.0.22
[2025-12-25T10:35:10.221+0000] {subprocess.py:93} INFO - 25/12/25 10:35:10 INFO ResourceUtils: ==============================================================
[2025-12-25T10:35:10.226+0000] {subprocess.py:93} INFO - 25/12/25 10:35:10 INFO ResourceUtils: No custom resources configured for spark.driver.
[2025-12-25T10:35:10.228+0000] {subprocess.py:93} INFO - 25/12/25 10:35:10 INFO ResourceUtils: ==============================================================
[2025-12-25T10:35:10.230+0000] {subprocess.py:93} INFO - 25/12/25 10:35:10 INFO SparkContext: Submitted application: Telemetry Analytics Job
[2025-12-25T10:35:10.369+0000] {subprocess.py:93} INFO - 25/12/25 10:35:10 INFO ResourceProfile: Default ResourceProfile created, executor resources: Map(cores -> name: cores, amount: 1, script: , vendor: , memory -> name: memory, amount: 1024, script: , vendor: , offHeap -> name: offHeap, amount: 0, script: , vendor: ), task resources: Map(cpus -> name: cpus, amount: 1.0)
[2025-12-25T10:35:10.417+0000] {subprocess.py:93} INFO - 25/12/25 10:35:10 INFO ResourceProfile: Limiting resource is cpu
[2025-12-25T10:35:10.424+0000] {subprocess.py:93} INFO - 25/12/25 10:35:10 INFO ResourceProfileManager: Added ResourceProfile id: 0
[2025-12-25T10:35:10.842+0000] {subprocess.py:93} INFO - 25/12/25 10:35:10 INFO SecurityManager: Changing view acls to: root
[2025-12-25T10:35:10.851+0000] {subprocess.py:93} INFO - 25/12/25 10:35:10 INFO SecurityManager: Changing modify acls to: root
[2025-12-25T10:35:10.853+0000] {subprocess.py:93} INFO - 25/12/25 10:35:10 INFO SecurityManager: Changing view acls groups to:
[2025-12-25T10:35:10.859+0000] {subprocess.py:93} INFO - 25/12/25 10:35:10 INFO SecurityManager: Changing modify acls groups to:
[2025-12-25T10:35:10.860+0000] {subprocess.py:93} INFO - 25/12/25 10:35:10 INFO SecurityManager: SecurityManager: authentication disabled; ui acls disabled; users with view permissions: root; groups with view permissions: EMPTY; users with modify permissions: root; groups with modify permissions: EMPTY
[2025-12-25T10:35:11.685+0000] {subprocess.py:93} INFO - 25/12/25 10:35:11 INFO Utils: Successfully started service 'sparkDriver' on port 34249.
[2025-12-25T10:35:11.785+0000] {subprocess.py:93} INFO - 25/12/25 10:35:11 INFO SparkEnv: Registering MapOutputTracker
[2025-12-25T10:35:11.869+0000] {subprocess.py:93} INFO - 25/12/25 10:35:11 INFO SparkEnv: Registering BlockManagerMaster
[2025-12-25T10:35:11.904+0000] {subprocess.py:93} INFO - 25/12/25 10:35:11 INFO BlockManagerMasterEndpoint: Using org.apache.spark.storage.DefaultTopologyMapper for getting topology information
[2025-12-25T10:35:11.905+0000] {subprocess.py:93} INFO - 25/12/25 10:35:11 INFO BlockManagerMasterEndpoint: BlockManagerMasterEndpoint up
[2025-12-25T10:35:11.915+0000] {subprocess.py:93} INFO - 25/12/25 10:35:11 INFO SparkEnv: Registering BlockManagerMasterHeartbeat
[2025-12-25T10:35:11.955+0000] {subprocess.py:93} INFO - 25/12/25 10:35:11 INFO DiskBlockManager: Created local directory at /tmp/blockmgr-b829ee9c-df82-4c8c-b203-be105fbc586f
[2025-12-25T10:35:11.978+0000] {subprocess.py:93} INFO - 25/12/25 10:35:11 INFO MemoryStore: MemoryStore started with capacity 434.4 MiB
[2025-12-25T10:35:12.000+0000] {subprocess.py:93} INFO - 25/12/25 10:35:11 INFO SparkEnv: Registering OutputCommitCoordinator
[2025-12-25T10:35:12.437+0000] {subprocess.py:93} INFO - 25/12/25 10:35:12 INFO JettyUtils: Start Jetty 0.0.0.0:4040 for SparkUI
[2025-12-25T10:35:12.695+0000] {subprocess.py:93} INFO - 25/12/25 10:35:12 INFO Utils: Successfully started service 'SparkUI' on port 4040.
[2025-12-25T10:35:12.843+0000] {subprocess.py:93} INFO - 25/12/25 10:35:12 INFO SparkContext: Added JAR file:///opt/spark/jars/postgresql.jar at spark://f72bf01c7215:34249/jars/postgresql.jar with timestamp 1766658909945
[2025-12-25T10:35:12.977+0000] {subprocess.py:93} INFO - 25/12/25 10:35:12 INFO Executor: Starting executor ID driver on host f72bf01c7215
[2025-12-25T10:35:12.977+0000] {subprocess.py:93} INFO - 25/12/25 10:35:12 INFO Executor: OS info Linux, 6.10.14-linuxkit, aarch64
[2025-12-25T10:35:12.978+0000] {subprocess.py:93} INFO - 25/12/25 10:35:12 INFO Executor: Java version 11.0.22
[2025-12-25T10:35:12.994+0000] {subprocess.py:93} INFO - 25/12/25 10:35:12 INFO Executor: Starting executor with user classpath (userClassPathFirst = false): ''
[2025-12-25T10:35:12.995+0000] {subprocess.py:93} INFO - 25/12/25 10:35:12 INFO Executor: Created or updated repl class loader org.apache.spark.util.MutableURLClassLoader@1c885f33 for default.
[2025-12-25T10:35:13.011+0000] {subprocess.py:93} INFO - 25/12/25 10:35:13 INFO Executor: Fetching spark://f72bf01c7215:34249/jars/postgresql.jar with timestamp 1766658909945
[2025-12-25T10:35:13.092+0000] {subprocess.py:93} INFO - 25/12/25 10:35:13 INFO TransportClientFactory: Successfully created connection to f72bf01c7215/172.24.0.4:34249 after 40 ms (0 ms spent in bootstraps)
[2025-12-25T10:35:13.102+0000] {subprocess.py:93} INFO - 25/12/25 10:35:13 INFO Utils: Fetching spark://f72bf01c7215:34249/jars/postgresql.jar to /tmp/spark-976ba765-b23c-4840-807b-65e4812d8459/userFiles-4ecb1057-c554-4924-969f-05d4d2ee4882/fetchFileTemp17307123570988117823.tmp
[2025-12-25T10:35:13.205+0000] {subprocess.py:93} INFO - 25/12/25 10:35:13 INFO Executor: Adding file:/tmp/spark-976ba765-b23c-4840-807b-65e4812d8459/userFiles-4ecb1057-c554-4924-969f-05d4d2ee4882/postgresql.jar to class loader default
[2025-12-25T10:35:13.256+0000] {subprocess.py:93} INFO - 25/12/25 10:35:13 INFO Utils: Successfully started service 'org.apache.spark.network.netty.NettyBlockTransferService' on port 34477.
[2025-12-25T10:35:13.258+0000] {subprocess.py:93} INFO - 25/12/25 10:35:13 INFO NettyBlockTransferService: Server created on f72bf01c7215:34477
[2025-12-25T10:35:13.266+0000] {subprocess.py:93} INFO - 25/12/25 10:35:13 INFO BlockManager: Using org.apache.spark.storage.RandomBlockReplicationPolicy for block replication policy
[2025-12-25T10:35:13.274+0000] {subprocess.py:93} INFO - 25/12/25 10:35:13 INFO BlockManagerMaster: Registering BlockManager BlockManagerId(driver, f72bf01c7215, 34477, None)
[2025-12-25T10:35:13.287+0000] {subprocess.py:93} INFO - 25/12/25 10:35:13 INFO BlockManagerMasterEndpoint: Registering block manager f72bf01c7215:34477 with 434.4 MiB RAM, BlockManagerId(driver, f72bf01c7215, 34477, None)
[2025-12-25T10:35:13.290+0000] {subprocess.py:93} INFO - 25/12/25 10:35:13 INFO BlockManagerMaster: Registered BlockManager BlockManagerId(driver, f72bf01c7215, 34477, None)
[2025-12-25T10:35:13.293+0000] {subprocess.py:93} INFO - 25/12/25 10:35:13 INFO BlockManager: Initialized BlockManager: BlockManagerId(driver, f72bf01c7215, 34477, None)
[2025-12-25T10:35:14.143+0000] {subprocess.py:93} INFO - 25/12/25 10:35:14 INFO SharedState: Setting hive.metastore.warehouse.dir ('null') to the value of spark.sql.warehouse.dir.
[2025-12-25T10:35:14.148+0000] {subprocess.py:93} INFO - 25/12/25 10:35:14 INFO SharedState: Warehouse path is 'file:/opt/spark/spark-warehouse'.
[2025-12-25T10:35:19.730+0000] {subprocess.py:93} INFO - 25/12/25 10:35:19 INFO CodeGenerator: Code generated in 369.17175 ms
[2025-12-25T10:35:20.030+0000] {subprocess.py:93} INFO - 25/12/25 10:35:20 INFO DAGScheduler: Registering RDD 2 (jdbc at <unknown>:0) as input to shuffle 0
[2025-12-25T10:35:20.044+0000] {subprocess.py:93} INFO - 25/12/25 10:35:20 INFO DAGScheduler: Got map stage job 0 (jdbc at <unknown>:0) with 1 output partitions
[2025-12-25T10:35:20.045+0000] {subprocess.py:93} INFO - 25/12/25 10:35:20 INFO DAGScheduler: Final stage: ShuffleMapStage 0 (jdbc at <unknown>:0)
[2025-12-25T10:35:20.045+0000] {subprocess.py:93} INFO - 25/12/25 10:35:20 INFO DAGScheduler: Parents of final stage: List()
[2025-12-25T10:35:20.047+0000] {subprocess.py:93} INFO - 25/12/25 10:35:20 INFO DAGScheduler: Missing parents: List()
[2025-12-25T10:35:20.050+0000] {subprocess.py:93} INFO - 25/12/25 10:35:20 INFO DAGScheduler: Submitting ShuffleMapStage 0 (MapPartitionsRDD[2] at jdbc at <unknown>:0), which has no missing parents
[2025-12-25T10:35:20.147+0000] {subprocess.py:93} INFO - 25/12/25 10:35:20 INFO MemoryStore: Block broadcast_0 stored as values in memory (estimated size 43.4 KiB, free 434.4 MiB)
[2025-12-25T10:35:20.189+0000] {subprocess.py:93} INFO - 25/12/25 10:35:20 INFO MemoryStore: Block broadcast_0_piece0 stored as bytes in memory (estimated size 20.0 KiB, free 434.3 MiB)
[2025-12-25T10:35:20.194+0000] {subprocess.py:93} INFO - 25/12/25 10:35:20 INFO BlockManagerInfo: Added broadcast_0_piece0 in memory on f72bf01c7215:34477 (size: 20.0 KiB, free: 434.4 MiB)
[2025-12-25T10:35:20.200+0000] {subprocess.py:93} INFO - 25/12/25 10:35:20 INFO SparkContext: Created broadcast 0 from broadcast at DAGScheduler.scala:1585
[2025-12-25T10:35:20.215+0000] {subprocess.py:93} INFO - 25/12/25 10:35:20 INFO DAGScheduler: Submitting 1 missing tasks from ShuffleMapStage 0 (MapPartitionsRDD[2] at jdbc at <unknown>:0) (first 15 tasks are for partitions Vector(0))
[2025-12-25T10:35:20.216+0000] {subprocess.py:93} INFO - 25/12/25 10:35:20 INFO TaskSchedulerImpl: Adding task set 0.0 with 1 tasks resource profile 0
[2025-12-25T10:35:20.264+0000] {subprocess.py:93} INFO - 25/12/25 10:35:20 INFO TaskSetManager: Starting task 0.0 in stage 0.0 (TID 0) (f72bf01c7215, executor driver, partition 0, PROCESS_LOCAL, 7623 bytes)
[2025-12-25T10:35:20.275+0000] {subprocess.py:93} INFO - 25/12/25 10:35:20 INFO Executor: Running task 0.0 in stage 0.0 (TID 0)
[2025-12-25T10:35:20.427+0000] {subprocess.py:93} INFO - 25/12/25 10:35:20 INFO CodeGenerator: Code generated in 42.917916 ms
[2025-12-25T10:35:20.448+0000] {subprocess.py:93} INFO - 25/12/25 10:35:20 INFO CodeGenerator: Code generated in 9.450541 ms
[2025-12-25T10:35:20.465+0000] {subprocess.py:93} INFO - 25/12/25 10:35:20 INFO CodeGenerator: Code generated in 4.719792 ms
[2025-12-25T10:35:20.484+0000] {subprocess.py:93} INFO - 25/12/25 10:35:20 INFO CodeGenerator: Code generated in 7.750417 ms
[2025-12-25T10:35:20.499+0000] {subprocess.py:93} INFO - 25/12/25 10:35:20 INFO CodeGenerator: Code generated in 6.362291 ms
[2025-12-25T10:35:20.591+0000] {subprocess.py:93} INFO - 25/12/25 10:35:20 INFO JDBCRDD: closed connection
[2025-12-25T10:35:20.702+0000] {subprocess.py:93} INFO - 25/12/25 10:35:20 INFO Executor: Finished task 0.0 in stage 0.0 (TID 0). 2491 bytes result sent to driver
[2025-12-25T10:35:20.720+0000] {subprocess.py:93} INFO - 25/12/25 10:35:20 INFO TaskSetManager: Finished task 0.0 in stage 0.0 (TID 0) in 467 ms on f72bf01c7215 (executor driver) (1/1)
[2025-12-25T10:35:20.724+0000] {subprocess.py:93} INFO - 25/12/25 10:35:20 INFO TaskSchedulerImpl: Removed TaskSet 0.0, whose tasks have all completed, from pool
[2025-12-25T10:35:20.740+0000] {subprocess.py:93} INFO - 25/12/25 10:35:20 INFO DAGScheduler: ShuffleMapStage 0 (jdbc at <unknown>:0) finished in 0.675 s
[2025-12-25T10:35:20.742+0000] {subprocess.py:93} INFO - 25/12/25 10:35:20 INFO DAGScheduler: looking for newly runnable stages
[2025-12-25T10:35:20.743+0000] {subprocess.py:93} INFO - 25/12/25 10:35:20 INFO DAGScheduler: running: Set()
[2025-12-25T10:35:20.746+0000] {subprocess.py:93} INFO - 25/12/25 10:35:20 INFO DAGScheduler: waiting: Set()
[2025-12-25T10:35:20.748+0000] {subprocess.py:93} INFO - 25/12/25 10:35:20 INFO DAGScheduler: failed: Set()
[2025-12-25T10:35:20.786+0000] {subprocess.py:93} INFO - 25/12/25 10:35:20 INFO ShufflePartitionsUtil: For shuffle(0), advisory target size: 67108864, actual target size 1048576, minimum partition size: 1048576
[2025-12-25T10:35:20.812+0000] {subprocess.py:93} INFO - 25/12/25 10:35:20 INFO HashAggregateExec: spark.sql.codegen.aggregate.map.twolevel.enabled is set to true, but current version of codegened fast hashmap does not support this aggregate.
[2025-12-25T10:35:20.852+0000] {subprocess.py:93} INFO - 25/12/25 10:35:20 INFO CodeGenerator: Code generated in 27.43175 ms
[2025-12-25T10:35:20.918+0000] {subprocess.py:93} INFO - 25/12/25 10:35:20 INFO SparkContext: Starting job: jdbc at <unknown>:0
[2025-12-25T10:35:20.921+0000] {subprocess.py:93} INFO - 25/12/25 10:35:20 INFO DAGScheduler: Got job 1 (jdbc at <unknown>:0) with 1 output partitions
[2025-12-25T10:35:20.922+0000] {subprocess.py:93} INFO - 25/12/25 10:35:20 INFO DAGScheduler: Final stage: ResultStage 2 (jdbc at <unknown>:0)
[2025-12-25T10:35:20.922+0000] {subprocess.py:93} INFO - 25/12/25 10:35:20 INFO DAGScheduler: Parents of final stage: List(ShuffleMapStage 1)
[2025-12-25T10:35:20.923+0000] {subprocess.py:93} INFO - 25/12/25 10:35:20 INFO DAGScheduler: Missing parents: List()
[2025-12-25T10:35:20.925+0000] {subprocess.py:93} INFO - 25/12/25 10:35:20 INFO DAGScheduler: Submitting ResultStage 2 (MapPartitionsRDD[7] at jdbc at <unknown>:0), which has no missing parents
[2025-12-25T10:35:20.945+0000] {subprocess.py:93} INFO - 25/12/25 10:35:20 INFO MemoryStore: Block broadcast_1 stored as values in memory (estimated size 53.8 KiB, free 434.3 MiB)
[2025-12-25T10:35:20.956+0000] {subprocess.py:93} INFO - 25/12/25 10:35:20 INFO MemoryStore: Block broadcast_1_piece0 stored as bytes in memory (estimated size 24.0 KiB, free 434.3 MiB)
[2025-12-25T10:35:20.957+0000] {subprocess.py:93} INFO - 25/12/25 10:35:20 INFO BlockManagerInfo: Added broadcast_1_piece0 in memory on f72bf01c7215:34477 (size: 24.0 KiB, free: 434.4 MiB)
[2025-12-25T10:35:20.957+0000] {subprocess.py:93} INFO - 25/12/25 10:35:20 INFO SparkContext: Created broadcast 1 from broadcast at DAGScheduler.scala:1585
[2025-12-25T10:35:20.959+0000] {subprocess.py:93} INFO - 25/12/25 10:35:20 INFO DAGScheduler: Submitting 1 missing tasks from ResultStage 2 (MapPartitionsRDD[7] at jdbc at <unknown>:0) (first 15 tasks are for partitions Vector(0))
[2025-12-25T10:35:20.959+0000] {subprocess.py:93} INFO - 25/12/25 10:35:20 INFO TaskSchedulerImpl: Adding task set 2.0 with 1 tasks resource profile 0
[2025-12-25T10:35:20.965+0000] {subprocess.py:93} INFO - 25/12/25 10:35:20 INFO TaskSetManager: Starting task 0.0 in stage 2.0 (TID 1) (f72bf01c7215, executor driver, partition 0, NODE_LOCAL, 7788 bytes)
[2025-12-25T10:35:20.969+0000] {subprocess.py:93} INFO - 25/12/25 10:35:20 INFO Executor: Running task 0.0 in stage 2.0 (TID 1)
[2025-12-25T10:35:21.024+0000] {subprocess.py:93} INFO - 25/12/25 10:35:21 INFO ShuffleBlockFetcherIterator: Getting 1 (264.0 B) non-empty blocks including 1 (264.0 B) local and 0 (0.0 B) host-local and 0 (0.0 B) push-merged-local and 0 (0.0 B) remote blocks
[2025-12-25T10:35:21.025+0000] {subprocess.py:93} INFO - 25/12/25 10:35:21 INFO ShuffleBlockFetcherIterator: Started 0 remote fetches in 6 ms
[2025-12-25T10:35:21.069+0000] {subprocess.py:93} INFO - 25/12/25 10:35:21 INFO CodeGenerator: Code generated in 38.300084 ms
[2025-12-25T10:35:21.082+0000] {subprocess.py:93} INFO - 25/12/25 10:35:21 INFO BlockManagerInfo: Removed broadcast_0_piece0 on f72bf01c7215:34477 in memory (size: 20.0 KiB, free: 434.4 MiB)
[2025-12-25T10:35:21.796+0000] {subprocess.py:93} INFO - 25/12/25 10:35:21 INFO CodeGenerator: Code generated in 12.469625 ms
[2025-12-25T10:35:21.851+0000] {subprocess.py:93} INFO - 25/12/25 10:35:21 INFO Executor: Finished task 0.0 in stage 2.0 (TID 1). 4738 bytes result sent to driver
[2025-12-25T10:35:21.854+0000] {subprocess.py:93} INFO - 25/12/25 10:35:21 INFO TaskSetManager: Finished task 0.0 in stage 2.0 (TID 1) in 890 ms on f72bf01c7215 (executor driver) (1/1)
[2025-12-25T10:35:21.855+0000] {subprocess.py:93} INFO - 25/12/25 10:35:21 INFO TaskSchedulerImpl: Removed TaskSet 2.0, whose tasks have all completed, from pool
[2025-12-25T10:35:21.857+0000] {subprocess.py:93} INFO - 25/12/25 10:35:21 INFO DAGScheduler: ResultStage 2 (jdbc at <unknown>:0) finished in 0.923 s
[2025-12-25T10:35:21.858+0000] {subprocess.py:93} INFO - 25/12/25 10:35:21 INFO DAGScheduler: Job 1 is finished. Cancelling potential speculative or zombie tasks for this job
[2025-12-25T10:35:21.859+0000] {subprocess.py:93} INFO - 25/12/25 10:35:21 INFO TaskSchedulerImpl: Killing all running tasks in stage 2: Stage finished
[2025-12-25T10:35:21.861+0000] {subprocess.py:93} INFO - 25/12/25 10:35:21 INFO DAGScheduler: Job 1 finished: jdbc at <unknown>:0, took 0.942134 s
[2025-12-25T10:35:22.034+0000] {subprocess.py:93} INFO - 25/12/25 10:35:22 INFO BlockManagerInfo: Removed broadcast_1_piece0 on f72bf01c7215:34477 in memory (size: 24.0 KiB, free: 434.4 MiB)
[2025-12-25T10:35:22.092+0000] {subprocess.py:93} INFO - 25/12/25 10:35:22 INFO CodeGenerator: Code generated in 25.843125 ms
[2025-12-25T10:35:22.100+0000] {subprocess.py:93} INFO - 25/12/25 10:35:22 INFO DAGScheduler: Registering RDD 10 (jdbc at <unknown>:0) as input to shuffle 1
[2025-12-25T10:35:22.101+0000] {subprocess.py:93} INFO - 25/12/25 10:35:22 INFO DAGScheduler: Got map stage job 2 (jdbc at <unknown>:0) with 1 output partitions
[2025-12-25T10:35:22.101+0000] {subprocess.py:93} INFO - 25/12/25 10:35:22 INFO DAGScheduler: Final stage: ShuffleMapStage 3 (jdbc at <unknown>:0)
[2025-12-25T10:35:22.103+0000] {subprocess.py:93} INFO - 25/12/25 10:35:22 INFO DAGScheduler: Parents of final stage: List()
[2025-12-25T10:35:22.107+0000] {subprocess.py:93} INFO - 25/12/25 10:35:22 INFO DAGScheduler: Missing parents: List()
[2025-12-25T10:35:22.112+0000] {subprocess.py:93} INFO - 25/12/25 10:35:22 INFO DAGScheduler: Submitting ShuffleMapStage 3 (MapPartitionsRDD[10] at jdbc at <unknown>:0), which has no missing parents
[2025-12-25T10:35:22.117+0000] {subprocess.py:93} INFO - 25/12/25 10:35:22 INFO MemoryStore: Block broadcast_2 stored as values in memory (estimated size 37.8 KiB, free 434.4 MiB)
[2025-12-25T10:35:22.138+0000] {subprocess.py:93} INFO - 25/12/25 10:35:22 INFO MemoryStore: Block broadcast_2_piece0 stored as bytes in memory (estimated size 17.9 KiB, free 434.3 MiB)
[2025-12-25T10:35:22.139+0000] {subprocess.py:93} INFO - 25/12/25 10:35:22 INFO BlockManagerInfo: Added broadcast_2_piece0 in memory on f72bf01c7215:34477 (size: 17.9 KiB, free: 434.4 MiB)
[2025-12-25T10:35:22.139+0000] {subprocess.py:93} INFO - 25/12/25 10:35:22 INFO SparkContext: Created broadcast 2 from broadcast at DAGScheduler.scala:1585
[2025-12-25T10:35:22.140+0000] {subprocess.py:93} INFO - 25/12/25 10:35:22 INFO DAGScheduler: Submitting 1 missing tasks from ShuffleMapStage 3 (MapPartitionsRDD[10] at jdbc at <unknown>:0) (first 15 tasks are for partitions Vector(0))
[2025-12-25T10:35:22.141+0000] {subprocess.py:93} INFO - 25/12/25 10:35:22 INFO TaskSchedulerImpl: Adding task set 3.0 with 1 tasks resource profile 0
[2025-12-25T10:35:22.144+0000] {subprocess.py:93} INFO - 25/12/25 10:35:22 INFO TaskSetManager: Starting task 0.0 in stage 3.0 (TID 2) (f72bf01c7215, executor driver, partition 0, PROCESS_LOCAL, 7623 bytes)
[2025-12-25T10:35:22.144+0000] {subprocess.py:93} INFO - 25/12/25 10:35:22 INFO Executor: Running task 0.0 in stage 3.0 (TID 2)
[2025-12-25T10:35:22.208+0000] {subprocess.py:93} INFO - 25/12/25 10:35:22 INFO CodeGenerator: Code generated in 28.222458 ms
[2025-12-25T10:35:22.226+0000] {subprocess.py:93} INFO - 25/12/25 10:35:22 INFO CodeGenerator: Code generated in 6.832958 ms
[2025-12-25T10:35:22.243+0000] {subprocess.py:93} INFO - 25/12/25 10:35:22 INFO CodeGenerator: Code generated in 11.042375 ms
[2025-12-25T10:35:22.260+0000] {subprocess.py:93} INFO - 25/12/25 10:35:22 INFO JDBCRDD: closed connection
[2025-12-25T10:35:22.290+0000] {subprocess.py:93} INFO - 25/12/25 10:35:22 INFO Executor: Finished task 0.0 in stage 3.0 (TID 2). 2448 bytes result sent to driver
[2025-12-25T10:35:22.294+0000] {subprocess.py:93} INFO - 25/12/25 10:35:22 INFO TaskSetManager: Finished task 0.0 in stage 3.0 (TID 2) in 151 ms on f72bf01c7215 (executor driver) (1/1)
[2025-12-25T10:35:22.295+0000] {subprocess.py:93} INFO - 25/12/25 10:35:22 INFO TaskSchedulerImpl: Removed TaskSet 3.0, whose tasks have all completed, from pool
[2025-12-25T10:35:22.295+0000] {subprocess.py:93} INFO - 25/12/25 10:35:22 INFO DAGScheduler: ShuffleMapStage 3 (jdbc at <unknown>:0) finished in 0.182 s
[2025-12-25T10:35:22.297+0000] {subprocess.py:93} INFO - 25/12/25 10:35:22 INFO DAGScheduler: looking for newly runnable stages
[2025-12-25T10:35:22.298+0000] {subprocess.py:93} INFO - 25/12/25 10:35:22 INFO DAGScheduler: running: Set()
[2025-12-25T10:35:22.298+0000] {subprocess.py:93} INFO - 25/12/25 10:35:22 INFO DAGScheduler: waiting: Set()
[2025-12-25T10:35:22.298+0000] {subprocess.py:93} INFO - 25/12/25 10:35:22 INFO DAGScheduler: failed: Set()
[2025-12-25T10:35:22.301+0000] {subprocess.py:93} INFO - 25/12/25 10:35:22 INFO ShufflePartitionsUtil: For shuffle(1), advisory target size: 67108864, actual target size 1048576, minimum partition size: 1048576
[2025-12-25T10:35:22.318+0000] {subprocess.py:93} INFO - 25/12/25 10:35:22 INFO HashAggregateExec: spark.sql.codegen.aggregate.map.twolevel.enabled is set to true, but current version of codegened fast hashmap does not support this aggregate.
[2025-12-25T10:35:22.336+0000] {subprocess.py:93} INFO - 25/12/25 10:35:22 INFO CodeGenerator: Code generated in 16.119667 ms
[2025-12-25T10:35:22.383+0000] {subprocess.py:93} INFO - 25/12/25 10:35:22 INFO SparkContext: Starting job: jdbc at <unknown>:0
[2025-12-25T10:35:22.384+0000] {subprocess.py:93} INFO - 25/12/25 10:35:22 INFO DAGScheduler: Got job 3 (jdbc at <unknown>:0) with 1 output partitions
[2025-12-25T10:35:22.387+0000] {subprocess.py:93} INFO - 25/12/25 10:35:22 INFO DAGScheduler: Final stage: ResultStage 5 (jdbc at <unknown>:0)
[2025-12-25T10:35:22.388+0000] {subprocess.py:93} INFO - 25/12/25 10:35:22 INFO DAGScheduler: Parents of final stage: List(ShuffleMapStage 4)
[2025-12-25T10:35:22.389+0000] {subprocess.py:93} INFO - 25/12/25 10:35:22 INFO DAGScheduler: Missing parents: List()
[2025-12-25T10:35:22.392+0000] {subprocess.py:93} INFO - 25/12/25 10:35:22 INFO DAGScheduler: Submitting ResultStage 5 (MapPartitionsRDD[15] at jdbc at <unknown>:0), which has no missing parents
[2025-12-25T10:35:22.402+0000] {subprocess.py:93} INFO - 25/12/25 10:35:22 INFO MemoryStore: Block broadcast_3 stored as values in memory (estimated size 46.8 KiB, free 434.3 MiB)
[2025-12-25T10:35:22.412+0000] {subprocess.py:93} INFO - 25/12/25 10:35:22 INFO MemoryStore: Block broadcast_3_piece0 stored as bytes in memory (estimated size 21.6 KiB, free 434.3 MiB)
[2025-12-25T10:35:22.413+0000] {subprocess.py:93} INFO - 25/12/25 10:35:22 INFO BlockManagerInfo: Added broadcast_3_piece0 in memory on f72bf01c7215:34477 (size: 21.6 KiB, free: 434.4 MiB)
[2025-12-25T10:35:22.414+0000] {subprocess.py:93} INFO - 25/12/25 10:35:22 INFO SparkContext: Created broadcast 3 from broadcast at DAGScheduler.scala:1585
[2025-12-25T10:35:22.415+0000] {subprocess.py:93} INFO - 25/12/25 10:35:22 INFO DAGScheduler: Submitting 1 missing tasks from ResultStage 5 (MapPartitionsRDD[15] at jdbc at <unknown>:0) (first 15 tasks are for partitions Vector(0))
[2025-12-25T10:35:22.415+0000] {subprocess.py:93} INFO - 25/12/25 10:35:22 INFO TaskSchedulerImpl: Adding task set 5.0 with 1 tasks resource profile 0
[2025-12-25T10:35:22.417+0000] {subprocess.py:93} INFO - 25/12/25 10:35:22 INFO TaskSetManager: Starting task 0.0 in stage 5.0 (TID 3) (f72bf01c7215, executor driver, partition 0, NODE_LOCAL, 7788 bytes)
[2025-12-25T10:35:22.421+0000] {subprocess.py:93} INFO - 25/12/25 10:35:22 INFO Executor: Running task 0.0 in stage 5.0 (TID 3)
[2025-12-25T10:35:22.435+0000] {subprocess.py:93} INFO - 25/12/25 10:35:22 INFO ShuffleBlockFetcherIterator: Getting 1 (240.0 B) non-empty blocks including 1 (240.0 B) local and 0 (0.0 B) host-local and 0 (0.0 B) push-merged-local and 0 (0.0 B) remote blocks
[2025-12-25T10:35:22.437+0000] {subprocess.py:93} INFO - 25/12/25 10:35:22 INFO ShuffleBlockFetcherIterator: Started 0 remote fetches in 1 ms
[2025-12-25T10:35:22.448+0000] {subprocess.py:93} INFO - 25/12/25 10:35:22 INFO CodeGenerator: Code generated in 15.023042 ms
[2025-12-25T10:35:22.461+0000] {subprocess.py:93} INFO - 25/12/25 10:35:22 INFO CodeGenerator: Code generated in 7.986083 ms
[2025-12-25T10:35:22.494+0000] {subprocess.py:93} INFO - 25/12/25 10:35:22 INFO Executor: Finished task 0.0 in stage 5.0 (TID 3). 4695 bytes result sent to driver
[2025-12-25T10:35:22.496+0000] {subprocess.py:93} INFO - 25/12/25 10:35:22 INFO TaskSetManager: Finished task 0.0 in stage 5.0 (TID 3) in 80 ms on f72bf01c7215 (executor driver) (1/1)
[2025-12-25T10:35:22.497+0000] {subprocess.py:93} INFO - 25/12/25 10:35:22 INFO TaskSchedulerImpl: Removed TaskSet 5.0, whose tasks have all completed, from pool
[2025-12-25T10:35:22.498+0000] {subprocess.py:93} INFO - 25/12/25 10:35:22 INFO DAGScheduler: ResultStage 5 (jdbc at <unknown>:0) finished in 0.103 s
[2025-12-25T10:35:22.504+0000] {subprocess.py:93} INFO - 25/12/25 10:35:22 INFO DAGScheduler: Job 3 is finished. Cancelling potential speculative or zombie tasks for this job
[2025-12-25T10:35:22.505+0000] {subprocess.py:93} INFO - 25/12/25 10:35:22 INFO TaskSchedulerImpl: Killing all running tasks in stage 5: Stage finished
[2025-12-25T10:35:22.505+0000] {subprocess.py:93} INFO - 25/12/25 10:35:22 INFO DAGScheduler: Job 3 finished: jdbc at <unknown>:0, took 0.117894 s
[2025-12-25T10:35:22.523+0000] {subprocess.py:93} INFO - 25/12/25 10:35:22 INFO SparkContext: SparkContext is stopping with exitCode 0.
[2025-12-25T10:35:22.545+0000] {subprocess.py:93} INFO - 25/12/25 10:35:22 INFO SparkUI: Stopped Spark web UI at http://f72bf01c7215:4040
[2025-12-25T10:35:22.570+0000] {subprocess.py:93} INFO - 25/12/25 10:35:22 INFO MapOutputTrackerMasterEndpoint: MapOutputTrackerMasterEndpoint stopped!
[2025-12-25T10:35:22.619+0000] {subprocess.py:93} INFO - 25/12/25 10:35:22 INFO MemoryStore: MemoryStore cleared
[2025-12-25T10:35:22.620+0000] {subprocess.py:93} INFO - 25/12/25 10:35:22 INFO BlockManager: BlockManager stopped
[2025-12-25T10:35:22.627+0000] {subprocess.py:93} INFO - 25/12/25 10:35:22 INFO BlockManagerMaster: BlockManagerMaster stopped
[2025-12-25T10:35:22.630+0000] {subprocess.py:93} INFO - 25/12/25 10:35:22 INFO OutputCommitCoordinator$OutputCommitCoordinatorEndpoint: OutputCommitCoordinator stopped!
[2025-12-25T10:35:22.643+0000] {subprocess.py:93} INFO - 25/12/25 10:35:22 INFO SparkContext: Successfully stopped SparkContext
[2025-12-25T10:35:22.867+0000] {subprocess.py:93} INFO - Telemetry analytics job completed successfully!
[2025-12-25T10:35:22.983+0000] {subprocess.py:93} INFO - 25/12/25 10:35:22 INFO ShutdownHookManager: Shutdown hook called
[2025-12-25T10:35:22.989+0000] {subprocess.py:93} INFO - 25/12/25 10:35:22 INFO ShutdownHookManager: Deleting directory /tmp/spark-93be5bb0-5015-44e5-aa1e-2c28777adb98
[2025-12-25T10:35:22.995+0000] {subprocess.py:93} INFO - 25/12/25 10:35:22 INFO ShutdownHookManager: Deleting directory /tmp/spark-976ba765-b23c-4840-807b-65e4812d8459
[2025-12-25T10:35:23.009+0000] {subprocess.py:93} INFO - 25/12/25 10:35:23 INFO ShutdownHookManager: Deleting directory /tmp/spark-976ba765-b23c-4840-807b-65e4812d8459/pyspark-cc1de8c3-77c6-4cf7-a8bd-69804acba58c
[2025-12-25T10:35:23.528+0000] {subprocess.py:97} INFO - Command exited with return code 0
[2025-12-25T10:35:23.542+0000] {taskinstance.py:441} INFO - ::group::Post task execution logs
[2025-12-25T10:35:23.648+0000] {taskinstance.py:1205} INFO - Marking task as SUCCESS. dag_id=***_spark_analytics, task_id=run_***_analytics, execution_date=20251225T103503, start_date=20251225T103505, end_date=20251225T103523
[2025-12-25T10:35:23.711+0000] {local_task_job_runner.py:240} INFO - Task exited with return code 0
[2025-12-25T10:35:23.786+0000] {taskinstance.py:3482} INFO - 0 downstream tasks scheduled from follow-on schedule check
[2025-12-25T10:35:23.788+0000] {local_task_job_runner.py:222} INFO - ::endgroup::
