[2025-12-25T10:35:22.554+0000] {local_task_job_runner.py:120} INFO - ::group::Pre task execution logs
[2025-12-25T10:35:22.611+0000] {taskinstance.py:2073} INFO - Dependencies all met for dep_context=non-requeueable deps ti=<TaskInstance: telemetry_spark_analytics.run_telemetry_analytics manual__2025-12-25T10:35:21.458088+00:00 [queued]>
[2025-12-25T10:35:22.627+0000] {taskinstance.py:2073} INFO - Dependencies all met for dep_context=requeueable deps ti=<TaskInstance: telemetry_spark_analytics.run_telemetry_analytics manual__2025-12-25T10:35:21.458088+00:00 [queued]>
[2025-12-25T10:35:22.628+0000] {taskinstance.py:2303} INFO - Starting attempt 1 of 1
[2025-12-25T10:35:22.644+0000] {taskinstance.py:2327} INFO - Executing <Task(BashOperator): run_telemetry_analytics> on 2025-12-25 10:35:21.458088+00:00
[2025-12-25T10:35:22.654+0000] {logging_mixin.py:188} WARNING - /home/airflow/.local/lib/python3.12/site-packages/airflow/task/task_runner/standard_task_runner.py:61 DeprecationWarning: This process (pid=7027) is multi-threaded, use of fork() may lead to deadlocks in the child.
[2025-12-25T10:35:22.655+0000] {standard_task_runner.py:63} INFO - Started process 7028 to run task
[2025-12-25T10:35:22.654+0000] {standard_task_runner.py:90} INFO - Running: ['airflow', 'tasks', 'run', '***_spark_analytics', 'run_***_analytics', 'manual__2025-12-25T10:35:21.458088+00:00', '--job-id', '109', '--raw', '--subdir', 'DAGS_FOLDER/***_spark_analytics_dag.py', '--cfg-path', '/tmp/tmprda237le']
[2025-12-25T10:35:22.655+0000] {standard_task_runner.py:91} INFO - Job 109: Subtask run_***_analytics
[2025-12-25T10:35:22.716+0000] {task_command.py:426} INFO - Running <TaskInstance: telemetry_spark_analytics.run_telemetry_analytics manual__2025-12-25T10:35:21.458088+00:00 [running]> on host 6bc28026c5ad
[2025-12-25T10:35:22.802+0000] {taskinstance.py:2644} INFO - Exporting env vars: AIRFLOW_CTX_DAG_OWNER='airflow' AIRFLOW_CTX_DAG_ID='***_spark_analytics' AIRFLOW_CTX_TASK_ID='run_***_analytics' AIRFLOW_CTX_EXECUTION_DATE='2025-12-25T10:35:21.458088+00:00' AIRFLOW_CTX_TRY_NUMBER='1' AIRFLOW_CTX_DAG_RUN_ID='manual__2025-12-25T10:35:21.458088+00:00'
[2025-12-25T10:35:22.803+0000] {taskinstance.py:430} INFO - ::endgroup::
[2025-12-25T10:35:22.816+0000] {subprocess.py:63} INFO - Tmp dir root location: /tmp
[2025-12-25T10:35:22.817+0000] {subprocess.py:75} INFO - Running command: ['/usr/bin/bash', '-c', '\n        docker exec ***_spark         /opt/spark/bin/spark-submit         --master local[*]         --jars /opt/spark/jars/postgresql.jar         /opt/spark/jobs/***_analytics_job.py\n        ']
[2025-12-25T10:35:22.825+0000] {subprocess.py:86} INFO - Output:
[2025-12-25T10:35:26.454+0000] {subprocess.py:93} INFO - 25/12/25 10:35:26 WARN NativeCodeLoader: Unable to load native-hadoop library for your platform... using builtin-java classes where applicable
[2025-12-25T10:35:26.965+0000] {subprocess.py:93} INFO - 25/12/25 10:35:26 INFO SparkContext: Running Spark version 3.5.1
[2025-12-25T10:35:26.966+0000] {subprocess.py:93} INFO - 25/12/25 10:35:26 INFO SparkContext: OS info Linux, 6.10.14-linuxkit, aarch64
[2025-12-25T10:35:26.966+0000] {subprocess.py:93} INFO - 25/12/25 10:35:26 INFO SparkContext: Java version 11.0.22
[2025-12-25T10:35:26.988+0000] {subprocess.py:93} INFO - 25/12/25 10:35:26 INFO ResourceUtils: ==============================================================
[2025-12-25T10:35:26.989+0000] {subprocess.py:93} INFO - 25/12/25 10:35:26 INFO ResourceUtils: No custom resources configured for spark.driver.
[2025-12-25T10:35:26.989+0000] {subprocess.py:93} INFO - 25/12/25 10:35:26 INFO ResourceUtils: ==============================================================
[2025-12-25T10:35:26.989+0000] {subprocess.py:93} INFO - 25/12/25 10:35:26 INFO SparkContext: Submitted application: Telemetry Analytics Job
[2025-12-25T10:35:27.002+0000] {subprocess.py:93} INFO - 25/12/25 10:35:27 INFO ResourceProfile: Default ResourceProfile created, executor resources: Map(cores -> name: cores, amount: 1, script: , vendor: , memory -> name: memory, amount: 1024, script: , vendor: , offHeap -> name: offHeap, amount: 0, script: , vendor: ), task resources: Map(cpus -> name: cpus, amount: 1.0)
[2025-12-25T10:35:27.010+0000] {subprocess.py:93} INFO - 25/12/25 10:35:27 INFO ResourceProfile: Limiting resource is cpu
[2025-12-25T10:35:27.011+0000] {subprocess.py:93} INFO - 25/12/25 10:35:27 INFO ResourceProfileManager: Added ResourceProfile id: 0
[2025-12-25T10:35:27.058+0000] {subprocess.py:93} INFO - 25/12/25 10:35:27 INFO SecurityManager: Changing view acls to: root
[2025-12-25T10:35:27.058+0000] {subprocess.py:93} INFO - 25/12/25 10:35:27 INFO SecurityManager: Changing modify acls to: root
[2025-12-25T10:35:27.059+0000] {subprocess.py:93} INFO - 25/12/25 10:35:27 INFO SecurityManager: Changing view acls groups to:
[2025-12-25T10:35:27.059+0000] {subprocess.py:93} INFO - 25/12/25 10:35:27 INFO SecurityManager: Changing modify acls groups to:
[2025-12-25T10:35:27.059+0000] {subprocess.py:93} INFO - 25/12/25 10:35:27 INFO SecurityManager: SecurityManager: authentication disabled; ui acls disabled; users with view permissions: root; groups with view permissions: EMPTY; users with modify permissions: root; groups with modify permissions: EMPTY
[2025-12-25T10:35:27.227+0000] {subprocess.py:93} INFO - 25/12/25 10:35:27 INFO Utils: Successfully started service 'sparkDriver' on port 45353.
[2025-12-25T10:35:27.255+0000] {subprocess.py:93} INFO - 25/12/25 10:35:27 INFO SparkEnv: Registering MapOutputTracker
[2025-12-25T10:35:27.284+0000] {subprocess.py:93} INFO - 25/12/25 10:35:27 INFO SparkEnv: Registering BlockManagerMaster
[2025-12-25T10:35:27.296+0000] {subprocess.py:93} INFO - 25/12/25 10:35:27 INFO BlockManagerMasterEndpoint: Using org.apache.spark.storage.DefaultTopologyMapper for getting topology information
[2025-12-25T10:35:27.296+0000] {subprocess.py:93} INFO - 25/12/25 10:35:27 INFO BlockManagerMasterEndpoint: BlockManagerMasterEndpoint up
[2025-12-25T10:35:27.299+0000] {subprocess.py:93} INFO - 25/12/25 10:35:27 INFO SparkEnv: Registering BlockManagerMasterHeartbeat
[2025-12-25T10:35:27.315+0000] {subprocess.py:93} INFO - 25/12/25 10:35:27 INFO DiskBlockManager: Created local directory at /tmp/blockmgr-739cf649-bca0-4c83-819b-201113291623
[2025-12-25T10:35:27.324+0000] {subprocess.py:93} INFO - 25/12/25 10:35:27 INFO MemoryStore: MemoryStore started with capacity 434.4 MiB
[2025-12-25T10:35:27.339+0000] {subprocess.py:93} INFO - 25/12/25 10:35:27 INFO SparkEnv: Registering OutputCommitCoordinator
[2025-12-25T10:35:27.461+0000] {subprocess.py:93} INFO - 25/12/25 10:35:27 INFO JettyUtils: Start Jetty 0.0.0.0:4040 for SparkUI
[2025-12-25T10:35:27.529+0000] {subprocess.py:93} INFO - 25/12/25 10:35:27 INFO Utils: Successfully started service 'SparkUI' on port 4040.
[2025-12-25T10:35:27.564+0000] {subprocess.py:93} INFO - 25/12/25 10:35:27 INFO SparkContext: Added JAR file:///opt/spark/jars/postgresql.jar at spark://f72bf01c7215:45353/jars/postgresql.jar with timestamp 1766658926958
[2025-12-25T10:35:27.611+0000] {subprocess.py:93} INFO - 25/12/25 10:35:27 INFO Executor: Starting executor ID driver on host f72bf01c7215
[2025-12-25T10:35:27.612+0000] {subprocess.py:93} INFO - 25/12/25 10:35:27 INFO Executor: OS info Linux, 6.10.14-linuxkit, aarch64
[2025-12-25T10:35:27.612+0000] {subprocess.py:93} INFO - 25/12/25 10:35:27 INFO Executor: Java version 11.0.22
[2025-12-25T10:35:27.615+0000] {subprocess.py:93} INFO - 25/12/25 10:35:27 INFO Executor: Starting executor with user classpath (userClassPathFirst = false): ''
[2025-12-25T10:35:27.615+0000] {subprocess.py:93} INFO - 25/12/25 10:35:27 INFO Executor: Created or updated repl class loader org.apache.spark.util.MutableURLClassLoader@1ecf535c for default.
[2025-12-25T10:35:27.622+0000] {subprocess.py:93} INFO - 25/12/25 10:35:27 INFO Executor: Fetching spark://f72bf01c7215:45353/jars/postgresql.jar with timestamp 1766658926958
[2025-12-25T10:35:27.662+0000] {subprocess.py:93} INFO - 25/12/25 10:35:27 INFO TransportClientFactory: Successfully created connection to f72bf01c7215/172.24.0.4:45353 after 19 ms (0 ms spent in bootstraps)
[2025-12-25T10:35:27.664+0000] {subprocess.py:93} INFO - 25/12/25 10:35:27 INFO Utils: Fetching spark://f72bf01c7215:45353/jars/postgresql.jar to /tmp/spark-a4392ed9-60f1-4ebf-b2a8-c9a7af12bdb6/userFiles-5968a4b5-0ce6-42bd-9409-5ef014af8058/fetchFileTemp12411255589670869340.tmp
[2025-12-25T10:35:27.746+0000] {subprocess.py:93} INFO - 25/12/25 10:35:27 INFO Executor: Adding file:/tmp/spark-a4392ed9-60f1-4ebf-b2a8-c9a7af12bdb6/userFiles-5968a4b5-0ce6-42bd-9409-5ef014af8058/postgresql.jar to class loader default
[2025-12-25T10:35:27.756+0000] {subprocess.py:93} INFO - 25/12/25 10:35:27 INFO Utils: Successfully started service 'org.apache.spark.network.netty.NettyBlockTransferService' on port 36753.
[2025-12-25T10:35:27.757+0000] {subprocess.py:93} INFO - 25/12/25 10:35:27 INFO NettyBlockTransferService: Server created on f72bf01c7215:36753
[2025-12-25T10:35:27.758+0000] {subprocess.py:93} INFO - 25/12/25 10:35:27 INFO BlockManager: Using org.apache.spark.storage.RandomBlockReplicationPolicy for block replication policy
[2025-12-25T10:35:27.764+0000] {subprocess.py:93} INFO - 25/12/25 10:35:27 INFO BlockManagerMaster: Registering BlockManager BlockManagerId(driver, f72bf01c7215, 36753, None)
[2025-12-25T10:35:27.768+0000] {subprocess.py:93} INFO - 25/12/25 10:35:27 INFO BlockManagerMasterEndpoint: Registering block manager f72bf01c7215:36753 with 434.4 MiB RAM, BlockManagerId(driver, f72bf01c7215, 36753, None)
[2025-12-25T10:35:27.771+0000] {subprocess.py:93} INFO - 25/12/25 10:35:27 INFO BlockManagerMaster: Registered BlockManager BlockManagerId(driver, f72bf01c7215, 36753, None)
[2025-12-25T10:35:27.772+0000] {subprocess.py:93} INFO - 25/12/25 10:35:27 INFO BlockManager: Initialized BlockManager: BlockManagerId(driver, f72bf01c7215, 36753, None)
[2025-12-25T10:35:28.048+0000] {subprocess.py:93} INFO - 25/12/25 10:35:28 INFO SharedState: Setting hive.metastore.warehouse.dir ('null') to the value of spark.sql.warehouse.dir.
[2025-12-25T10:35:28.049+0000] {subprocess.py:93} INFO - 25/12/25 10:35:28 INFO SharedState: Warehouse path is 'file:/opt/spark/spark-warehouse'.
[2025-12-25T10:35:30.667+0000] {subprocess.py:93} INFO - 25/12/25 10:35:30 INFO CodeGenerator: Code generated in 199.790208 ms
[2025-12-25T10:35:31.007+0000] {subprocess.py:93} INFO - 25/12/25 10:35:31 INFO DAGScheduler: Registering RDD 2 (jdbc at <unknown>:0) as input to shuffle 0
[2025-12-25T10:35:31.019+0000] {subprocess.py:93} INFO - 25/12/25 10:35:31 INFO DAGScheduler: Got map stage job 0 (jdbc at <unknown>:0) with 1 output partitions
[2025-12-25T10:35:31.020+0000] {subprocess.py:93} INFO - 25/12/25 10:35:31 INFO DAGScheduler: Final stage: ShuffleMapStage 0 (jdbc at <unknown>:0)
[2025-12-25T10:35:31.020+0000] {subprocess.py:93} INFO - 25/12/25 10:35:31 INFO DAGScheduler: Parents of final stage: List()
[2025-12-25T10:35:31.021+0000] {subprocess.py:93} INFO - 25/12/25 10:35:31 INFO DAGScheduler: Missing parents: List()
[2025-12-25T10:35:31.024+0000] {subprocess.py:93} INFO - 25/12/25 10:35:31 INFO DAGScheduler: Submitting ShuffleMapStage 0 (MapPartitionsRDD[2] at jdbc at <unknown>:0), which has no missing parents
[2025-12-25T10:35:31.088+0000] {subprocess.py:93} INFO - 25/12/25 10:35:31 INFO MemoryStore: Block broadcast_0 stored as values in memory (estimated size 43.4 KiB, free 434.4 MiB)
[2025-12-25T10:35:31.122+0000] {subprocess.py:93} INFO - 25/12/25 10:35:31 INFO MemoryStore: Block broadcast_0_piece0 stored as bytes in memory (estimated size 20.0 KiB, free 434.3 MiB)
[2025-12-25T10:35:31.124+0000] {subprocess.py:93} INFO - 25/12/25 10:35:31 INFO BlockManagerInfo: Added broadcast_0_piece0 in memory on f72bf01c7215:36753 (size: 20.0 KiB, free: 434.4 MiB)
[2025-12-25T10:35:31.130+0000] {subprocess.py:93} INFO - 25/12/25 10:35:31 INFO SparkContext: Created broadcast 0 from broadcast at DAGScheduler.scala:1585
[2025-12-25T10:35:31.146+0000] {subprocess.py:93} INFO - 25/12/25 10:35:31 INFO DAGScheduler: Submitting 1 missing tasks from ShuffleMapStage 0 (MapPartitionsRDD[2] at jdbc at <unknown>:0) (first 15 tasks are for partitions Vector(0))
[2025-12-25T10:35:31.149+0000] {subprocess.py:93} INFO - 25/12/25 10:35:31 INFO TaskSchedulerImpl: Adding task set 0.0 with 1 tasks resource profile 0
[2025-12-25T10:35:31.185+0000] {subprocess.py:93} INFO - 25/12/25 10:35:31 INFO TaskSetManager: Starting task 0.0 in stage 0.0 (TID 0) (f72bf01c7215, executor driver, partition 0, PROCESS_LOCAL, 7623 bytes)
[2025-12-25T10:35:31.206+0000] {subprocess.py:93} INFO - 25/12/25 10:35:31 INFO Executor: Running task 0.0 in stage 0.0 (TID 0)
[2025-12-25T10:35:31.329+0000] {subprocess.py:93} INFO - 25/12/25 10:35:31 INFO CodeGenerator: Code generated in 30.92975 ms
[2025-12-25T10:35:31.347+0000] {subprocess.py:93} INFO - 25/12/25 10:35:31 INFO CodeGenerator: Code generated in 7.935958 ms
[2025-12-25T10:35:31.364+0000] {subprocess.py:93} INFO - 25/12/25 10:35:31 INFO CodeGenerator: Code generated in 4.295458 ms
[2025-12-25T10:35:31.376+0000] {subprocess.py:93} INFO - 25/12/25 10:35:31 INFO CodeGenerator: Code generated in 5.227791 ms
[2025-12-25T10:35:31.390+0000] {subprocess.py:93} INFO - 25/12/25 10:35:31 INFO CodeGenerator: Code generated in 7.999708 ms
[2025-12-25T10:35:31.478+0000] {subprocess.py:93} INFO - 25/12/25 10:35:31 INFO JDBCRDD: closed connection
[2025-12-25T10:35:31.542+0000] {subprocess.py:93} INFO - 25/12/25 10:35:31 INFO Executor: Finished task 0.0 in stage 0.0 (TID 0). 2534 bytes result sent to driver
[2025-12-25T10:35:31.554+0000] {subprocess.py:93} INFO - 25/12/25 10:35:31 INFO TaskSetManager: Finished task 0.0 in stage 0.0 (TID 0) in 370 ms on f72bf01c7215 (executor driver) (1/1)
[2025-12-25T10:35:31.554+0000] {subprocess.py:93} INFO - 25/12/25 10:35:31 INFO TaskSchedulerImpl: Removed TaskSet 0.0, whose tasks have all completed, from pool
[2025-12-25T10:35:31.558+0000] {subprocess.py:93} INFO - 25/12/25 10:35:31 INFO DAGScheduler: ShuffleMapStage 0 (jdbc at <unknown>:0) finished in 0.524 s
[2025-12-25T10:35:31.559+0000] {subprocess.py:93} INFO - 25/12/25 10:35:31 INFO DAGScheduler: looking for newly runnable stages
[2025-12-25T10:35:31.560+0000] {subprocess.py:93} INFO - 25/12/25 10:35:31 INFO DAGScheduler: running: Set()
[2025-12-25T10:35:31.563+0000] {subprocess.py:93} INFO - 25/12/25 10:35:31 INFO DAGScheduler: waiting: Set()
[2025-12-25T10:35:31.564+0000] {subprocess.py:93} INFO - 25/12/25 10:35:31 INFO DAGScheduler: failed: Set()
[2025-12-25T10:35:31.585+0000] {subprocess.py:93} INFO - 25/12/25 10:35:31 INFO ShufflePartitionsUtil: For shuffle(0), advisory target size: 67108864, actual target size 1048576, minimum partition size: 1048576
[2025-12-25T10:35:31.599+0000] {subprocess.py:93} INFO - 25/12/25 10:35:31 INFO HashAggregateExec: spark.sql.codegen.aggregate.map.twolevel.enabled is set to true, but current version of codegened fast hashmap does not support this aggregate.
[2025-12-25T10:35:31.629+0000] {subprocess.py:93} INFO - 25/12/25 10:35:31 INFO CodeGenerator: Code generated in 20.972584 ms
[2025-12-25T10:35:31.694+0000] {subprocess.py:93} INFO - 25/12/25 10:35:31 INFO SparkContext: Starting job: jdbc at <unknown>:0
[2025-12-25T10:35:31.697+0000] {subprocess.py:93} INFO - 25/12/25 10:35:31 INFO DAGScheduler: Got job 1 (jdbc at <unknown>:0) with 1 output partitions
[2025-12-25T10:35:31.697+0000] {subprocess.py:93} INFO - 25/12/25 10:35:31 INFO DAGScheduler: Final stage: ResultStage 2 (jdbc at <unknown>:0)
[2025-12-25T10:35:31.697+0000] {subprocess.py:93} INFO - 25/12/25 10:35:31 INFO DAGScheduler: Parents of final stage: List(ShuffleMapStage 1)
[2025-12-25T10:35:31.698+0000] {subprocess.py:93} INFO - 25/12/25 10:35:31 INFO DAGScheduler: Missing parents: List()
[2025-12-25T10:35:31.700+0000] {subprocess.py:93} INFO - 25/12/25 10:35:31 INFO DAGScheduler: Submitting ResultStage 2 (MapPartitionsRDD[7] at jdbc at <unknown>:0), which has no missing parents
[2025-12-25T10:35:31.726+0000] {subprocess.py:93} INFO - 25/12/25 10:35:31 INFO MemoryStore: Block broadcast_1 stored as values in memory (estimated size 53.8 KiB, free 434.3 MiB)
[2025-12-25T10:35:31.730+0000] {subprocess.py:93} INFO - 25/12/25 10:35:31 INFO MemoryStore: Block broadcast_1_piece0 stored as bytes in memory (estimated size 24.0 KiB, free 434.3 MiB)
[2025-12-25T10:35:31.731+0000] {subprocess.py:93} INFO - 25/12/25 10:35:31 INFO BlockManagerInfo: Added broadcast_1_piece0 in memory on f72bf01c7215:36753 (size: 24.0 KiB, free: 434.4 MiB)
[2025-12-25T10:35:31.732+0000] {subprocess.py:93} INFO - 25/12/25 10:35:31 INFO SparkContext: Created broadcast 1 from broadcast at DAGScheduler.scala:1585
[2025-12-25T10:35:31.733+0000] {subprocess.py:93} INFO - 25/12/25 10:35:31 INFO DAGScheduler: Submitting 1 missing tasks from ResultStage 2 (MapPartitionsRDD[7] at jdbc at <unknown>:0) (first 15 tasks are for partitions Vector(0))
[2025-12-25T10:35:31.733+0000] {subprocess.py:93} INFO - 25/12/25 10:35:31 INFO TaskSchedulerImpl: Adding task set 2.0 with 1 tasks resource profile 0
[2025-12-25T10:35:31.738+0000] {subprocess.py:93} INFO - 25/12/25 10:35:31 INFO TaskSetManager: Starting task 0.0 in stage 2.0 (TID 1) (f72bf01c7215, executor driver, partition 0, NODE_LOCAL, 7788 bytes)
[2025-12-25T10:35:31.739+0000] {subprocess.py:93} INFO - 25/12/25 10:35:31 INFO Executor: Running task 0.0 in stage 2.0 (TID 1)
[2025-12-25T10:35:31.794+0000] {subprocess.py:93} INFO - 25/12/25 10:35:31 INFO ShuffleBlockFetcherIterator: Getting 1 (264.0 B) non-empty blocks including 1 (264.0 B) local and 0 (0.0 B) host-local and 0 (0.0 B) push-merged-local and 0 (0.0 B) remote blocks
[2025-12-25T10:35:31.795+0000] {subprocess.py:93} INFO - 25/12/25 10:35:31 INFO ShuffleBlockFetcherIterator: Started 0 remote fetches in 6 ms
[2025-12-25T10:35:31.808+0000] {subprocess.py:93} INFO - 25/12/25 10:35:31 INFO CodeGenerator: Code generated in 10.340833 ms
[2025-12-25T10:35:31.940+0000] {subprocess.py:93} INFO - 25/12/25 10:35:31 INFO BlockManagerInfo: Removed broadcast_0_piece0 on f72bf01c7215:36753 in memory (size: 20.0 KiB, free: 434.4 MiB)
[2025-12-25T10:35:32.344+0000] {subprocess.py:93} INFO - 25/12/25 10:35:32 INFO CodeGenerator: Code generated in 7.620542 ms
[2025-12-25T10:35:32.390+0000] {subprocess.py:93} INFO - 25/12/25 10:35:32 INFO Executor: Finished task 0.0 in stage 2.0 (TID 1). 4695 bytes result sent to driver
[2025-12-25T10:35:32.393+0000] {subprocess.py:93} INFO - 25/12/25 10:35:32 INFO TaskSetManager: Finished task 0.0 in stage 2.0 (TID 1) in 656 ms on f72bf01c7215 (executor driver) (1/1)
[2025-12-25T10:35:32.393+0000] {subprocess.py:93} INFO - 25/12/25 10:35:32 INFO TaskSchedulerImpl: Removed TaskSet 2.0, whose tasks have all completed, from pool
[2025-12-25T10:35:32.394+0000] {subprocess.py:93} INFO - 25/12/25 10:35:32 INFO DAGScheduler: ResultStage 2 (jdbc at <unknown>:0) finished in 0.686 s
[2025-12-25T10:35:32.395+0000] {subprocess.py:93} INFO - 25/12/25 10:35:32 INFO DAGScheduler: Job 1 is finished. Cancelling potential speculative or zombie tasks for this job
[2025-12-25T10:35:32.396+0000] {subprocess.py:93} INFO - 25/12/25 10:35:32 INFO TaskSchedulerImpl: Killing all running tasks in stage 2: Stage finished
[2025-12-25T10:35:32.397+0000] {subprocess.py:93} INFO - 25/12/25 10:35:32 INFO DAGScheduler: Job 1 finished: jdbc at <unknown>:0, took 0.702582 s
[2025-12-25T10:35:32.521+0000] {subprocess.py:93} INFO - 25/12/25 10:35:32 INFO CodeGenerator: Code generated in 14.894834 ms
[2025-12-25T10:35:32.526+0000] {subprocess.py:93} INFO - 25/12/25 10:35:32 INFO DAGScheduler: Registering RDD 10 (jdbc at <unknown>:0) as input to shuffle 1
[2025-12-25T10:35:32.527+0000] {subprocess.py:93} INFO - 25/12/25 10:35:32 INFO DAGScheduler: Got map stage job 2 (jdbc at <unknown>:0) with 1 output partitions
[2025-12-25T10:35:32.527+0000] {subprocess.py:93} INFO - 25/12/25 10:35:32 INFO DAGScheduler: Final stage: ShuffleMapStage 3 (jdbc at <unknown>:0)
[2025-12-25T10:35:32.527+0000] {subprocess.py:93} INFO - 25/12/25 10:35:32 INFO DAGScheduler: Parents of final stage: List()
[2025-12-25T10:35:32.528+0000] {subprocess.py:93} INFO - 25/12/25 10:35:32 INFO DAGScheduler: Missing parents: List()
[2025-12-25T10:35:32.528+0000] {subprocess.py:93} INFO - 25/12/25 10:35:32 INFO DAGScheduler: Submitting ShuffleMapStage 3 (MapPartitionsRDD[10] at jdbc at <unknown>:0), which has no missing parents
[2025-12-25T10:35:32.531+0000] {subprocess.py:93} INFO - 25/12/25 10:35:32 INFO MemoryStore: Block broadcast_2 stored as values in memory (estimated size 37.8 KiB, free 434.3 MiB)
[2025-12-25T10:35:32.535+0000] {subprocess.py:93} INFO - 25/12/25 10:35:32 INFO MemoryStore: Block broadcast_2_piece0 stored as bytes in memory (estimated size 17.9 KiB, free 434.3 MiB)
[2025-12-25T10:35:32.536+0000] {subprocess.py:93} INFO - 25/12/25 10:35:32 INFO BlockManagerInfo: Added broadcast_2_piece0 in memory on f72bf01c7215:36753 (size: 17.9 KiB, free: 434.4 MiB)
[2025-12-25T10:35:32.537+0000] {subprocess.py:93} INFO - 25/12/25 10:35:32 INFO SparkContext: Created broadcast 2 from broadcast at DAGScheduler.scala:1585
[2025-12-25T10:35:32.537+0000] {subprocess.py:93} INFO - 25/12/25 10:35:32 INFO DAGScheduler: Submitting 1 missing tasks from ShuffleMapStage 3 (MapPartitionsRDD[10] at jdbc at <unknown>:0) (first 15 tasks are for partitions Vector(0))
[2025-12-25T10:35:32.538+0000] {subprocess.py:93} INFO - 25/12/25 10:35:32 INFO TaskSchedulerImpl: Adding task set 3.0 with 1 tasks resource profile 0
[2025-12-25T10:35:32.539+0000] {subprocess.py:93} INFO - 25/12/25 10:35:32 INFO TaskSetManager: Starting task 0.0 in stage 3.0 (TID 2) (f72bf01c7215, executor driver, partition 0, PROCESS_LOCAL, 7623 bytes)
[2025-12-25T10:35:32.539+0000] {subprocess.py:93} INFO - 25/12/25 10:35:32 INFO Executor: Running task 0.0 in stage 3.0 (TID 2)
[2025-12-25T10:35:32.561+0000] {subprocess.py:93} INFO - 25/12/25 10:35:32 INFO CodeGenerator: Code generated in 13.019583 ms
[2025-12-25T10:35:32.567+0000] {subprocess.py:93} INFO - 25/12/25 10:35:32 INFO CodeGenerator: Code generated in 2.983708 ms
[2025-12-25T10:35:32.572+0000] {subprocess.py:93} INFO - 25/12/25 10:35:32 INFO CodeGenerator: Code generated in 3.609667 ms
[2025-12-25T10:35:32.580+0000] {subprocess.py:93} INFO - 25/12/25 10:35:32 INFO JDBCRDD: closed connection
[2025-12-25T10:35:32.597+0000] {subprocess.py:93} INFO - 25/12/25 10:35:32 INFO Executor: Finished task 0.0 in stage 3.0 (TID 2). 2491 bytes result sent to driver
[2025-12-25T10:35:32.598+0000] {subprocess.py:93} INFO - 25/12/25 10:35:32 INFO TaskSetManager: Finished task 0.0 in stage 3.0 (TID 2) in 63 ms on f72bf01c7215 (executor driver) (1/1)
[2025-12-25T10:35:32.600+0000] {subprocess.py:93} INFO - 25/12/25 10:35:32 INFO TaskSchedulerImpl: Removed TaskSet 3.0, whose tasks have all completed, from pool
[2025-12-25T10:35:32.600+0000] {subprocess.py:93} INFO - 25/12/25 10:35:32 INFO DAGScheduler: ShuffleMapStage 3 (jdbc at <unknown>:0) finished in 0.070 s
[2025-12-25T10:35:32.601+0000] {subprocess.py:93} INFO - 25/12/25 10:35:32 INFO DAGScheduler: looking for newly runnable stages
[2025-12-25T10:35:32.601+0000] {subprocess.py:93} INFO - 25/12/25 10:35:32 INFO DAGScheduler: running: Set()
[2025-12-25T10:35:32.602+0000] {subprocess.py:93} INFO - 25/12/25 10:35:32 INFO DAGScheduler: waiting: Set()
[2025-12-25T10:35:32.603+0000] {subprocess.py:93} INFO - 25/12/25 10:35:32 INFO DAGScheduler: failed: Set()
[2025-12-25T10:35:32.606+0000] {subprocess.py:93} INFO - 25/12/25 10:35:32 INFO ShufflePartitionsUtil: For shuffle(1), advisory target size: 67108864, actual target size 1048576, minimum partition size: 1048576
[2025-12-25T10:35:32.611+0000] {subprocess.py:93} INFO - 25/12/25 10:35:32 INFO HashAggregateExec: spark.sql.codegen.aggregate.map.twolevel.enabled is set to true, but current version of codegened fast hashmap does not support this aggregate.
[2025-12-25T10:35:32.624+0000] {subprocess.py:93} INFO - 25/12/25 10:35:32 INFO CodeGenerator: Code generated in 9.446792 ms
[2025-12-25T10:35:32.641+0000] {subprocess.py:93} INFO - 25/12/25 10:35:32 INFO SparkContext: Starting job: jdbc at <unknown>:0
[2025-12-25T10:35:32.642+0000] {subprocess.py:93} INFO - 25/12/25 10:35:32 INFO DAGScheduler: Got job 3 (jdbc at <unknown>:0) with 1 output partitions
[2025-12-25T10:35:32.642+0000] {subprocess.py:93} INFO - 25/12/25 10:35:32 INFO DAGScheduler: Final stage: ResultStage 5 (jdbc at <unknown>:0)
[2025-12-25T10:35:32.643+0000] {subprocess.py:93} INFO - 25/12/25 10:35:32 INFO DAGScheduler: Parents of final stage: List(ShuffleMapStage 4)
[2025-12-25T10:35:32.646+0000] {subprocess.py:93} INFO - 25/12/25 10:35:32 INFO DAGScheduler: Missing parents: List()
[2025-12-25T10:35:32.646+0000] {subprocess.py:93} INFO - 25/12/25 10:35:32 INFO DAGScheduler: Submitting ResultStage 5 (MapPartitionsRDD[15] at jdbc at <unknown>:0), which has no missing parents
[2025-12-25T10:35:32.650+0000] {subprocess.py:93} INFO - 25/12/25 10:35:32 INFO MemoryStore: Block broadcast_3 stored as values in memory (estimated size 46.8 KiB, free 434.2 MiB)
[2025-12-25T10:35:32.652+0000] {subprocess.py:93} INFO - 25/12/25 10:35:32 INFO MemoryStore: Block broadcast_3_piece0 stored as bytes in memory (estimated size 21.6 KiB, free 434.2 MiB)
[2025-12-25T10:35:32.653+0000] {subprocess.py:93} INFO - 25/12/25 10:35:32 INFO BlockManagerInfo: Added broadcast_3_piece0 in memory on f72bf01c7215:36753 (size: 21.6 KiB, free: 434.3 MiB)
[2025-12-25T10:35:32.653+0000] {subprocess.py:93} INFO - 25/12/25 10:35:32 INFO SparkContext: Created broadcast 3 from broadcast at DAGScheduler.scala:1585
[2025-12-25T10:35:32.653+0000] {subprocess.py:93} INFO - 25/12/25 10:35:32 INFO DAGScheduler: Submitting 1 missing tasks from ResultStage 5 (MapPartitionsRDD[15] at jdbc at <unknown>:0) (first 15 tasks are for partitions Vector(0))
[2025-12-25T10:35:32.653+0000] {subprocess.py:93} INFO - 25/12/25 10:35:32 INFO TaskSchedulerImpl: Adding task set 5.0 with 1 tasks resource profile 0
[2025-12-25T10:35:32.654+0000] {subprocess.py:93} INFO - 25/12/25 10:35:32 INFO TaskSetManager: Starting task 0.0 in stage 5.0 (TID 3) (f72bf01c7215, executor driver, partition 0, NODE_LOCAL, 7788 bytes)
[2025-12-25T10:35:32.655+0000] {subprocess.py:93} INFO - 25/12/25 10:35:32 INFO Executor: Running task 0.0 in stage 5.0 (TID 3)
[2025-12-25T10:35:32.660+0000] {subprocess.py:93} INFO - 25/12/25 10:35:32 INFO ShuffleBlockFetcherIterator: Getting 1 (240.0 B) non-empty blocks including 1 (240.0 B) local and 0 (0.0 B) host-local and 0 (0.0 B) push-merged-local and 0 (0.0 B) remote blocks
[2025-12-25T10:35:32.661+0000] {subprocess.py:93} INFO - 25/12/25 10:35:32 INFO ShuffleBlockFetcherIterator: Started 0 remote fetches in 0 ms
[2025-12-25T10:35:32.667+0000] {subprocess.py:93} INFO - 25/12/25 10:35:32 INFO CodeGenerator: Code generated in 6.1755 ms
[2025-12-25T10:35:32.676+0000] {subprocess.py:93} INFO - 25/12/25 10:35:32 INFO CodeGenerator: Code generated in 5.9605 ms
[2025-12-25T10:35:32.699+0000] {subprocess.py:93} INFO - 25/12/25 10:35:32 INFO Executor: Finished task 0.0 in stage 5.0 (TID 3). 4652 bytes result sent to driver
[2025-12-25T10:35:32.702+0000] {subprocess.py:93} INFO - 25/12/25 10:35:32 INFO TaskSetManager: Finished task 0.0 in stage 5.0 (TID 3) in 46 ms on f72bf01c7215 (executor driver) (1/1)
[2025-12-25T10:35:32.703+0000] {subprocess.py:93} INFO - 25/12/25 10:35:32 INFO TaskSchedulerImpl: Removed TaskSet 5.0, whose tasks have all completed, from pool
[2025-12-25T10:35:32.703+0000] {subprocess.py:93} INFO - 25/12/25 10:35:32 INFO DAGScheduler: ResultStage 5 (jdbc at <unknown>:0) finished in 0.055 s
[2025-12-25T10:35:32.704+0000] {subprocess.py:93} INFO - 25/12/25 10:35:32 INFO DAGScheduler: Job 3 is finished. Cancelling potential speculative or zombie tasks for this job
[2025-12-25T10:35:32.705+0000] {subprocess.py:93} INFO - 25/12/25 10:35:32 INFO TaskSchedulerImpl: Killing all running tasks in stage 5: Stage finished
[2025-12-25T10:35:32.706+0000] {subprocess.py:93} INFO - 25/12/25 10:35:32 INFO DAGScheduler: Job 3 finished: jdbc at <unknown>:0, took 0.060652 s
[2025-12-25T10:35:32.716+0000] {subprocess.py:93} INFO - 25/12/25 10:35:32 INFO SparkContext: SparkContext is stopping with exitCode 0.
[2025-12-25T10:35:32.726+0000] {subprocess.py:93} INFO - 25/12/25 10:35:32 INFO SparkUI: Stopped Spark web UI at http://f72bf01c7215:4040
[2025-12-25T10:35:32.740+0000] {subprocess.py:93} INFO - 25/12/25 10:35:32 INFO MapOutputTrackerMasterEndpoint: MapOutputTrackerMasterEndpoint stopped!
[2025-12-25T10:35:32.753+0000] {subprocess.py:93} INFO - 25/12/25 10:35:32 INFO MemoryStore: MemoryStore cleared
[2025-12-25T10:35:32.754+0000] {subprocess.py:93} INFO - 25/12/25 10:35:32 INFO BlockManager: BlockManager stopped
[2025-12-25T10:35:32.756+0000] {subprocess.py:93} INFO - 25/12/25 10:35:32 INFO BlockManagerMaster: BlockManagerMaster stopped
[2025-12-25T10:35:32.759+0000] {subprocess.py:93} INFO - 25/12/25 10:35:32 INFO OutputCommitCoordinator$OutputCommitCoordinatorEndpoint: OutputCommitCoordinator stopped!
[2025-12-25T10:35:32.769+0000] {subprocess.py:93} INFO - 25/12/25 10:35:32 INFO SparkContext: Successfully stopped SparkContext
[2025-12-25T10:35:32.957+0000] {subprocess.py:93} INFO - Telemetry analytics job completed successfully!
[2025-12-25T10:35:32.988+0000] {subprocess.py:93} INFO - 25/12/25 10:35:32 INFO ShutdownHookManager: Shutdown hook called
[2025-12-25T10:35:32.989+0000] {subprocess.py:93} INFO - 25/12/25 10:35:32 INFO ShutdownHookManager: Deleting directory /tmp/spark-e15b444b-9e90-4def-a93f-dc9ee0f4db7d
[2025-12-25T10:35:32.992+0000] {subprocess.py:93} INFO - 25/12/25 10:35:32 INFO ShutdownHookManager: Deleting directory /tmp/spark-a4392ed9-60f1-4ebf-b2a8-c9a7af12bdb6/pyspark-ddd357e1-c47f-4308-aba1-fbdeb9951d3b
[2025-12-25T10:35:32.996+0000] {subprocess.py:93} INFO - 25/12/25 10:35:32 INFO ShutdownHookManager: Deleting directory /tmp/spark-a4392ed9-60f1-4ebf-b2a8-c9a7af12bdb6
[2025-12-25T10:35:33.058+0000] {subprocess.py:97} INFO - Command exited with return code 0
[2025-12-25T10:35:33.061+0000] {taskinstance.py:441} INFO - ::group::Post task execution logs
[2025-12-25T10:35:33.100+0000] {taskinstance.py:1205} INFO - Marking task as SUCCESS. dag_id=***_spark_analytics, task_id=run_***_analytics, execution_date=20251225T103521, start_date=20251225T103522, end_date=20251225T103533
[2025-12-25T10:35:33.155+0000] {local_task_job_runner.py:240} INFO - Task exited with return code 0
[2025-12-25T10:35:33.176+0000] {taskinstance.py:3482} INFO - 0 downstream tasks scheduled from follow-on schedule check
[2025-12-25T10:35:33.177+0000] {local_task_job_runner.py:222} INFO - ::endgroup::
