[2025-12-23T08:05:58.717+0000] {local_task_job_runner.py:120} INFO - ::group::Pre task execution logs
[2025-12-23T08:05:58.737+0000] {taskinstance.py:2073} INFO - Dependencies all met for dep_context=non-requeueable deps ti=<TaskInstance: telemetry_spark_analytics.run_telemetry_analytics manual__2025-12-23T08:05:58.131516+00:00 [queued]>
[2025-12-23T08:05:58.740+0000] {taskinstance.py:2073} INFO - Dependencies all met for dep_context=requeueable deps ti=<TaskInstance: telemetry_spark_analytics.run_telemetry_analytics manual__2025-12-23T08:05:58.131516+00:00 [queued]>
[2025-12-23T08:05:58.741+0000] {taskinstance.py:2303} INFO - Starting attempt 1 of 1
[2025-12-23T08:05:58.746+0000] {taskinstance.py:2327} INFO - Executing <Task(BashOperator): run_telemetry_analytics> on 2025-12-23 08:05:58.131516+00:00
[2025-12-23T08:05:58.751+0000] {logging_mixin.py:188} WARNING - /home/airflow/.local/lib/python3.12/site-packages/airflow/task/task_runner/standard_task_runner.py:61 DeprecationWarning: This process (pid=282) is multi-threaded, use of fork() may lead to deadlocks in the child.
[2025-12-23T08:05:58.751+0000] {standard_task_runner.py:63} INFO - Started process 283 to run task
[2025-12-23T08:05:58.751+0000] {standard_task_runner.py:90} INFO - Running: ['airflow', 'tasks', 'run', '***_spark_analytics', 'run_***_analytics', 'manual__2025-12-23T08:05:58.131516+00:00', '--job-id', '70', '--raw', '--subdir', 'DAGS_FOLDER/***_spark_analytics_dag.py', '--cfg-path', '/tmp/tmpj6orfkgu']
[2025-12-23T08:05:58.752+0000] {standard_task_runner.py:91} INFO - Job 70: Subtask run_***_analytics
[2025-12-23T08:05:58.779+0000] {task_command.py:426} INFO - Running <TaskInstance: telemetry_spark_analytics.run_telemetry_analytics manual__2025-12-23T08:05:58.131516+00:00 [running]> on host e920bf1c1ae3
[2025-12-23T08:05:58.863+0000] {taskinstance.py:2644} INFO - Exporting env vars: AIRFLOW_CTX_DAG_OWNER='airflow' AIRFLOW_CTX_DAG_ID='***_spark_analytics' AIRFLOW_CTX_TASK_ID='run_***_analytics' AIRFLOW_CTX_EXECUTION_DATE='2025-12-23T08:05:58.131516+00:00' AIRFLOW_CTX_TRY_NUMBER='1' AIRFLOW_CTX_DAG_RUN_ID='manual__2025-12-23T08:05:58.131516+00:00'
[2025-12-23T08:05:58.864+0000] {taskinstance.py:430} INFO - ::endgroup::
[2025-12-23T08:05:58.888+0000] {subprocess.py:63} INFO - Tmp dir root location: /tmp
[2025-12-23T08:05:58.889+0000] {subprocess.py:75} INFO - Running command: ['/usr/bin/bash', '-c', '\n        docker exec ***_spark         /opt/spark/bin/spark-submit         --master local[*]         --jars /opt/spark/jars/postgresql.jar         /opt/spark/jobs/***_analytics_job.py\n        ']
[2025-12-23T08:05:58.896+0000] {subprocess.py:86} INFO - Output:
[2025-12-23T08:06:01.821+0000] {subprocess.py:93} INFO - 25/12/23 08:06:01 WARN NativeCodeLoader: Unable to load native-hadoop library for your platform... using builtin-java classes where applicable
[2025-12-23T08:06:02.317+0000] {subprocess.py:93} INFO - 25/12/23 08:06:02 INFO SparkContext: Running Spark version 3.5.1
[2025-12-23T08:06:02.319+0000] {subprocess.py:93} INFO - 25/12/23 08:06:02 INFO SparkContext: OS info Linux, 6.10.14-linuxkit, aarch64
[2025-12-23T08:06:02.319+0000] {subprocess.py:93} INFO - 25/12/23 08:06:02 INFO SparkContext: Java version 11.0.22
[2025-12-23T08:06:02.344+0000] {subprocess.py:93} INFO - 25/12/23 08:06:02 INFO ResourceUtils: ==============================================================
[2025-12-23T08:06:02.344+0000] {subprocess.py:93} INFO - 25/12/23 08:06:02 INFO ResourceUtils: No custom resources configured for spark.driver.
[2025-12-23T08:06:02.345+0000] {subprocess.py:93} INFO - 25/12/23 08:06:02 INFO ResourceUtils: ==============================================================
[2025-12-23T08:06:02.345+0000] {subprocess.py:93} INFO - 25/12/23 08:06:02 INFO SparkContext: Submitted application: Telemetry Analytics Job
[2025-12-23T08:06:02.361+0000] {subprocess.py:93} INFO - 25/12/23 08:06:02 INFO ResourceProfile: Default ResourceProfile created, executor resources: Map(cores -> name: cores, amount: 1, script: , vendor: , memory -> name: memory, amount: 1024, script: , vendor: , offHeap -> name: offHeap, amount: 0, script: , vendor: ), task resources: Map(cpus -> name: cpus, amount: 1.0)
[2025-12-23T08:06:02.369+0000] {subprocess.py:93} INFO - 25/12/23 08:06:02 INFO ResourceProfile: Limiting resource is cpu
[2025-12-23T08:06:02.370+0000] {subprocess.py:93} INFO - 25/12/23 08:06:02 INFO ResourceProfileManager: Added ResourceProfile id: 0
[2025-12-23T08:06:02.416+0000] {subprocess.py:93} INFO - 25/12/23 08:06:02 INFO SecurityManager: Changing view acls to: root
[2025-12-23T08:06:02.416+0000] {subprocess.py:93} INFO - 25/12/23 08:06:02 INFO SecurityManager: Changing modify acls to: root
[2025-12-23T08:06:02.416+0000] {subprocess.py:93} INFO - 25/12/23 08:06:02 INFO SecurityManager: Changing view acls groups to:
[2025-12-23T08:06:02.417+0000] {subprocess.py:93} INFO - 25/12/23 08:06:02 INFO SecurityManager: Changing modify acls groups to:
[2025-12-23T08:06:02.417+0000] {subprocess.py:93} INFO - 25/12/23 08:06:02 INFO SecurityManager: SecurityManager: authentication disabled; ui acls disabled; users with view permissions: root; groups with view permissions: EMPTY; users with modify permissions: root; groups with modify permissions: EMPTY
[2025-12-23T08:06:02.748+0000] {subprocess.py:93} INFO - 25/12/23 08:06:02 INFO Utils: Successfully started service 'sparkDriver' on port 33187.
[2025-12-23T08:06:02.779+0000] {subprocess.py:93} INFO - 25/12/23 08:06:02 INFO SparkEnv: Registering MapOutputTracker
[2025-12-23T08:06:02.807+0000] {subprocess.py:93} INFO - 25/12/23 08:06:02 INFO SparkEnv: Registering BlockManagerMaster
[2025-12-23T08:06:02.818+0000] {subprocess.py:93} INFO - 25/12/23 08:06:02 INFO BlockManagerMasterEndpoint: Using org.apache.spark.storage.DefaultTopologyMapper for getting topology information
[2025-12-23T08:06:02.819+0000] {subprocess.py:93} INFO - 25/12/23 08:06:02 INFO BlockManagerMasterEndpoint: BlockManagerMasterEndpoint up
[2025-12-23T08:06:02.822+0000] {subprocess.py:93} INFO - 25/12/23 08:06:02 INFO SparkEnv: Registering BlockManagerMasterHeartbeat
[2025-12-23T08:06:02.846+0000] {subprocess.py:93} INFO - 25/12/23 08:06:02 INFO DiskBlockManager: Created local directory at /tmp/blockmgr-8a31827c-b11e-47f1-865a-e86394d1899c
[2025-12-23T08:06:02.858+0000] {subprocess.py:93} INFO - 25/12/23 08:06:02 INFO MemoryStore: MemoryStore started with capacity 434.4 MiB
[2025-12-23T08:06:02.870+0000] {subprocess.py:93} INFO - 25/12/23 08:06:02 INFO SparkEnv: Registering OutputCommitCoordinator
[2025-12-23T08:06:03.030+0000] {subprocess.py:93} INFO - 25/12/23 08:06:03 INFO JettyUtils: Start Jetty 0.0.0.0:4040 for SparkUI
[2025-12-23T08:06:03.148+0000] {subprocess.py:93} INFO - 25/12/23 08:06:03 INFO Utils: Successfully started service 'SparkUI' on port 4040.
[2025-12-23T08:06:03.195+0000] {subprocess.py:93} INFO - 25/12/23 08:06:03 INFO SparkContext: Added JAR file:///opt/spark/jars/postgresql.jar at spark://b4e1a05c17da:33187/jars/postgresql.jar with timestamp 1766477162309
[2025-12-23T08:06:03.253+0000] {subprocess.py:93} INFO - 25/12/23 08:06:03 INFO Executor: Starting executor ID driver on host b4e1a05c17da
[2025-12-23T08:06:03.253+0000] {subprocess.py:93} INFO - 25/12/23 08:06:03 INFO Executor: OS info Linux, 6.10.14-linuxkit, aarch64
[2025-12-23T08:06:03.254+0000] {subprocess.py:93} INFO - 25/12/23 08:06:03 INFO Executor: Java version 11.0.22
[2025-12-23T08:06:03.257+0000] {subprocess.py:93} INFO - 25/12/23 08:06:03 INFO Executor: Starting executor with user classpath (userClassPathFirst = false): ''
[2025-12-23T08:06:03.258+0000] {subprocess.py:93} INFO - 25/12/23 08:06:03 INFO Executor: Created or updated repl class loader org.apache.spark.util.MutableURLClassLoader@438170b2 for default.
[2025-12-23T08:06:03.265+0000] {subprocess.py:93} INFO - 25/12/23 08:06:03 INFO Executor: Fetching spark://b4e1a05c17da:33187/jars/postgresql.jar with timestamp 1766477162309
[2025-12-23T08:06:03.321+0000] {subprocess.py:93} INFO - 25/12/23 08:06:03 INFO TransportClientFactory: Successfully created connection to b4e1a05c17da/172.24.0.4:33187 after 21 ms (0 ms spent in bootstraps)
[2025-12-23T08:06:03.335+0000] {subprocess.py:93} INFO - 25/12/23 08:06:03 INFO Utils: Fetching spark://b4e1a05c17da:33187/jars/postgresql.jar to /tmp/spark-0b873046-2f53-4bcd-81e6-9550cbab005b/userFiles-9949d8d0-22a4-46bb-bb85-5da66f9bc41e/fetchFileTemp4101713096156688776.tmp
[2025-12-23T08:06:03.410+0000] {subprocess.py:93} INFO - 25/12/23 08:06:03 INFO Executor: Adding file:/tmp/spark-0b873046-2f53-4bcd-81e6-9550cbab005b/userFiles-9949d8d0-22a4-46bb-bb85-5da66f9bc41e/postgresql.jar to class loader default
[2025-12-23T08:06:03.422+0000] {subprocess.py:93} INFO - 25/12/23 08:06:03 INFO Utils: Successfully started service 'org.apache.spark.network.netty.NettyBlockTransferService' on port 33941.
[2025-12-23T08:06:03.423+0000] {subprocess.py:93} INFO - 25/12/23 08:06:03 INFO NettyBlockTransferService: Server created on b4e1a05c17da:33941
[2025-12-23T08:06:03.424+0000] {subprocess.py:93} INFO - 25/12/23 08:06:03 INFO BlockManager: Using org.apache.spark.storage.RandomBlockReplicationPolicy for block replication policy
[2025-12-23T08:06:03.429+0000] {subprocess.py:93} INFO - 25/12/23 08:06:03 INFO BlockManagerMaster: Registering BlockManager BlockManagerId(driver, b4e1a05c17da, 33941, None)
[2025-12-23T08:06:03.433+0000] {subprocess.py:93} INFO - 25/12/23 08:06:03 INFO BlockManagerMasterEndpoint: Registering block manager b4e1a05c17da:33941 with 434.4 MiB RAM, BlockManagerId(driver, b4e1a05c17da, 33941, None)
[2025-12-23T08:06:03.437+0000] {subprocess.py:93} INFO - 25/12/23 08:06:03 INFO BlockManagerMaster: Registered BlockManager BlockManagerId(driver, b4e1a05c17da, 33941, None)
[2025-12-23T08:06:03.438+0000] {subprocess.py:93} INFO - 25/12/23 08:06:03 INFO BlockManager: Initialized BlockManager: BlockManagerId(driver, b4e1a05c17da, 33941, None)
[2025-12-23T08:06:03.721+0000] {subprocess.py:93} INFO - 25/12/23 08:06:03 INFO SharedState: Setting hive.metastore.warehouse.dir ('null') to the value of spark.sql.warehouse.dir.
[2025-12-23T08:06:03.722+0000] {subprocess.py:93} INFO - 25/12/23 08:06:03 INFO SharedState: Warehouse path is 'file:/opt/spark/spark-warehouse'.
[2025-12-23T08:06:07.902+0000] {subprocess.py:93} INFO - 25/12/23 08:06:07 INFO CodeGenerator: Code generated in 592.897 ms
[2025-12-23T08:06:08.295+0000] {subprocess.py:93} INFO - 25/12/23 08:06:08 INFO DAGScheduler: Registering RDD 2 (jdbc at <unknown>:0) as input to shuffle 0
[2025-12-23T08:06:08.307+0000] {subprocess.py:93} INFO - 25/12/23 08:06:08 INFO DAGScheduler: Got map stage job 0 (jdbc at <unknown>:0) with 1 output partitions
[2025-12-23T08:06:08.308+0000] {subprocess.py:93} INFO - 25/12/23 08:06:08 INFO DAGScheduler: Final stage: ShuffleMapStage 0 (jdbc at <unknown>:0)
[2025-12-23T08:06:08.308+0000] {subprocess.py:93} INFO - 25/12/23 08:06:08 INFO DAGScheduler: Parents of final stage: List()
[2025-12-23T08:06:08.309+0000] {subprocess.py:93} INFO - 25/12/23 08:06:08 INFO DAGScheduler: Missing parents: List()
[2025-12-23T08:06:08.312+0000] {subprocess.py:93} INFO - 25/12/23 08:06:08 INFO DAGScheduler: Submitting ShuffleMapStage 0 (MapPartitionsRDD[2] at jdbc at <unknown>:0), which has no missing parents
[2025-12-23T08:06:08.405+0000] {subprocess.py:93} INFO - 25/12/23 08:06:08 INFO MemoryStore: Block broadcast_0 stored as values in memory (estimated size 43.4 KiB, free 434.4 MiB)
[2025-12-23T08:06:08.443+0000] {subprocess.py:93} INFO - 25/12/23 08:06:08 INFO MemoryStore: Block broadcast_0_piece0 stored as bytes in memory (estimated size 20.0 KiB, free 434.3 MiB)
[2025-12-23T08:06:08.446+0000] {subprocess.py:93} INFO - 25/12/23 08:06:08 INFO BlockManagerInfo: Added broadcast_0_piece0 in memory on b4e1a05c17da:33941 (size: 20.0 KiB, free: 434.4 MiB)
[2025-12-23T08:06:08.449+0000] {subprocess.py:93} INFO - 25/12/23 08:06:08 INFO SparkContext: Created broadcast 0 from broadcast at DAGScheduler.scala:1585
[2025-12-23T08:06:08.458+0000] {subprocess.py:93} INFO - 25/12/23 08:06:08 INFO DAGScheduler: Submitting 1 missing tasks from ShuffleMapStage 0 (MapPartitionsRDD[2] at jdbc at <unknown>:0) (first 15 tasks are for partitions Vector(0))
[2025-12-23T08:06:08.458+0000] {subprocess.py:93} INFO - 25/12/23 08:06:08 INFO TaskSchedulerImpl: Adding task set 0.0 with 1 tasks resource profile 0
[2025-12-23T08:06:08.486+0000] {subprocess.py:93} INFO - 25/12/23 08:06:08 INFO TaskSetManager: Starting task 0.0 in stage 0.0 (TID 0) (b4e1a05c17da, executor driver, partition 0, PROCESS_LOCAL, 7623 bytes)
[2025-12-23T08:06:08.498+0000] {subprocess.py:93} INFO - 25/12/23 08:06:08 INFO Executor: Running task 0.0 in stage 0.0 (TID 0)
[2025-12-23T08:06:08.628+0000] {subprocess.py:93} INFO - 25/12/23 08:06:08 INFO CodeGenerator: Code generated in 39.987 ms
[2025-12-23T08:06:08.654+0000] {subprocess.py:93} INFO - 25/12/23 08:06:08 INFO CodeGenerator: Code generated in 11.676 ms
[2025-12-23T08:06:08.691+0000] {subprocess.py:93} INFO - 25/12/23 08:06:08 INFO CodeGenerator: Code generated in 13.2525 ms
[2025-12-23T08:06:08.720+0000] {subprocess.py:93} INFO - 25/12/23 08:06:08 INFO CodeGenerator: Code generated in 13.975583 ms
[2025-12-23T08:06:08.756+0000] {subprocess.py:93} INFO - 25/12/23 08:06:08 INFO CodeGenerator: Code generated in 27.352083 ms
[2025-12-23T08:06:08.981+0000] {subprocess.py:93} INFO - 25/12/23 08:06:08 INFO JDBCRDD: closed connection
[2025-12-23T08:06:09.114+0000] {subprocess.py:93} INFO - 25/12/23 08:06:09 INFO Executor: Finished task 0.0 in stage 0.0 (TID 0). 2491 bytes result sent to driver
[2025-12-23T08:06:09.130+0000] {subprocess.py:93} INFO - 25/12/23 08:06:09 INFO TaskSetManager: Finished task 0.0 in stage 0.0 (TID 0) in 648 ms on b4e1a05c17da (executor driver) (1/1)
[2025-12-23T08:06:09.132+0000] {subprocess.py:93} INFO - 25/12/23 08:06:09 INFO TaskSchedulerImpl: Removed TaskSet 0.0, whose tasks have all completed, from pool
[2025-12-23T08:06:09.144+0000] {subprocess.py:93} INFO - 25/12/23 08:06:09 INFO DAGScheduler: ShuffleMapStage 0 (jdbc at <unknown>:0) finished in 0.815 s
[2025-12-23T08:06:09.146+0000] {subprocess.py:93} INFO - 25/12/23 08:06:09 INFO DAGScheduler: looking for newly runnable stages
[2025-12-23T08:06:09.146+0000] {subprocess.py:93} INFO - 25/12/23 08:06:09 INFO DAGScheduler: running: Set()
[2025-12-23T08:06:09.150+0000] {subprocess.py:93} INFO - 25/12/23 08:06:09 INFO DAGScheduler: waiting: Set()
[2025-12-23T08:06:09.150+0000] {subprocess.py:93} INFO - 25/12/23 08:06:09 INFO DAGScheduler: failed: Set()
[2025-12-23T08:06:09.180+0000] {subprocess.py:93} INFO - 25/12/23 08:06:09 INFO ShufflePartitionsUtil: For shuffle(0), advisory target size: 67108864, actual target size 1048576, minimum partition size: 1048576
[2025-12-23T08:06:09.203+0000] {subprocess.py:93} INFO - 25/12/23 08:06:09 INFO HashAggregateExec: spark.sql.codegen.aggregate.map.twolevel.enabled is set to true, but current version of codegened fast hashmap does not support this aggregate.
[2025-12-23T08:06:09.230+0000] {subprocess.py:93} INFO - 25/12/23 08:06:09 INFO CodeGenerator: Code generated in 16.710375 ms
[2025-12-23T08:06:09.342+0000] {subprocess.py:93} INFO - 25/12/23 08:06:09 INFO SparkContext: Starting job: jdbc at <unknown>:0
[2025-12-23T08:06:09.343+0000] {subprocess.py:93} INFO - 25/12/23 08:06:09 INFO DAGScheduler: Got job 1 (jdbc at <unknown>:0) with 1 output partitions
[2025-12-23T08:06:09.343+0000] {subprocess.py:93} INFO - 25/12/23 08:06:09 INFO DAGScheduler: Final stage: ResultStage 2 (jdbc at <unknown>:0)
[2025-12-23T08:06:09.344+0000] {subprocess.py:93} INFO - 25/12/23 08:06:09 INFO DAGScheduler: Parents of final stage: List(ShuffleMapStage 1)
[2025-12-23T08:06:09.345+0000] {subprocess.py:93} INFO - 25/12/23 08:06:09 INFO DAGScheduler: Missing parents: List()
[2025-12-23T08:06:09.345+0000] {subprocess.py:93} INFO - 25/12/23 08:06:09 INFO DAGScheduler: Submitting ResultStage 2 (MapPartitionsRDD[7] at jdbc at <unknown>:0), which has no missing parents
[2025-12-23T08:06:09.356+0000] {subprocess.py:93} INFO - 25/12/23 08:06:09 INFO BlockManagerInfo: Removed broadcast_0_piece0 on b4e1a05c17da:33941 in memory (size: 20.0 KiB, free: 434.4 MiB)
[2025-12-23T08:06:09.375+0000] {subprocess.py:93} INFO - 25/12/23 08:06:09 INFO MemoryStore: Block broadcast_1 stored as values in memory (estimated size 53.8 KiB, free 434.3 MiB)
[2025-12-23T08:06:09.378+0000] {subprocess.py:93} INFO - 25/12/23 08:06:09 INFO MemoryStore: Block broadcast_1_piece0 stored as bytes in memory (estimated size 24.0 KiB, free 434.3 MiB)
[2025-12-23T08:06:09.379+0000] {subprocess.py:93} INFO - 25/12/23 08:06:09 INFO BlockManagerInfo: Added broadcast_1_piece0 in memory on b4e1a05c17da:33941 (size: 24.0 KiB, free: 434.4 MiB)
[2025-12-23T08:06:09.379+0000] {subprocess.py:93} INFO - 25/12/23 08:06:09 INFO SparkContext: Created broadcast 1 from broadcast at DAGScheduler.scala:1585
[2025-12-23T08:06:09.381+0000] {subprocess.py:93} INFO - 25/12/23 08:06:09 INFO DAGScheduler: Submitting 1 missing tasks from ResultStage 2 (MapPartitionsRDD[7] at jdbc at <unknown>:0) (first 15 tasks are for partitions Vector(0))
[2025-12-23T08:06:09.382+0000] {subprocess.py:93} INFO - 25/12/23 08:06:09 INFO TaskSchedulerImpl: Adding task set 2.0 with 1 tasks resource profile 0
[2025-12-23T08:06:09.387+0000] {subprocess.py:93} INFO - 25/12/23 08:06:09 INFO TaskSetManager: Starting task 0.0 in stage 2.0 (TID 1) (b4e1a05c17da, executor driver, partition 0, NODE_LOCAL, 7788 bytes)
[2025-12-23T08:06:09.387+0000] {subprocess.py:93} INFO - 25/12/23 08:06:09 INFO Executor: Running task 0.0 in stage 2.0 (TID 1)
[2025-12-23T08:06:09.441+0000] {subprocess.py:93} INFO - 25/12/23 08:06:09 INFO ShuffleBlockFetcherIterator: Getting 1 (176.0 B) non-empty blocks including 1 (176.0 B) local and 0 (0.0 B) host-local and 0 (0.0 B) push-merged-local and 0 (0.0 B) remote blocks
[2025-12-23T08:06:09.443+0000] {subprocess.py:93} INFO - 25/12/23 08:06:09 INFO ShuffleBlockFetcherIterator: Started 0 remote fetches in 9 ms
[2025-12-23T08:06:09.468+0000] {subprocess.py:93} INFO - 25/12/23 08:06:09 INFO CodeGenerator: Code generated in 21.846417 ms
[2025-12-23T08:06:11.699+0000] {subprocess.py:93} INFO - 25/12/23 08:06:11 INFO CodeGenerator: Code generated in 36.27425 ms
[2025-12-23T08:06:11.797+0000] {subprocess.py:93} INFO - 25/12/23 08:06:11 INFO Executor: Finished task 0.0 in stage 2.0 (TID 1). 4738 bytes result sent to driver
[2025-12-23T08:06:11.804+0000] {subprocess.py:93} INFO - 25/12/23 08:06:11 INFO TaskSetManager: Finished task 0.0 in stage 2.0 (TID 1) in 2419 ms on b4e1a05c17da (executor driver) (1/1)
[2025-12-23T08:06:11.805+0000] {subprocess.py:93} INFO - 25/12/23 08:06:11 INFO TaskSchedulerImpl: Removed TaskSet 2.0, whose tasks have all completed, from pool
[2025-12-23T08:06:11.810+0000] {subprocess.py:93} INFO - 25/12/23 08:06:11 INFO DAGScheduler: ResultStage 2 (jdbc at <unknown>:0) finished in 2.454 s
[2025-12-23T08:06:11.812+0000] {subprocess.py:93} INFO - 25/12/23 08:06:11 INFO DAGScheduler: Job 1 is finished. Cancelling potential speculative or zombie tasks for this job
[2025-12-23T08:06:11.812+0000] {subprocess.py:93} INFO - 25/12/23 08:06:11 INFO TaskSchedulerImpl: Killing all running tasks in stage 2: Stage finished
[2025-12-23T08:06:11.815+0000] {subprocess.py:93} INFO - 25/12/23 08:06:11 INFO DAGScheduler: Job 1 finished: jdbc at <unknown>:0, took 2.477606 s
[2025-12-23T08:06:12.078+0000] {subprocess.py:93} INFO - 25/12/23 08:06:12 INFO CodeGenerator: Code generated in 26.300416 ms
[2025-12-23T08:06:12.093+0000] {subprocess.py:93} INFO - 25/12/23 08:06:12 INFO DAGScheduler: Registering RDD 10 (jdbc at <unknown>:0) as input to shuffle 1
[2025-12-23T08:06:12.094+0000] {subprocess.py:93} INFO - 25/12/23 08:06:12 INFO DAGScheduler: Got map stage job 2 (jdbc at <unknown>:0) with 1 output partitions
[2025-12-23T08:06:12.094+0000] {subprocess.py:93} INFO - 25/12/23 08:06:12 INFO DAGScheduler: Final stage: ShuffleMapStage 3 (jdbc at <unknown>:0)
[2025-12-23T08:06:12.095+0000] {subprocess.py:93} INFO - 25/12/23 08:06:12 INFO DAGScheduler: Parents of final stage: List()
[2025-12-23T08:06:12.096+0000] {subprocess.py:93} INFO - 25/12/23 08:06:12 INFO DAGScheduler: Missing parents: List()
[2025-12-23T08:06:12.098+0000] {subprocess.py:93} INFO - 25/12/23 08:06:12 INFO DAGScheduler: Submitting ShuffleMapStage 3 (MapPartitionsRDD[10] at jdbc at <unknown>:0), which has no missing parents
[2025-12-23T08:06:12.107+0000] {subprocess.py:93} INFO - 25/12/23 08:06:12 INFO MemoryStore: Block broadcast_2 stored as values in memory (estimated size 37.8 KiB, free 434.3 MiB)
[2025-12-23T08:06:12.117+0000] {subprocess.py:93} INFO - 25/12/23 08:06:12 INFO MemoryStore: Block broadcast_2_piece0 stored as bytes in memory (estimated size 17.9 KiB, free 434.3 MiB)
[2025-12-23T08:06:12.118+0000] {subprocess.py:93} INFO - 25/12/23 08:06:12 INFO BlockManagerInfo: Added broadcast_2_piece0 in memory on b4e1a05c17da:33941 (size: 17.9 KiB, free: 434.4 MiB)
[2025-12-23T08:06:12.120+0000] {subprocess.py:93} INFO - 25/12/23 08:06:12 INFO SparkContext: Created broadcast 2 from broadcast at DAGScheduler.scala:1585
[2025-12-23T08:06:12.121+0000] {subprocess.py:93} INFO - 25/12/23 08:06:12 INFO DAGScheduler: Submitting 1 missing tasks from ShuffleMapStage 3 (MapPartitionsRDD[10] at jdbc at <unknown>:0) (first 15 tasks are for partitions Vector(0))
[2025-12-23T08:06:12.121+0000] {subprocess.py:93} INFO - 25/12/23 08:06:12 INFO TaskSchedulerImpl: Adding task set 3.0 with 1 tasks resource profile 0
[2025-12-23T08:06:12.123+0000] {subprocess.py:93} INFO - 25/12/23 08:06:12 INFO TaskSetManager: Starting task 0.0 in stage 3.0 (TID 2) (b4e1a05c17da, executor driver, partition 0, PROCESS_LOCAL, 7623 bytes)
[2025-12-23T08:06:12.125+0000] {subprocess.py:93} INFO - 25/12/23 08:06:12 INFO Executor: Running task 0.0 in stage 3.0 (TID 2)
[2025-12-23T08:06:12.201+0000] {subprocess.py:93} INFO - 25/12/23 08:06:12 INFO CodeGenerator: Code generated in 40.739583 ms
[2025-12-23T08:06:12.216+0000] {subprocess.py:93} INFO - 25/12/23 08:06:12 INFO CodeGenerator: Code generated in 4.788792 ms
[2025-12-23T08:06:12.223+0000] {subprocess.py:93} INFO - 25/12/23 08:06:12 INFO CodeGenerator: Code generated in 4.615166 ms
[2025-12-23T08:06:12.230+0000] {subprocess.py:93} INFO - 25/12/23 08:06:12 INFO JDBCRDD: closed connection
[2025-12-23T08:06:12.289+0000] {subprocess.py:93} INFO - 25/12/23 08:06:12 INFO Executor: Finished task 0.0 in stage 3.0 (TID 2). 2491 bytes result sent to driver
[2025-12-23T08:06:12.292+0000] {subprocess.py:93} INFO - 25/12/23 08:06:12 INFO TaskSetManager: Finished task 0.0 in stage 3.0 (TID 2) in 168 ms on b4e1a05c17da (executor driver) (1/1)
[2025-12-23T08:06:12.293+0000] {subprocess.py:93} INFO - 25/12/23 08:06:12 INFO TaskSchedulerImpl: Removed TaskSet 3.0, whose tasks have all completed, from pool
[2025-12-23T08:06:12.294+0000] {subprocess.py:93} INFO - 25/12/23 08:06:12 INFO DAGScheduler: ShuffleMapStage 3 (jdbc at <unknown>:0) finished in 0.190 s
[2025-12-23T08:06:12.294+0000] {subprocess.py:93} INFO - 25/12/23 08:06:12 INFO DAGScheduler: looking for newly runnable stages
[2025-12-23T08:06:12.295+0000] {subprocess.py:93} INFO - 25/12/23 08:06:12 INFO DAGScheduler: running: Set()
[2025-12-23T08:06:12.295+0000] {subprocess.py:93} INFO - 25/12/23 08:06:12 INFO DAGScheduler: waiting: Set()
[2025-12-23T08:06:12.296+0000] {subprocess.py:93} INFO - 25/12/23 08:06:12 INFO DAGScheduler: failed: Set()
[2025-12-23T08:06:12.300+0000] {subprocess.py:93} INFO - 25/12/23 08:06:12 INFO ShufflePartitionsUtil: For shuffle(1), advisory target size: 67108864, actual target size 1048576, minimum partition size: 1048576
[2025-12-23T08:06:12.310+0000] {subprocess.py:93} INFO - 25/12/23 08:06:12 INFO HashAggregateExec: spark.sql.codegen.aggregate.map.twolevel.enabled is set to true, but current version of codegened fast hashmap does not support this aggregate.
[2025-12-23T08:06:12.334+0000] {subprocess.py:93} INFO - 25/12/23 08:06:12 INFO CodeGenerator: Code generated in 16.8225 ms
[2025-12-23T08:06:12.395+0000] {subprocess.py:93} INFO - 25/12/23 08:06:12 INFO SparkContext: Starting job: jdbc at <unknown>:0
[2025-12-23T08:06:12.397+0000] {subprocess.py:93} INFO - 25/12/23 08:06:12 INFO DAGScheduler: Got job 3 (jdbc at <unknown>:0) with 1 output partitions
[2025-12-23T08:06:12.398+0000] {subprocess.py:93} INFO - 25/12/23 08:06:12 INFO DAGScheduler: Final stage: ResultStage 5 (jdbc at <unknown>:0)
[2025-12-23T08:06:12.398+0000] {subprocess.py:93} INFO - 25/12/23 08:06:12 INFO DAGScheduler: Parents of final stage: List(ShuffleMapStage 4)
[2025-12-23T08:06:12.399+0000] {subprocess.py:93} INFO - 25/12/23 08:06:12 INFO DAGScheduler: Missing parents: List()
[2025-12-23T08:06:12.400+0000] {subprocess.py:93} INFO - 25/12/23 08:06:12 INFO DAGScheduler: Submitting ResultStage 5 (MapPartitionsRDD[15] at jdbc at <unknown>:0), which has no missing parents
[2025-12-23T08:06:12.414+0000] {subprocess.py:93} INFO - 25/12/23 08:06:12 INFO MemoryStore: Block broadcast_3 stored as values in memory (estimated size 46.8 KiB, free 434.2 MiB)
[2025-12-23T08:06:12.435+0000] {subprocess.py:93} INFO - 25/12/23 08:06:12 INFO MemoryStore: Block broadcast_3_piece0 stored as bytes in memory (estimated size 21.6 KiB, free 434.2 MiB)
[2025-12-23T08:06:12.436+0000] {subprocess.py:93} INFO - 25/12/23 08:06:12 INFO BlockManagerInfo: Added broadcast_3_piece0 in memory on b4e1a05c17da:33941 (size: 21.6 KiB, free: 434.3 MiB)
[2025-12-23T08:06:12.437+0000] {subprocess.py:93} INFO - 25/12/23 08:06:12 INFO SparkContext: Created broadcast 3 from broadcast at DAGScheduler.scala:1585
[2025-12-23T08:06:12.437+0000] {subprocess.py:93} INFO - 25/12/23 08:06:12 INFO DAGScheduler: Submitting 1 missing tasks from ResultStage 5 (MapPartitionsRDD[15] at jdbc at <unknown>:0) (first 15 tasks are for partitions Vector(0))
[2025-12-23T08:06:12.438+0000] {subprocess.py:93} INFO - 25/12/23 08:06:12 INFO TaskSchedulerImpl: Adding task set 5.0 with 1 tasks resource profile 0
[2025-12-23T08:06:12.440+0000] {subprocess.py:93} INFO - 25/12/23 08:06:12 INFO TaskSetManager: Starting task 0.0 in stage 5.0 (TID 3) (b4e1a05c17da, executor driver, partition 0, NODE_LOCAL, 7788 bytes)
[2025-12-23T08:06:12.443+0000] {subprocess.py:93} INFO - 25/12/23 08:06:12 INFO Executor: Running task 0.0 in stage 5.0 (TID 3)
[2025-12-23T08:06:12.481+0000] {subprocess.py:93} INFO - 25/12/23 08:06:12 INFO ShuffleBlockFetcherIterator: Getting 1 (160.0 B) non-empty blocks including 1 (160.0 B) local and 0 (0.0 B) host-local and 0 (0.0 B) push-merged-local and 0 (0.0 B) remote blocks
[2025-12-23T08:06:12.483+0000] {subprocess.py:93} INFO - 25/12/23 08:06:12 INFO ShuffleBlockFetcherIterator: Started 0 remote fetches in 3 ms
[2025-12-23T08:06:12.532+0000] {subprocess.py:93} INFO - 25/12/23 08:06:12 INFO CodeGenerator: Code generated in 49.871084 ms
[2025-12-23T08:06:12.561+0000] {subprocess.py:93} INFO - 25/12/23 08:06:12 INFO CodeGenerator: Code generated in 18.456167 ms
[2025-12-23T08:06:12.645+0000] {subprocess.py:93} INFO - 25/12/23 08:06:12 INFO Executor: Finished task 0.0 in stage 5.0 (TID 3). 4695 bytes result sent to driver
[2025-12-23T08:06:12.666+0000] {subprocess.py:93} INFO - 25/12/23 08:06:12 INFO TaskSetManager: Finished task 0.0 in stage 5.0 (TID 3) in 213 ms on b4e1a05c17da (executor driver) (1/1)
[2025-12-23T08:06:12.667+0000] {subprocess.py:93} INFO - 25/12/23 08:06:12 INFO TaskSchedulerImpl: Removed TaskSet 5.0, whose tasks have all completed, from pool
[2025-12-23T08:06:12.667+0000] {subprocess.py:93} INFO - 25/12/23 08:06:12 INFO DAGScheduler: ResultStage 5 (jdbc at <unknown>:0) finished in 0.246 s
[2025-12-23T08:06:12.667+0000] {subprocess.py:93} INFO - 25/12/23 08:06:12 INFO DAGScheduler: Job 3 is finished. Cancelling potential speculative or zombie tasks for this job
[2025-12-23T08:06:12.668+0000] {subprocess.py:93} INFO - 25/12/23 08:06:12 INFO TaskSchedulerImpl: Killing all running tasks in stage 5: Stage finished
[2025-12-23T08:06:12.668+0000] {subprocess.py:93} INFO - 25/12/23 08:06:12 INFO DAGScheduler: Job 3 finished: jdbc at <unknown>:0, took 0.261231 s
[2025-12-23T08:06:12.747+0000] {subprocess.py:93} INFO - 25/12/23 08:06:12 INFO SparkContext: SparkContext is stopping with exitCode 0.
[2025-12-23T08:06:12.832+0000] {subprocess.py:93} INFO - 25/12/23 08:06:12 INFO SparkUI: Stopped Spark web UI at http://b4e1a05c17da:4040
[2025-12-23T08:06:13.508+0000] {subprocess.py:93} INFO - 25/12/23 08:06:13 INFO MapOutputTrackerMasterEndpoint: MapOutputTrackerMasterEndpoint stopped!
[2025-12-23T08:06:14.939+0000] {subprocess.py:93} INFO - 25/12/23 08:06:14 INFO MemoryStore: MemoryStore cleared
[2025-12-23T08:06:14.979+0000] {subprocess.py:93} INFO - 25/12/23 08:06:14 INFO BlockManager: BlockManager stopped
[2025-12-23T08:06:15.004+0000] {subprocess.py:93} INFO - 25/12/23 08:06:14 INFO BlockManagerMaster: BlockManagerMaster stopped
[2025-12-23T08:06:15.045+0000] {subprocess.py:93} INFO - 25/12/23 08:06:15 INFO OutputCommitCoordinator$OutputCommitCoordinatorEndpoint: OutputCommitCoordinator stopped!
[2025-12-23T08:06:15.021+0000] {local_task_job_runner.py:310} WARNING - State of this instance has been externally set to None. Terminating instance.
[2025-12-23T08:06:15.064+0000] {local_task_job_runner.py:222} INFO - ::endgroup::
[2025-12-23T08:06:15.081+0000] {process_utils.py:132} INFO - Sending 15 to group 283. PIDs of all processes in the group: [284, 285, 283]
[2025-12-23T08:06:15.083+0000] {process_utils.py:87} INFO - Sending the signal 15 to group 283
[2025-12-23T08:06:15.088+0000] {taskinstance.py:2607} ERROR - Received SIGTERM. Terminating subprocesses.
[2025-12-23T08:06:15.090+0000] {subprocess.py:104} INFO - Sending SIGTERM signal to process group
[2025-12-23T08:06:15.104+0000] {taskinstance.py:441} INFO - ::group::Post task execution logs
[2025-12-23T08:06:15.250+0000] {taskinstance.py:2890} ERROR - Task failed with exception
Traceback (most recent call last):
  File "/home/airflow/.local/lib/python3.12/site-packages/airflow/models/taskinstance.py", line 465, in _execute_task
    result = _execute_callable(context=context, **execute_callable_kwargs)
             ^^^^^^^^^^^^^^^^^^^^^^^^^^^^^^^^^^^^^^^^^^^^^^^^^^^^^^^^^^^^^
  File "/home/airflow/.local/lib/python3.12/site-packages/airflow/models/taskinstance.py", line 432, in _execute_callable
    return execute_callable(context=context, **execute_callable_kwargs)
           ^^^^^^^^^^^^^^^^^^^^^^^^^^^^^^^^^^^^^^^^^^^^^^^^^^^^^^^^^^^^
  File "/home/airflow/.local/lib/python3.12/site-packages/airflow/models/baseoperator.py", line 400, in wrapper
    return func(self, *args, **kwargs)
           ^^^^^^^^^^^^^^^^^^^^^^^^^^^
  File "/home/airflow/.local/lib/python3.12/site-packages/airflow/operators/bash.py", line 234, in execute
    result = self.subprocess_hook.run_command(
             ^^^^^^^^^^^^^^^^^^^^^^^^^^^^^^^^^
  File "/home/airflow/.local/lib/python3.12/site-packages/airflow/hooks/subprocess.py", line 91, in run_command
    for raw_line in iter(self.sub_process.stdout.readline, b""):
  File "/home/airflow/.local/lib/python3.12/site-packages/airflow/models/taskinstance.py", line 2609, in signal_handler
    raise AirflowTaskTerminated("Task received SIGTERM signal")
airflow.exceptions.AirflowTaskTerminated: Task received SIGTERM signal
[2025-12-23T08:06:15.292+0000] {taskinstance.py:1205} INFO - Marking task as FAILED. dag_id=***_spark_analytics, task_id=run_***_analytics, execution_date=20251223T080558, start_date=20251223T080558, end_date=20251223T080615
[2025-12-23T08:06:15.446+0000] {process_utils.py:80} INFO - Process psutil.Process(pid=285, status='terminated', started='08:05:58') (285) terminated with exit code None
[2025-12-23T08:06:15.494+0000] {standard_task_runner.py:110} ERROR - Failed to execute job 70 for task run_***_analytics ((psycopg2.errors.ForeignKeyViolation) insert or update on table "task_fail" violates foreign key constraint "task_fail_ti_fkey"
DETAIL:  Key (dag_id, task_id, run_id, map_index)=(telemetry_spark_analytics, run_telemetry_analytics, manual__2025-12-23T08:05:58.131516+00:00, -1) is not present in table "task_instance".

[SQL: INSERT INTO task_fail (task_id, dag_id, run_id, map_index, start_date, end_date, duration) VALUES (%(task_id)s, %(dag_id)s, %(run_id)s, %(map_index)s, %(start_date)s, %(end_date)s, %(duration)s) RETURNING task_fail.id]
[parameters: {'task_id': 'run_telemetry_analytics', 'dag_id': 'telemetry_spark_analytics', 'run_id': 'manual__2025-12-23T08:05:58.131516+00:00', 'map_index': -1, 'start_date': datetime.datetime(2025, 12, 23, 8, 5, 58, 737818, tzinfo=Timezone('UTC')), 'end_date': datetime.datetime(2025, 12, 23, 8, 6, 15, 277685, tzinfo=Timezone('UTC')), 'duration': 16}]
(Background on this error at: https://sqlalche.me/e/14/gkpj); 283)
[2025-12-23T08:06:15.603+0000] {process_utils.py:80} INFO - Process psutil.Process(pid=283, status='terminated', exitcode=1, started='08:05:57') (283) terminated with exit code 1
[2025-12-23T08:06:15.618+0000] {process_utils.py:80} INFO - Process psutil.Process(pid=284, status='terminated', started='08:05:58') (284) terminated with exit code None
