[2025-12-22T05:43:59.147+0000] {local_task_job_runner.py:120} INFO - ::group::Pre task execution logs
[2025-12-22T05:43:59.191+0000] {taskinstance.py:2073} INFO - Dependencies all met for dep_context=non-requeueable deps ti=<TaskInstance: telemetry_spark_analytics.run_telemetry_analytics manual__2025-12-22T05:43:58.232365+00:00 [queued]>
[2025-12-22T05:43:59.199+0000] {taskinstance.py:2073} INFO - Dependencies all met for dep_context=requeueable deps ti=<TaskInstance: telemetry_spark_analytics.run_telemetry_analytics manual__2025-12-22T05:43:58.232365+00:00 [queued]>
[2025-12-22T05:43:59.200+0000] {taskinstance.py:2303} INFO - Starting attempt 1 of 1
[2025-12-22T05:43:59.211+0000] {taskinstance.py:2327} INFO - Executing <Task(BashOperator): run_telemetry_analytics> on 2025-12-22 05:43:58.232365+00:00
[2025-12-22T05:43:59.220+0000] {standard_task_runner.py:90} INFO - Running: ['airflow', 'tasks', 'run', '***_spark_analytics', 'run_***_analytics', 'manual__2025-12-22T05:43:58.232365+00:00', '--job-id', '61', '--raw', '--subdir', 'DAGS_FOLDER/***_spark_analytics_dag.py', '--cfg-path', '/tmp/tmp_0imcelf']
[2025-12-22T05:43:59.232+0000] {standard_task_runner.py:91} INFO - Job 61: Subtask run_***_analytics
[2025-12-22T05:43:59.234+0000] {logging_mixin.py:188} WARNING - /home/airflow/.local/lib/python3.12/site-packages/airflow/task/task_runner/standard_task_runner.py:61 DeprecationWarning: This process (pid=233) is multi-threaded, use of fork() may lead to deadlocks in the child.
[2025-12-22T05:43:59.236+0000] {standard_task_runner.py:63} INFO - Started process 234 to run task
[2025-12-22T05:43:59.325+0000] {task_command.py:426} INFO - Running <TaskInstance: telemetry_spark_analytics.run_telemetry_analytics manual__2025-12-22T05:43:58.232365+00:00 [running]> on host 2e8ce9c4abf6
[2025-12-22T05:43:59.428+0000] {taskinstance.py:2644} INFO - Exporting env vars: AIRFLOW_CTX_DAG_OWNER='airflow' AIRFLOW_CTX_DAG_ID='***_spark_analytics' AIRFLOW_CTX_TASK_ID='run_***_analytics' AIRFLOW_CTX_EXECUTION_DATE='2025-12-22T05:43:58.232365+00:00' AIRFLOW_CTX_TRY_NUMBER='1' AIRFLOW_CTX_DAG_RUN_ID='manual__2025-12-22T05:43:58.232365+00:00'
[2025-12-22T05:43:59.430+0000] {taskinstance.py:430} INFO - ::endgroup::
[2025-12-22T05:43:59.476+0000] {subprocess.py:63} INFO - Tmp dir root location: /tmp
[2025-12-22T05:43:59.478+0000] {subprocess.py:75} INFO - Running command: ['/usr/bin/bash', '-c', '\n        docker exec ***_spark         /opt/spark/bin/spark-submit         --master local[*]         --jars /opt/spark/jars/postgresql.jar         /opt/spark/jobs/***_analytics_job.py\n        ']
[2025-12-22T05:43:59.492+0000] {subprocess.py:86} INFO - Output:
[2025-12-22T05:44:03.334+0000] {subprocess.py:93} INFO - 25/12/22 05:44:03 WARN NativeCodeLoader: Unable to load native-hadoop library for your platform... using builtin-java classes where applicable
[2025-12-22T05:44:04.044+0000] {subprocess.py:93} INFO - 25/12/22 05:44:04 INFO SparkContext: Running Spark version 3.5.1
[2025-12-22T05:44:04.045+0000] {subprocess.py:93} INFO - 25/12/22 05:44:04 INFO SparkContext: OS info Linux, 6.10.14-linuxkit, aarch64
[2025-12-22T05:44:04.045+0000] {subprocess.py:93} INFO - 25/12/22 05:44:04 INFO SparkContext: Java version 11.0.22
[2025-12-22T05:44:04.064+0000] {subprocess.py:93} INFO - 25/12/22 05:44:04 INFO ResourceUtils: ==============================================================
[2025-12-22T05:44:04.065+0000] {subprocess.py:93} INFO - 25/12/22 05:44:04 INFO ResourceUtils: No custom resources configured for spark.driver.
[2025-12-22T05:44:04.065+0000] {subprocess.py:93} INFO - 25/12/22 05:44:04 INFO ResourceUtils: ==============================================================
[2025-12-22T05:44:04.065+0000] {subprocess.py:93} INFO - 25/12/22 05:44:04 INFO SparkContext: Submitted application: Telemetry Analytics Job
[2025-12-22T05:44:04.097+0000] {subprocess.py:93} INFO - 25/12/22 05:44:04 INFO ResourceProfile: Default ResourceProfile created, executor resources: Map(cores -> name: cores, amount: 1, script: , vendor: , memory -> name: memory, amount: 1024, script: , vendor: , offHeap -> name: offHeap, amount: 0, script: , vendor: ), task resources: Map(cpus -> name: cpus, amount: 1.0)
[2025-12-22T05:44:04.111+0000] {subprocess.py:93} INFO - 25/12/22 05:44:04 INFO ResourceProfile: Limiting resource is cpu
[2025-12-22T05:44:04.112+0000] {subprocess.py:93} INFO - 25/12/22 05:44:04 INFO ResourceProfileManager: Added ResourceProfile id: 0
[2025-12-22T05:44:04.162+0000] {subprocess.py:93} INFO - 25/12/22 05:44:04 INFO SecurityManager: Changing view acls to: root
[2025-12-22T05:44:04.163+0000] {subprocess.py:93} INFO - 25/12/22 05:44:04 INFO SecurityManager: Changing modify acls to: root
[2025-12-22T05:44:04.163+0000] {subprocess.py:93} INFO - 25/12/22 05:44:04 INFO SecurityManager: Changing view acls groups to:
[2025-12-22T05:44:04.164+0000] {subprocess.py:93} INFO - 25/12/22 05:44:04 INFO SecurityManager: Changing modify acls groups to:
[2025-12-22T05:44:04.164+0000] {subprocess.py:93} INFO - 25/12/22 05:44:04 INFO SecurityManager: SecurityManager: authentication disabled; ui acls disabled; users with view permissions: root; groups with view permissions: EMPTY; users with modify permissions: root; groups with modify permissions: EMPTY
[2025-12-22T05:44:04.388+0000] {subprocess.py:93} INFO - 25/12/22 05:44:04 INFO Utils: Successfully started service 'sparkDriver' on port 39171.
[2025-12-22T05:44:04.411+0000] {subprocess.py:93} INFO - 25/12/22 05:44:04 INFO SparkEnv: Registering MapOutputTracker
[2025-12-22T05:44:04.467+0000] {subprocess.py:93} INFO - 25/12/22 05:44:04 INFO SparkEnv: Registering BlockManagerMaster
[2025-12-22T05:44:04.486+0000] {subprocess.py:93} INFO - 25/12/22 05:44:04 INFO BlockManagerMasterEndpoint: Using org.apache.spark.storage.DefaultTopologyMapper for getting topology information
[2025-12-22T05:44:04.489+0000] {subprocess.py:93} INFO - 25/12/22 05:44:04 INFO BlockManagerMasterEndpoint: BlockManagerMasterEndpoint up
[2025-12-22T05:44:04.492+0000] {subprocess.py:93} INFO - 25/12/22 05:44:04 INFO SparkEnv: Registering BlockManagerMasterHeartbeat
[2025-12-22T05:44:04.535+0000] {subprocess.py:93} INFO - 25/12/22 05:44:04 INFO DiskBlockManager: Created local directory at /tmp/blockmgr-f9ec962d-1ec8-44a3-a131-18928508bd52
[2025-12-22T05:44:04.551+0000] {subprocess.py:93} INFO - 25/12/22 05:44:04 INFO MemoryStore: MemoryStore started with capacity 434.4 MiB
[2025-12-22T05:44:04.576+0000] {subprocess.py:93} INFO - 25/12/22 05:44:04 INFO SparkEnv: Registering OutputCommitCoordinator
[2025-12-22T05:44:04.728+0000] {subprocess.py:93} INFO - 25/12/22 05:44:04 INFO JettyUtils: Start Jetty 0.0.0.0:4040 for SparkUI
[2025-12-22T05:44:04.770+0000] {subprocess.py:93} INFO - 25/12/22 05:44:04 INFO Utils: Successfully started service 'SparkUI' on port 4040.
[2025-12-22T05:44:04.798+0000] {subprocess.py:93} INFO - 25/12/22 05:44:04 INFO SparkContext: Added JAR file:///opt/spark/jars/postgresql.jar at spark://a11ac9b795dc:39171/jars/postgresql.jar with timestamp 1766382244034
[2025-12-22T05:44:04.844+0000] {subprocess.py:93} INFO - 25/12/22 05:44:04 INFO Executor: Starting executor ID driver on host a11ac9b795dc
[2025-12-22T05:44:04.844+0000] {subprocess.py:93} INFO - 25/12/22 05:44:04 INFO Executor: OS info Linux, 6.10.14-linuxkit, aarch64
[2025-12-22T05:44:04.845+0000] {subprocess.py:93} INFO - 25/12/22 05:44:04 INFO Executor: Java version 11.0.22
[2025-12-22T05:44:04.850+0000] {subprocess.py:93} INFO - 25/12/22 05:44:04 INFO Executor: Starting executor with user classpath (userClassPathFirst = false): ''
[2025-12-22T05:44:04.850+0000] {subprocess.py:93} INFO - 25/12/22 05:44:04 INFO Executor: Created or updated repl class loader org.apache.spark.util.MutableURLClassLoader@5f8e9eee for default.
[2025-12-22T05:44:04.859+0000] {subprocess.py:93} INFO - 25/12/22 05:44:04 INFO Executor: Fetching spark://a11ac9b795dc:39171/jars/postgresql.jar with timestamp 1766382244034
[2025-12-22T05:44:04.897+0000] {subprocess.py:93} INFO - 25/12/22 05:44:04 INFO TransportClientFactory: Successfully created connection to a11ac9b795dc/172.24.0.4:39171 after 22 ms (0 ms spent in bootstraps)
[2025-12-22T05:44:04.901+0000] {subprocess.py:93} INFO - 25/12/22 05:44:04 INFO Utils: Fetching spark://a11ac9b795dc:39171/jars/postgresql.jar to /tmp/spark-fa204ebf-0b3e-4de7-bf79-a99aa457994d/userFiles-6f4c84d4-1d00-4365-beaa-da037c8f1cab/fetchFileTemp15323227991701688693.tmp
[2025-12-22T05:44:04.966+0000] {subprocess.py:93} INFO - 25/12/22 05:44:04 INFO Executor: Adding file:/tmp/spark-fa204ebf-0b3e-4de7-bf79-a99aa457994d/userFiles-6f4c84d4-1d00-4365-beaa-da037c8f1cab/postgresql.jar to class loader default
[2025-12-22T05:44:04.978+0000] {subprocess.py:93} INFO - 25/12/22 05:44:04 INFO Utils: Successfully started service 'org.apache.spark.network.netty.NettyBlockTransferService' on port 35599.
[2025-12-22T05:44:04.979+0000] {subprocess.py:93} INFO - 25/12/22 05:44:04 INFO NettyBlockTransferService: Server created on a11ac9b795dc:35599
[2025-12-22T05:44:04.981+0000] {subprocess.py:93} INFO - 25/12/22 05:44:04 INFO BlockManager: Using org.apache.spark.storage.RandomBlockReplicationPolicy for block replication policy
[2025-12-22T05:44:04.986+0000] {subprocess.py:93} INFO - 25/12/22 05:44:04 INFO BlockManagerMaster: Registering BlockManager BlockManagerId(driver, a11ac9b795dc, 35599, None)
[2025-12-22T05:44:04.989+0000] {subprocess.py:93} INFO - 25/12/22 05:44:04 INFO BlockManagerMasterEndpoint: Registering block manager a11ac9b795dc:35599 with 434.4 MiB RAM, BlockManagerId(driver, a11ac9b795dc, 35599, None)
[2025-12-22T05:44:04.991+0000] {subprocess.py:93} INFO - 25/12/22 05:44:04 INFO BlockManagerMaster: Registered BlockManager BlockManagerId(driver, a11ac9b795dc, 35599, None)
[2025-12-22T05:44:04.992+0000] {subprocess.py:93} INFO - 25/12/22 05:44:04 INFO BlockManager: Initialized BlockManager: BlockManagerId(driver, a11ac9b795dc, 35599, None)
[2025-12-22T05:44:05.338+0000] {subprocess.py:93} INFO - 25/12/22 05:44:05 INFO SharedState: Setting hive.metastore.warehouse.dir ('null') to the value of spark.sql.warehouse.dir.
[2025-12-22T05:44:05.339+0000] {subprocess.py:93} INFO - 25/12/22 05:44:05 INFO SharedState: Warehouse path is 'file:/opt/spark/spark-warehouse'.
[2025-12-22T05:44:08.365+0000] {subprocess.py:93} INFO - 25/12/22 05:44:08 INFO CodeGenerator: Code generated in 165.106251 ms
[2025-12-22T05:44:08.549+0000] {subprocess.py:93} INFO - 25/12/22 05:44:08 INFO DAGScheduler: Registering RDD 2 (jdbc at <unknown>:0) as input to shuffle 0
[2025-12-22T05:44:08.563+0000] {subprocess.py:93} INFO - 25/12/22 05:44:08 INFO DAGScheduler: Got map stage job 0 (jdbc at <unknown>:0) with 1 output partitions
[2025-12-22T05:44:08.563+0000] {subprocess.py:93} INFO - 25/12/22 05:44:08 INFO DAGScheduler: Final stage: ShuffleMapStage 0 (jdbc at <unknown>:0)
[2025-12-22T05:44:08.563+0000] {subprocess.py:93} INFO - 25/12/22 05:44:08 INFO DAGScheduler: Parents of final stage: List()
[2025-12-22T05:44:08.563+0000] {subprocess.py:93} INFO - 25/12/22 05:44:08 INFO DAGScheduler: Missing parents: List()
[2025-12-22T05:44:08.566+0000] {subprocess.py:93} INFO - 25/12/22 05:44:08 INFO DAGScheduler: Submitting ShuffleMapStage 0 (MapPartitionsRDD[2] at jdbc at <unknown>:0), which has no missing parents
[2025-12-22T05:44:08.629+0000] {subprocess.py:93} INFO - 25/12/22 05:44:08 INFO MemoryStore: Block broadcast_0 stored as values in memory (estimated size 43.4 KiB, free 434.4 MiB)
[2025-12-22T05:44:08.675+0000] {subprocess.py:93} INFO - 25/12/22 05:44:08 INFO MemoryStore: Block broadcast_0_piece0 stored as bytes in memory (estimated size 20.0 KiB, free 434.3 MiB)
[2025-12-22T05:44:08.678+0000] {subprocess.py:93} INFO - 25/12/22 05:44:08 INFO BlockManagerInfo: Added broadcast_0_piece0 in memory on a11ac9b795dc:35599 (size: 20.0 KiB, free: 434.4 MiB)
[2025-12-22T05:44:08.684+0000] {subprocess.py:93} INFO - 25/12/22 05:44:08 INFO SparkContext: Created broadcast 0 from broadcast at DAGScheduler.scala:1585
[2025-12-22T05:44:08.697+0000] {subprocess.py:93} INFO - 25/12/22 05:44:08 INFO DAGScheduler: Submitting 1 missing tasks from ShuffleMapStage 0 (MapPartitionsRDD[2] at jdbc at <unknown>:0) (first 15 tasks are for partitions Vector(0))
[2025-12-22T05:44:08.698+0000] {subprocess.py:93} INFO - 25/12/22 05:44:08 INFO TaskSchedulerImpl: Adding task set 0.0 with 1 tasks resource profile 0
[2025-12-22T05:44:08.745+0000] {subprocess.py:93} INFO - 25/12/22 05:44:08 INFO TaskSetManager: Starting task 0.0 in stage 0.0 (TID 0) (a11ac9b795dc, executor driver, partition 0, PROCESS_LOCAL, 7623 bytes)
[2025-12-22T05:44:08.758+0000] {subprocess.py:93} INFO - 25/12/22 05:44:08 INFO Executor: Running task 0.0 in stage 0.0 (TID 0)
[2025-12-22T05:44:08.869+0000] {subprocess.py:93} INFO - 25/12/22 05:44:08 INFO CodeGenerator: Code generated in 31.3205 ms
[2025-12-22T05:44:08.885+0000] {subprocess.py:93} INFO - 25/12/22 05:44:08 INFO CodeGenerator: Code generated in 7.8785 ms
[2025-12-22T05:44:08.901+0000] {subprocess.py:93} INFO - 25/12/22 05:44:08 INFO CodeGenerator: Code generated in 5.173084 ms
[2025-12-22T05:44:08.915+0000] {subprocess.py:93} INFO - 25/12/22 05:44:08 INFO CodeGenerator: Code generated in 6.958 ms
[2025-12-22T05:44:08.925+0000] {subprocess.py:93} INFO - 25/12/22 05:44:08 INFO CodeGenerator: Code generated in 4.605833 ms
[2025-12-22T05:44:08.985+0000] {subprocess.py:93} INFO - 25/12/22 05:44:08 INFO JDBCRDD: closed connection
[2025-12-22T05:44:09.032+0000] {subprocess.py:93} INFO - 25/12/22 05:44:09 INFO Executor: Finished task 0.0 in stage 0.0 (TID 0). 2491 bytes result sent to driver
[2025-12-22T05:44:09.039+0000] {subprocess.py:93} INFO - 25/12/22 05:44:09 INFO TaskSetManager: Finished task 0.0 in stage 0.0 (TID 0) in 301 ms on a11ac9b795dc (executor driver) (1/1)
[2025-12-22T05:44:09.041+0000] {subprocess.py:93} INFO - 25/12/22 05:44:09 INFO TaskSchedulerImpl: Removed TaskSet 0.0, whose tasks have all completed, from pool
[2025-12-22T05:44:09.046+0000] {subprocess.py:93} INFO - 25/12/22 05:44:09 INFO DAGScheduler: ShuffleMapStage 0 (jdbc at <unknown>:0) finished in 0.466 s
[2025-12-22T05:44:09.047+0000] {subprocess.py:93} INFO - 25/12/22 05:44:09 INFO DAGScheduler: looking for newly runnable stages
[2025-12-22T05:44:09.047+0000] {subprocess.py:93} INFO - 25/12/22 05:44:09 INFO DAGScheduler: running: Set()
[2025-12-22T05:44:09.048+0000] {subprocess.py:93} INFO - 25/12/22 05:44:09 INFO DAGScheduler: waiting: Set()
[2025-12-22T05:44:09.048+0000] {subprocess.py:93} INFO - 25/12/22 05:44:09 INFO DAGScheduler: failed: Set()
[2025-12-22T05:44:09.062+0000] {subprocess.py:93} INFO - 25/12/22 05:44:09 INFO ShufflePartitionsUtil: For shuffle(0), advisory target size: 67108864, actual target size 1048576, minimum partition size: 1048576
[2025-12-22T05:44:09.076+0000] {subprocess.py:93} INFO - 25/12/22 05:44:09 INFO HashAggregateExec: spark.sql.codegen.aggregate.map.twolevel.enabled is set to true, but current version of codegened fast hashmap does not support this aggregate.
[2025-12-22T05:44:09.106+0000] {subprocess.py:93} INFO - 25/12/22 05:44:09 INFO CodeGenerator: Code generated in 23.511708 ms
[2025-12-22T05:44:09.113+0000] {subprocess.py:93} INFO - 25/12/22 05:44:09 INFO BlockManagerInfo: Removed broadcast_0_piece0 on a11ac9b795dc:35599 in memory (size: 20.0 KiB, free: 434.4 MiB)
[2025-12-22T05:44:09.149+0000] {subprocess.py:93} INFO - 25/12/22 05:44:09 INFO SparkContext: Starting job: jdbc at <unknown>:0
[2025-12-22T05:44:09.153+0000] {subprocess.py:93} INFO - 25/12/22 05:44:09 INFO DAGScheduler: Got job 1 (jdbc at <unknown>:0) with 1 output partitions
[2025-12-22T05:44:09.155+0000] {subprocess.py:93} INFO - 25/12/22 05:44:09 INFO DAGScheduler: Final stage: ResultStage 2 (jdbc at <unknown>:0)
[2025-12-22T05:44:09.155+0000] {subprocess.py:93} INFO - 25/12/22 05:44:09 INFO DAGScheduler: Parents of final stage: List(ShuffleMapStage 1)
[2025-12-22T05:44:09.160+0000] {subprocess.py:93} INFO - 25/12/22 05:44:09 INFO DAGScheduler: Missing parents: List()
[2025-12-22T05:44:09.164+0000] {subprocess.py:93} INFO - 25/12/22 05:44:09 INFO DAGScheduler: Submitting ResultStage 2 (MapPartitionsRDD[7] at jdbc at <unknown>:0), which has no missing parents
[2025-12-22T05:44:09.200+0000] {subprocess.py:93} INFO - 25/12/22 05:44:09 INFO MemoryStore: Block broadcast_1 stored as values in memory (estimated size 53.8 KiB, free 434.3 MiB)
[2025-12-22T05:44:09.201+0000] {subprocess.py:93} INFO - 25/12/22 05:44:09 INFO MemoryStore: Block broadcast_1_piece0 stored as bytes in memory (estimated size 24.0 KiB, free 434.3 MiB)
[2025-12-22T05:44:09.201+0000] {subprocess.py:93} INFO - 25/12/22 05:44:09 INFO BlockManagerInfo: Added broadcast_1_piece0 in memory on a11ac9b795dc:35599 (size: 24.0 KiB, free: 434.4 MiB)
[2025-12-22T05:44:09.202+0000] {subprocess.py:93} INFO - 25/12/22 05:44:09 INFO SparkContext: Created broadcast 1 from broadcast at DAGScheduler.scala:1585
[2025-12-22T05:44:09.203+0000] {subprocess.py:93} INFO - 25/12/22 05:44:09 INFO DAGScheduler: Submitting 1 missing tasks from ResultStage 2 (MapPartitionsRDD[7] at jdbc at <unknown>:0) (first 15 tasks are for partitions Vector(0))
[2025-12-22T05:44:09.203+0000] {subprocess.py:93} INFO - 25/12/22 05:44:09 INFO TaskSchedulerImpl: Adding task set 2.0 with 1 tasks resource profile 0
[2025-12-22T05:44:09.208+0000] {subprocess.py:93} INFO - 25/12/22 05:44:09 INFO TaskSetManager: Starting task 0.0 in stage 2.0 (TID 1) (a11ac9b795dc, executor driver, partition 0, NODE_LOCAL, 7788 bytes)
[2025-12-22T05:44:09.209+0000] {subprocess.py:93} INFO - 25/12/22 05:44:09 INFO Executor: Running task 0.0 in stage 2.0 (TID 1)
[2025-12-22T05:44:09.295+0000] {subprocess.py:93} INFO - 25/12/22 05:44:09 INFO ShuffleBlockFetcherIterator: Getting 1 (88.0 B) non-empty blocks including 1 (88.0 B) local and 0 (0.0 B) host-local and 0 (0.0 B) push-merged-local and 0 (0.0 B) remote blocks
[2025-12-22T05:44:09.296+0000] {subprocess.py:93} INFO - 25/12/22 05:44:09 INFO ShuffleBlockFetcherIterator: Started 0 remote fetches in 8 ms
[2025-12-22T05:44:09.309+0000] {subprocess.py:93} INFO - 25/12/22 05:44:09 INFO CodeGenerator: Code generated in 10.601834 ms
[2025-12-22T05:44:09.953+0000] {subprocess.py:93} INFO - 25/12/22 05:44:09 INFO CodeGenerator: Code generated in 9.796541 ms
[2025-12-22T05:44:09.992+0000] {subprocess.py:93} INFO - 25/12/22 05:44:09 INFO Executor: Finished task 0.0 in stage 2.0 (TID 1). 4695 bytes result sent to driver
[2025-12-22T05:44:09.994+0000] {subprocess.py:93} INFO - 25/12/22 05:44:09 INFO TaskSetManager: Finished task 0.0 in stage 2.0 (TID 1) in 787 ms on a11ac9b795dc (executor driver) (1/1)
[2025-12-22T05:44:09.995+0000] {subprocess.py:93} INFO - 25/12/22 05:44:09 INFO TaskSchedulerImpl: Removed TaskSet 2.0, whose tasks have all completed, from pool
[2025-12-22T05:44:09.996+0000] {subprocess.py:93} INFO - 25/12/22 05:44:09 INFO DAGScheduler: ResultStage 2 (jdbc at <unknown>:0) finished in 0.817 s
[2025-12-22T05:44:09.997+0000] {subprocess.py:93} INFO - 25/12/22 05:44:09 INFO DAGScheduler: Job 1 is finished. Cancelling potential speculative or zombie tasks for this job
[2025-12-22T05:44:09.997+0000] {subprocess.py:93} INFO - 25/12/22 05:44:09 INFO TaskSchedulerImpl: Killing all running tasks in stage 2: Stage finished
[2025-12-22T05:44:10.000+0000] {subprocess.py:93} INFO - 25/12/22 05:44:09 INFO DAGScheduler: Job 1 finished: jdbc at <unknown>:0, took 0.849140 s
[2025-12-22T05:44:10.162+0000] {subprocess.py:93} INFO - 25/12/22 05:44:10 INFO CodeGenerator: Code generated in 20.002541 ms
[2025-12-22T05:44:10.169+0000] {subprocess.py:93} INFO - 25/12/22 05:44:10 INFO DAGScheduler: Registering RDD 10 (jdbc at <unknown>:0) as input to shuffle 1
[2025-12-22T05:44:10.170+0000] {subprocess.py:93} INFO - 25/12/22 05:44:10 INFO DAGScheduler: Got map stage job 2 (jdbc at <unknown>:0) with 1 output partitions
[2025-12-22T05:44:10.171+0000] {subprocess.py:93} INFO - 25/12/22 05:44:10 INFO DAGScheduler: Final stage: ShuffleMapStage 3 (jdbc at <unknown>:0)
[2025-12-22T05:44:10.172+0000] {subprocess.py:93} INFO - 25/12/22 05:44:10 INFO DAGScheduler: Parents of final stage: List()
[2025-12-22T05:44:10.172+0000] {subprocess.py:93} INFO - 25/12/22 05:44:10 INFO DAGScheduler: Missing parents: List()
[2025-12-22T05:44:10.175+0000] {subprocess.py:93} INFO - 25/12/22 05:44:10 INFO DAGScheduler: Submitting ShuffleMapStage 3 (MapPartitionsRDD[10] at jdbc at <unknown>:0), which has no missing parents
[2025-12-22T05:44:10.178+0000] {subprocess.py:93} INFO - 25/12/22 05:44:10 INFO MemoryStore: Block broadcast_2 stored as values in memory (estimated size 37.8 KiB, free 434.3 MiB)
[2025-12-22T05:44:10.180+0000] {subprocess.py:93} INFO - 25/12/22 05:44:10 INFO MemoryStore: Block broadcast_2_piece0 stored as bytes in memory (estimated size 17.9 KiB, free 434.3 MiB)
[2025-12-22T05:44:10.181+0000] {subprocess.py:93} INFO - 25/12/22 05:44:10 INFO BlockManagerInfo: Added broadcast_2_piece0 in memory on a11ac9b795dc:35599 (size: 17.9 KiB, free: 434.4 MiB)
[2025-12-22T05:44:10.182+0000] {subprocess.py:93} INFO - 25/12/22 05:44:10 INFO SparkContext: Created broadcast 2 from broadcast at DAGScheduler.scala:1585
[2025-12-22T05:44:10.183+0000] {subprocess.py:93} INFO - 25/12/22 05:44:10 INFO DAGScheduler: Submitting 1 missing tasks from ShuffleMapStage 3 (MapPartitionsRDD[10] at jdbc at <unknown>:0) (first 15 tasks are for partitions Vector(0))
[2025-12-22T05:44:10.183+0000] {subprocess.py:93} INFO - 25/12/22 05:44:10 INFO TaskSchedulerImpl: Adding task set 3.0 with 1 tasks resource profile 0
[2025-12-22T05:44:10.185+0000] {subprocess.py:93} INFO - 25/12/22 05:44:10 INFO TaskSetManager: Starting task 0.0 in stage 3.0 (TID 2) (a11ac9b795dc, executor driver, partition 0, PROCESS_LOCAL, 7623 bytes)
[2025-12-22T05:44:10.186+0000] {subprocess.py:93} INFO - 25/12/22 05:44:10 INFO Executor: Running task 0.0 in stage 3.0 (TID 2)
[2025-12-22T05:44:10.228+0000] {subprocess.py:93} INFO - 25/12/22 05:44:10 INFO CodeGenerator: Code generated in 19.850458 ms
[2025-12-22T05:44:10.238+0000] {subprocess.py:93} INFO - 25/12/22 05:44:10 INFO CodeGenerator: Code generated in 3.663584 ms
[2025-12-22T05:44:10.247+0000] {subprocess.py:93} INFO - 25/12/22 05:44:10 INFO CodeGenerator: Code generated in 3.768791 ms
[2025-12-22T05:44:10.252+0000] {subprocess.py:93} INFO - 25/12/22 05:44:10 INFO JDBCRDD: closed connection
[2025-12-22T05:44:10.268+0000] {subprocess.py:93} INFO - 25/12/22 05:44:10 INFO Executor: Finished task 0.0 in stage 3.0 (TID 2). 2448 bytes result sent to driver
[2025-12-22T05:44:10.272+0000] {subprocess.py:93} INFO - 25/12/22 05:44:10 INFO TaskSetManager: Finished task 0.0 in stage 3.0 (TID 2) in 86 ms on a11ac9b795dc (executor driver) (1/1)
[2025-12-22T05:44:10.272+0000] {subprocess.py:93} INFO - 25/12/22 05:44:10 INFO TaskSchedulerImpl: Removed TaskSet 3.0, whose tasks have all completed, from pool
[2025-12-22T05:44:10.272+0000] {subprocess.py:93} INFO - 25/12/22 05:44:10 INFO DAGScheduler: ShuffleMapStage 3 (jdbc at <unknown>:0) finished in 0.097 s
[2025-12-22T05:44:10.273+0000] {subprocess.py:93} INFO - 25/12/22 05:44:10 INFO DAGScheduler: looking for newly runnable stages
[2025-12-22T05:44:10.274+0000] {subprocess.py:93} INFO - 25/12/22 05:44:10 INFO DAGScheduler: running: Set()
[2025-12-22T05:44:10.274+0000] {subprocess.py:93} INFO - 25/12/22 05:44:10 INFO DAGScheduler: waiting: Set()
[2025-12-22T05:44:10.274+0000] {subprocess.py:93} INFO - 25/12/22 05:44:10 INFO DAGScheduler: failed: Set()
[2025-12-22T05:44:10.277+0000] {subprocess.py:93} INFO - 25/12/22 05:44:10 INFO ShufflePartitionsUtil: For shuffle(1), advisory target size: 67108864, actual target size 1048576, minimum partition size: 1048576
[2025-12-22T05:44:10.282+0000] {subprocess.py:93} INFO - 25/12/22 05:44:10 INFO HashAggregateExec: spark.sql.codegen.aggregate.map.twolevel.enabled is set to true, but current version of codegened fast hashmap does not support this aggregate.
[2025-12-22T05:44:10.312+0000] {subprocess.py:93} INFO - 25/12/22 05:44:10 INFO BlockManagerInfo: Removed broadcast_1_piece0 on a11ac9b795dc:35599 in memory (size: 24.0 KiB, free: 434.4 MiB)
[2025-12-22T05:44:10.314+0000] {subprocess.py:93} INFO - 25/12/22 05:44:10 INFO CodeGenerator: Code generated in 27.508125 ms
[2025-12-22T05:44:10.320+0000] {subprocess.py:93} INFO - 25/12/22 05:44:10 INFO BlockManagerInfo: Removed broadcast_2_piece0 on a11ac9b795dc:35599 in memory (size: 17.9 KiB, free: 434.4 MiB)
[2025-12-22T05:44:10.332+0000] {subprocess.py:93} INFO - 25/12/22 05:44:10 INFO SparkContext: Starting job: jdbc at <unknown>:0
[2025-12-22T05:44:10.333+0000] {subprocess.py:93} INFO - 25/12/22 05:44:10 INFO DAGScheduler: Got job 3 (jdbc at <unknown>:0) with 1 output partitions
[2025-12-22T05:44:10.333+0000] {subprocess.py:93} INFO - 25/12/22 05:44:10 INFO DAGScheduler: Final stage: ResultStage 5 (jdbc at <unknown>:0)
[2025-12-22T05:44:10.333+0000] {subprocess.py:93} INFO - 25/12/22 05:44:10 INFO DAGScheduler: Parents of final stage: List(ShuffleMapStage 4)
[2025-12-22T05:44:10.334+0000] {subprocess.py:93} INFO - 25/12/22 05:44:10 INFO DAGScheduler: Missing parents: List()
[2025-12-22T05:44:10.336+0000] {subprocess.py:93} INFO - 25/12/22 05:44:10 INFO DAGScheduler: Submitting ResultStage 5 (MapPartitionsRDD[15] at jdbc at <unknown>:0), which has no missing parents
[2025-12-22T05:44:10.341+0000] {subprocess.py:93} INFO - 25/12/22 05:44:10 INFO MemoryStore: Block broadcast_3 stored as values in memory (estimated size 46.8 KiB, free 434.4 MiB)
[2025-12-22T05:44:10.342+0000] {subprocess.py:93} INFO - 25/12/22 05:44:10 INFO MemoryStore: Block broadcast_3_piece0 stored as bytes in memory (estimated size 21.6 KiB, free 434.3 MiB)
[2025-12-22T05:44:10.343+0000] {subprocess.py:93} INFO - 25/12/22 05:44:10 INFO BlockManagerInfo: Added broadcast_3_piece0 in memory on a11ac9b795dc:35599 (size: 21.6 KiB, free: 434.4 MiB)
[2025-12-22T05:44:10.343+0000] {subprocess.py:93} INFO - 25/12/22 05:44:10 INFO SparkContext: Created broadcast 3 from broadcast at DAGScheduler.scala:1585
[2025-12-22T05:44:10.343+0000] {subprocess.py:93} INFO - 25/12/22 05:44:10 INFO DAGScheduler: Submitting 1 missing tasks from ResultStage 5 (MapPartitionsRDD[15] at jdbc at <unknown>:0) (first 15 tasks are for partitions Vector(0))
[2025-12-22T05:44:10.343+0000] {subprocess.py:93} INFO - 25/12/22 05:44:10 INFO TaskSchedulerImpl: Adding task set 5.0 with 1 tasks resource profile 0
[2025-12-22T05:44:10.345+0000] {subprocess.py:93} INFO - 25/12/22 05:44:10 INFO TaskSetManager: Starting task 0.0 in stage 5.0 (TID 3) (a11ac9b795dc, executor driver, partition 0, NODE_LOCAL, 7788 bytes)
[2025-12-22T05:44:10.345+0000] {subprocess.py:93} INFO - 25/12/22 05:44:10 INFO Executor: Running task 0.0 in stage 5.0 (TID 3)
[2025-12-22T05:44:10.357+0000] {subprocess.py:93} INFO - 25/12/22 05:44:10 INFO ShuffleBlockFetcherIterator: Getting 1 (80.0 B) non-empty blocks including 1 (80.0 B) local and 0 (0.0 B) host-local and 0 (0.0 B) push-merged-local and 0 (0.0 B) remote blocks
[2025-12-22T05:44:10.357+0000] {subprocess.py:93} INFO - 25/12/22 05:44:10 INFO ShuffleBlockFetcherIterator: Started 0 remote fetches in 0 ms
[2025-12-22T05:44:10.365+0000] {subprocess.py:93} INFO - 25/12/22 05:44:10 INFO CodeGenerator: Code generated in 7.790541 ms
[2025-12-22T05:44:10.374+0000] {subprocess.py:93} INFO - 25/12/22 05:44:10 INFO CodeGenerator: Code generated in 5.19 ms
[2025-12-22T05:44:10.394+0000] {subprocess.py:93} INFO - 25/12/22 05:44:10 INFO Executor: Finished task 0.0 in stage 5.0 (TID 3). 4695 bytes result sent to driver
[2025-12-22T05:44:10.397+0000] {subprocess.py:93} INFO - 25/12/22 05:44:10 INFO TaskSetManager: Finished task 0.0 in stage 5.0 (TID 3) in 51 ms on a11ac9b795dc (executor driver) (1/1)
[2025-12-22T05:44:10.397+0000] {subprocess.py:93} INFO - 25/12/22 05:44:10 INFO TaskSchedulerImpl: Removed TaskSet 5.0, whose tasks have all completed, from pool
[2025-12-22T05:44:10.398+0000] {subprocess.py:93} INFO - 25/12/22 05:44:10 INFO DAGScheduler: ResultStage 5 (jdbc at <unknown>:0) finished in 0.059 s
[2025-12-22T05:44:10.398+0000] {subprocess.py:93} INFO - 25/12/22 05:44:10 INFO DAGScheduler: Job 3 is finished. Cancelling potential speculative or zombie tasks for this job
[2025-12-22T05:44:10.399+0000] {subprocess.py:93} INFO - 25/12/22 05:44:10 INFO TaskSchedulerImpl: Killing all running tasks in stage 5: Stage finished
[2025-12-22T05:44:10.402+0000] {subprocess.py:93} INFO - 25/12/22 05:44:10 INFO DAGScheduler: Job 3 finished: jdbc at <unknown>:0, took 0.066522 s
[2025-12-22T05:44:10.414+0000] {subprocess.py:93} INFO - 25/12/22 05:44:10 INFO SparkContext: SparkContext is stopping with exitCode 0.
[2025-12-22T05:44:10.431+0000] {subprocess.py:93} INFO - 25/12/22 05:44:10 INFO SparkUI: Stopped Spark web UI at http://a11ac9b795dc:4040
[2025-12-22T05:44:10.455+0000] {subprocess.py:93} INFO - 25/12/22 05:44:10 INFO MapOutputTrackerMasterEndpoint: MapOutputTrackerMasterEndpoint stopped!
[2025-12-22T05:44:10.478+0000] {subprocess.py:93} INFO - 25/12/22 05:44:10 INFO MemoryStore: MemoryStore cleared
[2025-12-22T05:44:10.479+0000] {subprocess.py:93} INFO - 25/12/22 05:44:10 INFO BlockManager: BlockManager stopped
[2025-12-22T05:44:10.482+0000] {subprocess.py:93} INFO - 25/12/22 05:44:10 INFO BlockManagerMaster: BlockManagerMaster stopped
[2025-12-22T05:44:10.496+0000] {subprocess.py:93} INFO - 25/12/22 05:44:10 INFO OutputCommitCoordinator$OutputCommitCoordinatorEndpoint: OutputCommitCoordinator stopped!
[2025-12-22T05:44:10.526+0000] {subprocess.py:93} INFO - 25/12/22 05:44:10 INFO SparkContext: Successfully stopped SparkContext
[2025-12-22T05:44:10.727+0000] {subprocess.py:93} INFO - Telemetry analytics job completed successfully!
[2025-12-22T05:44:10.769+0000] {subprocess.py:93} INFO - 25/12/22 05:44:10 INFO ShutdownHookManager: Shutdown hook called
[2025-12-22T05:44:10.769+0000] {subprocess.py:93} INFO - 25/12/22 05:44:10 INFO ShutdownHookManager: Deleting directory /tmp/spark-fa204ebf-0b3e-4de7-bf79-a99aa457994d
[2025-12-22T05:44:10.772+0000] {subprocess.py:93} INFO - 25/12/22 05:44:10 INFO ShutdownHookManager: Deleting directory /tmp/spark-fa204ebf-0b3e-4de7-bf79-a99aa457994d/pyspark-dc361a69-8bc0-46a0-bba9-28ab441e03c0
[2025-12-22T05:44:10.779+0000] {subprocess.py:93} INFO - 25/12/22 05:44:10 INFO ShutdownHookManager: Deleting directory /tmp/spark-8b32f87b-dade-46fa-8e67-2ab0736d6d6e
[2025-12-22T05:44:10.872+0000] {subprocess.py:97} INFO - Command exited with return code 0
[2025-12-22T05:44:10.874+0000] {taskinstance.py:441} INFO - ::group::Post task execution logs
[2025-12-22T05:44:10.920+0000] {taskinstance.py:1205} INFO - Marking task as SUCCESS. dag_id=***_spark_analytics, task_id=run_***_analytics, execution_date=20251222T054358, start_date=20251222T054359, end_date=20251222T054410
[2025-12-22T05:44:10.953+0000] {local_task_job_runner.py:240} INFO - Task exited with return code 0
[2025-12-22T05:44:10.976+0000] {taskinstance.py:3482} INFO - 0 downstream tasks scheduled from follow-on schedule check
[2025-12-22T05:44:10.977+0000] {local_task_job_runner.py:222} INFO - ::endgroup::
