[2025-12-25T10:54:47.044+0000] {local_task_job_runner.py:120} INFO - ::group::Pre task execution logs
[2025-12-25T10:54:47.062+0000] {taskinstance.py:2073} INFO - Dependencies all met for dep_context=non-requeueable deps ti=<TaskInstance: telemetry_spark_analytics.run_telemetry_analytics manual__2025-12-25T10:54:46.051548+00:00 [queued]>
[2025-12-25T10:54:47.065+0000] {taskinstance.py:2073} INFO - Dependencies all met for dep_context=requeueable deps ti=<TaskInstance: telemetry_spark_analytics.run_telemetry_analytics manual__2025-12-25T10:54:46.051548+00:00 [queued]>
[2025-12-25T10:54:47.065+0000] {taskinstance.py:2303} INFO - Starting attempt 1 of 1
[2025-12-25T10:54:47.071+0000] {taskinstance.py:2327} INFO - Executing <Task(BashOperator): run_telemetry_analytics> on 2025-12-25 10:54:46.051548+00:00
[2025-12-25T10:54:47.077+0000] {logging_mixin.py:188} WARNING - /home/airflow/.local/lib/python3.12/site-packages/airflow/task/task_runner/standard_task_runner.py:61 DeprecationWarning: This process (pid=377) is multi-threaded, use of fork() may lead to deadlocks in the child.
[2025-12-25T10:54:47.077+0000] {standard_task_runner.py:63} INFO - Started process 378 to run task
[2025-12-25T10:54:47.077+0000] {standard_task_runner.py:90} INFO - Running: ['airflow', 'tasks', 'run', '***_spark_analytics', 'run_***_analytics', 'manual__2025-12-25T10:54:46.051548+00:00', '--job-id', '120', '--raw', '--subdir', 'DAGS_FOLDER/***_spark_analytics_dag.py', '--cfg-path', '/tmp/tmp62t7hfbu']
[2025-12-25T10:54:47.078+0000] {standard_task_runner.py:91} INFO - Job 120: Subtask run_***_analytics
[2025-12-25T10:54:47.104+0000] {task_command.py:426} INFO - Running <TaskInstance: telemetry_spark_analytics.run_telemetry_analytics manual__2025-12-25T10:54:46.051548+00:00 [running]> on host 90dca852982a
[2025-12-25T10:54:47.153+0000] {taskinstance.py:2644} INFO - Exporting env vars: AIRFLOW_CTX_DAG_OWNER='airflow' AIRFLOW_CTX_DAG_ID='***_spark_analytics' AIRFLOW_CTX_TASK_ID='run_***_analytics' AIRFLOW_CTX_EXECUTION_DATE='2025-12-25T10:54:46.051548+00:00' AIRFLOW_CTX_TRY_NUMBER='1' AIRFLOW_CTX_DAG_RUN_ID='manual__2025-12-25T10:54:46.051548+00:00'
[2025-12-25T10:54:47.153+0000] {taskinstance.py:430} INFO - ::endgroup::
[2025-12-25T10:54:47.160+0000] {subprocess.py:63} INFO - Tmp dir root location: /tmp
[2025-12-25T10:54:47.161+0000] {subprocess.py:75} INFO - Running command: ['/usr/bin/bash', '-c', '\n        docker exec ***_spark         /opt/spark/bin/spark-submit         --master local[*]         --jars /opt/spark/jars/postgresql.jar         /opt/spark/jobs/***_analytics_job.py\n        ']
[2025-12-25T10:54:47.170+0000] {subprocess.py:86} INFO - Output:
[2025-12-25T10:54:49.662+0000] {subprocess.py:93} INFO - 25/12/25 10:54:49 WARN NativeCodeLoader: Unable to load native-hadoop library for your platform... using builtin-java classes where applicable
[2025-12-25T10:54:50.705+0000] {subprocess.py:93} INFO - 25/12/25 10:54:50 INFO SparkContext: Running Spark version 3.5.1
[2025-12-25T10:54:50.717+0000] {subprocess.py:93} INFO - 25/12/25 10:54:50 INFO SparkContext: OS info Linux, 6.10.14-linuxkit, aarch64
[2025-12-25T10:54:50.718+0000] {subprocess.py:93} INFO - 25/12/25 10:54:50 INFO SparkContext: Java version 11.0.22
[2025-12-25T10:54:50.762+0000] {subprocess.py:93} INFO - 25/12/25 10:54:50 INFO ResourceUtils: ==============================================================
[2025-12-25T10:54:50.764+0000] {subprocess.py:93} INFO - 25/12/25 10:54:50 INFO ResourceUtils: No custom resources configured for spark.driver.
[2025-12-25T10:54:50.766+0000] {subprocess.py:93} INFO - 25/12/25 10:54:50 INFO ResourceUtils: ==============================================================
[2025-12-25T10:54:50.768+0000] {subprocess.py:93} INFO - 25/12/25 10:54:50 INFO SparkContext: Submitted application: Telemetry Analytics Job
[2025-12-25T10:54:50.802+0000] {subprocess.py:93} INFO - 25/12/25 10:54:50 INFO ResourceProfile: Default ResourceProfile created, executor resources: Map(cores -> name: cores, amount: 1, script: , vendor: , memory -> name: memory, amount: 1024, script: , vendor: , offHeap -> name: offHeap, amount: 0, script: , vendor: ), task resources: Map(cpus -> name: cpus, amount: 1.0)
[2025-12-25T10:54:50.822+0000] {subprocess.py:93} INFO - 25/12/25 10:54:50 INFO ResourceProfile: Limiting resource is cpu
[2025-12-25T10:54:50.823+0000] {subprocess.py:93} INFO - 25/12/25 10:54:50 INFO ResourceProfileManager: Added ResourceProfile id: 0
[2025-12-25T10:54:50.885+0000] {subprocess.py:93} INFO - 25/12/25 10:54:50 INFO SecurityManager: Changing view acls to: root
[2025-12-25T10:54:50.885+0000] {subprocess.py:93} INFO - 25/12/25 10:54:50 INFO SecurityManager: Changing modify acls to: root
[2025-12-25T10:54:50.885+0000] {subprocess.py:93} INFO - 25/12/25 10:54:50 INFO SecurityManager: Changing view acls groups to:
[2025-12-25T10:54:50.886+0000] {subprocess.py:93} INFO - 25/12/25 10:54:50 INFO SecurityManager: Changing modify acls groups to:
[2025-12-25T10:54:50.886+0000] {subprocess.py:93} INFO - 25/12/25 10:54:50 INFO SecurityManager: SecurityManager: authentication disabled; ui acls disabled; users with view permissions: root; groups with view permissions: EMPTY; users with modify permissions: root; groups with modify permissions: EMPTY
[2025-12-25T10:54:51.201+0000] {subprocess.py:93} INFO - 25/12/25 10:54:51 INFO Utils: Successfully started service 'sparkDriver' on port 44359.
[2025-12-25T10:54:51.266+0000] {subprocess.py:93} INFO - 25/12/25 10:54:51 INFO SparkEnv: Registering MapOutputTracker
[2025-12-25T10:54:51.291+0000] {subprocess.py:93} INFO - 25/12/25 10:54:51 INFO SparkEnv: Registering BlockManagerMaster
[2025-12-25T10:54:51.315+0000] {subprocess.py:93} INFO - 25/12/25 10:54:51 INFO BlockManagerMasterEndpoint: Using org.apache.spark.storage.DefaultTopologyMapper for getting topology information
[2025-12-25T10:54:51.315+0000] {subprocess.py:93} INFO - 25/12/25 10:54:51 INFO BlockManagerMasterEndpoint: BlockManagerMasterEndpoint up
[2025-12-25T10:54:51.317+0000] {subprocess.py:93} INFO - 25/12/25 10:54:51 INFO SparkEnv: Registering BlockManagerMasterHeartbeat
[2025-12-25T10:54:51.397+0000] {subprocess.py:93} INFO - 25/12/25 10:54:51 INFO DiskBlockManager: Created local directory at /tmp/blockmgr-b1cff392-8d4e-46c2-857b-6a7b86e34226
[2025-12-25T10:54:51.421+0000] {subprocess.py:93} INFO - 25/12/25 10:54:51 INFO MemoryStore: MemoryStore started with capacity 434.4 MiB
[2025-12-25T10:54:51.432+0000] {subprocess.py:93} INFO - 25/12/25 10:54:51 INFO SparkEnv: Registering OutputCommitCoordinator
[2025-12-25T10:54:51.548+0000] {subprocess.py:93} INFO - 25/12/25 10:54:51 INFO JettyUtils: Start Jetty 0.0.0.0:4040 for SparkUI
[2025-12-25T10:54:51.605+0000] {subprocess.py:93} INFO - 25/12/25 10:54:51 INFO Utils: Successfully started service 'SparkUI' on port 4040.
[2025-12-25T10:54:51.627+0000] {subprocess.py:93} INFO - 25/12/25 10:54:51 INFO SparkContext: Added JAR file:///opt/spark/jars/postgresql.jar at spark://7c0122037228:44359/jars/postgresql.jar with timestamp 1766660090687
[2025-12-25T10:54:51.673+0000] {subprocess.py:93} INFO - 25/12/25 10:54:51 INFO Executor: Starting executor ID driver on host 7c0122037228
[2025-12-25T10:54:51.674+0000] {subprocess.py:93} INFO - 25/12/25 10:54:51 INFO Executor: OS info Linux, 6.10.14-linuxkit, aarch64
[2025-12-25T10:54:51.674+0000] {subprocess.py:93} INFO - 25/12/25 10:54:51 INFO Executor: Java version 11.0.22
[2025-12-25T10:54:51.677+0000] {subprocess.py:93} INFO - 25/12/25 10:54:51 INFO Executor: Starting executor with user classpath (userClassPathFirst = false): ''
[2025-12-25T10:54:51.677+0000] {subprocess.py:93} INFO - 25/12/25 10:54:51 INFO Executor: Created or updated repl class loader org.apache.spark.util.MutableURLClassLoader@7a239280 for default.
[2025-12-25T10:54:51.685+0000] {subprocess.py:93} INFO - 25/12/25 10:54:51 INFO Executor: Fetching spark://7c0122037228:44359/jars/postgresql.jar with timestamp 1766660090687
[2025-12-25T10:54:51.715+0000] {subprocess.py:93} INFO - 25/12/25 10:54:51 INFO TransportClientFactory: Successfully created connection to 7c0122037228/172.24.0.4:44359 after 14 ms (0 ms spent in bootstraps)
[2025-12-25T10:54:51.719+0000] {subprocess.py:93} INFO - 25/12/25 10:54:51 INFO Utils: Fetching spark://7c0122037228:44359/jars/postgresql.jar to /tmp/spark-356c9b3d-6289-4c68-b0bc-89cc3e82a32b/userFiles-4f098bf9-fd95-45f3-a3fa-9c8035ec3230/fetchFileTemp14122356222961691198.tmp
[2025-12-25T10:54:51.801+0000] {subprocess.py:93} INFO - 25/12/25 10:54:51 INFO Executor: Adding file:/tmp/spark-356c9b3d-6289-4c68-b0bc-89cc3e82a32b/userFiles-4f098bf9-fd95-45f3-a3fa-9c8035ec3230/postgresql.jar to class loader default
[2025-12-25T10:54:51.811+0000] {subprocess.py:93} INFO - 25/12/25 10:54:51 INFO Utils: Successfully started service 'org.apache.spark.network.netty.NettyBlockTransferService' on port 45345.
[2025-12-25T10:54:51.812+0000] {subprocess.py:93} INFO - 25/12/25 10:54:51 INFO NettyBlockTransferService: Server created on 7c0122037228:45345
[2025-12-25T10:54:51.812+0000] {subprocess.py:93} INFO - 25/12/25 10:54:51 INFO BlockManager: Using org.apache.spark.storage.RandomBlockReplicationPolicy for block replication policy
[2025-12-25T10:54:51.818+0000] {subprocess.py:93} INFO - 25/12/25 10:54:51 INFO BlockManagerMaster: Registering BlockManager BlockManagerId(driver, 7c0122037228, 45345, None)
[2025-12-25T10:54:51.824+0000] {subprocess.py:93} INFO - 25/12/25 10:54:51 INFO BlockManagerMasterEndpoint: Registering block manager 7c0122037228:45345 with 434.4 MiB RAM, BlockManagerId(driver, 7c0122037228, 45345, None)
[2025-12-25T10:54:51.825+0000] {subprocess.py:93} INFO - 25/12/25 10:54:51 INFO BlockManagerMaster: Registered BlockManager BlockManagerId(driver, 7c0122037228, 45345, None)
[2025-12-25T10:54:51.826+0000] {subprocess.py:93} INFO - 25/12/25 10:54:51 INFO BlockManager: Initialized BlockManager: BlockManagerId(driver, 7c0122037228, 45345, None)
[2025-12-25T10:54:52.121+0000] {subprocess.py:93} INFO - 25/12/25 10:54:52 INFO SharedState: Setting hive.metastore.warehouse.dir ('null') to the value of spark.sql.warehouse.dir.
[2025-12-25T10:54:52.122+0000] {subprocess.py:93} INFO - 25/12/25 10:54:52 INFO SharedState: Warehouse path is 'file:/opt/spark/spark-warehouse'.
[2025-12-25T10:54:56.018+0000] {subprocess.py:93} INFO - 25/12/25 10:54:56 INFO CodeGenerator: Code generated in 293.483917 ms
[2025-12-25T10:54:56.285+0000] {subprocess.py:93} INFO - 25/12/25 10:54:56 INFO DAGScheduler: Registering RDD 2 (jdbc at <unknown>:0) as input to shuffle 0
[2025-12-25T10:54:56.297+0000] {subprocess.py:93} INFO - 25/12/25 10:54:56 INFO DAGScheduler: Got map stage job 0 (jdbc at <unknown>:0) with 1 output partitions
[2025-12-25T10:54:56.298+0000] {subprocess.py:93} INFO - 25/12/25 10:54:56 INFO DAGScheduler: Final stage: ShuffleMapStage 0 (jdbc at <unknown>:0)
[2025-12-25T10:54:56.298+0000] {subprocess.py:93} INFO - 25/12/25 10:54:56 INFO DAGScheduler: Parents of final stage: List()
[2025-12-25T10:54:56.299+0000] {subprocess.py:93} INFO - 25/12/25 10:54:56 INFO DAGScheduler: Missing parents: List()
[2025-12-25T10:54:56.301+0000] {subprocess.py:93} INFO - 25/12/25 10:54:56 INFO DAGScheduler: Submitting ShuffleMapStage 0 (MapPartitionsRDD[2] at jdbc at <unknown>:0), which has no missing parents
[2025-12-25T10:54:56.416+0000] {subprocess.py:93} INFO - 25/12/25 10:54:56 INFO MemoryStore: Block broadcast_0 stored as values in memory (estimated size 43.4 KiB, free 434.4 MiB)
[2025-12-25T10:54:56.474+0000] {subprocess.py:93} INFO - 25/12/25 10:54:56 INFO MemoryStore: Block broadcast_0_piece0 stored as bytes in memory (estimated size 20.0 KiB, free 434.3 MiB)
[2025-12-25T10:54:56.476+0000] {subprocess.py:93} INFO - 25/12/25 10:54:56 INFO BlockManagerInfo: Added broadcast_0_piece0 in memory on 7c0122037228:45345 (size: 20.0 KiB, free: 434.4 MiB)
[2025-12-25T10:54:56.479+0000] {subprocess.py:93} INFO - 25/12/25 10:54:56 INFO SparkContext: Created broadcast 0 from broadcast at DAGScheduler.scala:1585
[2025-12-25T10:54:56.489+0000] {subprocess.py:93} INFO - 25/12/25 10:54:56 INFO DAGScheduler: Submitting 1 missing tasks from ShuffleMapStage 0 (MapPartitionsRDD[2] at jdbc at <unknown>:0) (first 15 tasks are for partitions Vector(0))
[2025-12-25T10:54:56.489+0000] {subprocess.py:93} INFO - 25/12/25 10:54:56 INFO TaskSchedulerImpl: Adding task set 0.0 with 1 tasks resource profile 0
[2025-12-25T10:54:56.517+0000] {subprocess.py:93} INFO - 25/12/25 10:54:56 INFO TaskSetManager: Starting task 0.0 in stage 0.0 (TID 0) (7c0122037228, executor driver, partition 0, PROCESS_LOCAL, 7623 bytes)
[2025-12-25T10:54:56.527+0000] {subprocess.py:93} INFO - 25/12/25 10:54:56 INFO Executor: Running task 0.0 in stage 0.0 (TID 0)
[2025-12-25T10:54:56.646+0000] {subprocess.py:93} INFO - 25/12/25 10:54:56 INFO CodeGenerator: Code generated in 37.93425 ms
[2025-12-25T10:54:56.669+0000] {subprocess.py:93} INFO - 25/12/25 10:54:56 INFO CodeGenerator: Code generated in 11.274709 ms
[2025-12-25T10:54:56.688+0000] {subprocess.py:93} INFO - 25/12/25 10:54:56 INFO CodeGenerator: Code generated in 6.728292 ms
[2025-12-25T10:54:56.711+0000] {subprocess.py:93} INFO - 25/12/25 10:54:56 INFO CodeGenerator: Code generated in 8.088209 ms
[2025-12-25T10:54:56.719+0000] {subprocess.py:93} INFO - 25/12/25 10:54:56 INFO CodeGenerator: Code generated in 3.75075 ms
[2025-12-25T10:54:56.789+0000] {subprocess.py:93} INFO - 25/12/25 10:54:56 INFO JDBCRDD: closed connection
[2025-12-25T10:54:56.840+0000] {subprocess.py:93} INFO - 25/12/25 10:54:56 INFO Executor: Finished task 0.0 in stage 0.0 (TID 0). 2491 bytes result sent to driver
[2025-12-25T10:54:56.847+0000] {subprocess.py:93} INFO - 25/12/25 10:54:56 INFO TaskSetManager: Finished task 0.0 in stage 0.0 (TID 0) in 337 ms on 7c0122037228 (executor driver) (1/1)
[2025-12-25T10:54:56.848+0000] {subprocess.py:93} INFO - 25/12/25 10:54:56 INFO TaskSchedulerImpl: Removed TaskSet 0.0, whose tasks have all completed, from pool
[2025-12-25T10:54:56.853+0000] {subprocess.py:93} INFO - 25/12/25 10:54:56 INFO DAGScheduler: ShuffleMapStage 0 (jdbc at <unknown>:0) finished in 0.531 s
[2025-12-25T10:54:56.854+0000] {subprocess.py:93} INFO - 25/12/25 10:54:56 INFO DAGScheduler: looking for newly runnable stages
[2025-12-25T10:54:56.854+0000] {subprocess.py:93} INFO - 25/12/25 10:54:56 INFO DAGScheduler: running: Set()
[2025-12-25T10:54:56.854+0000] {subprocess.py:93} INFO - 25/12/25 10:54:56 INFO DAGScheduler: waiting: Set()
[2025-12-25T10:54:56.854+0000] {subprocess.py:93} INFO - 25/12/25 10:54:56 INFO DAGScheduler: failed: Set()
[2025-12-25T10:54:56.868+0000] {subprocess.py:93} INFO - 25/12/25 10:54:56 INFO ShufflePartitionsUtil: For shuffle(0), advisory target size: 67108864, actual target size 1048576, minimum partition size: 1048576
[2025-12-25T10:54:56.880+0000] {subprocess.py:93} INFO - 25/12/25 10:54:56 INFO HashAggregateExec: spark.sql.codegen.aggregate.map.twolevel.enabled is set to true, but current version of codegened fast hashmap does not support this aggregate.
[2025-12-25T10:54:56.896+0000] {subprocess.py:93} INFO - 25/12/25 10:54:56 INFO CodeGenerator: Code generated in 9.888375 ms
[2025-12-25T10:54:56.967+0000] {subprocess.py:93} INFO - 25/12/25 10:54:56 INFO SparkContext: Starting job: jdbc at <unknown>:0
[2025-12-25T10:54:56.969+0000] {subprocess.py:93} INFO - 25/12/25 10:54:56 INFO DAGScheduler: Got job 1 (jdbc at <unknown>:0) with 1 output partitions
[2025-12-25T10:54:56.969+0000] {subprocess.py:93} INFO - 25/12/25 10:54:56 INFO DAGScheduler: Final stage: ResultStage 2 (jdbc at <unknown>:0)
[2025-12-25T10:54:56.970+0000] {subprocess.py:93} INFO - 25/12/25 10:54:56 INFO DAGScheduler: Parents of final stage: List(ShuffleMapStage 1)
[2025-12-25T10:54:56.971+0000] {subprocess.py:93} INFO - 25/12/25 10:54:56 INFO DAGScheduler: Missing parents: List()
[2025-12-25T10:54:56.973+0000] {subprocess.py:93} INFO - 25/12/25 10:54:56 INFO DAGScheduler: Submitting ResultStage 2 (MapPartitionsRDD[7] at jdbc at <unknown>:0), which has no missing parents
[2025-12-25T10:54:56.984+0000] {subprocess.py:93} INFO - 25/12/25 10:54:56 INFO BlockManagerInfo: Removed broadcast_0_piece0 on 7c0122037228:45345 in memory (size: 20.0 KiB, free: 434.4 MiB)
[2025-12-25T10:54:56.991+0000] {subprocess.py:93} INFO - 25/12/25 10:54:56 INFO MemoryStore: Block broadcast_1 stored as values in memory (estimated size 53.8 KiB, free 434.3 MiB)
[2025-12-25T10:54:56.991+0000] {subprocess.py:93} INFO - 25/12/25 10:54:56 INFO MemoryStore: Block broadcast_1_piece0 stored as bytes in memory (estimated size 24.0 KiB, free 434.3 MiB)
[2025-12-25T10:54:56.992+0000] {subprocess.py:93} INFO - 25/12/25 10:54:56 INFO BlockManagerInfo: Added broadcast_1_piece0 in memory on 7c0122037228:45345 (size: 24.0 KiB, free: 434.4 MiB)
[2025-12-25T10:54:56.992+0000] {subprocess.py:93} INFO - 25/12/25 10:54:56 INFO SparkContext: Created broadcast 1 from broadcast at DAGScheduler.scala:1585
[2025-12-25T10:54:56.993+0000] {subprocess.py:93} INFO - 25/12/25 10:54:56 INFO DAGScheduler: Submitting 1 missing tasks from ResultStage 2 (MapPartitionsRDD[7] at jdbc at <unknown>:0) (first 15 tasks are for partitions Vector(0))
[2025-12-25T10:54:56.993+0000] {subprocess.py:93} INFO - 25/12/25 10:54:56 INFO TaskSchedulerImpl: Adding task set 2.0 with 1 tasks resource profile 0
[2025-12-25T10:54:56.999+0000] {subprocess.py:93} INFO - 25/12/25 10:54:56 INFO TaskSetManager: Starting task 0.0 in stage 2.0 (TID 1) (7c0122037228, executor driver, partition 0, NODE_LOCAL, 7788 bytes)
[2025-12-25T10:54:56.999+0000] {subprocess.py:93} INFO - 25/12/25 10:54:56 INFO Executor: Running task 0.0 in stage 2.0 (TID 1)
[2025-12-25T10:54:57.047+0000] {subprocess.py:93} INFO - 25/12/25 10:54:57 INFO ShuffleBlockFetcherIterator: Getting 1 (264.0 B) non-empty blocks including 1 (264.0 B) local and 0 (0.0 B) host-local and 0 (0.0 B) push-merged-local and 0 (0.0 B) remote blocks
[2025-12-25T10:54:57.049+0000] {subprocess.py:93} INFO - 25/12/25 10:54:57 INFO ShuffleBlockFetcherIterator: Started 0 remote fetches in 6 ms
[2025-12-25T10:54:57.061+0000] {subprocess.py:93} INFO - 25/12/25 10:54:57 INFO CodeGenerator: Code generated in 11.28375 ms
[2025-12-25T10:54:57.769+0000] {subprocess.py:93} INFO - 25/12/25 10:54:57 INFO CodeGenerator: Code generated in 12.413833 ms
[2025-12-25T10:54:57.904+0000] {subprocess.py:93} INFO - 25/12/25 10:54:57 INFO Executor: Finished task 0.0 in stage 2.0 (TID 1). 4695 bytes result sent to driver
[2025-12-25T10:54:57.911+0000] {subprocess.py:93} INFO - 25/12/25 10:54:57 INFO TaskSetManager: Finished task 0.0 in stage 2.0 (TID 1) in 914 ms on 7c0122037228 (executor driver) (1/1)
[2025-12-25T10:54:57.912+0000] {subprocess.py:93} INFO - 25/12/25 10:54:57 INFO TaskSchedulerImpl: Removed TaskSet 2.0, whose tasks have all completed, from pool
[2025-12-25T10:54:57.913+0000] {subprocess.py:93} INFO - 25/12/25 10:54:57 INFO DAGScheduler: ResultStage 2 (jdbc at <unknown>:0) finished in 0.932 s
[2025-12-25T10:54:57.917+0000] {subprocess.py:93} INFO - 25/12/25 10:54:57 INFO DAGScheduler: Job 1 is finished. Cancelling potential speculative or zombie tasks for this job
[2025-12-25T10:54:57.918+0000] {subprocess.py:93} INFO - 25/12/25 10:54:57 INFO TaskSchedulerImpl: Killing all running tasks in stage 2: Stage finished
[2025-12-25T10:54:57.921+0000] {subprocess.py:93} INFO - 25/12/25 10:54:57 INFO DAGScheduler: Job 1 finished: jdbc at <unknown>:0, took 0.951445 s
[2025-12-25T10:54:58.203+0000] {subprocess.py:93} INFO - 25/12/25 10:54:58 INFO CodeGenerator: Code generated in 51.096583 ms
[2025-12-25T10:54:58.214+0000] {subprocess.py:93} INFO - 25/12/25 10:54:58 INFO DAGScheduler: Registering RDD 10 (jdbc at <unknown>:0) as input to shuffle 1
[2025-12-25T10:54:58.215+0000] {subprocess.py:93} INFO - 25/12/25 10:54:58 INFO DAGScheduler: Got map stage job 2 (jdbc at <unknown>:0) with 1 output partitions
[2025-12-25T10:54:58.218+0000] {subprocess.py:93} INFO - 25/12/25 10:54:58 INFO DAGScheduler: Final stage: ShuffleMapStage 3 (jdbc at <unknown>:0)
[2025-12-25T10:54:58.220+0000] {subprocess.py:93} INFO - 25/12/25 10:54:58 INFO DAGScheduler: Parents of final stage: List()
[2025-12-25T10:54:58.220+0000] {subprocess.py:93} INFO - 25/12/25 10:54:58 INFO DAGScheduler: Missing parents: List()
[2025-12-25T10:54:58.221+0000] {subprocess.py:93} INFO - 25/12/25 10:54:58 INFO DAGScheduler: Submitting ShuffleMapStage 3 (MapPartitionsRDD[10] at jdbc at <unknown>:0), which has no missing parents
[2025-12-25T10:54:58.225+0000] {subprocess.py:93} INFO - 25/12/25 10:54:58 INFO MemoryStore: Block broadcast_2 stored as values in memory (estimated size 37.8 KiB, free 434.3 MiB)
[2025-12-25T10:54:58.232+0000] {subprocess.py:93} INFO - 25/12/25 10:54:58 INFO MemoryStore: Block broadcast_2_piece0 stored as bytes in memory (estimated size 17.9 KiB, free 434.3 MiB)
[2025-12-25T10:54:58.237+0000] {subprocess.py:93} INFO - 25/12/25 10:54:58 INFO BlockManagerInfo: Added broadcast_2_piece0 in memory on 7c0122037228:45345 (size: 17.9 KiB, free: 434.4 MiB)
[2025-12-25T10:54:58.240+0000] {subprocess.py:93} INFO - 25/12/25 10:54:58 INFO SparkContext: Created broadcast 2 from broadcast at DAGScheduler.scala:1585
[2025-12-25T10:54:58.241+0000] {subprocess.py:93} INFO - 25/12/25 10:54:58 INFO DAGScheduler: Submitting 1 missing tasks from ShuffleMapStage 3 (MapPartitionsRDD[10] at jdbc at <unknown>:0) (first 15 tasks are for partitions Vector(0))
[2025-12-25T10:54:58.241+0000] {subprocess.py:93} INFO - 25/12/25 10:54:58 INFO TaskSchedulerImpl: Adding task set 3.0 with 1 tasks resource profile 0
[2025-12-25T10:54:58.249+0000] {subprocess.py:93} INFO - 25/12/25 10:54:58 INFO TaskSetManager: Starting task 0.0 in stage 3.0 (TID 2) (7c0122037228, executor driver, partition 0, PROCESS_LOCAL, 7623 bytes)
[2025-12-25T10:54:58.250+0000] {subprocess.py:93} INFO - 25/12/25 10:54:58 INFO Executor: Running task 0.0 in stage 3.0 (TID 2)
[2025-12-25T10:54:58.456+0000] {subprocess.py:93} INFO - 25/12/25 10:54:58 INFO CodeGenerator: Code generated in 153.554833 ms
[2025-12-25T10:54:58.508+0000] {subprocess.py:93} INFO - 25/12/25 10:54:58 INFO CodeGenerator: Code generated in 22.592042 ms
[2025-12-25T10:54:58.524+0000] {subprocess.py:93} INFO - 25/12/25 10:54:58 INFO CodeGenerator: Code generated in 13.232458 ms
[2025-12-25T10:54:58.556+0000] {subprocess.py:93} INFO - 25/12/25 10:54:58 INFO JDBCRDD: closed connection
[2025-12-25T10:54:58.642+0000] {subprocess.py:93} INFO - 25/12/25 10:54:58 INFO Executor: Finished task 0.0 in stage 3.0 (TID 2). 2491 bytes result sent to driver
[2025-12-25T10:54:58.667+0000] {subprocess.py:93} INFO - 25/12/25 10:54:58 INFO TaskSetManager: Finished task 0.0 in stage 3.0 (TID 2) in 407 ms on 7c0122037228 (executor driver) (1/1)
[2025-12-25T10:54:58.669+0000] {subprocess.py:93} INFO - 25/12/25 10:54:58 INFO TaskSchedulerImpl: Removed TaskSet 3.0, whose tasks have all completed, from pool
[2025-12-25T10:54:58.670+0000] {subprocess.py:93} INFO - 25/12/25 10:54:58 INFO DAGScheduler: ShuffleMapStage 3 (jdbc at <unknown>:0) finished in 0.436 s
[2025-12-25T10:54:58.671+0000] {subprocess.py:93} INFO - 25/12/25 10:54:58 INFO DAGScheduler: looking for newly runnable stages
[2025-12-25T10:54:58.674+0000] {subprocess.py:93} INFO - 25/12/25 10:54:58 INFO DAGScheduler: running: Set()
[2025-12-25T10:54:58.680+0000] {subprocess.py:93} INFO - 25/12/25 10:54:58 INFO DAGScheduler: waiting: Set()
[2025-12-25T10:54:58.687+0000] {subprocess.py:93} INFO - 25/12/25 10:54:58 INFO DAGScheduler: failed: Set()
[2025-12-25T10:54:58.698+0000] {subprocess.py:93} INFO - 25/12/25 10:54:58 INFO ShufflePartitionsUtil: For shuffle(1), advisory target size: 67108864, actual target size 1048576, minimum partition size: 1048576
[2025-12-25T10:54:58.730+0000] {subprocess.py:93} INFO - 25/12/25 10:54:58 INFO HashAggregateExec: spark.sql.codegen.aggregate.map.twolevel.enabled is set to true, but current version of codegened fast hashmap does not support this aggregate.
[2025-12-25T10:54:58.819+0000] {subprocess.py:93} INFO - 25/12/25 10:54:58 INFO CodeGenerator: Code generated in 58.54775 ms
[2025-12-25T10:54:58.963+0000] {subprocess.py:93} INFO - 25/12/25 10:54:58 INFO SparkContext: Starting job: jdbc at <unknown>:0
[2025-12-25T10:54:58.965+0000] {subprocess.py:93} INFO - 25/12/25 10:54:58 INFO DAGScheduler: Got job 3 (jdbc at <unknown>:0) with 1 output partitions
[2025-12-25T10:54:58.967+0000] {subprocess.py:93} INFO - 25/12/25 10:54:58 INFO DAGScheduler: Final stage: ResultStage 5 (jdbc at <unknown>:0)
[2025-12-25T10:54:58.972+0000] {subprocess.py:93} INFO - 25/12/25 10:54:58 INFO DAGScheduler: Parents of final stage: List(ShuffleMapStage 4)
[2025-12-25T10:54:58.973+0000] {subprocess.py:93} INFO - 25/12/25 10:54:58 INFO DAGScheduler: Missing parents: List()
[2025-12-25T10:54:58.979+0000] {subprocess.py:93} INFO - 25/12/25 10:54:58 INFO DAGScheduler: Submitting ResultStage 5 (MapPartitionsRDD[15] at jdbc at <unknown>:0), which has no missing parents
[2025-12-25T10:54:59.018+0000] {subprocess.py:93} INFO - 25/12/25 10:54:59 INFO MemoryStore: Block broadcast_3 stored as values in memory (estimated size 46.8 KiB, free 434.2 MiB)
[2025-12-25T10:54:59.028+0000] {subprocess.py:93} INFO - 25/12/25 10:54:59 INFO MemoryStore: Block broadcast_3_piece0 stored as bytes in memory (estimated size 21.6 KiB, free 434.2 MiB)
[2025-12-25T10:54:59.034+0000] {subprocess.py:93} INFO - 25/12/25 10:54:59 INFO BlockManagerInfo: Added broadcast_3_piece0 in memory on 7c0122037228:45345 (size: 21.6 KiB, free: 434.3 MiB)
[2025-12-25T10:54:59.039+0000] {subprocess.py:93} INFO - 25/12/25 10:54:59 INFO SparkContext: Created broadcast 3 from broadcast at DAGScheduler.scala:1585
[2025-12-25T10:54:59.043+0000] {subprocess.py:93} INFO - 25/12/25 10:54:59 INFO DAGScheduler: Submitting 1 missing tasks from ResultStage 5 (MapPartitionsRDD[15] at jdbc at <unknown>:0) (first 15 tasks are for partitions Vector(0))
[2025-12-25T10:54:59.046+0000] {subprocess.py:93} INFO - 25/12/25 10:54:59 INFO TaskSchedulerImpl: Adding task set 5.0 with 1 tasks resource profile 0
[2025-12-25T10:54:59.051+0000] {subprocess.py:93} INFO - 25/12/25 10:54:59 INFO TaskSetManager: Starting task 0.0 in stage 5.0 (TID 3) (7c0122037228, executor driver, partition 0, NODE_LOCAL, 7788 bytes)
[2025-12-25T10:54:59.058+0000] {subprocess.py:93} INFO - 25/12/25 10:54:59 INFO Executor: Running task 0.0 in stage 5.0 (TID 3)
[2025-12-25T10:54:59.082+0000] {subprocess.py:93} INFO - 25/12/25 10:54:59 INFO ShuffleBlockFetcherIterator: Getting 1 (240.0 B) non-empty blocks including 1 (240.0 B) local and 0 (0.0 B) host-local and 0 (0.0 B) push-merged-local and 0 (0.0 B) remote blocks
[2025-12-25T10:54:59.083+0000] {subprocess.py:93} INFO - 25/12/25 10:54:59 INFO ShuffleBlockFetcherIterator: Started 0 remote fetches in 1 ms
[2025-12-25T10:54:59.110+0000] {subprocess.py:93} INFO - 25/12/25 10:54:59 INFO CodeGenerator: Code generated in 23.87025 ms
[2025-12-25T10:54:59.133+0000] {subprocess.py:93} INFO - 25/12/25 10:54:59 INFO CodeGenerator: Code generated in 11.456917 ms
[2025-12-25T10:54:59.174+0000] {subprocess.py:93} INFO - 25/12/25 10:54:59 INFO Executor: Finished task 0.0 in stage 5.0 (TID 3). 4695 bytes result sent to driver
[2025-12-25T10:54:59.178+0000] {subprocess.py:93} INFO - 25/12/25 10:54:59 INFO TaskSetManager: Finished task 0.0 in stage 5.0 (TID 3) in 133 ms on 7c0122037228 (executor driver) (1/1)
[2025-12-25T10:54:59.180+0000] {subprocess.py:93} INFO - 25/12/25 10:54:59 INFO TaskSchedulerImpl: Removed TaskSet 5.0, whose tasks have all completed, from pool
[2025-12-25T10:54:59.182+0000] {subprocess.py:93} INFO - 25/12/25 10:54:59 INFO DAGScheduler: ResultStage 5 (jdbc at <unknown>:0) finished in 0.190 s
[2025-12-25T10:54:59.183+0000] {subprocess.py:93} INFO - 25/12/25 10:54:59 INFO DAGScheduler: Job 3 is finished. Cancelling potential speculative or zombie tasks for this job
[2025-12-25T10:54:59.185+0000] {subprocess.py:93} INFO - 25/12/25 10:54:59 INFO TaskSchedulerImpl: Killing all running tasks in stage 5: Stage finished
[2025-12-25T10:54:59.188+0000] {subprocess.py:93} INFO - 25/12/25 10:54:59 INFO DAGScheduler: Job 3 finished: jdbc at <unknown>:0, took 0.224599 s
[2025-12-25T10:54:59.226+0000] {subprocess.py:93} INFO - 25/12/25 10:54:59 INFO SparkContext: SparkContext is stopping with exitCode 0.
[2025-12-25T10:54:59.268+0000] {subprocess.py:93} INFO - 25/12/25 10:54:59 INFO SparkUI: Stopped Spark web UI at http://7c0122037228:4040
[2025-12-25T10:54:59.311+0000] {subprocess.py:93} INFO - 25/12/25 10:54:59 INFO MapOutputTrackerMasterEndpoint: MapOutputTrackerMasterEndpoint stopped!
[2025-12-25T10:54:59.437+0000] {subprocess.py:93} INFO - 25/12/25 10:54:59 INFO MemoryStore: MemoryStore cleared
[2025-12-25T10:54:59.445+0000] {subprocess.py:93} INFO - 25/12/25 10:54:59 INFO BlockManager: BlockManager stopped
[2025-12-25T10:54:59.470+0000] {subprocess.py:93} INFO - 25/12/25 10:54:59 INFO BlockManagerMaster: BlockManagerMaster stopped
[2025-12-25T10:54:59.483+0000] {subprocess.py:93} INFO - 25/12/25 10:54:59 INFO OutputCommitCoordinator$OutputCommitCoordinatorEndpoint: OutputCommitCoordinator stopped!
[2025-12-25T10:54:59.537+0000] {subprocess.py:93} INFO - 25/12/25 10:54:59 INFO SparkContext: Successfully stopped SparkContext
[2025-12-25T10:55:00.143+0000] {subprocess.py:93} INFO - Telemetry analytics job completed successfully!
[2025-12-25T10:55:00.235+0000] {subprocess.py:93} INFO - 25/12/25 10:55:00 INFO ShutdownHookManager: Shutdown hook called
[2025-12-25T10:55:00.236+0000] {subprocess.py:93} INFO - 25/12/25 10:55:00 INFO ShutdownHookManager: Deleting directory /tmp/spark-d7543b0e-4ee4-42b8-b4f7-831ff7a0199e
[2025-12-25T10:55:00.250+0000] {subprocess.py:93} INFO - 25/12/25 10:55:00 INFO ShutdownHookManager: Deleting directory /tmp/spark-356c9b3d-6289-4c68-b0bc-89cc3e82a32b
[2025-12-25T10:55:00.255+0000] {subprocess.py:93} INFO - 25/12/25 10:55:00 INFO ShutdownHookManager: Deleting directory /tmp/spark-356c9b3d-6289-4c68-b0bc-89cc3e82a32b/pyspark-c9cf6b52-17fe-42ea-83e3-b41389ada4dc
[2025-12-25T10:55:00.404+0000] {subprocess.py:97} INFO - Command exited with return code 0
[2025-12-25T10:55:00.410+0000] {taskinstance.py:441} INFO - ::group::Post task execution logs
[2025-12-25T10:55:00.482+0000] {taskinstance.py:1205} INFO - Marking task as SUCCESS. dag_id=***_spark_analytics, task_id=run_***_analytics, execution_date=20251225T105446, start_date=20251225T105447, end_date=20251225T105500
[2025-12-25T10:55:00.540+0000] {local_task_job_runner.py:240} INFO - Task exited with return code 0
[2025-12-25T10:55:00.580+0000] {taskinstance.py:3482} INFO - 0 downstream tasks scheduled from follow-on schedule check
[2025-12-25T10:55:00.581+0000] {local_task_job_runner.py:222} INFO - ::endgroup::
