[2025-12-28T03:52:03.339+0000] {local_task_job_runner.py:120} INFO - ::group::Pre task execution logs
[2025-12-28T03:52:03.357+0000] {taskinstance.py:2073} INFO - Dependencies all met for dep_context=non-requeueable deps ti=<TaskInstance: telemetry_spark_analytics.run_telemetry_analytics manual__2025-12-28T03:52:02.462388+00:00 [queued]>
[2025-12-28T03:52:03.360+0000] {taskinstance.py:2073} INFO - Dependencies all met for dep_context=requeueable deps ti=<TaskInstance: telemetry_spark_analytics.run_telemetry_analytics manual__2025-12-28T03:52:02.462388+00:00 [queued]>
[2025-12-28T03:52:03.360+0000] {taskinstance.py:2303} INFO - Starting attempt 1 of 1
[2025-12-28T03:52:03.365+0000] {taskinstance.py:2327} INFO - Executing <Task(BashOperator): run_telemetry_analytics> on 2025-12-28 03:52:02.462388+00:00
[2025-12-28T03:52:03.371+0000] {logging_mixin.py:188} WARNING - /home/airflow/.local/lib/python3.12/site-packages/airflow/task/task_runner/standard_task_runner.py:61 DeprecationWarning: This process (pid=487) is multi-threaded, use of fork() may lead to deadlocks in the child.
[2025-12-28T03:52:03.371+0000] {standard_task_runner.py:63} INFO - Started process 488 to run task
[2025-12-28T03:52:03.371+0000] {standard_task_runner.py:90} INFO - Running: ['airflow', 'tasks', 'run', '***_spark_analytics', 'run_***_analytics', 'manual__2025-12-28T03:52:02.462388+00:00', '--job-id', '126', '--raw', '--subdir', 'DAGS_FOLDER/***_spark_analytics_dag.py', '--cfg-path', '/tmp/tmpt06d1kf0']
[2025-12-28T03:52:03.372+0000] {standard_task_runner.py:91} INFO - Job 126: Subtask run_***_analytics
[2025-12-28T03:52:03.398+0000] {task_command.py:426} INFO - Running <TaskInstance: telemetry_spark_analytics.run_telemetry_analytics manual__2025-12-28T03:52:02.462388+00:00 [running]> on host 90dca852982a
[2025-12-28T03:52:03.443+0000] {taskinstance.py:2644} INFO - Exporting env vars: AIRFLOW_CTX_DAG_OWNER='airflow' AIRFLOW_CTX_DAG_ID='***_spark_analytics' AIRFLOW_CTX_TASK_ID='run_***_analytics' AIRFLOW_CTX_EXECUTION_DATE='2025-12-28T03:52:02.462388+00:00' AIRFLOW_CTX_TRY_NUMBER='1' AIRFLOW_CTX_DAG_RUN_ID='manual__2025-12-28T03:52:02.462388+00:00'
[2025-12-28T03:52:03.443+0000] {taskinstance.py:430} INFO - ::endgroup::
[2025-12-28T03:52:03.450+0000] {subprocess.py:63} INFO - Tmp dir root location: /tmp
[2025-12-28T03:52:03.451+0000] {subprocess.py:75} INFO - Running command: ['/usr/bin/bash', '-c', '\n        docker exec ***_spark         /opt/spark/bin/spark-submit         --master local[*]         --jars /opt/spark/jars/postgresql.jar         /opt/spark/jobs/***_analytics_job.py\n        ']
[2025-12-28T03:52:03.460+0000] {subprocess.py:86} INFO - Output:
[2025-12-28T03:52:05.389+0000] {subprocess.py:93} INFO - 25/12/28 03:52:05 WARN NativeCodeLoader: Unable to load native-hadoop library for your platform... using builtin-java classes where applicable
[2025-12-28T03:52:06.307+0000] {subprocess.py:93} INFO - 25/12/28 03:52:06 INFO SparkContext: Running Spark version 3.5.1
[2025-12-28T03:52:06.309+0000] {subprocess.py:93} INFO - 25/12/28 03:52:06 INFO SparkContext: OS info Linux, 6.10.14-linuxkit, aarch64
[2025-12-28T03:52:06.309+0000] {subprocess.py:93} INFO - 25/12/28 03:52:06 INFO SparkContext: Java version 11.0.22
[2025-12-28T03:52:06.331+0000] {subprocess.py:93} INFO - 25/12/28 03:52:06 INFO ResourceUtils: ==============================================================
[2025-12-28T03:52:06.332+0000] {subprocess.py:93} INFO - 25/12/28 03:52:06 INFO ResourceUtils: No custom resources configured for spark.driver.
[2025-12-28T03:52:06.332+0000] {subprocess.py:93} INFO - 25/12/28 03:52:06 INFO ResourceUtils: ==============================================================
[2025-12-28T03:52:06.332+0000] {subprocess.py:93} INFO - 25/12/28 03:52:06 INFO SparkContext: Submitted application: Telemetry Analytics Job
[2025-12-28T03:52:06.347+0000] {subprocess.py:93} INFO - 25/12/28 03:52:06 INFO ResourceProfile: Default ResourceProfile created, executor resources: Map(cores -> name: cores, amount: 1, script: , vendor: , memory -> name: memory, amount: 1024, script: , vendor: , offHeap -> name: offHeap, amount: 0, script: , vendor: ), task resources: Map(cpus -> name: cpus, amount: 1.0)
[2025-12-28T03:52:06.357+0000] {subprocess.py:93} INFO - 25/12/28 03:52:06 INFO ResourceProfile: Limiting resource is cpu
[2025-12-28T03:52:06.357+0000] {subprocess.py:93} INFO - 25/12/28 03:52:06 INFO ResourceProfileManager: Added ResourceProfile id: 0
[2025-12-28T03:52:06.399+0000] {subprocess.py:93} INFO - 25/12/28 03:52:06 INFO SecurityManager: Changing view acls to: root
[2025-12-28T03:52:06.400+0000] {subprocess.py:93} INFO - 25/12/28 03:52:06 INFO SecurityManager: Changing modify acls to: root
[2025-12-28T03:52:06.400+0000] {subprocess.py:93} INFO - 25/12/28 03:52:06 INFO SecurityManager: Changing view acls groups to:
[2025-12-28T03:52:06.400+0000] {subprocess.py:93} INFO - 25/12/28 03:52:06 INFO SecurityManager: Changing modify acls groups to:
[2025-12-28T03:52:06.401+0000] {subprocess.py:93} INFO - 25/12/28 03:52:06 INFO SecurityManager: SecurityManager: authentication disabled; ui acls disabled; users with view permissions: root; groups with view permissions: EMPTY; users with modify permissions: root; groups with modify permissions: EMPTY
[2025-12-28T03:52:06.550+0000] {subprocess.py:93} INFO - 25/12/28 03:52:06 INFO Utils: Successfully started service 'sparkDriver' on port 42163.
[2025-12-28T03:52:06.574+0000] {subprocess.py:93} INFO - 25/12/28 03:52:06 INFO SparkEnv: Registering MapOutputTracker
[2025-12-28T03:52:06.599+0000] {subprocess.py:93} INFO - 25/12/28 03:52:06 INFO SparkEnv: Registering BlockManagerMaster
[2025-12-28T03:52:06.612+0000] {subprocess.py:93} INFO - 25/12/28 03:52:06 INFO BlockManagerMasterEndpoint: Using org.apache.spark.storage.DefaultTopologyMapper for getting topology information
[2025-12-28T03:52:06.613+0000] {subprocess.py:93} INFO - 25/12/28 03:52:06 INFO BlockManagerMasterEndpoint: BlockManagerMasterEndpoint up
[2025-12-28T03:52:06.614+0000] {subprocess.py:93} INFO - 25/12/28 03:52:06 INFO SparkEnv: Registering BlockManagerMasterHeartbeat
[2025-12-28T03:52:06.635+0000] {subprocess.py:93} INFO - 25/12/28 03:52:06 INFO DiskBlockManager: Created local directory at /tmp/blockmgr-5b6f568d-d893-4744-8c31-bb67b8d79359
[2025-12-28T03:52:06.647+0000] {subprocess.py:93} INFO - 25/12/28 03:52:06 INFO MemoryStore: MemoryStore started with capacity 434.4 MiB
[2025-12-28T03:52:06.666+0000] {subprocess.py:93} INFO - 25/12/28 03:52:06 INFO SparkEnv: Registering OutputCommitCoordinator
[2025-12-28T03:52:06.793+0000] {subprocess.py:93} INFO - 25/12/28 03:52:06 INFO JettyUtils: Start Jetty 0.0.0.0:4040 for SparkUI
[2025-12-28T03:52:06.855+0000] {subprocess.py:93} INFO - 25/12/28 03:52:06 INFO Utils: Successfully started service 'SparkUI' on port 4040.
[2025-12-28T03:52:06.879+0000] {subprocess.py:93} INFO - 25/12/28 03:52:06 INFO SparkContext: Added JAR file:///opt/spark/jars/postgresql.jar at spark://7c0122037228:42163/jars/postgresql.jar with timestamp 1766893926298
[2025-12-28T03:52:06.918+0000] {subprocess.py:93} INFO - 25/12/28 03:52:06 INFO Executor: Starting executor ID driver on host 7c0122037228
[2025-12-28T03:52:06.918+0000] {subprocess.py:93} INFO - 25/12/28 03:52:06 INFO Executor: OS info Linux, 6.10.14-linuxkit, aarch64
[2025-12-28T03:52:06.919+0000] {subprocess.py:93} INFO - 25/12/28 03:52:06 INFO Executor: Java version 11.0.22
[2025-12-28T03:52:06.922+0000] {subprocess.py:93} INFO - 25/12/28 03:52:06 INFO Executor: Starting executor with user classpath (userClassPathFirst = false): ''
[2025-12-28T03:52:06.922+0000] {subprocess.py:93} INFO - 25/12/28 03:52:06 INFO Executor: Created or updated repl class loader org.apache.spark.util.MutableURLClassLoader@33b7f495 for default.
[2025-12-28T03:52:06.929+0000] {subprocess.py:93} INFO - 25/12/28 03:52:06 INFO Executor: Fetching spark://7c0122037228:42163/jars/postgresql.jar with timestamp 1766893926298
[2025-12-28T03:52:06.959+0000] {subprocess.py:93} INFO - 25/12/28 03:52:06 INFO TransportClientFactory: Successfully created connection to 7c0122037228/172.24.0.6:42163 after 13 ms (0 ms spent in bootstraps)
[2025-12-28T03:52:06.962+0000] {subprocess.py:93} INFO - 25/12/28 03:52:06 INFO Utils: Fetching spark://7c0122037228:42163/jars/postgresql.jar to /tmp/spark-e648133d-28ef-4804-9e36-1e4d79561799/userFiles-44760292-d0c5-4e01-965e-32d2188a78ef/fetchFileTemp15659787675251759150.tmp
[2025-12-28T03:52:06.988+0000] {subprocess.py:93} INFO - 25/12/28 03:52:06 INFO Executor: Adding file:/tmp/spark-e648133d-28ef-4804-9e36-1e4d79561799/userFiles-44760292-d0c5-4e01-965e-32d2188a78ef/postgresql.jar to class loader default
[2025-12-28T03:52:06.995+0000] {subprocess.py:93} INFO - 25/12/28 03:52:06 INFO Utils: Successfully started service 'org.apache.spark.network.netty.NettyBlockTransferService' on port 36913.
[2025-12-28T03:52:06.995+0000] {subprocess.py:93} INFO - 25/12/28 03:52:06 INFO NettyBlockTransferService: Server created on 7c0122037228:36913
[2025-12-28T03:52:06.996+0000] {subprocess.py:93} INFO - 25/12/28 03:52:06 INFO BlockManager: Using org.apache.spark.storage.RandomBlockReplicationPolicy for block replication policy
[2025-12-28T03:52:06.999+0000] {subprocess.py:93} INFO - 25/12/28 03:52:06 INFO BlockManagerMaster: Registering BlockManager BlockManagerId(driver, 7c0122037228, 36913, None)
[2025-12-28T03:52:07.001+0000] {subprocess.py:93} INFO - 25/12/28 03:52:07 INFO BlockManagerMasterEndpoint: Registering block manager 7c0122037228:36913 with 434.4 MiB RAM, BlockManagerId(driver, 7c0122037228, 36913, None)
[2025-12-28T03:52:07.003+0000] {subprocess.py:93} INFO - 25/12/28 03:52:07 INFO BlockManagerMaster: Registered BlockManager BlockManagerId(driver, 7c0122037228, 36913, None)
[2025-12-28T03:52:07.003+0000] {subprocess.py:93} INFO - 25/12/28 03:52:07 INFO BlockManager: Initialized BlockManager: BlockManagerId(driver, 7c0122037228, 36913, None)
[2025-12-28T03:52:07.216+0000] {subprocess.py:93} INFO - 25/12/28 03:52:07 INFO SharedState: Setting hive.metastore.warehouse.dir ('null') to the value of spark.sql.warehouse.dir.
[2025-12-28T03:52:07.217+0000] {subprocess.py:93} INFO - 25/12/28 03:52:07 INFO SharedState: Warehouse path is 'file:/opt/spark/spark-warehouse'.
[2025-12-28T03:52:09.818+0000] {subprocess.py:93} INFO - 25/12/28 03:52:09 INFO CodeGenerator: Code generated in 211.827959 ms
[2025-12-28T03:52:10.088+0000] {subprocess.py:93} INFO - 25/12/28 03:52:10 INFO DAGScheduler: Registering RDD 2 (jdbc at <unknown>:0) as input to shuffle 0
[2025-12-28T03:52:10.099+0000] {subprocess.py:93} INFO - 25/12/28 03:52:10 INFO DAGScheduler: Got map stage job 0 (jdbc at <unknown>:0) with 1 output partitions
[2025-12-28T03:52:10.100+0000] {subprocess.py:93} INFO - 25/12/28 03:52:10 INFO DAGScheduler: Final stage: ShuffleMapStage 0 (jdbc at <unknown>:0)
[2025-12-28T03:52:10.101+0000] {subprocess.py:93} INFO - 25/12/28 03:52:10 INFO DAGScheduler: Parents of final stage: List()
[2025-12-28T03:52:10.102+0000] {subprocess.py:93} INFO - 25/12/28 03:52:10 INFO DAGScheduler: Missing parents: List()
[2025-12-28T03:52:10.105+0000] {subprocess.py:93} INFO - 25/12/28 03:52:10 INFO DAGScheduler: Submitting ShuffleMapStage 0 (MapPartitionsRDD[2] at jdbc at <unknown>:0), which has no missing parents
[2025-12-28T03:52:10.168+0000] {subprocess.py:93} INFO - 25/12/28 03:52:10 INFO MemoryStore: Block broadcast_0 stored as values in memory (estimated size 43.4 KiB, free 434.4 MiB)
[2025-12-28T03:52:10.190+0000] {subprocess.py:93} INFO - 25/12/28 03:52:10 INFO MemoryStore: Block broadcast_0_piece0 stored as bytes in memory (estimated size 20.0 KiB, free 434.3 MiB)
[2025-12-28T03:52:10.192+0000] {subprocess.py:93} INFO - 25/12/28 03:52:10 INFO BlockManagerInfo: Added broadcast_0_piece0 in memory on 7c0122037228:36913 (size: 20.0 KiB, free: 434.4 MiB)
[2025-12-28T03:52:10.194+0000] {subprocess.py:93} INFO - 25/12/28 03:52:10 INFO SparkContext: Created broadcast 0 from broadcast at DAGScheduler.scala:1585
[2025-12-28T03:52:10.203+0000] {subprocess.py:93} INFO - 25/12/28 03:52:10 INFO DAGScheduler: Submitting 1 missing tasks from ShuffleMapStage 0 (MapPartitionsRDD[2] at jdbc at <unknown>:0) (first 15 tasks are for partitions Vector(0))
[2025-12-28T03:52:10.204+0000] {subprocess.py:93} INFO - 25/12/28 03:52:10 INFO TaskSchedulerImpl: Adding task set 0.0 with 1 tasks resource profile 0
[2025-12-28T03:52:10.235+0000] {subprocess.py:93} INFO - 25/12/28 03:52:10 INFO TaskSetManager: Starting task 0.0 in stage 0.0 (TID 0) (7c0122037228, executor driver, partition 0, PROCESS_LOCAL, 7623 bytes)
[2025-12-28T03:52:10.244+0000] {subprocess.py:93} INFO - 25/12/28 03:52:10 INFO Executor: Running task 0.0 in stage 0.0 (TID 0)
[2025-12-28T03:52:10.366+0000] {subprocess.py:93} INFO - 25/12/28 03:52:10 INFO CodeGenerator: Code generated in 30.175583 ms
[2025-12-28T03:52:10.381+0000] {subprocess.py:93} INFO - 25/12/28 03:52:10 INFO CodeGenerator: Code generated in 7.039416 ms
[2025-12-28T03:52:10.404+0000] {subprocess.py:93} INFO - 25/12/28 03:52:10 INFO CodeGenerator: Code generated in 5.560625 ms
[2025-12-28T03:52:10.414+0000] {subprocess.py:93} INFO - 25/12/28 03:52:10 INFO CodeGenerator: Code generated in 4.489875 ms
[2025-12-28T03:52:10.423+0000] {subprocess.py:93} INFO - 25/12/28 03:52:10 INFO CodeGenerator: Code generated in 4.135791 ms
[2025-12-28T03:52:10.496+0000] {subprocess.py:93} INFO - 25/12/28 03:52:10 INFO JDBCRDD: closed connection
[2025-12-28T03:52:10.538+0000] {subprocess.py:93} INFO - 25/12/28 03:52:10 INFO Executor: Finished task 0.0 in stage 0.0 (TID 0). 2491 bytes result sent to driver
[2025-12-28T03:52:10.551+0000] {subprocess.py:93} INFO - 25/12/28 03:52:10 INFO TaskSetManager: Finished task 0.0 in stage 0.0 (TID 0) in 317 ms on 7c0122037228 (executor driver) (1/1)
[2025-12-28T03:52:10.553+0000] {subprocess.py:93} INFO - 25/12/28 03:52:10 INFO TaskSchedulerImpl: Removed TaskSet 0.0, whose tasks have all completed, from pool
[2025-12-28T03:52:10.558+0000] {subprocess.py:93} INFO - 25/12/28 03:52:10 INFO DAGScheduler: ShuffleMapStage 0 (jdbc at <unknown>:0) finished in 0.444 s
[2025-12-28T03:52:10.559+0000] {subprocess.py:93} INFO - 25/12/28 03:52:10 INFO DAGScheduler: looking for newly runnable stages
[2025-12-28T03:52:10.560+0000] {subprocess.py:93} INFO - 25/12/28 03:52:10 INFO DAGScheduler: running: Set()
[2025-12-28T03:52:10.560+0000] {subprocess.py:93} INFO - 25/12/28 03:52:10 INFO DAGScheduler: waiting: Set()
[2025-12-28T03:52:10.561+0000] {subprocess.py:93} INFO - 25/12/28 03:52:10 INFO DAGScheduler: failed: Set()
[2025-12-28T03:52:10.598+0000] {subprocess.py:93} INFO - 25/12/28 03:52:10 INFO ShufflePartitionsUtil: For shuffle(0), advisory target size: 67108864, actual target size 1048576, minimum partition size: 1048576
[2025-12-28T03:52:10.614+0000] {subprocess.py:93} INFO - 25/12/28 03:52:10 INFO HashAggregateExec: spark.sql.codegen.aggregate.map.twolevel.enabled is set to true, but current version of codegened fast hashmap does not support this aggregate.
[2025-12-28T03:52:10.635+0000] {subprocess.py:93} INFO - 25/12/28 03:52:10 INFO CodeGenerator: Code generated in 13.998584 ms
[2025-12-28T03:52:10.695+0000] {subprocess.py:93} INFO - 25/12/28 03:52:10 INFO SparkContext: Starting job: jdbc at <unknown>:0
[2025-12-28T03:52:10.699+0000] {subprocess.py:93} INFO - 25/12/28 03:52:10 INFO DAGScheduler: Got job 1 (jdbc at <unknown>:0) with 1 output partitions
[2025-12-28T03:52:10.699+0000] {subprocess.py:93} INFO - 25/12/28 03:52:10 INFO DAGScheduler: Final stage: ResultStage 2 (jdbc at <unknown>:0)
[2025-12-28T03:52:10.700+0000] {subprocess.py:93} INFO - 25/12/28 03:52:10 INFO DAGScheduler: Parents of final stage: List(ShuffleMapStage 1)
[2025-12-28T03:52:10.700+0000] {subprocess.py:93} INFO - 25/12/28 03:52:10 INFO DAGScheduler: Missing parents: List()
[2025-12-28T03:52:10.704+0000] {subprocess.py:93} INFO - 25/12/28 03:52:10 INFO DAGScheduler: Submitting ResultStage 2 (MapPartitionsRDD[7] at jdbc at <unknown>:0), which has no missing parents
[2025-12-28T03:52:10.732+0000] {subprocess.py:93} INFO - 25/12/28 03:52:10 INFO MemoryStore: Block broadcast_1 stored as values in memory (estimated size 53.8 KiB, free 434.3 MiB)
[2025-12-28T03:52:10.733+0000] {subprocess.py:93} INFO - 25/12/28 03:52:10 INFO MemoryStore: Block broadcast_1_piece0 stored as bytes in memory (estimated size 24.0 KiB, free 434.3 MiB)
[2025-12-28T03:52:10.734+0000] {subprocess.py:93} INFO - 25/12/28 03:52:10 INFO BlockManagerInfo: Added broadcast_1_piece0 in memory on 7c0122037228:36913 (size: 24.0 KiB, free: 434.4 MiB)
[2025-12-28T03:52:10.734+0000] {subprocess.py:93} INFO - 25/12/28 03:52:10 INFO SparkContext: Created broadcast 1 from broadcast at DAGScheduler.scala:1585
[2025-12-28T03:52:10.735+0000] {subprocess.py:93} INFO - 25/12/28 03:52:10 INFO DAGScheduler: Submitting 1 missing tasks from ResultStage 2 (MapPartitionsRDD[7] at jdbc at <unknown>:0) (first 15 tasks are for partitions Vector(0))
[2025-12-28T03:52:10.735+0000] {subprocess.py:93} INFO - 25/12/28 03:52:10 INFO TaskSchedulerImpl: Adding task set 2.0 with 1 tasks resource profile 0
[2025-12-28T03:52:10.741+0000] {subprocess.py:93} INFO - 25/12/28 03:52:10 INFO TaskSetManager: Starting task 0.0 in stage 2.0 (TID 1) (7c0122037228, executor driver, partition 0, NODE_LOCAL, 7788 bytes)
[2025-12-28T03:52:10.741+0000] {subprocess.py:93} INFO - 25/12/28 03:52:10 INFO Executor: Running task 0.0 in stage 2.0 (TID 1)
[2025-12-28T03:52:10.890+0000] {subprocess.py:93} INFO - 25/12/28 03:52:10 INFO ShuffleBlockFetcherIterator: Getting 1 (264.0 B) non-empty blocks including 1 (264.0 B) local and 0 (0.0 B) host-local and 0 (0.0 B) push-merged-local and 0 (0.0 B) remote blocks
[2025-12-28T03:52:10.891+0000] {subprocess.py:93} INFO - 25/12/28 03:52:10 INFO ShuffleBlockFetcherIterator: Started 0 remote fetches in 17 ms
[2025-12-28T03:52:10.919+0000] {subprocess.py:93} INFO - 25/12/28 03:52:10 INFO CodeGenerator: Code generated in 23.650375 ms
[2025-12-28T03:52:11.321+0000] {subprocess.py:93} INFO - 25/12/28 03:52:11 INFO BlockManagerInfo: Removed broadcast_0_piece0 on 7c0122037228:36913 in memory (size: 20.0 KiB, free: 434.4 MiB)
[2025-12-28T03:52:11.852+0000] {subprocess.py:93} INFO - 25/12/28 03:52:11 INFO CodeGenerator: Code generated in 12.279667 ms
[2025-12-28T03:52:11.911+0000] {subprocess.py:93} INFO - 25/12/28 03:52:11 INFO Executor: Finished task 0.0 in stage 2.0 (TID 1). 4738 bytes result sent to driver
[2025-12-28T03:52:11.916+0000] {subprocess.py:93} INFO - 25/12/28 03:52:11 INFO TaskSetManager: Finished task 0.0 in stage 2.0 (TID 1) in 1176 ms on 7c0122037228 (executor driver) (1/1)
[2025-12-28T03:52:11.919+0000] {subprocess.py:93} INFO - 25/12/28 03:52:11 INFO TaskSchedulerImpl: Removed TaskSet 2.0, whose tasks have all completed, from pool
[2025-12-28T03:52:11.920+0000] {subprocess.py:93} INFO - 25/12/28 03:52:11 INFO DAGScheduler: ResultStage 2 (jdbc at <unknown>:0) finished in 1.204 s
[2025-12-28T03:52:11.921+0000] {subprocess.py:93} INFO - 25/12/28 03:52:11 INFO DAGScheduler: Job 1 is finished. Cancelling potential speculative or zombie tasks for this job
[2025-12-28T03:52:11.921+0000] {subprocess.py:93} INFO - 25/12/28 03:52:11 INFO TaskSchedulerImpl: Killing all running tasks in stage 2: Stage finished
[2025-12-28T03:52:11.925+0000] {subprocess.py:93} INFO - 25/12/28 03:52:11 INFO DAGScheduler: Job 1 finished: jdbc at <unknown>:0, took 1.228072 s
[2025-12-28T03:52:12.083+0000] {subprocess.py:93} INFO - 25/12/28 03:52:12 INFO CodeGenerator: Code generated in 21.73 ms
[2025-12-28T03:52:12.089+0000] {subprocess.py:93} INFO - 25/12/28 03:52:12 INFO DAGScheduler: Registering RDD 10 (jdbc at <unknown>:0) as input to shuffle 1
[2025-12-28T03:52:12.089+0000] {subprocess.py:93} INFO - 25/12/28 03:52:12 INFO DAGScheduler: Got map stage job 2 (jdbc at <unknown>:0) with 1 output partitions
[2025-12-28T03:52:12.090+0000] {subprocess.py:93} INFO - 25/12/28 03:52:12 INFO DAGScheduler: Final stage: ShuffleMapStage 3 (jdbc at <unknown>:0)
[2025-12-28T03:52:12.090+0000] {subprocess.py:93} INFO - 25/12/28 03:52:12 INFO DAGScheduler: Parents of final stage: List()
[2025-12-28T03:52:12.091+0000] {subprocess.py:93} INFO - 25/12/28 03:52:12 INFO DAGScheduler: Missing parents: List()
[2025-12-28T03:52:12.091+0000] {subprocess.py:93} INFO - 25/12/28 03:52:12 INFO DAGScheduler: Submitting ShuffleMapStage 3 (MapPartitionsRDD[10] at jdbc at <unknown>:0), which has no missing parents
[2025-12-28T03:52:12.094+0000] {subprocess.py:93} INFO - 25/12/28 03:52:12 INFO MemoryStore: Block broadcast_2 stored as values in memory (estimated size 37.8 KiB, free 434.3 MiB)
[2025-12-28T03:52:12.098+0000] {subprocess.py:93} INFO - 25/12/28 03:52:12 INFO MemoryStore: Block broadcast_2_piece0 stored as bytes in memory (estimated size 17.9 KiB, free 434.3 MiB)
[2025-12-28T03:52:12.099+0000] {subprocess.py:93} INFO - 25/12/28 03:52:12 INFO BlockManagerInfo: Added broadcast_2_piece0 in memory on 7c0122037228:36913 (size: 17.9 KiB, free: 434.4 MiB)
[2025-12-28T03:52:12.099+0000] {subprocess.py:93} INFO - 25/12/28 03:52:12 INFO SparkContext: Created broadcast 2 from broadcast at DAGScheduler.scala:1585
[2025-12-28T03:52:12.100+0000] {subprocess.py:93} INFO - 25/12/28 03:52:12 INFO DAGScheduler: Submitting 1 missing tasks from ShuffleMapStage 3 (MapPartitionsRDD[10] at jdbc at <unknown>:0) (first 15 tasks are for partitions Vector(0))
[2025-12-28T03:52:12.100+0000] {subprocess.py:93} INFO - 25/12/28 03:52:12 INFO TaskSchedulerImpl: Adding task set 3.0 with 1 tasks resource profile 0
[2025-12-28T03:52:12.108+0000] {subprocess.py:93} INFO - 25/12/28 03:52:12 INFO TaskSetManager: Starting task 0.0 in stage 3.0 (TID 2) (7c0122037228, executor driver, partition 0, PROCESS_LOCAL, 7623 bytes)
[2025-12-28T03:52:12.108+0000] {subprocess.py:93} INFO - 25/12/28 03:52:12 INFO Executor: Running task 0.0 in stage 3.0 (TID 2)
[2025-12-28T03:52:12.141+0000] {subprocess.py:93} INFO - 25/12/28 03:52:12 INFO CodeGenerator: Code generated in 18.327083 ms
[2025-12-28T03:52:12.149+0000] {subprocess.py:93} INFO - 25/12/28 03:52:12 INFO CodeGenerator: Code generated in 6.223667 ms
[2025-12-28T03:52:12.158+0000] {subprocess.py:93} INFO - 25/12/28 03:52:12 INFO CodeGenerator: Code generated in 6.16 ms
[2025-12-28T03:52:12.165+0000] {subprocess.py:93} INFO - 25/12/28 03:52:12 INFO JDBCRDD: closed connection
[2025-12-28T03:52:12.179+0000] {subprocess.py:93} INFO - 25/12/28 03:52:12 INFO Executor: Finished task 0.0 in stage 3.0 (TID 2). 2448 bytes result sent to driver
[2025-12-28T03:52:12.181+0000] {subprocess.py:93} INFO - 25/12/28 03:52:12 INFO TaskSetManager: Finished task 0.0 in stage 3.0 (TID 2) in 80 ms on 7c0122037228 (executor driver) (1/1)
[2025-12-28T03:52:12.183+0000] {subprocess.py:93} INFO - 25/12/28 03:52:12 INFO TaskSchedulerImpl: Removed TaskSet 3.0, whose tasks have all completed, from pool
[2025-12-28T03:52:12.183+0000] {subprocess.py:93} INFO - 25/12/28 03:52:12 INFO DAGScheduler: ShuffleMapStage 3 (jdbc at <unknown>:0) finished in 0.090 s
[2025-12-28T03:52:12.183+0000] {subprocess.py:93} INFO - 25/12/28 03:52:12 INFO DAGScheduler: looking for newly runnable stages
[2025-12-28T03:52:12.184+0000] {subprocess.py:93} INFO - 25/12/28 03:52:12 INFO DAGScheduler: running: Set()
[2025-12-28T03:52:12.184+0000] {subprocess.py:93} INFO - 25/12/28 03:52:12 INFO DAGScheduler: waiting: Set()
[2025-12-28T03:52:12.184+0000] {subprocess.py:93} INFO - 25/12/28 03:52:12 INFO DAGScheduler: failed: Set()
[2025-12-28T03:52:12.187+0000] {subprocess.py:93} INFO - 25/12/28 03:52:12 INFO ShufflePartitionsUtil: For shuffle(1), advisory target size: 67108864, actual target size 1048576, minimum partition size: 1048576
[2025-12-28T03:52:12.194+0000] {subprocess.py:93} INFO - 25/12/28 03:52:12 INFO HashAggregateExec: spark.sql.codegen.aggregate.map.twolevel.enabled is set to true, but current version of codegened fast hashmap does not support this aggregate.
[2025-12-28T03:52:12.202+0000] {subprocess.py:93} INFO - 25/12/28 03:52:12 INFO CodeGenerator: Code generated in 6.058834 ms
[2025-12-28T03:52:12.216+0000] {subprocess.py:93} INFO - 25/12/28 03:52:12 INFO SparkContext: Starting job: jdbc at <unknown>:0
[2025-12-28T03:52:12.217+0000] {subprocess.py:93} INFO - 25/12/28 03:52:12 INFO DAGScheduler: Got job 3 (jdbc at <unknown>:0) with 1 output partitions
[2025-12-28T03:52:12.217+0000] {subprocess.py:93} INFO - 25/12/28 03:52:12 INFO DAGScheduler: Final stage: ResultStage 5 (jdbc at <unknown>:0)
[2025-12-28T03:52:12.218+0000] {subprocess.py:93} INFO - 25/12/28 03:52:12 INFO DAGScheduler: Parents of final stage: List(ShuffleMapStage 4)
[2025-12-28T03:52:12.218+0000] {subprocess.py:93} INFO - 25/12/28 03:52:12 INFO DAGScheduler: Missing parents: List()
[2025-12-28T03:52:12.220+0000] {subprocess.py:93} INFO - 25/12/28 03:52:12 INFO DAGScheduler: Submitting ResultStage 5 (MapPartitionsRDD[15] at jdbc at <unknown>:0), which has no missing parents
[2025-12-28T03:52:12.230+0000] {subprocess.py:93} INFO - 25/12/28 03:52:12 INFO MemoryStore: Block broadcast_3 stored as values in memory (estimated size 46.8 KiB, free 434.2 MiB)
[2025-12-28T03:52:12.232+0000] {subprocess.py:93} INFO - 25/12/28 03:52:12 INFO MemoryStore: Block broadcast_3_piece0 stored as bytes in memory (estimated size 21.6 KiB, free 434.2 MiB)
[2025-12-28T03:52:12.233+0000] {subprocess.py:93} INFO - 25/12/28 03:52:12 INFO BlockManagerInfo: Added broadcast_3_piece0 in memory on 7c0122037228:36913 (size: 21.6 KiB, free: 434.3 MiB)
[2025-12-28T03:52:12.233+0000] {subprocess.py:93} INFO - 25/12/28 03:52:12 INFO SparkContext: Created broadcast 3 from broadcast at DAGScheduler.scala:1585
[2025-12-28T03:52:12.234+0000] {subprocess.py:93} INFO - 25/12/28 03:52:12 INFO DAGScheduler: Submitting 1 missing tasks from ResultStage 5 (MapPartitionsRDD[15] at jdbc at <unknown>:0) (first 15 tasks are for partitions Vector(0))
[2025-12-28T03:52:12.234+0000] {subprocess.py:93} INFO - 25/12/28 03:52:12 INFO TaskSchedulerImpl: Adding task set 5.0 with 1 tasks resource profile 0
[2025-12-28T03:52:12.235+0000] {subprocess.py:93} INFO - 25/12/28 03:52:12 INFO TaskSetManager: Starting task 0.0 in stage 5.0 (TID 3) (7c0122037228, executor driver, partition 0, NODE_LOCAL, 7788 bytes)
[2025-12-28T03:52:12.236+0000] {subprocess.py:93} INFO - 25/12/28 03:52:12 INFO Executor: Running task 0.0 in stage 5.0 (TID 3)
[2025-12-28T03:52:12.243+0000] {subprocess.py:93} INFO - 25/12/28 03:52:12 INFO ShuffleBlockFetcherIterator: Getting 1 (240.0 B) non-empty blocks including 1 (240.0 B) local and 0 (0.0 B) host-local and 0 (0.0 B) push-merged-local and 0 (0.0 B) remote blocks
[2025-12-28T03:52:12.243+0000] {subprocess.py:93} INFO - 25/12/28 03:52:12 INFO ShuffleBlockFetcherIterator: Started 0 remote fetches in 0 ms
[2025-12-28T03:52:12.251+0000] {subprocess.py:93} INFO - 25/12/28 03:52:12 INFO CodeGenerator: Code generated in 7.379291 ms
[2025-12-28T03:52:12.262+0000] {subprocess.py:93} INFO - 25/12/28 03:52:12 INFO CodeGenerator: Code generated in 7.233917 ms
[2025-12-28T03:52:12.277+0000] {subprocess.py:93} INFO - 25/12/28 03:52:12 INFO Executor: Finished task 0.0 in stage 5.0 (TID 3). 4652 bytes result sent to driver
[2025-12-28T03:52:12.282+0000] {subprocess.py:93} INFO - 25/12/28 03:52:12 INFO TaskSetManager: Finished task 0.0 in stage 5.0 (TID 3) in 43 ms on 7c0122037228 (executor driver) (1/1)
[2025-12-28T03:52:12.283+0000] {subprocess.py:93} INFO - 25/12/28 03:52:12 INFO TaskSchedulerImpl: Removed TaskSet 5.0, whose tasks have all completed, from pool
[2025-12-28T03:52:12.283+0000] {subprocess.py:93} INFO - 25/12/28 03:52:12 INFO DAGScheduler: ResultStage 5 (jdbc at <unknown>:0) finished in 0.057 s
[2025-12-28T03:52:12.284+0000] {subprocess.py:93} INFO - 25/12/28 03:52:12 INFO DAGScheduler: Job 3 is finished. Cancelling potential speculative or zombie tasks for this job
[2025-12-28T03:52:12.285+0000] {subprocess.py:93} INFO - 25/12/28 03:52:12 INFO TaskSchedulerImpl: Killing all running tasks in stage 5: Stage finished
[2025-12-28T03:52:12.285+0000] {subprocess.py:93} INFO - 25/12/28 03:52:12 INFO DAGScheduler: Job 3 finished: jdbc at <unknown>:0, took 0.063709 s
[2025-12-28T03:52:12.296+0000] {subprocess.py:93} INFO - 25/12/28 03:52:12 INFO SparkContext: SparkContext is stopping with exitCode 0.
[2025-12-28T03:52:12.307+0000] {subprocess.py:93} INFO - 25/12/28 03:52:12 INFO SparkUI: Stopped Spark web UI at http://7c0122037228:4040
[2025-12-28T03:52:12.316+0000] {subprocess.py:93} INFO - 25/12/28 03:52:12 INFO MapOutputTrackerMasterEndpoint: MapOutputTrackerMasterEndpoint stopped!
[2025-12-28T03:52:12.336+0000] {subprocess.py:93} INFO - 25/12/28 03:52:12 INFO MemoryStore: MemoryStore cleared
[2025-12-28T03:52:12.336+0000] {subprocess.py:93} INFO - 25/12/28 03:52:12 INFO BlockManager: BlockManager stopped
[2025-12-28T03:52:12.338+0000] {subprocess.py:93} INFO - 25/12/28 03:52:12 INFO BlockManagerMaster: BlockManagerMaster stopped
[2025-12-28T03:52:12.341+0000] {subprocess.py:93} INFO - 25/12/28 03:52:12 INFO OutputCommitCoordinator$OutputCommitCoordinatorEndpoint: OutputCommitCoordinator stopped!
[2025-12-28T03:52:12.349+0000] {subprocess.py:93} INFO - 25/12/28 03:52:12 INFO SparkContext: Successfully stopped SparkContext
[2025-12-28T03:52:12.659+0000] {subprocess.py:93} INFO - Telemetry analytics job completed successfully!
[2025-12-28T03:52:12.696+0000] {subprocess.py:93} INFO - 25/12/28 03:52:12 INFO ShutdownHookManager: Shutdown hook called
[2025-12-28T03:52:12.697+0000] {subprocess.py:93} INFO - 25/12/28 03:52:12 INFO ShutdownHookManager: Deleting directory /tmp/spark-0ecb1166-31b9-4bf8-a467-33b05e5581c8
[2025-12-28T03:52:12.700+0000] {subprocess.py:93} INFO - 25/12/28 03:52:12 INFO ShutdownHookManager: Deleting directory /tmp/spark-e648133d-28ef-4804-9e36-1e4d79561799
[2025-12-28T03:52:12.702+0000] {subprocess.py:93} INFO - 25/12/28 03:52:12 INFO ShutdownHookManager: Deleting directory /tmp/spark-e648133d-28ef-4804-9e36-1e4d79561799/pyspark-67016586-efe1-4fd2-9f9a-ed2fd75799d3
[2025-12-28T03:52:12.778+0000] {subprocess.py:97} INFO - Command exited with return code 0
[2025-12-28T03:52:12.781+0000] {taskinstance.py:441} INFO - ::group::Post task execution logs
[2025-12-28T03:52:12.819+0000] {taskinstance.py:1205} INFO - Marking task as SUCCESS. dag_id=***_spark_analytics, task_id=run_***_analytics, execution_date=20251228T035202, start_date=20251228T035203, end_date=20251228T035212
[2025-12-28T03:52:12.851+0000] {local_task_job_runner.py:240} INFO - Task exited with return code 0
[2025-12-28T03:52:12.878+0000] {taskinstance.py:3482} INFO - 0 downstream tasks scheduled from follow-on schedule check
[2025-12-28T03:52:12.879+0000] {local_task_job_runner.py:222} INFO - ::endgroup::
