[2025-12-25T09:16:47.127+0000] {local_task_job_runner.py:120} INFO - ::group::Pre task execution logs
[2025-12-25T09:16:47.155+0000] {taskinstance.py:2073} INFO - Dependencies all met for dep_context=non-requeueable deps ti=<TaskInstance: telemetry_spark_analytics.run_telemetry_analytics manual__2025-12-25T09:16:46.067177+00:00 [queued]>
[2025-12-25T09:16:47.159+0000] {taskinstance.py:2073} INFO - Dependencies all met for dep_context=requeueable deps ti=<TaskInstance: telemetry_spark_analytics.run_telemetry_analytics manual__2025-12-25T09:16:46.067177+00:00 [queued]>
[2025-12-25T09:16:47.159+0000] {taskinstance.py:2303} INFO - Starting attempt 1 of 1
[2025-12-25T09:16:47.165+0000] {taskinstance.py:2327} INFO - Executing <Task(BashOperator): run_telemetry_analytics> on 2025-12-25 09:16:46.067177+00:00
[2025-12-25T09:16:47.170+0000] {logging_mixin.py:188} WARNING - /home/airflow/.local/lib/python3.12/site-packages/airflow/task/task_runner/standard_task_runner.py:61 DeprecationWarning: This process (pid=4666) is multi-threaded, use of fork() may lead to deadlocks in the child.
[2025-12-25T09:16:47.171+0000] {standard_task_runner.py:63} INFO - Started process 4667 to run task
[2025-12-25T09:16:47.170+0000] {standard_task_runner.py:90} INFO - Running: ['airflow', 'tasks', 'run', '***_spark_analytics', 'run_***_analytics', 'manual__2025-12-25T09:16:46.067177+00:00', '--job-id', '98', '--raw', '--subdir', 'DAGS_FOLDER/***_spark_analytics_dag.py', '--cfg-path', '/tmp/tmpgcynz21f']
[2025-12-25T09:16:47.172+0000] {standard_task_runner.py:91} INFO - Job 98: Subtask run_***_analytics
[2025-12-25T09:16:47.205+0000] {task_command.py:426} INFO - Running <TaskInstance: telemetry_spark_analytics.run_telemetry_analytics manual__2025-12-25T09:16:46.067177+00:00 [running]> on host 6bc28026c5ad
[2025-12-25T09:16:47.252+0000] {taskinstance.py:2644} INFO - Exporting env vars: AIRFLOW_CTX_DAG_OWNER='airflow' AIRFLOW_CTX_DAG_ID='***_spark_analytics' AIRFLOW_CTX_TASK_ID='run_***_analytics' AIRFLOW_CTX_EXECUTION_DATE='2025-12-25T09:16:46.067177+00:00' AIRFLOW_CTX_TRY_NUMBER='1' AIRFLOW_CTX_DAG_RUN_ID='manual__2025-12-25T09:16:46.067177+00:00'
[2025-12-25T09:16:47.253+0000] {taskinstance.py:430} INFO - ::endgroup::
[2025-12-25T09:16:47.261+0000] {subprocess.py:63} INFO - Tmp dir root location: /tmp
[2025-12-25T09:16:47.261+0000] {subprocess.py:75} INFO - Running command: ['/usr/bin/bash', '-c', '\n        docker exec ***_spark         /opt/spark/bin/spark-submit         --master local[*]         --jars /opt/spark/jars/postgresql.jar         /opt/spark/jobs/***_analytics_job.py\n        ']
[2025-12-25T09:16:47.270+0000] {subprocess.py:86} INFO - Output:
[2025-12-25T09:16:49.109+0000] {subprocess.py:93} INFO - 25/12/25 09:16:49 WARN NativeCodeLoader: Unable to load native-hadoop library for your platform... using builtin-java classes where applicable
[2025-12-25T09:16:49.671+0000] {subprocess.py:93} INFO - 25/12/25 09:16:49 INFO SparkContext: Running Spark version 3.5.1
[2025-12-25T09:16:49.672+0000] {subprocess.py:93} INFO - 25/12/25 09:16:49 INFO SparkContext: OS info Linux, 6.10.14-linuxkit, aarch64
[2025-12-25T09:16:49.673+0000] {subprocess.py:93} INFO - 25/12/25 09:16:49 INFO SparkContext: Java version 11.0.22
[2025-12-25T09:16:49.691+0000] {subprocess.py:93} INFO - 25/12/25 09:16:49 INFO ResourceUtils: ==============================================================
[2025-12-25T09:16:49.691+0000] {subprocess.py:93} INFO - 25/12/25 09:16:49 INFO ResourceUtils: No custom resources configured for spark.driver.
[2025-12-25T09:16:49.691+0000] {subprocess.py:93} INFO - 25/12/25 09:16:49 INFO ResourceUtils: ==============================================================
[2025-12-25T09:16:49.692+0000] {subprocess.py:93} INFO - 25/12/25 09:16:49 INFO SparkContext: Submitted application: Telemetry Analytics Job
[2025-12-25T09:16:49.706+0000] {subprocess.py:93} INFO - 25/12/25 09:16:49 INFO ResourceProfile: Default ResourceProfile created, executor resources: Map(cores -> name: cores, amount: 1, script: , vendor: , memory -> name: memory, amount: 1024, script: , vendor: , offHeap -> name: offHeap, amount: 0, script: , vendor: ), task resources: Map(cpus -> name: cpus, amount: 1.0)
[2025-12-25T09:16:49.712+0000] {subprocess.py:93} INFO - 25/12/25 09:16:49 INFO ResourceProfile: Limiting resource is cpu
[2025-12-25T09:16:49.713+0000] {subprocess.py:93} INFO - 25/12/25 09:16:49 INFO ResourceProfileManager: Added ResourceProfile id: 0
[2025-12-25T09:16:49.761+0000] {subprocess.py:93} INFO - 25/12/25 09:16:49 INFO SecurityManager: Changing view acls to: root
[2025-12-25T09:16:49.762+0000] {subprocess.py:93} INFO - 25/12/25 09:16:49 INFO SecurityManager: Changing modify acls to: root
[2025-12-25T09:16:49.763+0000] {subprocess.py:93} INFO - 25/12/25 09:16:49 INFO SecurityManager: Changing view acls groups to:
[2025-12-25T09:16:49.763+0000] {subprocess.py:93} INFO - 25/12/25 09:16:49 INFO SecurityManager: Changing modify acls groups to:
[2025-12-25T09:16:49.763+0000] {subprocess.py:93} INFO - 25/12/25 09:16:49 INFO SecurityManager: SecurityManager: authentication disabled; ui acls disabled; users with view permissions: root; groups with view permissions: EMPTY; users with modify permissions: root; groups with modify permissions: EMPTY
[2025-12-25T09:16:49.889+0000] {subprocess.py:93} INFO - 25/12/25 09:16:49 INFO Utils: Successfully started service 'sparkDriver' on port 41289.
[2025-12-25T09:16:49.909+0000] {subprocess.py:93} INFO - 25/12/25 09:16:49 INFO SparkEnv: Registering MapOutputTracker
[2025-12-25T09:16:49.932+0000] {subprocess.py:93} INFO - 25/12/25 09:16:49 INFO SparkEnv: Registering BlockManagerMaster
[2025-12-25T09:16:49.944+0000] {subprocess.py:93} INFO - 25/12/25 09:16:49 INFO BlockManagerMasterEndpoint: Using org.apache.spark.storage.DefaultTopologyMapper for getting topology information
[2025-12-25T09:16:49.944+0000] {subprocess.py:93} INFO - 25/12/25 09:16:49 INFO BlockManagerMasterEndpoint: BlockManagerMasterEndpoint up
[2025-12-25T09:16:49.947+0000] {subprocess.py:93} INFO - 25/12/25 09:16:49 INFO SparkEnv: Registering BlockManagerMasterHeartbeat
[2025-12-25T09:16:49.964+0000] {subprocess.py:93} INFO - 25/12/25 09:16:49 INFO DiskBlockManager: Created local directory at /tmp/blockmgr-5772d911-26ab-41dd-86be-c13633e28630
[2025-12-25T09:16:49.972+0000] {subprocess.py:93} INFO - 25/12/25 09:16:49 INFO MemoryStore: MemoryStore started with capacity 434.4 MiB
[2025-12-25T09:16:49.982+0000] {subprocess.py:93} INFO - 25/12/25 09:16:49 INFO SparkEnv: Registering OutputCommitCoordinator
[2025-12-25T09:16:50.091+0000] {subprocess.py:93} INFO - 25/12/25 09:16:50 INFO JettyUtils: Start Jetty 0.0.0.0:4040 for SparkUI
[2025-12-25T09:16:50.137+0000] {subprocess.py:93} INFO - 25/12/25 09:16:50 INFO Utils: Successfully started service 'SparkUI' on port 4040.
[2025-12-25T09:16:50.164+0000] {subprocess.py:93} INFO - 25/12/25 09:16:50 INFO SparkContext: Added JAR file:///opt/spark/jars/postgresql.jar at spark://f72bf01c7215:41289/jars/postgresql.jar with timestamp 1766654209658
[2025-12-25T09:16:50.201+0000] {subprocess.py:93} INFO - 25/12/25 09:16:50 INFO Executor: Starting executor ID driver on host f72bf01c7215
[2025-12-25T09:16:50.203+0000] {subprocess.py:93} INFO - 25/12/25 09:16:50 INFO Executor: OS info Linux, 6.10.14-linuxkit, aarch64
[2025-12-25T09:16:50.204+0000] {subprocess.py:93} INFO - 25/12/25 09:16:50 INFO Executor: Java version 11.0.22
[2025-12-25T09:16:50.207+0000] {subprocess.py:93} INFO - 25/12/25 09:16:50 INFO Executor: Starting executor with user classpath (userClassPathFirst = false): ''
[2025-12-25T09:16:50.207+0000] {subprocess.py:93} INFO - 25/12/25 09:16:50 INFO Executor: Created or updated repl class loader org.apache.spark.util.MutableURLClassLoader@130fd06 for default.
[2025-12-25T09:16:50.214+0000] {subprocess.py:93} INFO - 25/12/25 09:16:50 INFO Executor: Fetching spark://f72bf01c7215:41289/jars/postgresql.jar with timestamp 1766654209658
[2025-12-25T09:16:50.244+0000] {subprocess.py:93} INFO - 25/12/25 09:16:50 INFO TransportClientFactory: Successfully created connection to f72bf01c7215/172.24.0.4:41289 after 14 ms (0 ms spent in bootstraps)
[2025-12-25T09:16:50.247+0000] {subprocess.py:93} INFO - 25/12/25 09:16:50 INFO Utils: Fetching spark://f72bf01c7215:41289/jars/postgresql.jar to /tmp/spark-c3e6d337-9ada-4470-9aaf-f79b7645866b/userFiles-182195b7-1ebd-4967-b786-f4c3752cf7bc/fetchFileTemp12472014097802170899.tmp
[2025-12-25T09:16:50.272+0000] {subprocess.py:93} INFO - 25/12/25 09:16:50 INFO Executor: Adding file:/tmp/spark-c3e6d337-9ada-4470-9aaf-f79b7645866b/userFiles-182195b7-1ebd-4967-b786-f4c3752cf7bc/postgresql.jar to class loader default
[2025-12-25T09:16:50.279+0000] {subprocess.py:93} INFO - 25/12/25 09:16:50 INFO Utils: Successfully started service 'org.apache.spark.network.netty.NettyBlockTransferService' on port 43071.
[2025-12-25T09:16:50.279+0000] {subprocess.py:93} INFO - 25/12/25 09:16:50 INFO NettyBlockTransferService: Server created on f72bf01c7215:43071
[2025-12-25T09:16:50.280+0000] {subprocess.py:93} INFO - 25/12/25 09:16:50 INFO BlockManager: Using org.apache.spark.storage.RandomBlockReplicationPolicy for block replication policy
[2025-12-25T09:16:50.284+0000] {subprocess.py:93} INFO - 25/12/25 09:16:50 INFO BlockManagerMaster: Registering BlockManager BlockManagerId(driver, f72bf01c7215, 43071, None)
[2025-12-25T09:16:50.286+0000] {subprocess.py:93} INFO - 25/12/25 09:16:50 INFO BlockManagerMasterEndpoint: Registering block manager f72bf01c7215:43071 with 434.4 MiB RAM, BlockManagerId(driver, f72bf01c7215, 43071, None)
[2025-12-25T09:16:50.287+0000] {subprocess.py:93} INFO - 25/12/25 09:16:50 INFO BlockManagerMaster: Registered BlockManager BlockManagerId(driver, f72bf01c7215, 43071, None)
[2025-12-25T09:16:50.287+0000] {subprocess.py:93} INFO - 25/12/25 09:16:50 INFO BlockManager: Initialized BlockManager: BlockManagerId(driver, f72bf01c7215, 43071, None)
[2025-12-25T09:16:50.501+0000] {subprocess.py:93} INFO - 25/12/25 09:16:50 INFO SharedState: Setting hive.metastore.warehouse.dir ('null') to the value of spark.sql.warehouse.dir.
[2025-12-25T09:16:50.503+0000] {subprocess.py:93} INFO - 25/12/25 09:16:50 INFO SharedState: Warehouse path is 'file:/opt/spark/spark-warehouse'.
[2025-12-25T09:16:52.541+0000] {subprocess.py:93} INFO - 25/12/25 09:16:52 INFO CodeGenerator: Code generated in 138.705875 ms
[2025-12-25T09:16:52.769+0000] {subprocess.py:93} INFO - 25/12/25 09:16:52 INFO DAGScheduler: Registering RDD 2 (jdbc at <unknown>:0) as input to shuffle 0
[2025-12-25T09:16:52.844+0000] {subprocess.py:93} INFO - 25/12/25 09:16:52 INFO DAGScheduler: Got map stage job 0 (jdbc at <unknown>:0) with 1 output partitions
[2025-12-25T09:16:52.858+0000] {subprocess.py:93} INFO - 25/12/25 09:16:52 INFO DAGScheduler: Final stage: ShuffleMapStage 0 (jdbc at <unknown>:0)
[2025-12-25T09:16:52.865+0000] {subprocess.py:93} INFO - 25/12/25 09:16:52 INFO DAGScheduler: Parents of final stage: List()
[2025-12-25T09:16:52.881+0000] {subprocess.py:93} INFO - 25/12/25 09:16:52 INFO DAGScheduler: Missing parents: List()
[2025-12-25T09:16:52.898+0000] {subprocess.py:93} INFO - 25/12/25 09:16:52 INFO DAGScheduler: Submitting ShuffleMapStage 0 (MapPartitionsRDD[2] at jdbc at <unknown>:0), which has no missing parents
[2025-12-25T09:16:53.343+0000] {subprocess.py:93} INFO - 25/12/25 09:16:53 INFO MemoryStore: Block broadcast_0 stored as values in memory (estimated size 43.4 KiB, free 434.4 MiB)
[2025-12-25T09:16:53.427+0000] {subprocess.py:93} INFO - 25/12/25 09:16:53 INFO MemoryStore: Block broadcast_0_piece0 stored as bytes in memory (estimated size 20.0 KiB, free 434.3 MiB)
[2025-12-25T09:16:53.435+0000] {subprocess.py:93} INFO - 25/12/25 09:16:53 INFO BlockManagerInfo: Added broadcast_0_piece0 in memory on f72bf01c7215:43071 (size: 20.0 KiB, free: 434.4 MiB)
[2025-12-25T09:16:53.459+0000] {subprocess.py:93} INFO - 25/12/25 09:16:53 INFO SparkContext: Created broadcast 0 from broadcast at DAGScheduler.scala:1585
[2025-12-25T09:16:53.520+0000] {subprocess.py:93} INFO - 25/12/25 09:16:53 INFO DAGScheduler: Submitting 1 missing tasks from ShuffleMapStage 0 (MapPartitionsRDD[2] at jdbc at <unknown>:0) (first 15 tasks are for partitions Vector(0))
[2025-12-25T09:16:53.528+0000] {subprocess.py:93} INFO - 25/12/25 09:16:53 INFO TaskSchedulerImpl: Adding task set 0.0 with 1 tasks resource profile 0
[2025-12-25T09:16:53.658+0000] {subprocess.py:93} INFO - 25/12/25 09:16:53 INFO TaskSetManager: Starting task 0.0 in stage 0.0 (TID 0) (f72bf01c7215, executor driver, partition 0, PROCESS_LOCAL, 7623 bytes)
[2025-12-25T09:16:53.719+0000] {subprocess.py:93} INFO - 25/12/25 09:16:53 INFO Executor: Running task 0.0 in stage 0.0 (TID 0)
[2025-12-25T09:16:54.246+0000] {subprocess.py:93} INFO - 25/12/25 09:16:54 INFO CodeGenerator: Code generated in 115.447458 ms
[2025-12-25T09:16:54.320+0000] {subprocess.py:93} INFO - 25/12/25 09:16:54 INFO CodeGenerator: Code generated in 27.229875 ms
[2025-12-25T09:16:54.352+0000] {subprocess.py:93} INFO - 25/12/25 09:16:54 INFO CodeGenerator: Code generated in 5.74225 ms
[2025-12-25T09:16:54.372+0000] {subprocess.py:93} INFO - 25/12/25 09:16:54 INFO CodeGenerator: Code generated in 5.924834 ms
[2025-12-25T09:16:54.394+0000] {subprocess.py:93} INFO - 25/12/25 09:16:54 INFO CodeGenerator: Code generated in 12.171083 ms
[2025-12-25T09:16:54.532+0000] {subprocess.py:93} INFO - 25/12/25 09:16:54 INFO JDBCRDD: closed connection
[2025-12-25T09:16:54.592+0000] {subprocess.py:93} INFO - 25/12/25 09:16:54 INFO Executor: Finished task 0.0 in stage 0.0 (TID 0). 2491 bytes result sent to driver
[2025-12-25T09:16:54.606+0000] {subprocess.py:93} INFO - 25/12/25 09:16:54 INFO TaskSetManager: Finished task 0.0 in stage 0.0 (TID 0) in 983 ms on f72bf01c7215 (executor driver) (1/1)
[2025-12-25T09:16:54.608+0000] {subprocess.py:93} INFO - 25/12/25 09:16:54 INFO TaskSchedulerImpl: Removed TaskSet 0.0, whose tasks have all completed, from pool
[2025-12-25T09:16:54.614+0000] {subprocess.py:93} INFO - 25/12/25 09:16:54 INFO DAGScheduler: ShuffleMapStage 0 (jdbc at <unknown>:0) finished in 1.660 s
[2025-12-25T09:16:54.614+0000] {subprocess.py:93} INFO - 25/12/25 09:16:54 INFO DAGScheduler: looking for newly runnable stages
[2025-12-25T09:16:54.615+0000] {subprocess.py:93} INFO - 25/12/25 09:16:54 INFO DAGScheduler: running: Set()
[2025-12-25T09:16:54.615+0000] {subprocess.py:93} INFO - 25/12/25 09:16:54 INFO DAGScheduler: waiting: Set()
[2025-12-25T09:16:54.615+0000] {subprocess.py:93} INFO - 25/12/25 09:16:54 INFO DAGScheduler: failed: Set()
[2025-12-25T09:16:54.633+0000] {subprocess.py:93} INFO - 25/12/25 09:16:54 INFO ShufflePartitionsUtil: For shuffle(0), advisory target size: 67108864, actual target size 1048576, minimum partition size: 1048576
[2025-12-25T09:16:54.650+0000] {subprocess.py:93} INFO - 25/12/25 09:16:54 INFO HashAggregateExec: spark.sql.codegen.aggregate.map.twolevel.enabled is set to true, but current version of codegened fast hashmap does not support this aggregate.
[2025-12-25T09:16:54.673+0000] {subprocess.py:93} INFO - 25/12/25 09:16:54 INFO CodeGenerator: Code generated in 13.347167 ms
[2025-12-25T09:16:54.748+0000] {subprocess.py:93} INFO - 25/12/25 09:16:54 INFO BlockManagerInfo: Removed broadcast_0_piece0 on f72bf01c7215:43071 in memory (size: 20.0 KiB, free: 434.4 MiB)
[2025-12-25T09:16:54.758+0000] {subprocess.py:93} INFO - 25/12/25 09:16:54 INFO SparkContext: Starting job: jdbc at <unknown>:0
[2025-12-25T09:16:54.761+0000] {subprocess.py:93} INFO - 25/12/25 09:16:54 INFO DAGScheduler: Got job 1 (jdbc at <unknown>:0) with 1 output partitions
[2025-12-25T09:16:54.762+0000] {subprocess.py:93} INFO - 25/12/25 09:16:54 INFO DAGScheduler: Final stage: ResultStage 2 (jdbc at <unknown>:0)
[2025-12-25T09:16:54.762+0000] {subprocess.py:93} INFO - 25/12/25 09:16:54 INFO DAGScheduler: Parents of final stage: List(ShuffleMapStage 1)
[2025-12-25T09:16:54.766+0000] {subprocess.py:93} INFO - 25/12/25 09:16:54 INFO DAGScheduler: Missing parents: List()
[2025-12-25T09:16:54.768+0000] {subprocess.py:93} INFO - 25/12/25 09:16:54 INFO DAGScheduler: Submitting ResultStage 2 (MapPartitionsRDD[7] at jdbc at <unknown>:0), which has no missing parents
[2025-12-25T09:16:54.786+0000] {subprocess.py:93} INFO - 25/12/25 09:16:54 INFO MemoryStore: Block broadcast_1 stored as values in memory (estimated size 53.8 KiB, free 434.3 MiB)
[2025-12-25T09:16:54.789+0000] {subprocess.py:93} INFO - 25/12/25 09:16:54 INFO MemoryStore: Block broadcast_1_piece0 stored as bytes in memory (estimated size 24.0 KiB, free 434.3 MiB)
[2025-12-25T09:16:54.790+0000] {subprocess.py:93} INFO - 25/12/25 09:16:54 INFO BlockManagerInfo: Added broadcast_1_piece0 in memory on f72bf01c7215:43071 (size: 24.0 KiB, free: 434.4 MiB)
[2025-12-25T09:16:54.791+0000] {subprocess.py:93} INFO - 25/12/25 09:16:54 INFO SparkContext: Created broadcast 1 from broadcast at DAGScheduler.scala:1585
[2025-12-25T09:16:54.793+0000] {subprocess.py:93} INFO - 25/12/25 09:16:54 INFO DAGScheduler: Submitting 1 missing tasks from ResultStage 2 (MapPartitionsRDD[7] at jdbc at <unknown>:0) (first 15 tasks are for partitions Vector(0))
[2025-12-25T09:16:54.794+0000] {subprocess.py:93} INFO - 25/12/25 09:16:54 INFO TaskSchedulerImpl: Adding task set 2.0 with 1 tasks resource profile 0
[2025-12-25T09:16:54.799+0000] {subprocess.py:93} INFO - 25/12/25 09:16:54 INFO TaskSetManager: Starting task 0.0 in stage 2.0 (TID 1) (f72bf01c7215, executor driver, partition 0, NODE_LOCAL, 7788 bytes)
[2025-12-25T09:16:54.800+0000] {subprocess.py:93} INFO - 25/12/25 09:16:54 INFO Executor: Running task 0.0 in stage 2.0 (TID 1)
[2025-12-25T09:16:54.853+0000] {subprocess.py:93} INFO - 25/12/25 09:16:54 INFO ShuffleBlockFetcherIterator: Getting 1 (264.0 B) non-empty blocks including 1 (264.0 B) local and 0 (0.0 B) host-local and 0 (0.0 B) push-merged-local and 0 (0.0 B) remote blocks
[2025-12-25T09:16:54.854+0000] {subprocess.py:93} INFO - 25/12/25 09:16:54 INFO ShuffleBlockFetcherIterator: Started 0 remote fetches in 6 ms
[2025-12-25T09:16:54.867+0000] {subprocess.py:93} INFO - 25/12/25 09:16:54 INFO CodeGenerator: Code generated in 10.746833 ms
[2025-12-25T09:16:55.552+0000] {subprocess.py:93} INFO - 25/12/25 09:16:55 INFO CodeGenerator: Code generated in 9.982583 ms
[2025-12-25T09:16:55.598+0000] {subprocess.py:93} INFO - 25/12/25 09:16:55 INFO Executor: Finished task 0.0 in stage 2.0 (TID 1). 4695 bytes result sent to driver
[2025-12-25T09:16:55.600+0000] {subprocess.py:93} INFO - 25/12/25 09:16:55 INFO TaskSetManager: Finished task 0.0 in stage 2.0 (TID 1) in 803 ms on f72bf01c7215 (executor driver) (1/1)
[2025-12-25T09:16:55.600+0000] {subprocess.py:93} INFO - 25/12/25 09:16:55 INFO TaskSchedulerImpl: Removed TaskSet 2.0, whose tasks have all completed, from pool
[2025-12-25T09:16:55.601+0000] {subprocess.py:93} INFO - 25/12/25 09:16:55 INFO DAGScheduler: ResultStage 2 (jdbc at <unknown>:0) finished in 0.827 s
[2025-12-25T09:16:55.602+0000] {subprocess.py:93} INFO - 25/12/25 09:16:55 INFO DAGScheduler: Job 1 is finished. Cancelling potential speculative or zombie tasks for this job
[2025-12-25T09:16:55.604+0000] {subprocess.py:93} INFO - 25/12/25 09:16:55 INFO TaskSchedulerImpl: Killing all running tasks in stage 2: Stage finished
[2025-12-25T09:16:55.604+0000] {subprocess.py:93} INFO - 25/12/25 09:16:55 INFO DAGScheduler: Job 1 finished: jdbc at <unknown>:0, took 0.845451 s
[2025-12-25T09:16:55.725+0000] {subprocess.py:93} INFO - 25/12/25 09:16:55 INFO CodeGenerator: Code generated in 16.93475 ms
[2025-12-25T09:16:55.730+0000] {subprocess.py:93} INFO - 25/12/25 09:16:55 INFO DAGScheduler: Registering RDD 10 (jdbc at <unknown>:0) as input to shuffle 1
[2025-12-25T09:16:55.730+0000] {subprocess.py:93} INFO - 25/12/25 09:16:55 INFO DAGScheduler: Got map stage job 2 (jdbc at <unknown>:0) with 1 output partitions
[2025-12-25T09:16:55.731+0000] {subprocess.py:93} INFO - 25/12/25 09:16:55 INFO DAGScheduler: Final stage: ShuffleMapStage 3 (jdbc at <unknown>:0)
[2025-12-25T09:16:55.731+0000] {subprocess.py:93} INFO - 25/12/25 09:16:55 INFO DAGScheduler: Parents of final stage: List()
[2025-12-25T09:16:55.731+0000] {subprocess.py:93} INFO - 25/12/25 09:16:55 INFO DAGScheduler: Missing parents: List()
[2025-12-25T09:16:55.732+0000] {subprocess.py:93} INFO - 25/12/25 09:16:55 INFO DAGScheduler: Submitting ShuffleMapStage 3 (MapPartitionsRDD[10] at jdbc at <unknown>:0), which has no missing parents
[2025-12-25T09:16:55.734+0000] {subprocess.py:93} INFO - 25/12/25 09:16:55 INFO MemoryStore: Block broadcast_2 stored as values in memory (estimated size 37.8 KiB, free 434.3 MiB)
[2025-12-25T09:16:55.736+0000] {subprocess.py:93} INFO - 25/12/25 09:16:55 INFO MemoryStore: Block broadcast_2_piece0 stored as bytes in memory (estimated size 17.9 KiB, free 434.3 MiB)
[2025-12-25T09:16:55.737+0000] {subprocess.py:93} INFO - 25/12/25 09:16:55 INFO BlockManagerInfo: Added broadcast_2_piece0 in memory on f72bf01c7215:43071 (size: 17.9 KiB, free: 434.4 MiB)
[2025-12-25T09:16:55.738+0000] {subprocess.py:93} INFO - 25/12/25 09:16:55 INFO SparkContext: Created broadcast 2 from broadcast at DAGScheduler.scala:1585
[2025-12-25T09:16:55.738+0000] {subprocess.py:93} INFO - 25/12/25 09:16:55 INFO DAGScheduler: Submitting 1 missing tasks from ShuffleMapStage 3 (MapPartitionsRDD[10] at jdbc at <unknown>:0) (first 15 tasks are for partitions Vector(0))
[2025-12-25T09:16:55.738+0000] {subprocess.py:93} INFO - 25/12/25 09:16:55 INFO TaskSchedulerImpl: Adding task set 3.0 with 1 tasks resource profile 0
[2025-12-25T09:16:55.739+0000] {subprocess.py:93} INFO - 25/12/25 09:16:55 INFO TaskSetManager: Starting task 0.0 in stage 3.0 (TID 2) (f72bf01c7215, executor driver, partition 0, PROCESS_LOCAL, 7623 bytes)
[2025-12-25T09:16:55.739+0000] {subprocess.py:93} INFO - 25/12/25 09:16:55 INFO Executor: Running task 0.0 in stage 3.0 (TID 2)
[2025-12-25T09:16:55.769+0000] {subprocess.py:93} INFO - 25/12/25 09:16:55 INFO CodeGenerator: Code generated in 13.166791 ms
[2025-12-25T09:16:55.774+0000] {subprocess.py:93} INFO - 25/12/25 09:16:55 INFO CodeGenerator: Code generated in 2.703084 ms
[2025-12-25T09:16:55.779+0000] {subprocess.py:93} INFO - 25/12/25 09:16:55 INFO CodeGenerator: Code generated in 2.948666 ms
[2025-12-25T09:16:55.788+0000] {subprocess.py:93} INFO - 25/12/25 09:16:55 INFO JDBCRDD: closed connection
[2025-12-25T09:16:55.795+0000] {subprocess.py:93} INFO - 25/12/25 09:16:55 INFO Executor: Finished task 0.0 in stage 3.0 (TID 2). 2448 bytes result sent to driver
[2025-12-25T09:16:55.798+0000] {subprocess.py:93} INFO - 25/12/25 09:16:55 INFO TaskSetManager: Finished task 0.0 in stage 3.0 (TID 2) in 58 ms on f72bf01c7215 (executor driver) (1/1)
[2025-12-25T09:16:55.798+0000] {subprocess.py:93} INFO - 25/12/25 09:16:55 INFO TaskSchedulerImpl: Removed TaskSet 3.0, whose tasks have all completed, from pool
[2025-12-25T09:16:55.798+0000] {subprocess.py:93} INFO - 25/12/25 09:16:55 INFO DAGScheduler: ShuffleMapStage 3 (jdbc at <unknown>:0) finished in 0.064 s
[2025-12-25T09:16:55.798+0000] {subprocess.py:93} INFO - 25/12/25 09:16:55 INFO DAGScheduler: looking for newly runnable stages
[2025-12-25T09:16:55.799+0000] {subprocess.py:93} INFO - 25/12/25 09:16:55 INFO DAGScheduler: running: Set()
[2025-12-25T09:16:55.799+0000] {subprocess.py:93} INFO - 25/12/25 09:16:55 INFO DAGScheduler: waiting: Set()
[2025-12-25T09:16:55.799+0000] {subprocess.py:93} INFO - 25/12/25 09:16:55 INFO DAGScheduler: failed: Set()
[2025-12-25T09:16:55.801+0000] {subprocess.py:93} INFO - 25/12/25 09:16:55 INFO ShufflePartitionsUtil: For shuffle(1), advisory target size: 67108864, actual target size 1048576, minimum partition size: 1048576
[2025-12-25T09:16:55.804+0000] {subprocess.py:93} INFO - 25/12/25 09:16:55 INFO HashAggregateExec: spark.sql.codegen.aggregate.map.twolevel.enabled is set to true, but current version of codegened fast hashmap does not support this aggregate.
[2025-12-25T09:16:55.813+0000] {subprocess.py:93} INFO - 25/12/25 09:16:55 INFO CodeGenerator: Code generated in 6.676167 ms
[2025-12-25T09:16:55.837+0000] {subprocess.py:93} INFO - 25/12/25 09:16:55 INFO BlockManagerInfo: Removed broadcast_1_piece0 on f72bf01c7215:43071 in memory (size: 24.0 KiB, free: 434.4 MiB)
[2025-12-25T09:16:55.839+0000] {subprocess.py:93} INFO - 25/12/25 09:16:55 INFO BlockManagerInfo: Removed broadcast_2_piece0 on f72bf01c7215:43071 in memory (size: 17.9 KiB, free: 434.4 MiB)
[2025-12-25T09:16:55.840+0000] {subprocess.py:93} INFO - 25/12/25 09:16:55 INFO SparkContext: Starting job: jdbc at <unknown>:0
[2025-12-25T09:16:55.840+0000] {subprocess.py:93} INFO - 25/12/25 09:16:55 INFO DAGScheduler: Got job 3 (jdbc at <unknown>:0) with 1 output partitions
[2025-12-25T09:16:55.840+0000] {subprocess.py:93} INFO - 25/12/25 09:16:55 INFO DAGScheduler: Final stage: ResultStage 5 (jdbc at <unknown>:0)
[2025-12-25T09:16:55.841+0000] {subprocess.py:93} INFO - 25/12/25 09:16:55 INFO DAGScheduler: Parents of final stage: List(ShuffleMapStage 4)
[2025-12-25T09:16:55.841+0000] {subprocess.py:93} INFO - 25/12/25 09:16:55 INFO DAGScheduler: Missing parents: List()
[2025-12-25T09:16:55.843+0000] {subprocess.py:93} INFO - 25/12/25 09:16:55 INFO DAGScheduler: Submitting ResultStage 5 (MapPartitionsRDD[15] at jdbc at <unknown>:0), which has no missing parents
[2025-12-25T09:16:55.846+0000] {subprocess.py:93} INFO - 25/12/25 09:16:55 INFO MemoryStore: Block broadcast_3 stored as values in memory (estimated size 46.8 KiB, free 434.4 MiB)
[2025-12-25T09:16:55.847+0000] {subprocess.py:93} INFO - 25/12/25 09:16:55 INFO MemoryStore: Block broadcast_3_piece0 stored as bytes in memory (estimated size 21.6 KiB, free 434.3 MiB)
[2025-12-25T09:16:55.847+0000] {subprocess.py:93} INFO - 25/12/25 09:16:55 INFO BlockManagerInfo: Added broadcast_3_piece0 in memory on f72bf01c7215:43071 (size: 21.6 KiB, free: 434.4 MiB)
[2025-12-25T09:16:55.848+0000] {subprocess.py:93} INFO - 25/12/25 09:16:55 INFO SparkContext: Created broadcast 3 from broadcast at DAGScheduler.scala:1585
[2025-12-25T09:16:55.848+0000] {subprocess.py:93} INFO - 25/12/25 09:16:55 INFO DAGScheduler: Submitting 1 missing tasks from ResultStage 5 (MapPartitionsRDD[15] at jdbc at <unknown>:0) (first 15 tasks are for partitions Vector(0))
[2025-12-25T09:16:55.848+0000] {subprocess.py:93} INFO - 25/12/25 09:16:55 INFO TaskSchedulerImpl: Adding task set 5.0 with 1 tasks resource profile 0
[2025-12-25T09:16:55.849+0000] {subprocess.py:93} INFO - 25/12/25 09:16:55 INFO TaskSetManager: Starting task 0.0 in stage 5.0 (TID 3) (f72bf01c7215, executor driver, partition 0, NODE_LOCAL, 7788 bytes)
[2025-12-25T09:16:55.849+0000] {subprocess.py:93} INFO - 25/12/25 09:16:55 INFO Executor: Running task 0.0 in stage 5.0 (TID 3)
[2025-12-25T09:16:55.854+0000] {subprocess.py:93} INFO - 25/12/25 09:16:55 INFO ShuffleBlockFetcherIterator: Getting 1 (240.0 B) non-empty blocks including 1 (240.0 B) local and 0 (0.0 B) host-local and 0 (0.0 B) push-merged-local and 0 (0.0 B) remote blocks
[2025-12-25T09:16:55.854+0000] {subprocess.py:93} INFO - 25/12/25 09:16:55 INFO ShuffleBlockFetcherIterator: Started 0 remote fetches in 0 ms
[2025-12-25T09:16:55.860+0000] {subprocess.py:93} INFO - 25/12/25 09:16:55 INFO CodeGenerator: Code generated in 5.689834 ms
[2025-12-25T09:16:55.867+0000] {subprocess.py:93} INFO - 25/12/25 09:16:55 INFO CodeGenerator: Code generated in 4.58925 ms
[2025-12-25T09:16:55.880+0000] {subprocess.py:93} INFO - 25/12/25 09:16:55 INFO Executor: Finished task 0.0 in stage 5.0 (TID 3). 4652 bytes result sent to driver
[2025-12-25T09:16:55.880+0000] {subprocess.py:93} INFO - 25/12/25 09:16:55 INFO TaskSetManager: Finished task 0.0 in stage 5.0 (TID 3) in 31 ms on f72bf01c7215 (executor driver) (1/1)
[2025-12-25T09:16:55.881+0000] {subprocess.py:93} INFO - 25/12/25 09:16:55 INFO TaskSchedulerImpl: Removed TaskSet 5.0, whose tasks have all completed, from pool
[2025-12-25T09:16:55.882+0000] {subprocess.py:93} INFO - 25/12/25 09:16:55 INFO DAGScheduler: ResultStage 5 (jdbc at <unknown>:0) finished in 0.038 s
[2025-12-25T09:16:55.882+0000] {subprocess.py:93} INFO - 25/12/25 09:16:55 INFO DAGScheduler: Job 3 is finished. Cancelling potential speculative or zombie tasks for this job
[2025-12-25T09:16:55.883+0000] {subprocess.py:93} INFO - 25/12/25 09:16:55 INFO TaskSchedulerImpl: Killing all running tasks in stage 5: Stage finished
[2025-12-25T09:16:55.883+0000] {subprocess.py:93} INFO - 25/12/25 09:16:55 INFO DAGScheduler: Job 3 finished: jdbc at <unknown>:0, took 0.043014 s
[2025-12-25T09:16:55.908+0000] {subprocess.py:93} INFO - 25/12/25 09:16:55 INFO SparkContext: SparkContext is stopping with exitCode 0.
[2025-12-25T09:16:55.917+0000] {subprocess.py:93} INFO - 25/12/25 09:16:55 INFO SparkUI: Stopped Spark web UI at http://f72bf01c7215:4040
[2025-12-25T09:16:55.928+0000] {subprocess.py:93} INFO - 25/12/25 09:16:55 INFO MapOutputTrackerMasterEndpoint: MapOutputTrackerMasterEndpoint stopped!
[2025-12-25T09:16:55.944+0000] {subprocess.py:93} INFO - 25/12/25 09:16:55 INFO MemoryStore: MemoryStore cleared
[2025-12-25T09:16:55.945+0000] {subprocess.py:93} INFO - 25/12/25 09:16:55 INFO BlockManager: BlockManager stopped
[2025-12-25T09:16:55.945+0000] {subprocess.py:93} INFO - 25/12/25 09:16:55 INFO BlockManagerMaster: BlockManagerMaster stopped
[2025-12-25T09:16:55.947+0000] {subprocess.py:93} INFO - 25/12/25 09:16:55 INFO OutputCommitCoordinator$OutputCommitCoordinatorEndpoint: OutputCommitCoordinator stopped!
[2025-12-25T09:16:55.954+0000] {subprocess.py:93} INFO - 25/12/25 09:16:55 INFO SparkContext: Successfully stopped SparkContext
[2025-12-25T09:16:56.450+0000] {subprocess.py:93} INFO - Telemetry analytics job completed successfully!
[2025-12-25T09:16:56.499+0000] {subprocess.py:93} INFO - 25/12/25 09:16:56 INFO ShutdownHookManager: Shutdown hook called
[2025-12-25T09:16:56.501+0000] {subprocess.py:93} INFO - 25/12/25 09:16:56 INFO ShutdownHookManager: Deleting directory /tmp/spark-adaffe9b-0da5-45ff-b739-5304b5bbd129
[2025-12-25T09:16:56.505+0000] {subprocess.py:93} INFO - 25/12/25 09:16:56 INFO ShutdownHookManager: Deleting directory /tmp/spark-c3e6d337-9ada-4470-9aaf-f79b7645866b
[2025-12-25T09:16:56.508+0000] {subprocess.py:93} INFO - 25/12/25 09:16:56 INFO ShutdownHookManager: Deleting directory /tmp/spark-c3e6d337-9ada-4470-9aaf-f79b7645866b/pyspark-8a24d3b6-b55f-498e-af5c-edeaffd93f1b
[2025-12-25T09:16:56.567+0000] {subprocess.py:97} INFO - Command exited with return code 0
[2025-12-25T09:16:56.569+0000] {taskinstance.py:441} INFO - ::group::Post task execution logs
[2025-12-25T09:16:56.610+0000] {taskinstance.py:1205} INFO - Marking task as SUCCESS. dag_id=***_spark_analytics, task_id=run_***_analytics, execution_date=20251225T091646, start_date=20251225T091647, end_date=20251225T091656
[2025-12-25T09:16:56.640+0000] {local_task_job_runner.py:240} INFO - Task exited with return code 0
[2025-12-25T09:16:56.660+0000] {taskinstance.py:3482} INFO - 0 downstream tasks scheduled from follow-on schedule check
[2025-12-25T09:16:56.661+0000] {local_task_job_runner.py:222} INFO - ::endgroup::
