[2025-12-24T07:58:29.250+0000] {local_task_job_runner.py:120} INFO - ::group::Pre task execution logs
[2025-12-24T07:58:29.271+0000] {taskinstance.py:2073} INFO - Dependencies all met for dep_context=non-requeueable deps ti=<TaskInstance: telemetry_spark_analytics.run_telemetry_analytics manual__2025-12-24T07:58:28.654886+00:00 [queued]>
[2025-12-24T07:58:29.274+0000] {taskinstance.py:2073} INFO - Dependencies all met for dep_context=requeueable deps ti=<TaskInstance: telemetry_spark_analytics.run_telemetry_analytics manual__2025-12-24T07:58:28.654886+00:00 [queued]>
[2025-12-24T07:58:29.274+0000] {taskinstance.py:2303} INFO - Starting attempt 1 of 1
[2025-12-24T07:58:29.279+0000] {taskinstance.py:2327} INFO - Executing <Task(BashOperator): run_telemetry_analytics> on 2025-12-24 07:58:28.654886+00:00
[2025-12-24T07:58:29.289+0000] {logging_mixin.py:188} WARNING - /home/airflow/.local/lib/python3.12/site-packages/airflow/task/task_runner/standard_task_runner.py:61 DeprecationWarning: This process (pid=5730) is multi-threaded, use of fork() may lead to deadlocks in the child.
[2025-12-24T07:58:29.289+0000] {standard_task_runner.py:63} INFO - Started process 5731 to run task
[2025-12-24T07:58:29.289+0000] {standard_task_runner.py:90} INFO - Running: ['airflow', 'tasks', 'run', '***_spark_analytics', 'run_***_analytics', 'manual__2025-12-24T07:58:28.654886+00:00', '--job-id', '87', '--raw', '--subdir', 'DAGS_FOLDER/***_spark_analytics_dag.py', '--cfg-path', '/tmp/tmpl4rq4dm2']
[2025-12-24T07:58:29.291+0000] {standard_task_runner.py:91} INFO - Job 87: Subtask run_***_analytics
[2025-12-24T07:58:29.319+0000] {task_command.py:426} INFO - Running <TaskInstance: telemetry_spark_analytics.run_telemetry_analytics manual__2025-12-24T07:58:28.654886+00:00 [running]> on host 6bc28026c5ad
[2025-12-24T07:58:29.365+0000] {taskinstance.py:2644} INFO - Exporting env vars: AIRFLOW_CTX_DAG_OWNER='airflow' AIRFLOW_CTX_DAG_ID='***_spark_analytics' AIRFLOW_CTX_TASK_ID='run_***_analytics' AIRFLOW_CTX_EXECUTION_DATE='2025-12-24T07:58:28.654886+00:00' AIRFLOW_CTX_TRY_NUMBER='1' AIRFLOW_CTX_DAG_RUN_ID='manual__2025-12-24T07:58:28.654886+00:00'
[2025-12-24T07:58:29.365+0000] {taskinstance.py:430} INFO - ::endgroup::
[2025-12-24T07:58:29.372+0000] {subprocess.py:63} INFO - Tmp dir root location: /tmp
[2025-12-24T07:58:29.373+0000] {subprocess.py:75} INFO - Running command: ['/usr/bin/bash', '-c', '\n        docker exec ***_spark         /opt/spark/bin/spark-submit         --master local[*]         --jars /opt/spark/jars/postgresql.jar         /opt/spark/jobs/***_analytics_job.py\n        ']
[2025-12-24T07:58:29.381+0000] {subprocess.py:86} INFO - Output:
[2025-12-24T07:58:31.602+0000] {subprocess.py:93} INFO - 25/12/24 07:58:31 WARN NativeCodeLoader: Unable to load native-hadoop library for your platform... using builtin-java classes where applicable
[2025-12-24T07:58:32.112+0000] {subprocess.py:93} INFO - 25/12/24 07:58:32 INFO SparkContext: Running Spark version 3.5.1
[2025-12-24T07:58:32.113+0000] {subprocess.py:93} INFO - 25/12/24 07:58:32 INFO SparkContext: OS info Linux, 6.10.14-linuxkit, aarch64
[2025-12-24T07:58:32.113+0000] {subprocess.py:93} INFO - 25/12/24 07:58:32 INFO SparkContext: Java version 11.0.22
[2025-12-24T07:58:32.136+0000] {subprocess.py:93} INFO - 25/12/24 07:58:32 INFO ResourceUtils: ==============================================================
[2025-12-24T07:58:32.137+0000] {subprocess.py:93} INFO - 25/12/24 07:58:32 INFO ResourceUtils: No custom resources configured for spark.driver.
[2025-12-24T07:58:32.137+0000] {subprocess.py:93} INFO - 25/12/24 07:58:32 INFO ResourceUtils: ==============================================================
[2025-12-24T07:58:32.137+0000] {subprocess.py:93} INFO - 25/12/24 07:58:32 INFO SparkContext: Submitted application: Telemetry Analytics Job
[2025-12-24T07:58:32.157+0000] {subprocess.py:93} INFO - 25/12/24 07:58:32 INFO ResourceProfile: Default ResourceProfile created, executor resources: Map(cores -> name: cores, amount: 1, script: , vendor: , memory -> name: memory, amount: 1024, script: , vendor: , offHeap -> name: offHeap, amount: 0, script: , vendor: ), task resources: Map(cpus -> name: cpus, amount: 1.0)
[2025-12-24T07:58:32.168+0000] {subprocess.py:93} INFO - 25/12/24 07:58:32 INFO ResourceProfile: Limiting resource is cpu
[2025-12-24T07:58:32.169+0000] {subprocess.py:93} INFO - 25/12/24 07:58:32 INFO ResourceProfileManager: Added ResourceProfile id: 0
[2025-12-24T07:58:32.210+0000] {subprocess.py:93} INFO - 25/12/24 07:58:32 INFO SecurityManager: Changing view acls to: root
[2025-12-24T07:58:32.211+0000] {subprocess.py:93} INFO - 25/12/24 07:58:32 INFO SecurityManager: Changing modify acls to: root
[2025-12-24T07:58:32.211+0000] {subprocess.py:93} INFO - 25/12/24 07:58:32 INFO SecurityManager: Changing view acls groups to:
[2025-12-24T07:58:32.211+0000] {subprocess.py:93} INFO - 25/12/24 07:58:32 INFO SecurityManager: Changing modify acls groups to:
[2025-12-24T07:58:32.211+0000] {subprocess.py:93} INFO - 25/12/24 07:58:32 INFO SecurityManager: SecurityManager: authentication disabled; ui acls disabled; users with view permissions: root; groups with view permissions: EMPTY; users with modify permissions: root; groups with modify permissions: EMPTY
[2025-12-24T07:58:32.337+0000] {subprocess.py:93} INFO - 25/12/24 07:58:32 INFO Utils: Successfully started service 'sparkDriver' on port 45241.
[2025-12-24T07:58:32.355+0000] {subprocess.py:93} INFO - 25/12/24 07:58:32 INFO SparkEnv: Registering MapOutputTracker
[2025-12-24T07:58:32.379+0000] {subprocess.py:93} INFO - 25/12/24 07:58:32 INFO SparkEnv: Registering BlockManagerMaster
[2025-12-24T07:58:32.393+0000] {subprocess.py:93} INFO - 25/12/24 07:58:32 INFO BlockManagerMasterEndpoint: Using org.apache.spark.storage.DefaultTopologyMapper for getting topology information
[2025-12-24T07:58:32.394+0000] {subprocess.py:93} INFO - 25/12/24 07:58:32 INFO BlockManagerMasterEndpoint: BlockManagerMasterEndpoint up
[2025-12-24T07:58:32.394+0000] {subprocess.py:93} INFO - 25/12/24 07:58:32 INFO SparkEnv: Registering BlockManagerMasterHeartbeat
[2025-12-24T07:58:32.413+0000] {subprocess.py:93} INFO - 25/12/24 07:58:32 INFO DiskBlockManager: Created local directory at /tmp/blockmgr-b371b069-c595-43b3-a739-105e98be852d
[2025-12-24T07:58:32.421+0000] {subprocess.py:93} INFO - 25/12/24 07:58:32 INFO MemoryStore: MemoryStore started with capacity 434.4 MiB
[2025-12-24T07:58:32.433+0000] {subprocess.py:93} INFO - 25/12/24 07:58:32 INFO SparkEnv: Registering OutputCommitCoordinator
[2025-12-24T07:58:32.593+0000] {subprocess.py:93} INFO - 25/12/24 07:58:32 INFO JettyUtils: Start Jetty 0.0.0.0:4040 for SparkUI
[2025-12-24T07:58:32.688+0000] {subprocess.py:93} INFO - 25/12/24 07:58:32 INFO Utils: Successfully started service 'SparkUI' on port 4040.
[2025-12-24T07:58:32.741+0000] {subprocess.py:93} INFO - 25/12/24 07:58:32 INFO SparkContext: Added JAR file:///opt/spark/jars/postgresql.jar at spark://f72bf01c7215:45241/jars/postgresql.jar with timestamp 1766563112105
[2025-12-24T07:58:32.847+0000] {subprocess.py:93} INFO - 25/12/24 07:58:32 INFO Executor: Starting executor ID driver on host f72bf01c7215
[2025-12-24T07:58:32.847+0000] {subprocess.py:93} INFO - 25/12/24 07:58:32 INFO Executor: OS info Linux, 6.10.14-linuxkit, aarch64
[2025-12-24T07:58:32.848+0000] {subprocess.py:93} INFO - 25/12/24 07:58:32 INFO Executor: Java version 11.0.22
[2025-12-24T07:58:32.852+0000] {subprocess.py:93} INFO - 25/12/24 07:58:32 INFO Executor: Starting executor with user classpath (userClassPathFirst = false): ''
[2025-12-24T07:58:32.853+0000] {subprocess.py:93} INFO - 25/12/24 07:58:32 INFO Executor: Created or updated repl class loader org.apache.spark.util.MutableURLClassLoader@67612d69 for default.
[2025-12-24T07:58:32.862+0000] {subprocess.py:93} INFO - 25/12/24 07:58:32 INFO Executor: Fetching spark://f72bf01c7215:45241/jars/postgresql.jar with timestamp 1766563112105
[2025-12-24T07:58:32.896+0000] {subprocess.py:93} INFO - 25/12/24 07:58:32 INFO TransportClientFactory: Successfully created connection to f72bf01c7215/172.24.0.5:45241 after 16 ms (0 ms spent in bootstraps)
[2025-12-24T07:58:32.903+0000] {subprocess.py:93} INFO - 25/12/24 07:58:32 INFO Utils: Fetching spark://f72bf01c7215:45241/jars/postgresql.jar to /tmp/spark-b56cdf2e-f651-4079-9118-fa70e6cd67de/userFiles-5327ccf3-4e81-485b-9a33-c457ff7f3d47/fetchFileTemp15383732218917913346.tmp
[2025-12-24T07:58:32.947+0000] {subprocess.py:93} INFO - 25/12/24 07:58:32 INFO Executor: Adding file:/tmp/spark-b56cdf2e-f651-4079-9118-fa70e6cd67de/userFiles-5327ccf3-4e81-485b-9a33-c457ff7f3d47/postgresql.jar to class loader default
[2025-12-24T07:58:32.959+0000] {subprocess.py:93} INFO - 25/12/24 07:58:32 INFO Utils: Successfully started service 'org.apache.spark.network.netty.NettyBlockTransferService' on port 36591.
[2025-12-24T07:58:32.959+0000] {subprocess.py:93} INFO - 25/12/24 07:58:32 INFO NettyBlockTransferService: Server created on f72bf01c7215:36591
[2025-12-24T07:58:32.960+0000] {subprocess.py:93} INFO - 25/12/24 07:58:32 INFO BlockManager: Using org.apache.spark.storage.RandomBlockReplicationPolicy for block replication policy
[2025-12-24T07:58:32.965+0000] {subprocess.py:93} INFO - 25/12/24 07:58:32 INFO BlockManagerMaster: Registering BlockManager BlockManagerId(driver, f72bf01c7215, 36591, None)
[2025-12-24T07:58:32.966+0000] {subprocess.py:93} INFO - 25/12/24 07:58:32 INFO BlockManagerMasterEndpoint: Registering block manager f72bf01c7215:36591 with 434.4 MiB RAM, BlockManagerId(driver, f72bf01c7215, 36591, None)
[2025-12-24T07:58:32.968+0000] {subprocess.py:93} INFO - 25/12/24 07:58:32 INFO BlockManagerMaster: Registered BlockManager BlockManagerId(driver, f72bf01c7215, 36591, None)
[2025-12-24T07:58:32.969+0000] {subprocess.py:93} INFO - 25/12/24 07:58:32 INFO BlockManager: Initialized BlockManager: BlockManagerId(driver, f72bf01c7215, 36591, None)
[2025-12-24T07:58:33.218+0000] {subprocess.py:93} INFO - 25/12/24 07:58:33 INFO SharedState: Setting hive.metastore.warehouse.dir ('null') to the value of spark.sql.warehouse.dir.
[2025-12-24T07:58:33.220+0000] {subprocess.py:93} INFO - 25/12/24 07:58:33 INFO SharedState: Warehouse path is 'file:/opt/spark/spark-warehouse'.
[2025-12-24T07:58:36.415+0000] {subprocess.py:93} INFO - 25/12/24 07:58:36 INFO CodeGenerator: Code generated in 216.865958 ms
[2025-12-24T07:58:36.619+0000] {subprocess.py:93} INFO - 25/12/24 07:58:36 INFO DAGScheduler: Registering RDD 2 (jdbc at <unknown>:0) as input to shuffle 0
[2025-12-24T07:58:36.629+0000] {subprocess.py:93} INFO - 25/12/24 07:58:36 INFO DAGScheduler: Got map stage job 0 (jdbc at <unknown>:0) with 1 output partitions
[2025-12-24T07:58:36.629+0000] {subprocess.py:93} INFO - 25/12/24 07:58:36 INFO DAGScheduler: Final stage: ShuffleMapStage 0 (jdbc at <unknown>:0)
[2025-12-24T07:58:36.629+0000] {subprocess.py:93} INFO - 25/12/24 07:58:36 INFO DAGScheduler: Parents of final stage: List()
[2025-12-24T07:58:36.630+0000] {subprocess.py:93} INFO - 25/12/24 07:58:36 INFO DAGScheduler: Missing parents: List()
[2025-12-24T07:58:36.634+0000] {subprocess.py:93} INFO - 25/12/24 07:58:36 INFO DAGScheduler: Submitting ShuffleMapStage 0 (MapPartitionsRDD[2] at jdbc at <unknown>:0), which has no missing parents
[2025-12-24T07:58:36.691+0000] {subprocess.py:93} INFO - 25/12/24 07:58:36 INFO MemoryStore: Block broadcast_0 stored as values in memory (estimated size 43.4 KiB, free 434.4 MiB)
[2025-12-24T07:58:36.729+0000] {subprocess.py:93} INFO - 25/12/24 07:58:36 INFO MemoryStore: Block broadcast_0_piece0 stored as bytes in memory (estimated size 20.0 KiB, free 434.3 MiB)
[2025-12-24T07:58:36.732+0000] {subprocess.py:93} INFO - 25/12/24 07:58:36 INFO BlockManagerInfo: Added broadcast_0_piece0 in memory on f72bf01c7215:36591 (size: 20.0 KiB, free: 434.4 MiB)
[2025-12-24T07:58:36.736+0000] {subprocess.py:93} INFO - 25/12/24 07:58:36 INFO SparkContext: Created broadcast 0 from broadcast at DAGScheduler.scala:1585
[2025-12-24T07:58:36.744+0000] {subprocess.py:93} INFO - 25/12/24 07:58:36 INFO DAGScheduler: Submitting 1 missing tasks from ShuffleMapStage 0 (MapPartitionsRDD[2] at jdbc at <unknown>:0) (first 15 tasks are for partitions Vector(0))
[2025-12-24T07:58:36.745+0000] {subprocess.py:93} INFO - 25/12/24 07:58:36 INFO TaskSchedulerImpl: Adding task set 0.0 with 1 tasks resource profile 0
[2025-12-24T07:58:36.770+0000] {subprocess.py:93} INFO - 25/12/24 07:58:36 INFO TaskSetManager: Starting task 0.0 in stage 0.0 (TID 0) (f72bf01c7215, executor driver, partition 0, PROCESS_LOCAL, 7623 bytes)
[2025-12-24T07:58:36.778+0000] {subprocess.py:93} INFO - 25/12/24 07:58:36 INFO Executor: Running task 0.0 in stage 0.0 (TID 0)
[2025-12-24T07:58:36.879+0000] {subprocess.py:93} INFO - 25/12/24 07:58:36 INFO CodeGenerator: Code generated in 27.36275 ms
[2025-12-24T07:58:36.890+0000] {subprocess.py:93} INFO - 25/12/24 07:58:36 INFO CodeGenerator: Code generated in 6.041791 ms
[2025-12-24T07:58:36.904+0000] {subprocess.py:93} INFO - 25/12/24 07:58:36 INFO CodeGenerator: Code generated in 4.231416 ms
[2025-12-24T07:58:36.914+0000] {subprocess.py:93} INFO - 25/12/24 07:58:36 INFO CodeGenerator: Code generated in 5.179833 ms
[2025-12-24T07:58:36.923+0000] {subprocess.py:93} INFO - 25/12/24 07:58:36 INFO CodeGenerator: Code generated in 4.388583 ms
[2025-12-24T07:58:36.982+0000] {subprocess.py:93} INFO - 25/12/24 07:58:36 INFO JDBCRDD: closed connection
[2025-12-24T07:58:37.038+0000] {subprocess.py:93} INFO - 25/12/24 07:58:37 INFO Executor: Finished task 0.0 in stage 0.0 (TID 0). 2491 bytes result sent to driver
[2025-12-24T07:58:37.044+0000] {subprocess.py:93} INFO - 25/12/24 07:58:37 INFO TaskSetManager: Finished task 0.0 in stage 0.0 (TID 0) in 280 ms on f72bf01c7215 (executor driver) (1/1)
[2025-12-24T07:58:37.045+0000] {subprocess.py:93} INFO - 25/12/24 07:58:37 INFO TaskSchedulerImpl: Removed TaskSet 0.0, whose tasks have all completed, from pool
[2025-12-24T07:58:37.049+0000] {subprocess.py:93} INFO - 25/12/24 07:58:37 INFO DAGScheduler: ShuffleMapStage 0 (jdbc at <unknown>:0) finished in 0.407 s
[2025-12-24T07:58:37.050+0000] {subprocess.py:93} INFO - 25/12/24 07:58:37 INFO DAGScheduler: looking for newly runnable stages
[2025-12-24T07:58:37.050+0000] {subprocess.py:93} INFO - 25/12/24 07:58:37 INFO DAGScheduler: running: Set()
[2025-12-24T07:58:37.050+0000] {subprocess.py:93} INFO - 25/12/24 07:58:37 INFO DAGScheduler: waiting: Set()
[2025-12-24T07:58:37.050+0000] {subprocess.py:93} INFO - 25/12/24 07:58:37 INFO DAGScheduler: failed: Set()
[2025-12-24T07:58:37.063+0000] {subprocess.py:93} INFO - 25/12/24 07:58:37 INFO ShufflePartitionsUtil: For shuffle(0), advisory target size: 67108864, actual target size 1048576, minimum partition size: 1048576
[2025-12-24T07:58:37.074+0000] {subprocess.py:93} INFO - 25/12/24 07:58:37 INFO HashAggregateExec: spark.sql.codegen.aggregate.map.twolevel.enabled is set to true, but current version of codegened fast hashmap does not support this aggregate.
[2025-12-24T07:58:37.093+0000] {subprocess.py:93} INFO - 25/12/24 07:58:37 INFO CodeGenerator: Code generated in 12.552667 ms
[2025-12-24T07:58:37.139+0000] {subprocess.py:93} INFO - 25/12/24 07:58:37 INFO SparkContext: Starting job: jdbc at <unknown>:0
[2025-12-24T07:58:37.141+0000] {subprocess.py:93} INFO - 25/12/24 07:58:37 INFO DAGScheduler: Got job 1 (jdbc at <unknown>:0) with 1 output partitions
[2025-12-24T07:58:37.142+0000] {subprocess.py:93} INFO - 25/12/24 07:58:37 INFO DAGScheduler: Final stage: ResultStage 2 (jdbc at <unknown>:0)
[2025-12-24T07:58:37.142+0000] {subprocess.py:93} INFO - 25/12/24 07:58:37 INFO DAGScheduler: Parents of final stage: List(ShuffleMapStage 1)
[2025-12-24T07:58:37.147+0000] {subprocess.py:93} INFO - 25/12/24 07:58:37 INFO DAGScheduler: Missing parents: List()
[2025-12-24T07:58:37.148+0000] {subprocess.py:93} INFO - 25/12/24 07:58:37 INFO DAGScheduler: Submitting ResultStage 2 (MapPartitionsRDD[7] at jdbc at <unknown>:0), which has no missing parents
[2025-12-24T07:58:37.182+0000] {subprocess.py:93} INFO - 25/12/24 07:58:37 INFO MemoryStore: Block broadcast_1 stored as values in memory (estimated size 53.8 KiB, free 434.3 MiB)
[2025-12-24T07:58:37.183+0000] {subprocess.py:93} INFO - 25/12/24 07:58:37 INFO MemoryStore: Block broadcast_1_piece0 stored as bytes in memory (estimated size 24.0 KiB, free 434.3 MiB)
[2025-12-24T07:58:37.185+0000] {subprocess.py:93} INFO - 25/12/24 07:58:37 INFO BlockManagerInfo: Added broadcast_1_piece0 in memory on f72bf01c7215:36591 (size: 24.0 KiB, free: 434.4 MiB)
[2025-12-24T07:58:37.185+0000] {subprocess.py:93} INFO - 25/12/24 07:58:37 INFO SparkContext: Created broadcast 1 from broadcast at DAGScheduler.scala:1585
[2025-12-24T07:58:37.186+0000] {subprocess.py:93} INFO - 25/12/24 07:58:37 INFO DAGScheduler: Submitting 1 missing tasks from ResultStage 2 (MapPartitionsRDD[7] at jdbc at <unknown>:0) (first 15 tasks are for partitions Vector(0))
[2025-12-24T07:58:37.186+0000] {subprocess.py:93} INFO - 25/12/24 07:58:37 INFO TaskSchedulerImpl: Adding task set 2.0 with 1 tasks resource profile 0
[2025-12-24T07:58:37.190+0000] {subprocess.py:93} INFO - 25/12/24 07:58:37 INFO TaskSetManager: Starting task 0.0 in stage 2.0 (TID 1) (f72bf01c7215, executor driver, partition 0, NODE_LOCAL, 7788 bytes)
[2025-12-24T07:58:37.193+0000] {subprocess.py:93} INFO - 25/12/24 07:58:37 INFO Executor: Running task 0.0 in stage 2.0 (TID 1)
[2025-12-24T07:58:37.201+0000] {subprocess.py:93} INFO - 25/12/24 07:58:37 INFO BlockManagerInfo: Removed broadcast_0_piece0 on f72bf01c7215:36591 in memory (size: 20.0 KiB, free: 434.4 MiB)
[2025-12-24T07:58:37.244+0000] {subprocess.py:93} INFO - 25/12/24 07:58:37 INFO ShuffleBlockFetcherIterator: Getting 1 (264.0 B) non-empty blocks including 1 (264.0 B) local and 0 (0.0 B) host-local and 0 (0.0 B) push-merged-local and 0 (0.0 B) remote blocks
[2025-12-24T07:58:37.245+0000] {subprocess.py:93} INFO - 25/12/24 07:58:37 INFO ShuffleBlockFetcherIterator: Started 0 remote fetches in 6 ms
[2025-12-24T07:58:37.258+0000] {subprocess.py:93} INFO - 25/12/24 07:58:37 INFO CodeGenerator: Code generated in 9.734292 ms
[2025-12-24T07:58:37.819+0000] {subprocess.py:93} INFO - 25/12/24 07:58:37 INFO CodeGenerator: Code generated in 6.682667 ms
[2025-12-24T07:58:37.853+0000] {subprocess.py:93} INFO - 25/12/24 07:58:37 INFO Executor: Finished task 0.0 in stage 2.0 (TID 1). 4695 bytes result sent to driver
[2025-12-24T07:58:37.857+0000] {subprocess.py:93} INFO - 25/12/24 07:58:37 INFO TaskSetManager: Finished task 0.0 in stage 2.0 (TID 1) in 666 ms on f72bf01c7215 (executor driver) (1/1)
[2025-12-24T07:58:37.857+0000] {subprocess.py:93} INFO - 25/12/24 07:58:37 INFO TaskSchedulerImpl: Removed TaskSet 2.0, whose tasks have all completed, from pool
[2025-12-24T07:58:37.858+0000] {subprocess.py:93} INFO - 25/12/24 07:58:37 INFO DAGScheduler: ResultStage 2 (jdbc at <unknown>:0) finished in 0.701 s
[2025-12-24T07:58:37.858+0000] {subprocess.py:93} INFO - 25/12/24 07:58:37 INFO DAGScheduler: Job 1 is finished. Cancelling potential speculative or zombie tasks for this job
[2025-12-24T07:58:37.859+0000] {subprocess.py:93} INFO - 25/12/24 07:58:37 INFO TaskSchedulerImpl: Killing all running tasks in stage 2: Stage finished
[2025-12-24T07:58:37.859+0000] {subprocess.py:93} INFO - 25/12/24 07:58:37 INFO DAGScheduler: Job 1 finished: jdbc at <unknown>:0, took 0.720541 s
[2025-12-24T07:58:37.987+0000] {subprocess.py:93} INFO - 25/12/24 07:58:37 INFO CodeGenerator: Code generated in 15.916125 ms
[2025-12-24T07:58:37.992+0000] {subprocess.py:93} INFO - 25/12/24 07:58:37 INFO DAGScheduler: Registering RDD 10 (jdbc at <unknown>:0) as input to shuffle 1
[2025-12-24T07:58:37.994+0000] {subprocess.py:93} INFO - 25/12/24 07:58:37 INFO DAGScheduler: Got map stage job 2 (jdbc at <unknown>:0) with 1 output partitions
[2025-12-24T07:58:37.995+0000] {subprocess.py:93} INFO - 25/12/24 07:58:37 INFO DAGScheduler: Final stage: ShuffleMapStage 3 (jdbc at <unknown>:0)
[2025-12-24T07:58:37.997+0000] {subprocess.py:93} INFO - 25/12/24 07:58:37 INFO DAGScheduler: Parents of final stage: List()
[2025-12-24T07:58:37.998+0000] {subprocess.py:93} INFO - 25/12/24 07:58:37 INFO DAGScheduler: Missing parents: List()
[2025-12-24T07:58:37.998+0000] {subprocess.py:93} INFO - 25/12/24 07:58:37 INFO DAGScheduler: Submitting ShuffleMapStage 3 (MapPartitionsRDD[10] at jdbc at <unknown>:0), which has no missing parents
[2025-12-24T07:58:38.000+0000] {subprocess.py:93} INFO - 25/12/24 07:58:37 INFO MemoryStore: Block broadcast_2 stored as values in memory (estimated size 37.8 KiB, free 434.3 MiB)
[2025-12-24T07:58:38.003+0000] {subprocess.py:93} INFO - 25/12/24 07:58:38 INFO MemoryStore: Block broadcast_2_piece0 stored as bytes in memory (estimated size 17.9 KiB, free 434.3 MiB)
[2025-12-24T07:58:38.004+0000] {subprocess.py:93} INFO - 25/12/24 07:58:38 INFO BlockManagerInfo: Added broadcast_2_piece0 in memory on f72bf01c7215:36591 (size: 17.9 KiB, free: 434.4 MiB)
[2025-12-24T07:58:38.004+0000] {subprocess.py:93} INFO - 25/12/24 07:58:38 INFO SparkContext: Created broadcast 2 from broadcast at DAGScheduler.scala:1585
[2025-12-24T07:58:38.004+0000] {subprocess.py:93} INFO - 25/12/24 07:58:38 INFO DAGScheduler: Submitting 1 missing tasks from ShuffleMapStage 3 (MapPartitionsRDD[10] at jdbc at <unknown>:0) (first 15 tasks are for partitions Vector(0))
[2025-12-24T07:58:38.005+0000] {subprocess.py:93} INFO - 25/12/24 07:58:38 INFO TaskSchedulerImpl: Adding task set 3.0 with 1 tasks resource profile 0
[2025-12-24T07:58:38.005+0000] {subprocess.py:93} INFO - 25/12/24 07:58:38 INFO TaskSetManager: Starting task 0.0 in stage 3.0 (TID 2) (f72bf01c7215, executor driver, partition 0, PROCESS_LOCAL, 7623 bytes)
[2025-12-24T07:58:38.005+0000] {subprocess.py:93} INFO - 25/12/24 07:58:38 INFO Executor: Running task 0.0 in stage 3.0 (TID 2)
[2025-12-24T07:58:38.039+0000] {subprocess.py:93} INFO - 25/12/24 07:58:38 INFO CodeGenerator: Code generated in 14.249541 ms
[2025-12-24T07:58:38.046+0000] {subprocess.py:93} INFO - 25/12/24 07:58:38 INFO CodeGenerator: Code generated in 2.967458 ms
[2025-12-24T07:58:38.052+0000] {subprocess.py:93} INFO - 25/12/24 07:58:38 INFO CodeGenerator: Code generated in 5.017875 ms
[2025-12-24T07:58:38.060+0000] {subprocess.py:93} INFO - 25/12/24 07:58:38 INFO JDBCRDD: closed connection
[2025-12-24T07:58:38.072+0000] {subprocess.py:93} INFO - 25/12/24 07:58:38 INFO Executor: Finished task 0.0 in stage 3.0 (TID 2). 2448 bytes result sent to driver
[2025-12-24T07:58:38.073+0000] {subprocess.py:93} INFO - 25/12/24 07:58:38 INFO TaskSetManager: Finished task 0.0 in stage 3.0 (TID 2) in 69 ms on f72bf01c7215 (executor driver) (1/1)
[2025-12-24T07:58:38.073+0000] {subprocess.py:93} INFO - 25/12/24 07:58:38 INFO TaskSchedulerImpl: Removed TaskSet 3.0, whose tasks have all completed, from pool
[2025-12-24T07:58:38.075+0000] {subprocess.py:93} INFO - 25/12/24 07:58:38 INFO DAGScheduler: ShuffleMapStage 3 (jdbc at <unknown>:0) finished in 0.077 s
[2025-12-24T07:58:38.077+0000] {subprocess.py:93} INFO - 25/12/24 07:58:38 INFO DAGScheduler: looking for newly runnable stages
[2025-12-24T07:58:38.077+0000] {subprocess.py:93} INFO - 25/12/24 07:58:38 INFO DAGScheduler: running: Set()
[2025-12-24T07:58:38.078+0000] {subprocess.py:93} INFO - 25/12/24 07:58:38 INFO DAGScheduler: waiting: Set()
[2025-12-24T07:58:38.078+0000] {subprocess.py:93} INFO - 25/12/24 07:58:38 INFO DAGScheduler: failed: Set()
[2025-12-24T07:58:38.081+0000] {subprocess.py:93} INFO - 25/12/24 07:58:38 INFO ShufflePartitionsUtil: For shuffle(1), advisory target size: 67108864, actual target size 1048576, minimum partition size: 1048576
[2025-12-24T07:58:38.086+0000] {subprocess.py:93} INFO - 25/12/24 07:58:38 INFO HashAggregateExec: spark.sql.codegen.aggregate.map.twolevel.enabled is set to true, but current version of codegened fast hashmap does not support this aggregate.
[2025-12-24T07:58:38.095+0000] {subprocess.py:93} INFO - 25/12/24 07:58:38 INFO CodeGenerator: Code generated in 6.727417 ms
[2025-12-24T07:58:38.107+0000] {subprocess.py:93} INFO - 25/12/24 07:58:38 INFO SparkContext: Starting job: jdbc at <unknown>:0
[2025-12-24T07:58:38.108+0000] {subprocess.py:93} INFO - 25/12/24 07:58:38 INFO DAGScheduler: Got job 3 (jdbc at <unknown>:0) with 1 output partitions
[2025-12-24T07:58:38.108+0000] {subprocess.py:93} INFO - 25/12/24 07:58:38 INFO DAGScheduler: Final stage: ResultStage 5 (jdbc at <unknown>:0)
[2025-12-24T07:58:38.108+0000] {subprocess.py:93} INFO - 25/12/24 07:58:38 INFO DAGScheduler: Parents of final stage: List(ShuffleMapStage 4)
[2025-12-24T07:58:38.110+0000] {subprocess.py:93} INFO - 25/12/24 07:58:38 INFO DAGScheduler: Missing parents: List()
[2025-12-24T07:58:38.111+0000] {subprocess.py:93} INFO - 25/12/24 07:58:38 INFO DAGScheduler: Submitting ResultStage 5 (MapPartitionsRDD[15] at jdbc at <unknown>:0), which has no missing parents
[2025-12-24T07:58:38.115+0000] {subprocess.py:93} INFO - 25/12/24 07:58:38 INFO MemoryStore: Block broadcast_3 stored as values in memory (estimated size 46.8 KiB, free 434.2 MiB)
[2025-12-24T07:58:38.118+0000] {subprocess.py:93} INFO - 25/12/24 07:58:38 INFO MemoryStore: Block broadcast_3_piece0 stored as bytes in memory (estimated size 21.6 KiB, free 434.2 MiB)
[2025-12-24T07:58:38.118+0000] {subprocess.py:93} INFO - 25/12/24 07:58:38 INFO BlockManagerInfo: Added broadcast_3_piece0 in memory on f72bf01c7215:36591 (size: 21.6 KiB, free: 434.3 MiB)
[2025-12-24T07:58:38.118+0000] {subprocess.py:93} INFO - 25/12/24 07:58:38 INFO SparkContext: Created broadcast 3 from broadcast at DAGScheduler.scala:1585
[2025-12-24T07:58:38.118+0000] {subprocess.py:93} INFO - 25/12/24 07:58:38 INFO DAGScheduler: Submitting 1 missing tasks from ResultStage 5 (MapPartitionsRDD[15] at jdbc at <unknown>:0) (first 15 tasks are for partitions Vector(0))
[2025-12-24T07:58:38.118+0000] {subprocess.py:93} INFO - 25/12/24 07:58:38 INFO TaskSchedulerImpl: Adding task set 5.0 with 1 tasks resource profile 0
[2025-12-24T07:58:38.120+0000] {subprocess.py:93} INFO - 25/12/24 07:58:38 INFO TaskSetManager: Starting task 0.0 in stage 5.0 (TID 3) (f72bf01c7215, executor driver, partition 0, NODE_LOCAL, 7788 bytes)
[2025-12-24T07:58:38.120+0000] {subprocess.py:93} INFO - 25/12/24 07:58:38 INFO Executor: Running task 0.0 in stage 5.0 (TID 3)
[2025-12-24T07:58:38.126+0000] {subprocess.py:93} INFO - 25/12/24 07:58:38 INFO ShuffleBlockFetcherIterator: Getting 1 (240.0 B) non-empty blocks including 1 (240.0 B) local and 0 (0.0 B) host-local and 0 (0.0 B) push-merged-local and 0 (0.0 B) remote blocks
[2025-12-24T07:58:38.126+0000] {subprocess.py:93} INFO - 25/12/24 07:58:38 INFO ShuffleBlockFetcherIterator: Started 0 remote fetches in 0 ms
[2025-12-24T07:58:38.132+0000] {subprocess.py:93} INFO - 25/12/24 07:58:38 INFO CodeGenerator: Code generated in 6.35425 ms
[2025-12-24T07:58:38.140+0000] {subprocess.py:93} INFO - 25/12/24 07:58:38 INFO CodeGenerator: Code generated in 4.903209 ms
[2025-12-24T07:58:38.164+0000] {subprocess.py:93} INFO - 25/12/24 07:58:38 INFO Executor: Finished task 0.0 in stage 5.0 (TID 3). 4652 bytes result sent to driver
[2025-12-24T07:58:38.165+0000] {subprocess.py:93} INFO - 25/12/24 07:58:38 INFO TaskSetManager: Finished task 0.0 in stage 5.0 (TID 3) in 45 ms on f72bf01c7215 (executor driver) (1/1)
[2025-12-24T07:58:38.165+0000] {subprocess.py:93} INFO - 25/12/24 07:58:38 INFO TaskSchedulerImpl: Removed TaskSet 5.0, whose tasks have all completed, from pool
[2025-12-24T07:58:38.166+0000] {subprocess.py:93} INFO - 25/12/24 07:58:38 INFO DAGScheduler: ResultStage 5 (jdbc at <unknown>:0) finished in 0.053 s
[2025-12-24T07:58:38.166+0000] {subprocess.py:93} INFO - 25/12/24 07:58:38 INFO DAGScheduler: Job 3 is finished. Cancelling potential speculative or zombie tasks for this job
[2025-12-24T07:58:38.166+0000] {subprocess.py:93} INFO - 25/12/24 07:58:38 INFO TaskSchedulerImpl: Killing all running tasks in stage 5: Stage finished
[2025-12-24T07:58:38.167+0000] {subprocess.py:93} INFO - 25/12/24 07:58:38 INFO DAGScheduler: Job 3 finished: jdbc at <unknown>:0, took 0.057911 s
[2025-12-24T07:58:38.183+0000] {subprocess.py:93} INFO - 25/12/24 07:58:38 INFO SparkContext: SparkContext is stopping with exitCode 0.
[2025-12-24T07:58:38.191+0000] {subprocess.py:93} INFO - 25/12/24 07:58:38 INFO SparkUI: Stopped Spark web UI at http://f72bf01c7215:4040
[2025-12-24T07:58:38.202+0000] {subprocess.py:93} INFO - 25/12/24 07:58:38 INFO MapOutputTrackerMasterEndpoint: MapOutputTrackerMasterEndpoint stopped!
[2025-12-24T07:58:38.219+0000] {subprocess.py:93} INFO - 25/12/24 07:58:38 INFO MemoryStore: MemoryStore cleared
[2025-12-24T07:58:38.220+0000] {subprocess.py:93} INFO - 25/12/24 07:58:38 INFO BlockManager: BlockManager stopped
[2025-12-24T07:58:38.222+0000] {subprocess.py:93} INFO - 25/12/24 07:58:38 INFO BlockManagerMaster: BlockManagerMaster stopped
[2025-12-24T07:58:38.225+0000] {subprocess.py:93} INFO - 25/12/24 07:58:38 INFO OutputCommitCoordinator$OutputCommitCoordinatorEndpoint: OutputCommitCoordinator stopped!
[2025-12-24T07:58:38.237+0000] {subprocess.py:93} INFO - 25/12/24 07:58:38 INFO SparkContext: Successfully stopped SparkContext
[2025-12-24T07:58:38.652+0000] {subprocess.py:93} INFO - Telemetry analytics job completed successfully!
[2025-12-24T07:58:38.704+0000] {subprocess.py:93} INFO - 25/12/24 07:58:38 INFO ShutdownHookManager: Shutdown hook called
[2025-12-24T07:58:38.705+0000] {subprocess.py:93} INFO - 25/12/24 07:58:38 INFO ShutdownHookManager: Deleting directory /tmp/spark-b1119bc0-45eb-40d3-a161-461602fd3735
[2025-12-24T07:58:38.709+0000] {subprocess.py:93} INFO - 25/12/24 07:58:38 INFO ShutdownHookManager: Deleting directory /tmp/spark-b56cdf2e-f651-4079-9118-fa70e6cd67de
[2025-12-24T07:58:38.715+0000] {subprocess.py:93} INFO - 25/12/24 07:58:38 INFO ShutdownHookManager: Deleting directory /tmp/spark-b56cdf2e-f651-4079-9118-fa70e6cd67de/pyspark-34ba22b5-9e5b-4ae9-827b-69e4894306b3
[2025-12-24T07:58:38.802+0000] {subprocess.py:97} INFO - Command exited with return code 0
[2025-12-24T07:58:38.806+0000] {taskinstance.py:441} INFO - ::group::Post task execution logs
[2025-12-24T07:58:38.861+0000] {taskinstance.py:1205} INFO - Marking task as SUCCESS. dag_id=***_spark_analytics, task_id=run_***_analytics, execution_date=20251224T075828, start_date=20251224T075829, end_date=20251224T075838
[2025-12-24T07:58:38.897+0000] {local_task_job_runner.py:240} INFO - Task exited with return code 0
[2025-12-24T07:58:38.929+0000] {taskinstance.py:3482} INFO - 0 downstream tasks scheduled from follow-on schedule check
[2025-12-24T07:58:38.930+0000] {local_task_job_runner.py:222} INFO - ::endgroup::
