[2025-12-23T08:06:38.196+0000] {local_task_job_runner.py:120} INFO - ::group::Pre task execution logs
[2025-12-23T08:06:38.216+0000] {taskinstance.py:2073} INFO - Dependencies all met for dep_context=non-requeueable deps ti=<TaskInstance: telemetry_spark_analytics.run_telemetry_analytics manual__2025-12-23T08:06:37.208640+00:00 [queued]>
[2025-12-23T08:06:38.220+0000] {taskinstance.py:2073} INFO - Dependencies all met for dep_context=requeueable deps ti=<TaskInstance: telemetry_spark_analytics.run_telemetry_analytics manual__2025-12-23T08:06:37.208640+00:00 [queued]>
[2025-12-23T08:06:38.221+0000] {taskinstance.py:2303} INFO - Starting attempt 1 of 1
[2025-12-23T08:06:38.226+0000] {taskinstance.py:2327} INFO - Executing <Task(BashOperator): run_telemetry_analytics> on 2025-12-23 08:06:37.208640+00:00
[2025-12-23T08:06:38.231+0000] {logging_mixin.py:188} WARNING - /home/airflow/.local/lib/python3.12/site-packages/airflow/task/task_runner/standard_task_runner.py:61 DeprecationWarning: This process (pid=317) is multi-threaded, use of fork() may lead to deadlocks in the child.
[2025-12-23T08:06:38.232+0000] {standard_task_runner.py:63} INFO - Started process 318 to run task
[2025-12-23T08:06:38.231+0000] {standard_task_runner.py:90} INFO - Running: ['airflow', 'tasks', 'run', '***_spark_analytics', 'run_***_analytics', 'manual__2025-12-23T08:06:37.208640+00:00', '--job-id', '75', '--raw', '--subdir', 'DAGS_FOLDER/***_spark_analytics_dag.py', '--cfg-path', '/tmp/tmphyli5cj2']
[2025-12-23T08:06:38.233+0000] {standard_task_runner.py:91} INFO - Job 75: Subtask run_***_analytics
[2025-12-23T08:06:38.262+0000] {task_command.py:426} INFO - Running <TaskInstance: telemetry_spark_analytics.run_telemetry_analytics manual__2025-12-23T08:06:37.208640+00:00 [running]> on host e920bf1c1ae3
[2025-12-23T08:06:38.313+0000] {taskinstance.py:2644} INFO - Exporting env vars: AIRFLOW_CTX_DAG_OWNER='airflow' AIRFLOW_CTX_DAG_ID='***_spark_analytics' AIRFLOW_CTX_TASK_ID='run_***_analytics' AIRFLOW_CTX_EXECUTION_DATE='2025-12-23T08:06:37.208640+00:00' AIRFLOW_CTX_TRY_NUMBER='1' AIRFLOW_CTX_DAG_RUN_ID='manual__2025-12-23T08:06:37.208640+00:00'
[2025-12-23T08:06:38.313+0000] {taskinstance.py:430} INFO - ::endgroup::
[2025-12-23T08:06:38.321+0000] {subprocess.py:63} INFO - Tmp dir root location: /tmp
[2025-12-23T08:06:38.322+0000] {subprocess.py:75} INFO - Running command: ['/usr/bin/bash', '-c', '\n        docker exec ***_spark         /opt/spark/bin/spark-submit         --master local[*]         --jars /opt/spark/jars/postgresql.jar         /opt/spark/jobs/***_analytics_job.py\n        ']
[2025-12-23T08:06:38.327+0000] {subprocess.py:86} INFO - Output:
[2025-12-23T08:06:39.907+0000] {subprocess.py:93} INFO - 25/12/23 08:06:39 WARN NativeCodeLoader: Unable to load native-hadoop library for your platform... using builtin-java classes where applicable
[2025-12-23T08:06:40.775+0000] {subprocess.py:93} INFO - 25/12/23 08:06:40 INFO SparkContext: Running Spark version 3.5.1
[2025-12-23T08:06:40.782+0000] {subprocess.py:93} INFO - 25/12/23 08:06:40 INFO SparkContext: OS info Linux, 6.10.14-linuxkit, aarch64
[2025-12-23T08:06:40.782+0000] {subprocess.py:93} INFO - 25/12/23 08:06:40 INFO SparkContext: Java version 11.0.22
[2025-12-23T08:06:40.952+0000] {subprocess.py:93} INFO - 25/12/23 08:06:40 INFO ResourceUtils: ==============================================================
[2025-12-23T08:06:40.954+0000] {subprocess.py:93} INFO - 25/12/23 08:06:40 INFO ResourceUtils: No custom resources configured for spark.driver.
[2025-12-23T08:06:40.955+0000] {subprocess.py:93} INFO - 25/12/23 08:06:40 INFO ResourceUtils: ==============================================================
[2025-12-23T08:06:40.962+0000] {subprocess.py:93} INFO - 25/12/23 08:06:40 INFO SparkContext: Submitted application: Telemetry Analytics Job
[2025-12-23T08:06:41.088+0000] {subprocess.py:93} INFO - 25/12/23 08:06:41 INFO ResourceProfile: Default ResourceProfile created, executor resources: Map(cores -> name: cores, amount: 1, script: , vendor: , memory -> name: memory, amount: 1024, script: , vendor: , offHeap -> name: offHeap, amount: 0, script: , vendor: ), task resources: Map(cpus -> name: cpus, amount: 1.0)
[2025-12-23T08:06:41.143+0000] {subprocess.py:93} INFO - 25/12/23 08:06:41 INFO ResourceProfile: Limiting resource is cpu
[2025-12-23T08:06:41.147+0000] {subprocess.py:93} INFO - 25/12/23 08:06:41 INFO ResourceProfileManager: Added ResourceProfile id: 0
[2025-12-23T08:06:41.401+0000] {subprocess.py:93} INFO - 25/12/23 08:06:41 INFO SecurityManager: Changing view acls to: root
[2025-12-23T08:06:41.425+0000] {subprocess.py:93} INFO - 25/12/23 08:06:41 INFO SecurityManager: Changing modify acls to: root
[2025-12-23T08:06:41.427+0000] {subprocess.py:93} INFO - 25/12/23 08:06:41 INFO SecurityManager: Changing view acls groups to:
[2025-12-23T08:06:41.431+0000] {subprocess.py:93} INFO - 25/12/23 08:06:41 INFO SecurityManager: Changing modify acls groups to:
[2025-12-23T08:06:41.433+0000] {subprocess.py:93} INFO - 25/12/23 08:06:41 INFO SecurityManager: SecurityManager: authentication disabled; ui acls disabled; users with view permissions: root; groups with view permissions: EMPTY; users with modify permissions: root; groups with modify permissions: EMPTY
[2025-12-23T08:06:42.447+0000] {subprocess.py:93} INFO - 25/12/23 08:06:42 INFO Utils: Successfully started service 'sparkDriver' on port 45227.
[2025-12-23T08:06:42.539+0000] {subprocess.py:93} INFO - 25/12/23 08:06:42 INFO SparkEnv: Registering MapOutputTracker
[2025-12-23T08:06:42.596+0000] {subprocess.py:93} INFO - 25/12/23 08:06:42 INFO SparkEnv: Registering BlockManagerMaster
[2025-12-23T08:06:42.624+0000] {subprocess.py:93} INFO - 25/12/23 08:06:42 INFO BlockManagerMasterEndpoint: Using org.apache.spark.storage.DefaultTopologyMapper for getting topology information
[2025-12-23T08:06:42.625+0000] {subprocess.py:93} INFO - 25/12/23 08:06:42 INFO BlockManagerMasterEndpoint: BlockManagerMasterEndpoint up
[2025-12-23T08:06:42.628+0000] {subprocess.py:93} INFO - 25/12/23 08:06:42 INFO SparkEnv: Registering BlockManagerMasterHeartbeat
[2025-12-23T08:06:42.660+0000] {subprocess.py:93} INFO - 25/12/23 08:06:42 INFO DiskBlockManager: Created local directory at /tmp/blockmgr-baf6c219-dc4f-479f-b268-445cb84309ae
[2025-12-23T08:06:42.686+0000] {subprocess.py:93} INFO - 25/12/23 08:06:42 INFO MemoryStore: MemoryStore started with capacity 434.4 MiB
[2025-12-23T08:06:42.708+0000] {subprocess.py:93} INFO - 25/12/23 08:06:42 INFO SparkEnv: Registering OutputCommitCoordinator
[2025-12-23T08:06:43.032+0000] {subprocess.py:93} INFO - 25/12/23 08:06:43 INFO JettyUtils: Start Jetty 0.0.0.0:4040 for SparkUI
[2025-12-23T08:06:43.089+0000] {subprocess.py:93} INFO - 25/12/23 08:06:43 INFO Utils: Successfully started service 'SparkUI' on port 4040.
[2025-12-23T08:06:43.128+0000] {subprocess.py:93} INFO - 25/12/23 08:06:43 INFO SparkContext: Added JAR file:///opt/spark/jars/postgresql.jar at spark://b4e1a05c17da:45227/jars/postgresql.jar with timestamp 1766477200720
[2025-12-23T08:06:43.195+0000] {subprocess.py:93} INFO - 25/12/23 08:06:43 INFO Executor: Starting executor ID driver on host b4e1a05c17da
[2025-12-23T08:06:43.195+0000] {subprocess.py:93} INFO - 25/12/23 08:06:43 INFO Executor: OS info Linux, 6.10.14-linuxkit, aarch64
[2025-12-23T08:06:43.195+0000] {subprocess.py:93} INFO - 25/12/23 08:06:43 INFO Executor: Java version 11.0.22
[2025-12-23T08:06:43.199+0000] {subprocess.py:93} INFO - 25/12/23 08:06:43 INFO Executor: Starting executor with user classpath (userClassPathFirst = false): ''
[2025-12-23T08:06:43.200+0000] {subprocess.py:93} INFO - 25/12/23 08:06:43 INFO Executor: Created or updated repl class loader org.apache.spark.util.MutableURLClassLoader@66e5131c for default.
[2025-12-23T08:06:43.209+0000] {subprocess.py:93} INFO - 25/12/23 08:06:43 INFO Executor: Fetching spark://b4e1a05c17da:45227/jars/postgresql.jar with timestamp 1766477200720
[2025-12-23T08:06:43.266+0000] {subprocess.py:93} INFO - 25/12/23 08:06:43 INFO TransportClientFactory: Successfully created connection to b4e1a05c17da/172.24.0.4:45227 after 25 ms (0 ms spent in bootstraps)
[2025-12-23T08:06:43.269+0000] {subprocess.py:93} INFO - 25/12/23 08:06:43 INFO Utils: Fetching spark://b4e1a05c17da:45227/jars/postgresql.jar to /tmp/spark-a93c3f8d-9503-4be4-a0cf-9e01921852b7/userFiles-91da6eed-5061-496b-9195-1dd6af7074d5/fetchFileTemp17575507956951910881.tmp
[2025-12-23T08:06:43.381+0000] {subprocess.py:93} INFO - 25/12/23 08:06:43 INFO Executor: Adding file:/tmp/spark-a93c3f8d-9503-4be4-a0cf-9e01921852b7/userFiles-91da6eed-5061-496b-9195-1dd6af7074d5/postgresql.jar to class loader default
[2025-12-23T08:06:43.391+0000] {subprocess.py:93} INFO - 25/12/23 08:06:43 INFO Utils: Successfully started service 'org.apache.spark.network.netty.NettyBlockTransferService' on port 42465.
[2025-12-23T08:06:43.392+0000] {subprocess.py:93} INFO - 25/12/23 08:06:43 INFO NettyBlockTransferService: Server created on b4e1a05c17da:42465
[2025-12-23T08:06:43.392+0000] {subprocess.py:93} INFO - 25/12/23 08:06:43 INFO BlockManager: Using org.apache.spark.storage.RandomBlockReplicationPolicy for block replication policy
[2025-12-23T08:06:43.399+0000] {subprocess.py:93} INFO - 25/12/23 08:06:43 INFO BlockManagerMaster: Registering BlockManager BlockManagerId(driver, b4e1a05c17da, 42465, None)
[2025-12-23T08:06:43.404+0000] {subprocess.py:93} INFO - 25/12/23 08:06:43 INFO BlockManagerMasterEndpoint: Registering block manager b4e1a05c17da:42465 with 434.4 MiB RAM, BlockManagerId(driver, b4e1a05c17da, 42465, None)
[2025-12-23T08:06:43.406+0000] {subprocess.py:93} INFO - 25/12/23 08:06:43 INFO BlockManagerMaster: Registered BlockManager BlockManagerId(driver, b4e1a05c17da, 42465, None)
[2025-12-23T08:06:43.407+0000] {subprocess.py:93} INFO - 25/12/23 08:06:43 INFO BlockManager: Initialized BlockManager: BlockManagerId(driver, b4e1a05c17da, 42465, None)
[2025-12-23T08:06:43.773+0000] {subprocess.py:93} INFO - 25/12/23 08:06:43 INFO SharedState: Setting hive.metastore.warehouse.dir ('null') to the value of spark.sql.warehouse.dir.
[2025-12-23T08:06:43.774+0000] {subprocess.py:93} INFO - 25/12/23 08:06:43 INFO SharedState: Warehouse path is 'file:/opt/spark/spark-warehouse'.
[2025-12-23T08:06:46.459+0000] {subprocess.py:93} INFO - 25/12/23 08:06:46 INFO CodeGenerator: Code generated in 187.449291 ms
[2025-12-23T08:06:46.773+0000] {subprocess.py:93} INFO - 25/12/23 08:06:46 INFO DAGScheduler: Registering RDD 2 (jdbc at <unknown>:0) as input to shuffle 0
[2025-12-23T08:06:46.785+0000] {subprocess.py:93} INFO - 25/12/23 08:06:46 INFO DAGScheduler: Got map stage job 0 (jdbc at <unknown>:0) with 1 output partitions
[2025-12-23T08:06:46.785+0000] {subprocess.py:93} INFO - 25/12/23 08:06:46 INFO DAGScheduler: Final stage: ShuffleMapStage 0 (jdbc at <unknown>:0)
[2025-12-23T08:06:46.786+0000] {subprocess.py:93} INFO - 25/12/23 08:06:46 INFO DAGScheduler: Parents of final stage: List()
[2025-12-23T08:06:46.787+0000] {subprocess.py:93} INFO - 25/12/23 08:06:46 INFO DAGScheduler: Missing parents: List()
[2025-12-23T08:06:46.793+0000] {subprocess.py:93} INFO - 25/12/23 08:06:46 INFO DAGScheduler: Submitting ShuffleMapStage 0 (MapPartitionsRDD[2] at jdbc at <unknown>:0), which has no missing parents
[2025-12-23T08:06:46.909+0000] {subprocess.py:93} INFO - 25/12/23 08:06:46 INFO MemoryStore: Block broadcast_0 stored as values in memory (estimated size 43.4 KiB, free 434.4 MiB)
[2025-12-23T08:06:46.952+0000] {subprocess.py:93} INFO - 25/12/23 08:06:46 INFO MemoryStore: Block broadcast_0_piece0 stored as bytes in memory (estimated size 20.0 KiB, free 434.3 MiB)
[2025-12-23T08:06:46.956+0000] {subprocess.py:93} INFO - 25/12/23 08:06:46 INFO BlockManagerInfo: Added broadcast_0_piece0 in memory on b4e1a05c17da:42465 (size: 20.0 KiB, free: 434.4 MiB)
[2025-12-23T08:06:46.964+0000] {subprocess.py:93} INFO - 25/12/23 08:06:46 INFO SparkContext: Created broadcast 0 from broadcast at DAGScheduler.scala:1585
[2025-12-23T08:06:46.982+0000] {subprocess.py:93} INFO - 25/12/23 08:06:46 INFO DAGScheduler: Submitting 1 missing tasks from ShuffleMapStage 0 (MapPartitionsRDD[2] at jdbc at <unknown>:0) (first 15 tasks are for partitions Vector(0))
[2025-12-23T08:06:46.984+0000] {subprocess.py:93} INFO - 25/12/23 08:06:46 INFO TaskSchedulerImpl: Adding task set 0.0 with 1 tasks resource profile 0
[2025-12-23T08:06:47.036+0000] {subprocess.py:93} INFO - 25/12/23 08:06:47 INFO TaskSetManager: Starting task 0.0 in stage 0.0 (TID 0) (b4e1a05c17da, executor driver, partition 0, PROCESS_LOCAL, 7623 bytes)
[2025-12-23T08:06:47.053+0000] {subprocess.py:93} INFO - 25/12/23 08:06:47 INFO Executor: Running task 0.0 in stage 0.0 (TID 0)
[2025-12-23T08:06:47.186+0000] {subprocess.py:93} INFO - 25/12/23 08:06:47 INFO CodeGenerator: Code generated in 36.562167 ms
[2025-12-23T08:06:47.231+0000] {subprocess.py:93} INFO - 25/12/23 08:06:47 INFO CodeGenerator: Code generated in 28.497916 ms
[2025-12-23T08:06:47.272+0000] {subprocess.py:93} INFO - 25/12/23 08:06:47 INFO CodeGenerator: Code generated in 9.696291 ms
[2025-12-23T08:06:47.288+0000] {subprocess.py:93} INFO - 25/12/23 08:06:47 INFO CodeGenerator: Code generated in 5.63475 ms
[2025-12-23T08:06:47.298+0000] {subprocess.py:93} INFO - 25/12/23 08:06:47 INFO CodeGenerator: Code generated in 5.118083 ms
[2025-12-23T08:06:47.385+0000] {subprocess.py:93} INFO - 25/12/23 08:06:47 INFO JDBCRDD: closed connection
[2025-12-23T08:06:47.443+0000] {subprocess.py:93} INFO - 25/12/23 08:06:47 INFO Executor: Finished task 0.0 in stage 0.0 (TID 0). 2491 bytes result sent to driver
[2025-12-23T08:06:47.450+0000] {subprocess.py:93} INFO - 25/12/23 08:06:47 INFO TaskSetManager: Finished task 0.0 in stage 0.0 (TID 0) in 427 ms on b4e1a05c17da (executor driver) (1/1)
[2025-12-23T08:06:47.451+0000] {subprocess.py:93} INFO - 25/12/23 08:06:47 INFO TaskSchedulerImpl: Removed TaskSet 0.0, whose tasks have all completed, from pool
[2025-12-23T08:06:47.457+0000] {subprocess.py:93} INFO - 25/12/23 08:06:47 INFO DAGScheduler: ShuffleMapStage 0 (jdbc at <unknown>:0) finished in 0.647 s
[2025-12-23T08:06:47.457+0000] {subprocess.py:93} INFO - 25/12/23 08:06:47 INFO DAGScheduler: looking for newly runnable stages
[2025-12-23T08:06:47.458+0000] {subprocess.py:93} INFO - 25/12/23 08:06:47 INFO DAGScheduler: running: Set()
[2025-12-23T08:06:47.458+0000] {subprocess.py:93} INFO - 25/12/23 08:06:47 INFO DAGScheduler: waiting: Set()
[2025-12-23T08:06:47.458+0000] {subprocess.py:93} INFO - 25/12/23 08:06:47 INFO DAGScheduler: failed: Set()
[2025-12-23T08:06:47.476+0000] {subprocess.py:93} INFO - 25/12/23 08:06:47 INFO ShufflePartitionsUtil: For shuffle(0), advisory target size: 67108864, actual target size 1048576, minimum partition size: 1048576
[2025-12-23T08:06:47.495+0000] {subprocess.py:93} INFO - 25/12/23 08:06:47 INFO HashAggregateExec: spark.sql.codegen.aggregate.map.twolevel.enabled is set to true, but current version of codegened fast hashmap does not support this aggregate.
[2025-12-23T08:06:47.525+0000] {subprocess.py:93} INFO - 25/12/23 08:06:47 INFO CodeGenerator: Code generated in 16.517792 ms
[2025-12-23T08:06:47.581+0000] {subprocess.py:93} INFO - 25/12/23 08:06:47 INFO SparkContext: Starting job: jdbc at <unknown>:0
[2025-12-23T08:06:47.584+0000] {subprocess.py:93} INFO - 25/12/23 08:06:47 INFO DAGScheduler: Got job 1 (jdbc at <unknown>:0) with 1 output partitions
[2025-12-23T08:06:47.584+0000] {subprocess.py:93} INFO - 25/12/23 08:06:47 INFO DAGScheduler: Final stage: ResultStage 2 (jdbc at <unknown>:0)
[2025-12-23T08:06:47.585+0000] {subprocess.py:93} INFO - 25/12/23 08:06:47 INFO DAGScheduler: Parents of final stage: List(ShuffleMapStage 1)
[2025-12-23T08:06:47.585+0000] {subprocess.py:93} INFO - 25/12/23 08:06:47 INFO DAGScheduler: Missing parents: List()
[2025-12-23T08:06:47.587+0000] {subprocess.py:93} INFO - 25/12/23 08:06:47 INFO DAGScheduler: Submitting ResultStage 2 (MapPartitionsRDD[7] at jdbc at <unknown>:0), which has no missing parents
[2025-12-23T08:06:47.604+0000] {subprocess.py:93} INFO - 25/12/23 08:06:47 INFO MemoryStore: Block broadcast_1 stored as values in memory (estimated size 53.8 KiB, free 434.3 MiB)
[2025-12-23T08:06:47.608+0000] {subprocess.py:93} INFO - 25/12/23 08:06:47 INFO MemoryStore: Block broadcast_1_piece0 stored as bytes in memory (estimated size 24.0 KiB, free 434.3 MiB)
[2025-12-23T08:06:47.608+0000] {subprocess.py:93} INFO - 25/12/23 08:06:47 INFO BlockManagerInfo: Added broadcast_1_piece0 in memory on b4e1a05c17da:42465 (size: 24.0 KiB, free: 434.4 MiB)
[2025-12-23T08:06:47.609+0000] {subprocess.py:93} INFO - 25/12/23 08:06:47 INFO SparkContext: Created broadcast 1 from broadcast at DAGScheduler.scala:1585
[2025-12-23T08:06:47.609+0000] {subprocess.py:93} INFO - 25/12/23 08:06:47 INFO DAGScheduler: Submitting 1 missing tasks from ResultStage 2 (MapPartitionsRDD[7] at jdbc at <unknown>:0) (first 15 tasks are for partitions Vector(0))
[2025-12-23T08:06:47.609+0000] {subprocess.py:93} INFO - 25/12/23 08:06:47 INFO TaskSchedulerImpl: Adding task set 2.0 with 1 tasks resource profile 0
[2025-12-23T08:06:47.614+0000] {subprocess.py:93} INFO - 25/12/23 08:06:47 INFO TaskSetManager: Starting task 0.0 in stage 2.0 (TID 1) (b4e1a05c17da, executor driver, partition 0, NODE_LOCAL, 7788 bytes)
[2025-12-23T08:06:47.615+0000] {subprocess.py:93} INFO - 25/12/23 08:06:47 INFO Executor: Running task 0.0 in stage 2.0 (TID 1)
[2025-12-23T08:06:47.681+0000] {subprocess.py:93} INFO - 25/12/23 08:06:47 INFO BlockManagerInfo: Removed broadcast_0_piece0 on b4e1a05c17da:42465 in memory (size: 20.0 KiB, free: 434.4 MiB)
[2025-12-23T08:06:47.692+0000] {subprocess.py:93} INFO - 25/12/23 08:06:47 INFO ShuffleBlockFetcherIterator: Getting 1 (176.0 B) non-empty blocks including 1 (176.0 B) local and 0 (0.0 B) host-local and 0 (0.0 B) push-merged-local and 0 (0.0 B) remote blocks
[2025-12-23T08:06:47.693+0000] {subprocess.py:93} INFO - 25/12/23 08:06:47 INFO ShuffleBlockFetcherIterator: Started 0 remote fetches in 6 ms
[2025-12-23T08:06:47.705+0000] {subprocess.py:93} INFO - 25/12/23 08:06:47 INFO CodeGenerator: Code generated in 9.665208 ms
[2025-12-23T08:06:48.536+0000] {subprocess.py:93} INFO - 25/12/23 08:06:48 INFO CodeGenerator: Code generated in 67.426583 ms
[2025-12-23T08:06:48.602+0000] {subprocess.py:93} INFO - 25/12/23 08:06:48 INFO Executor: Finished task 0.0 in stage 2.0 (TID 1). 4738 bytes result sent to driver
[2025-12-23T08:06:48.608+0000] {subprocess.py:93} INFO - 25/12/23 08:06:48 INFO TaskSetManager: Finished task 0.0 in stage 2.0 (TID 1) in 993 ms on b4e1a05c17da (executor driver) (1/1)
[2025-12-23T08:06:48.612+0000] {subprocess.py:93} INFO - 25/12/23 08:06:48 INFO TaskSchedulerImpl: Removed TaskSet 2.0, whose tasks have all completed, from pool
[2025-12-23T08:06:48.612+0000] {subprocess.py:93} INFO - 25/12/23 08:06:48 INFO DAGScheduler: ResultStage 2 (jdbc at <unknown>:0) finished in 1.014 s
[2025-12-23T08:06:48.613+0000] {subprocess.py:93} INFO - 25/12/23 08:06:48 INFO DAGScheduler: Job 1 is finished. Cancelling potential speculative or zombie tasks for this job
[2025-12-23T08:06:48.614+0000] {subprocess.py:93} INFO - 25/12/23 08:06:48 INFO TaskSchedulerImpl: Killing all running tasks in stage 2: Stage finished
[2025-12-23T08:06:48.617+0000] {subprocess.py:93} INFO - 25/12/23 08:06:48 INFO DAGScheduler: Job 1 finished: jdbc at <unknown>:0, took 1.033222 s
[2025-12-23T08:06:48.769+0000] {subprocess.py:93} INFO - 25/12/23 08:06:48 INFO CodeGenerator: Code generated in 25.404 ms
[2025-12-23T08:06:48.776+0000] {subprocess.py:93} INFO - 25/12/23 08:06:48 INFO DAGScheduler: Registering RDD 10 (jdbc at <unknown>:0) as input to shuffle 1
[2025-12-23T08:06:48.776+0000] {subprocess.py:93} INFO - 25/12/23 08:06:48 INFO DAGScheduler: Got map stage job 2 (jdbc at <unknown>:0) with 1 output partitions
[2025-12-23T08:06:48.777+0000] {subprocess.py:93} INFO - 25/12/23 08:06:48 INFO DAGScheduler: Final stage: ShuffleMapStage 3 (jdbc at <unknown>:0)
[2025-12-23T08:06:48.777+0000] {subprocess.py:93} INFO - 25/12/23 08:06:48 INFO DAGScheduler: Parents of final stage: List()
[2025-12-23T08:06:48.778+0000] {subprocess.py:93} INFO - 25/12/23 08:06:48 INFO DAGScheduler: Missing parents: List()
[2025-12-23T08:06:48.779+0000] {subprocess.py:93} INFO - 25/12/23 08:06:48 INFO DAGScheduler: Submitting ShuffleMapStage 3 (MapPartitionsRDD[10] at jdbc at <unknown>:0), which has no missing parents
[2025-12-23T08:06:48.782+0000] {subprocess.py:93} INFO - 25/12/23 08:06:48 INFO MemoryStore: Block broadcast_2 stored as values in memory (estimated size 37.8 KiB, free 434.3 MiB)
[2025-12-23T08:06:48.785+0000] {subprocess.py:93} INFO - 25/12/23 08:06:48 INFO MemoryStore: Block broadcast_2_piece0 stored as bytes in memory (estimated size 17.9 KiB, free 434.3 MiB)
[2025-12-23T08:06:48.785+0000] {subprocess.py:93} INFO - 25/12/23 08:06:48 INFO BlockManagerInfo: Added broadcast_2_piece0 in memory on b4e1a05c17da:42465 (size: 17.9 KiB, free: 434.4 MiB)
[2025-12-23T08:06:48.786+0000] {subprocess.py:93} INFO - 25/12/23 08:06:48 INFO SparkContext: Created broadcast 2 from broadcast at DAGScheduler.scala:1585
[2025-12-23T08:06:48.786+0000] {subprocess.py:93} INFO - 25/12/23 08:06:48 INFO DAGScheduler: Submitting 1 missing tasks from ShuffleMapStage 3 (MapPartitionsRDD[10] at jdbc at <unknown>:0) (first 15 tasks are for partitions Vector(0))
[2025-12-23T08:06:48.786+0000] {subprocess.py:93} INFO - 25/12/23 08:06:48 INFO TaskSchedulerImpl: Adding task set 3.0 with 1 tasks resource profile 0
[2025-12-23T08:06:48.788+0000] {subprocess.py:93} INFO - 25/12/23 08:06:48 INFO TaskSetManager: Starting task 0.0 in stage 3.0 (TID 2) (b4e1a05c17da, executor driver, partition 0, PROCESS_LOCAL, 7623 bytes)
[2025-12-23T08:06:48.789+0000] {subprocess.py:93} INFO - 25/12/23 08:06:48 INFO Executor: Running task 0.0 in stage 3.0 (TID 2)
[2025-12-23T08:06:48.831+0000] {subprocess.py:93} INFO - 25/12/23 08:06:48 INFO CodeGenerator: Code generated in 24.838333 ms
[2025-12-23T08:06:48.844+0000] {subprocess.py:93} INFO - 25/12/23 08:06:48 INFO CodeGenerator: Code generated in 4.529958 ms
[2025-12-23T08:06:48.852+0000] {subprocess.py:93} INFO - 25/12/23 08:06:48 INFO CodeGenerator: Code generated in 5.153458 ms
[2025-12-23T08:06:48.858+0000] {subprocess.py:93} INFO - 25/12/23 08:06:48 INFO JDBCRDD: closed connection
[2025-12-23T08:06:48.868+0000] {subprocess.py:93} INFO - 25/12/23 08:06:48 INFO Executor: Finished task 0.0 in stage 3.0 (TID 2). 2448 bytes result sent to driver
[2025-12-23T08:06:48.875+0000] {subprocess.py:93} INFO - 25/12/23 08:06:48 INFO TaskSetManager: Finished task 0.0 in stage 3.0 (TID 2) in 82 ms on b4e1a05c17da (executor driver) (1/1)
[2025-12-23T08:06:48.877+0000] {subprocess.py:93} INFO - 25/12/23 08:06:48 INFO TaskSchedulerImpl: Removed TaskSet 3.0, whose tasks have all completed, from pool
[2025-12-23T08:06:48.878+0000] {subprocess.py:93} INFO - 25/12/23 08:06:48 INFO DAGScheduler: ShuffleMapStage 3 (jdbc at <unknown>:0) finished in 0.093 s
[2025-12-23T08:06:48.878+0000] {subprocess.py:93} INFO - 25/12/23 08:06:48 INFO DAGScheduler: looking for newly runnable stages
[2025-12-23T08:06:48.878+0000] {subprocess.py:93} INFO - 25/12/23 08:06:48 INFO DAGScheduler: running: Set()
[2025-12-23T08:06:48.879+0000] {subprocess.py:93} INFO - 25/12/23 08:06:48 INFO DAGScheduler: waiting: Set()
[2025-12-23T08:06:48.880+0000] {subprocess.py:93} INFO - 25/12/23 08:06:48 INFO DAGScheduler: failed: Set()
[2025-12-23T08:06:48.889+0000] {subprocess.py:93} INFO - 25/12/23 08:06:48 INFO ShufflePartitionsUtil: For shuffle(1), advisory target size: 67108864, actual target size 1048576, minimum partition size: 1048576
[2025-12-23T08:06:48.902+0000] {subprocess.py:93} INFO - 25/12/23 08:06:48 INFO HashAggregateExec: spark.sql.codegen.aggregate.map.twolevel.enabled is set to true, but current version of codegened fast hashmap does not support this aggregate.
[2025-12-23T08:06:48.920+0000] {subprocess.py:93} INFO - 25/12/23 08:06:48 INFO CodeGenerator: Code generated in 11.578583 ms
[2025-12-23T08:06:48.948+0000] {subprocess.py:93} INFO - 25/12/23 08:06:48 INFO SparkContext: Starting job: jdbc at <unknown>:0
[2025-12-23T08:06:48.948+0000] {subprocess.py:93} INFO - 25/12/23 08:06:48 INFO DAGScheduler: Got job 3 (jdbc at <unknown>:0) with 1 output partitions
[2025-12-23T08:06:48.949+0000] {subprocess.py:93} INFO - 25/12/23 08:06:48 INFO DAGScheduler: Final stage: ResultStage 5 (jdbc at <unknown>:0)
[2025-12-23T08:06:48.949+0000] {subprocess.py:93} INFO - 25/12/23 08:06:48 INFO DAGScheduler: Parents of final stage: List(ShuffleMapStage 4)
[2025-12-23T08:06:48.950+0000] {subprocess.py:93} INFO - 25/12/23 08:06:48 INFO DAGScheduler: Missing parents: List()
[2025-12-23T08:06:48.951+0000] {subprocess.py:93} INFO - 25/12/23 08:06:48 INFO DAGScheduler: Submitting ResultStage 5 (MapPartitionsRDD[15] at jdbc at <unknown>:0), which has no missing parents
[2025-12-23T08:06:48.956+0000] {subprocess.py:93} INFO - 25/12/23 08:06:48 INFO MemoryStore: Block broadcast_3 stored as values in memory (estimated size 46.8 KiB, free 434.2 MiB)
[2025-12-23T08:06:48.960+0000] {subprocess.py:93} INFO - 25/12/23 08:06:48 INFO MemoryStore: Block broadcast_3_piece0 stored as bytes in memory (estimated size 21.6 KiB, free 434.2 MiB)
[2025-12-23T08:06:48.960+0000] {subprocess.py:93} INFO - 25/12/23 08:06:48 INFO BlockManagerInfo: Added broadcast_3_piece0 in memory on b4e1a05c17da:42465 (size: 21.6 KiB, free: 434.3 MiB)
[2025-12-23T08:06:48.961+0000] {subprocess.py:93} INFO - 25/12/23 08:06:48 INFO SparkContext: Created broadcast 3 from broadcast at DAGScheduler.scala:1585
[2025-12-23T08:06:48.961+0000] {subprocess.py:93} INFO - 25/12/23 08:06:48 INFO DAGScheduler: Submitting 1 missing tasks from ResultStage 5 (MapPartitionsRDD[15] at jdbc at <unknown>:0) (first 15 tasks are for partitions Vector(0))
[2025-12-23T08:06:48.962+0000] {subprocess.py:93} INFO - 25/12/23 08:06:48 INFO TaskSchedulerImpl: Adding task set 5.0 with 1 tasks resource profile 0
[2025-12-23T08:06:48.963+0000] {subprocess.py:93} INFO - 25/12/23 08:06:48 INFO TaskSetManager: Starting task 0.0 in stage 5.0 (TID 3) (b4e1a05c17da, executor driver, partition 0, NODE_LOCAL, 7788 bytes)
[2025-12-23T08:06:48.963+0000] {subprocess.py:93} INFO - 25/12/23 08:06:48 INFO Executor: Running task 0.0 in stage 5.0 (TID 3)
[2025-12-23T08:06:48.971+0000] {subprocess.py:93} INFO - 25/12/23 08:06:48 INFO ShuffleBlockFetcherIterator: Getting 1 (160.0 B) non-empty blocks including 1 (160.0 B) local and 0 (0.0 B) host-local and 0 (0.0 B) push-merged-local and 0 (0.0 B) remote blocks
[2025-12-23T08:06:48.971+0000] {subprocess.py:93} INFO - 25/12/23 08:06:48 INFO ShuffleBlockFetcherIterator: Started 0 remote fetches in 0 ms
[2025-12-23T08:06:48.983+0000] {subprocess.py:93} INFO - 25/12/23 08:06:48 INFO CodeGenerator: Code generated in 11.606166 ms
[2025-12-23T08:06:48.994+0000] {subprocess.py:93} INFO - 25/12/23 08:06:48 INFO CodeGenerator: Code generated in 5.830708 ms
[2025-12-23T08:06:49.012+0000] {subprocess.py:93} INFO - 25/12/23 08:06:49 INFO Executor: Finished task 0.0 in stage 5.0 (TID 3). 4695 bytes result sent to driver
[2025-12-23T08:06:49.014+0000] {subprocess.py:93} INFO - 25/12/23 08:06:49 INFO TaskSetManager: Finished task 0.0 in stage 5.0 (TID 3) in 51 ms on b4e1a05c17da (executor driver) (1/1)
[2025-12-23T08:06:49.015+0000] {subprocess.py:93} INFO - 25/12/23 08:06:49 INFO TaskSchedulerImpl: Removed TaskSet 5.0, whose tasks have all completed, from pool
[2025-12-23T08:06:49.015+0000] {subprocess.py:93} INFO - 25/12/23 08:06:49 INFO DAGScheduler: ResultStage 5 (jdbc at <unknown>:0) finished in 0.061 s
[2025-12-23T08:06:49.015+0000] {subprocess.py:93} INFO - 25/12/23 08:06:49 INFO DAGScheduler: Job 3 is finished. Cancelling potential speculative or zombie tasks for this job
[2025-12-23T08:06:49.016+0000] {subprocess.py:93} INFO - 25/12/23 08:06:49 INFO TaskSchedulerImpl: Killing all running tasks in stage 5: Stage finished
[2025-12-23T08:06:49.016+0000] {subprocess.py:93} INFO - 25/12/23 08:06:49 INFO DAGScheduler: Job 3 finished: jdbc at <unknown>:0, took 0.067559 s
[2025-12-23T08:06:49.036+0000] {subprocess.py:93} INFO - 25/12/23 08:06:49 INFO SparkContext: SparkContext is stopping with exitCode 0.
[2025-12-23T08:06:49.053+0000] {subprocess.py:93} INFO - 25/12/23 08:06:49 INFO SparkUI: Stopped Spark web UI at http://b4e1a05c17da:4040
[2025-12-23T08:06:49.071+0000] {subprocess.py:93} INFO - 25/12/23 08:06:49 INFO MapOutputTrackerMasterEndpoint: MapOutputTrackerMasterEndpoint stopped!
[2025-12-23T08:06:49.090+0000] {subprocess.py:93} INFO - 25/12/23 08:06:49 INFO MemoryStore: MemoryStore cleared
[2025-12-23T08:06:49.090+0000] {subprocess.py:93} INFO - 25/12/23 08:06:49 INFO BlockManager: BlockManager stopped
[2025-12-23T08:06:49.097+0000] {subprocess.py:93} INFO - 25/12/23 08:06:49 INFO BlockManagerMaster: BlockManagerMaster stopped
[2025-12-23T08:06:49.102+0000] {subprocess.py:93} INFO - 25/12/23 08:06:49 INFO OutputCommitCoordinator$OutputCommitCoordinatorEndpoint: OutputCommitCoordinator stopped!
[2025-12-23T08:06:49.113+0000] {subprocess.py:93} INFO - 25/12/23 08:06:49 INFO SparkContext: Successfully stopped SparkContext
[2025-12-23T08:06:49.163+0000] {subprocess.py:93} INFO - Telemetry analytics job completed successfully!
[2025-12-23T08:06:49.230+0000] {subprocess.py:93} INFO - 25/12/23 08:06:49 INFO ShutdownHookManager: Shutdown hook called
[2025-12-23T08:06:49.231+0000] {subprocess.py:93} INFO - 25/12/23 08:06:49 INFO ShutdownHookManager: Deleting directory /tmp/spark-a93c3f8d-9503-4be4-a0cf-9e01921852b7
[2025-12-23T08:06:49.235+0000] {subprocess.py:93} INFO - 25/12/23 08:06:49 INFO ShutdownHookManager: Deleting directory /tmp/spark-13f7aad9-e00a-4fab-94ad-13b2b7b697bd
[2025-12-23T08:06:49.236+0000] {subprocess.py:93} INFO - 25/12/23 08:06:49 INFO ShutdownHookManager: Deleting directory /tmp/spark-a93c3f8d-9503-4be4-a0cf-9e01921852b7/pyspark-c32f6753-83c5-4217-be66-ef0811b30f85
[2025-12-23T08:06:49.311+0000] {subprocess.py:97} INFO - Command exited with return code 0
[2025-12-23T08:06:49.314+0000] {taskinstance.py:441} INFO - ::group::Post task execution logs
[2025-12-23T08:06:49.379+0000] {taskinstance.py:1205} INFO - Marking task as SUCCESS. dag_id=***_spark_analytics, task_id=run_***_analytics, execution_date=20251223T080637, start_date=20251223T080638, end_date=20251223T080649
[2025-12-23T08:06:49.441+0000] {local_task_job_runner.py:240} INFO - Task exited with return code 0
[2025-12-23T08:06:49.474+0000] {taskinstance.py:3482} INFO - 0 downstream tasks scheduled from follow-on schedule check
[2025-12-23T08:06:49.475+0000] {local_task_job_runner.py:222} INFO - ::endgroup::
